---------------------------------------------------------------
[ 2019-06-12T16:19:58+08:00 ] 127.0.0.1 POST /admin.php/admin/index/cleancache
[ info ] www.qipai.cn/admin.php/admin/index/cleancache [运行时间：0.050063s][吞吐率：19.97req/s] [内存消耗：2,217.26kb] [文件加载：53]
[ info ] [ LANG ] D:\a_project\qipai\thinkphp\lang\zh-cn.php
[ info ] [ ROUTE ] array (
  'type' => 'module',
  'module' => 
  array (
    0 => 'admin',
    1 => 'index',
    2 => 'cleancache',
  ),
)
[ info ] [ HEADER ] array (
  'cookie' => 'PHPSESSID=9i34o48juijal4prju268bleo6',
  'accept-language' => 'zh-CN,zh;q=0.9',
  'accept-encoding' => 'gzip, deflate',
  'referer' => 'http://www.qipai.cn/admin.php/admin/lottery/cate',
  'user-agent' => 'Mozilla/5.0 (Windows NT 10.0; Win64; x64) AppleWebKit/537.36 (KHTML, like Gecko) Chrome/74.0.3729.169 Safari/537.36',
  'x-requested-with' => 'XMLHttpRequest',
  'origin' => 'http://www.qipai.cn',
  'accept' => '*/*',
  'content-length' => '0',
  'connection' => 'close',
  'host' => 'www.qipai.cn',
)
[ info ] [ PARAM ] array (
)
[ info ] [ SESSION ] INIT array (
  'id' => '',
  'var_session_id' => '',
  'prefix' => 'think',
  'type' => '',
  'auto_start' => true,
)
[ info ] [ DB ] INIT mysql
[ info ] [ RUN ] app\admin\controller\Index->cleanCache[ D:\a_project\qipai\application\admin\controller\Index.php ]
[ info ] [ LOG ] INIT File
[ sql ] [ DB ] CONNECT:[ UseTime:0.010674s ] mysql:host=127.0.0.1;dbname=qipai;charset=utf8
[ sql ] [ SQL ] SHOW COLUMNS FROM `setting` [ RunTime:0.004077s ]
[ sql ] [ SQL ] SELECT * FROM `setting` WHERE  `name` = 'menu_tree' LIMIT 1 [ RunTime:0.000353s ]
---------------------------------------------------------------
[ 2019-06-12T16:28:06+08:00 ] 127.0.0.1 GET /admin.php/admin/lottery/cate
[ info ] www.qipai.cn/admin.php/admin/lottery/cate [运行时间：0.047520s][吞吐率：21.04req/s] [内存消耗：2,469.18kb] [文件加载：58]
[ info ] [ LANG ] D:\a_project\qipai\thinkphp\lang\zh-cn.php
[ info ] [ ROUTE ] array (
  'type' => 'module',
  'module' => 
  array (
    0 => 'admin',
    1 => 'lottery',
    2 => 'cate',
  ),
)
[ info ] [ HEADER ] array (
  'cookie' => 'PHPSESSID=9i34o48juijal4prju268bleo6',
  'accept-language' => 'zh-CN,zh;q=0.9',
  'accept-encoding' => 'gzip, deflate',
  'accept' => 'text/html,application/xhtml+xml,application/xml;q=0.9,image/webp,image/apng,*/*;q=0.8,application/signed-exchange;v=b3',
  'user-agent' => 'Mozilla/5.0 (Windows NT 10.0; Win64; x64) AppleWebKit/537.36 (KHTML, like Gecko) Chrome/74.0.3729.169 Safari/537.36',
  'upgrade-insecure-requests' => '1',
  'cache-control' => 'max-age=0',
  'connection' => 'close',
  'host' => 'www.qipai.cn',
)
[ info ] [ PARAM ] array (
)
[ info ] [ SESSION ] INIT array (
  'id' => '',
  'var_session_id' => '',
  'prefix' => 'think',
  'type' => '',
  'auto_start' => true,
)
[ info ] [ DB ] INIT mysql
[ info ] [ RUN ] app\admin\controller\Lottery->cate[ D:\a_project\qipai\application\admin\controller\Lottery.php ]
[ info ] [ VIEW ] D:\a_project\qipai\public/../application/admin\view\lottery\cate.html [ array (
  0 => 'menu_tree',
  1 => 'data',
) ]
[ info ] [ LOG ] INIT File
[ sql ] [ DB ] CONNECT:[ UseTime:0.010134s ] mysql:host=127.0.0.1;dbname=qipai;charset=utf8
[ sql ] [ SQL ] SHOW COLUMNS FROM `setting` [ RunTime:0.004237s ]
[ sql ] [ SQL ] SELECT * FROM `setting` WHERE  `name` = 'menu_tree' LIMIT 1 [ RunTime:0.000363s ]
[ sql ] [ SQL ] SHOW COLUMNS FROM `lottery_cate` [ RunTime:0.004195s ]
[ sql ] [ SQL ] SELECT * FROM `lottery_cate` [ RunTime:0.000296s ]
---------------------------------------------------------------
[ 2019-06-12T16:28:09+08:00 ] 127.0.0.1 GET /admin.php/admin/lottery/cate
[ info ] www.qipai.cn/admin.php/admin/lottery/cate [运行时间：0.043303s][吞吐率：23.09req/s] [内存消耗：2,335.38kb] [文件加载：56]
[ info ] [ LANG ] D:\a_project\qipai\thinkphp\lang\zh-cn.php
[ info ] [ ROUTE ] array (
  'type' => 'module',
  'module' => 
  array (
    0 => 'admin',
    1 => 'lottery',
    2 => 'cate',
  ),
)
[ info ] [ HEADER ] array (
  'cookie' => 'PHPSESSID=9i34o48juijal4prju268bleo6',
  'accept-language' => 'zh-CN,zh;q=0.9',
  'accept-encoding' => 'gzip, deflate',
  'accept' => 'text/html,application/xhtml+xml,application/xml;q=0.9,image/webp,image/apng,*/*;q=0.8,application/signed-exchange;v=b3',
  'user-agent' => 'Mozilla/5.0 (Windows NT 10.0; Win64; x64) AppleWebKit/537.36 (KHTML, like Gecko) Chrome/74.0.3729.169 Safari/537.36',
  'upgrade-insecure-requests' => '1',
  'cache-control' => 'max-age=0',
  'connection' => 'close',
  'host' => 'www.qipai.cn',
)
[ info ] [ PARAM ] array (
)
[ info ] [ SESSION ] INIT array (
  'id' => '',
  'var_session_id' => '',
  'prefix' => 'think',
  'type' => '',
  'auto_start' => true,
)
[ info ] [ DB ] INIT mysql
[ info ] [ RUN ] app\admin\controller\Lottery->cate[ D:\a_project\qipai\application\admin\controller\Lottery.php ]
[ info ] [ VIEW ] D:\a_project\qipai\public/../application/admin\view\lottery\cate.html [ array (
  0 => 'menu_tree',
  1 => 'data',
) ]
[ info ] [ LOG ] INIT File
[ sql ] [ DB ] CONNECT:[ UseTime:0.010691s ] mysql:host=127.0.0.1;dbname=qipai;charset=utf8
[ sql ] [ SQL ] SHOW COLUMNS FROM `setting` [ RunTime:0.004061s ]
[ sql ] [ SQL ] SELECT * FROM `setting` WHERE  `name` = 'menu_tree' LIMIT 1 [ RunTime:0.000393s ]
[ sql ] [ SQL ] SHOW COLUMNS FROM `lottery_cate` [ RunTime:0.004706s ]
[ sql ] [ SQL ] SELECT * FROM `lottery_cate` [ RunTime:0.000282s ]
---------------------------------------------------------------
[ 2019-06-12T16:28:13+08:00 ] 127.0.0.1 GET /admin.php/admin/lottery/cate
[ info ] www.qipai.cn/admin.php/admin/lottery/cate [运行时间：0.044791s][吞吐率：22.33req/s] [内存消耗：2,335.37kb] [文件加载：56]
[ info ] [ LANG ] D:\a_project\qipai\thinkphp\lang\zh-cn.php
[ info ] [ ROUTE ] array (
  'type' => 'module',
  'module' => 
  array (
    0 => 'admin',
    1 => 'lottery',
    2 => 'cate',
  ),
)
[ info ] [ HEADER ] array (
  'cookie' => 'PHPSESSID=9i34o48juijal4prju268bleo6',
  'accept-language' => 'zh-CN,zh;q=0.9',
  'accept-encoding' => 'gzip, deflate',
  'purpose' => 'prefetch',
  'accept' => 'text/html,application/xhtml+xml,application/xml;q=0.9,image/webp,image/apng,*/*;q=0.8,application/signed-exchange;v=b3',
  'user-agent' => 'Mozilla/5.0 (Windows NT 10.0; Win64; x64) AppleWebKit/537.36 (KHTML, like Gecko) Chrome/74.0.3729.169 Safari/537.36',
  'upgrade-insecure-requests' => '1',
  'connection' => 'close',
  'host' => 'www.qipai.cn',
)
[ info ] [ PARAM ] array (
)
[ info ] [ SESSION ] INIT array (
  'id' => '',
  'var_session_id' => '',
  'prefix' => 'think',
  'type' => '',
  'auto_start' => true,
)
[ info ] [ DB ] INIT mysql
[ info ] [ RUN ] app\admin\controller\Lottery->cate[ D:\a_project\qipai\application\admin\controller\Lottery.php ]
[ info ] [ VIEW ] D:\a_project\qipai\public/../application/admin\view\lottery\cate.html [ array (
  0 => 'menu_tree',
  1 => 'data',
) ]
[ info ] [ LOG ] INIT File
[ sql ] [ DB ] CONNECT:[ UseTime:0.011328s ] mysql:host=127.0.0.1;dbname=qipai;charset=utf8
[ sql ] [ SQL ] SHOW COLUMNS FROM `setting` [ RunTime:0.004664s ]
[ sql ] [ SQL ] SELECT * FROM `setting` WHERE  `name` = 'menu_tree' LIMIT 1 [ RunTime:0.000296s ]
[ sql ] [ SQL ] SHOW COLUMNS FROM `lottery_cate` [ RunTime:0.004760s ]
[ sql ] [ SQL ] SELECT * FROM `lottery_cate` [ RunTime:0.000332s ]
---------------------------------------------------------------
[ 2019-06-12T16:28:14+08:00 ] 127.0.0.1 GET /admin.php/admin/lottery/cate
[ info ] www.qipai.cn/admin.php/admin/lottery/cate [运行时间：0.041841s][吞吐率：23.90req/s] [内存消耗：2,335.09kb] [文件加载：56]
[ info ] [ LANG ] D:\a_project\qipai\thinkphp\lang\zh-cn.php
[ info ] [ ROUTE ] array (
  'type' => 'module',
  'module' => 
  array (
    0 => 'admin',
    1 => 'lottery',
    2 => 'cate',
  ),
)
[ info ] [ HEADER ] array (
  'cookie' => 'PHPSESSID=9i34o48juijal4prju268bleo6',
  'accept-language' => 'zh-CN,zh;q=0.9',
  'accept-encoding' => 'gzip, deflate',
  'accept' => 'text/html,application/xhtml+xml,application/xml;q=0.9,image/webp,image/apng,*/*;q=0.8,application/signed-exchange;v=b3',
  'user-agent' => 'Mozilla/5.0 (Windows NT 10.0; Win64; x64) AppleWebKit/537.36 (KHTML, like Gecko) Chrome/74.0.3729.169 Safari/537.36',
  'upgrade-insecure-requests' => '1',
  'connection' => 'close',
  'host' => 'www.qipai.cn',
)
[ info ] [ PARAM ] array (
)
[ info ] [ SESSION ] INIT array (
  'id' => '',
  'var_session_id' => '',
  'prefix' => 'think',
  'type' => '',
  'auto_start' => true,
)
[ info ] [ DB ] INIT mysql
[ info ] [ RUN ] app\admin\controller\Lottery->cate[ D:\a_project\qipai\application\admin\controller\Lottery.php ]
[ info ] [ VIEW ] D:\a_project\qipai\public/../application/admin\view\lottery\cate.html [ array (
  0 => 'menu_tree',
  1 => 'data',
) ]
[ info ] [ LOG ] INIT File
[ sql ] [ DB ] CONNECT:[ UseTime:0.010846s ] mysql:host=127.0.0.1;dbname=qipai;charset=utf8
[ sql ] [ SQL ] SHOW COLUMNS FROM `setting` [ RunTime:0.004054s ]
[ sql ] [ SQL ] SELECT * FROM `setting` WHERE  `name` = 'menu_tree' LIMIT 1 [ RunTime:0.000338s ]
[ sql ] [ SQL ] SHOW COLUMNS FROM `lottery_cate` [ RunTime:0.003814s ]
[ sql ] [ SQL ] SELECT * FROM `lottery_cate` [ RunTime:0.000317s ]
---------------------------------------------------------------
[ 2019-06-12T16:28:20+08:00 ] 127.0.0.1 GET /admin.php/admin/lottery/setting
[ info ] www.qipai.cn/admin.php/admin/lottery/setting [运行时间：0.058034s][吞吐率：17.23req/s] [内存消耗：2,539.38kb] [文件加载：64]
[ info ] [ LANG ] D:\a_project\qipai\thinkphp\lang\zh-cn.php
[ info ] [ ROUTE ] array (
  'type' => 'module',
  'module' => 
  array (
    0 => 'admin',
    1 => 'lottery',
    2 => 'setting',
  ),
)
[ info ] [ HEADER ] array (
  'cookie' => 'PHPSESSID=9i34o48juijal4prju268bleo6',
  'accept-language' => 'zh-CN,zh;q=0.9',
  'accept-encoding' => 'gzip, deflate',
  'purpose' => 'prefetch',
  'accept' => 'text/html,application/xhtml+xml,application/xml;q=0.9,image/webp,image/apng,*/*;q=0.8,application/signed-exchange;v=b3',
  'user-agent' => 'Mozilla/5.0 (Windows NT 10.0; Win64; x64) AppleWebKit/537.36 (KHTML, like Gecko) Chrome/74.0.3729.169 Safari/537.36',
  'upgrade-insecure-requests' => '1',
  'connection' => 'close',
  'host' => 'www.qipai.cn',
)
[ info ] [ PARAM ] array (
)
[ info ] [ SESSION ] INIT array (
  'id' => '',
  'var_session_id' => '',
  'prefix' => 'think',
  'type' => '',
  'auto_start' => true,
)
[ info ] [ DB ] INIT mysql
[ info ] [ RUN ] app\admin\controller\Lottery->setting[ D:\a_project\qipai\application\admin\controller\Lottery.php ]
[ info ] [ VIEW ] D:\a_project\qipai\public/../application/admin\view\lottery\setting.html [ array (
  0 => 'menu_tree',
  1 => 'lottery_pri',
  2 => 'lottery_mid',
  3 => 'lottery_hig',
) ]
[ info ] [ LOG ] INIT File
[ sql ] [ DB ] CONNECT:[ UseTime:0.011080s ] mysql:host=127.0.0.1;dbname=qipai;charset=utf8
[ sql ] [ SQL ] SHOW COLUMNS FROM `setting` [ RunTime:0.004965s ]
[ sql ] [ SQL ] SELECT * FROM `setting` WHERE  `name` = 'menu_tree' LIMIT 1 [ RunTime:0.000386s ]
[ sql ] [ SQL ] SHOW COLUMNS FROM `lottery` [ RunTime:0.004446s ]
[ sql ] [ SQL ] SELECT * FROM `lottery` [ RunTime:0.000278s ]
[ sql ] [ SQL ] SHOW COLUMNS FROM `lottery_middle` [ RunTime:0.003894s ]
[ sql ] [ SQL ] SELECT * FROM `lottery_middle` [ RunTime:0.000263s ]
[ sql ] [ SQL ] SHOW COLUMNS FROM `lottery_high` [ RunTime:0.004424s ]
[ sql ] [ SQL ] SELECT * FROM `lottery_high` [ RunTime:0.000275s ]
[ error ] [8]未定义数组下标: 123[D:\a_project\qipai\application\admin\model\LotteryMiddle.php:19]
---------------------------------------------------------------
[ 2019-06-12T16:28:21+08:00 ] 127.0.0.1 GET /admin.php/admin/lottery/setting
[ info ] www.qipai.cn/admin.php/admin/lottery/setting [运行时间：0.051767s][吞吐率：19.32req/s] [内存消耗：2,400.59kb] [文件加载：62]
[ info ] [ LANG ] D:\a_project\qipai\thinkphp\lang\zh-cn.php
[ info ] [ ROUTE ] array (
  'type' => 'module',
  'module' => 
  array (
    0 => 'admin',
    1 => 'lottery',
    2 => 'setting',
  ),
)
[ info ] [ HEADER ] array (
  'cookie' => 'PHPSESSID=9i34o48juijal4prju268bleo6',
  'accept-language' => 'zh-CN,zh;q=0.9',
  'accept-encoding' => 'gzip, deflate',
  'accept' => 'text/html,application/xhtml+xml,application/xml;q=0.9,image/webp,image/apng,*/*;q=0.8,application/signed-exchange;v=b3',
  'user-agent' => 'Mozilla/5.0 (Windows NT 10.0; Win64; x64) AppleWebKit/537.36 (KHTML, like Gecko) Chrome/74.0.3729.169 Safari/537.36',
  'upgrade-insecure-requests' => '1',
  'connection' => 'close',
  'host' => 'www.qipai.cn',
)
[ info ] [ PARAM ] array (
)
[ info ] [ SESSION ] INIT array (
  'id' => '',
  'var_session_id' => '',
  'prefix' => 'think',
  'type' => '',
  'auto_start' => true,
)
[ info ] [ DB ] INIT mysql
[ info ] [ RUN ] app\admin\controller\Lottery->setting[ D:\a_project\qipai\application\admin\controller\Lottery.php ]
[ info ] [ VIEW ] D:\a_project\qipai\public/../application/admin\view\lottery\setting.html [ array (
  0 => 'menu_tree',
  1 => 'lottery_pri',
  2 => 'lottery_mid',
  3 => 'lottery_hig',
) ]
[ info ] [ LOG ] INIT File
[ sql ] [ DB ] CONNECT:[ UseTime:0.010397s ] mysql:host=127.0.0.1;dbname=qipai;charset=utf8
[ sql ] [ SQL ] SHOW COLUMNS FROM `setting` [ RunTime:0.004159s ]
[ sql ] [ SQL ] SELECT * FROM `setting` WHERE  `name` = 'menu_tree' LIMIT 1 [ RunTime:0.000318s ]
[ sql ] [ SQL ] SHOW COLUMNS FROM `lottery` [ RunTime:0.003858s ]
[ sql ] [ SQL ] SELECT * FROM `lottery` [ RunTime:0.000220s ]
[ sql ] [ SQL ] SHOW COLUMNS FROM `lottery_middle` [ RunTime:0.003936s ]
[ sql ] [ SQL ] SELECT * FROM `lottery_middle` [ RunTime:0.000305s ]
[ sql ] [ SQL ] SHOW COLUMNS FROM `lottery_high` [ RunTime:0.003863s ]
[ sql ] [ SQL ] SELECT * FROM `lottery_high` [ RunTime:0.000281s ]
[ error ] [8]未定义数组下标: 123[D:\a_project\qipai\application\admin\model\LotteryMiddle.php:19]
---------------------------------------------------------------
[ 2019-06-12T16:28:35+08:00 ] 127.0.0.1 GET /admin.php/admin/lottery/setting
[ info ] www.qipai.cn/admin.php/admin/lottery/setting [运行时间：0.052112s][吞吐率：19.19req/s] [内存消耗：2,400.88kb] [文件加载：62]
[ info ] [ LANG ] D:\a_project\qipai\thinkphp\lang\zh-cn.php
[ info ] [ ROUTE ] array (
  'type' => 'module',
  'module' => 
  array (
    0 => 'admin',
    1 => 'lottery',
    2 => 'setting',
  ),
)
[ info ] [ HEADER ] array (
  'cookie' => 'PHPSESSID=9i34o48juijal4prju268bleo6',
  'accept-language' => 'zh-CN,zh;q=0.9',
  'accept-encoding' => 'gzip, deflate',
  'accept' => 'text/html,application/xhtml+xml,application/xml;q=0.9,image/webp,image/apng,*/*;q=0.8,application/signed-exchange;v=b3',
  'user-agent' => 'Mozilla/5.0 (Windows NT 10.0; Win64; x64) AppleWebKit/537.36 (KHTML, like Gecko) Chrome/74.0.3729.169 Safari/537.36',
  'upgrade-insecure-requests' => '1',
  'cache-control' => 'max-age=0',
  'connection' => 'close',
  'host' => 'www.qipai.cn',
)
[ info ] [ PARAM ] array (
)
[ info ] [ SESSION ] INIT array (
  'id' => '',
  'var_session_id' => '',
  'prefix' => 'think',
  'type' => '',
  'auto_start' => true,
)
[ info ] [ DB ] INIT mysql
[ info ] [ RUN ] app\admin\controller\Lottery->setting[ D:\a_project\qipai\application\admin\controller\Lottery.php ]
[ info ] [ VIEW ] D:\a_project\qipai\public/../application/admin\view\lottery\setting.html [ array (
  0 => 'menu_tree',
  1 => 'lottery_pri',
  2 => 'lottery_mid',
  3 => 'lottery_hig',
) ]
[ info ] [ LOG ] INIT File
[ sql ] [ DB ] CONNECT:[ UseTime:0.011313s ] mysql:host=127.0.0.1;dbname=qipai;charset=utf8
[ sql ] [ SQL ] SHOW COLUMNS FROM `setting` [ RunTime:0.004234s ]
[ sql ] [ SQL ] SELECT * FROM `setting` WHERE  `name` = 'menu_tree' LIMIT 1 [ RunTime:0.000356s ]
[ sql ] [ SQL ] SHOW COLUMNS FROM `lottery` [ RunTime:0.004379s ]
[ sql ] [ SQL ] SELECT * FROM `lottery` [ RunTime:0.000379s ]
[ sql ] [ SQL ] SHOW COLUMNS FROM `lottery_middle` [ RunTime:0.004050s ]
[ sql ] [ SQL ] SELECT * FROM `lottery_middle` [ RunTime:0.000272s ]
[ sql ] [ SQL ] SHOW COLUMNS FROM `lottery_high` [ RunTime:0.003874s ]
[ sql ] [ SQL ] SELECT * FROM `lottery_high` [ RunTime:0.000268s ]
[ error ] [8]未定义数组下标: 123[D:\a_project\qipai\application\admin\model\LotteryMiddle.php:19]
---------------------------------------------------------------
[ 2019-06-12T16:28:36+08:00 ] 127.0.0.1 GET /admin.php/admin/lottery/setting
[ info ] www.qipai.cn/admin.php/admin/lottery/setting [运行时间：0.050008s][吞吐率：20.00req/s] [内存消耗：2,400.88kb] [文件加载：62]
[ info ] [ LANG ] D:\a_project\qipai\thinkphp\lang\zh-cn.php
[ info ] [ ROUTE ] array (
  'type' => 'module',
  'module' => 
  array (
    0 => 'admin',
    1 => 'lottery',
    2 => 'setting',
  ),
)
[ info ] [ HEADER ] array (
  'cookie' => 'PHPSESSID=9i34o48juijal4prju268bleo6',
  'accept-language' => 'zh-CN,zh;q=0.9',
  'accept-encoding' => 'gzip, deflate',
  'accept' => 'text/html,application/xhtml+xml,application/xml;q=0.9,image/webp,image/apng,*/*;q=0.8,application/signed-exchange;v=b3',
  'user-agent' => 'Mozilla/5.0 (Windows NT 10.0; Win64; x64) AppleWebKit/537.36 (KHTML, like Gecko) Chrome/74.0.3729.169 Safari/537.36',
  'upgrade-insecure-requests' => '1',
  'cache-control' => 'max-age=0',
  'connection' => 'close',
  'host' => 'www.qipai.cn',
)
[ info ] [ PARAM ] array (
)
[ info ] [ SESSION ] INIT array (
  'id' => '',
  'var_session_id' => '',
  'prefix' => 'think',
  'type' => '',
  'auto_start' => true,
)
[ info ] [ DB ] INIT mysql
[ info ] [ RUN ] app\admin\controller\Lottery->setting[ D:\a_project\qipai\application\admin\controller\Lottery.php ]
[ info ] [ VIEW ] D:\a_project\qipai\public/../application/admin\view\lottery\setting.html [ array (
  0 => 'menu_tree',
  1 => 'lottery_pri',
  2 => 'lottery_mid',
  3 => 'lottery_hig',
) ]
[ info ] [ LOG ] INIT File
[ sql ] [ DB ] CONNECT:[ UseTime:0.009955s ] mysql:host=127.0.0.1;dbname=qipai;charset=utf8
[ sql ] [ SQL ] SHOW COLUMNS FROM `setting` [ RunTime:0.004019s ]
[ sql ] [ SQL ] SELECT * FROM `setting` WHERE  `name` = 'menu_tree' LIMIT 1 [ RunTime:0.000354s ]
[ sql ] [ SQL ] SHOW COLUMNS FROM `lottery` [ RunTime:0.004742s ]
[ sql ] [ SQL ] SELECT * FROM `lottery` [ RunTime:0.000266s ]
[ sql ] [ SQL ] SHOW COLUMNS FROM `lottery_middle` [ RunTime:0.004001s ]
[ sql ] [ SQL ] SELECT * FROM `lottery_middle` [ RunTime:0.000284s ]
[ sql ] [ SQL ] SHOW COLUMNS FROM `lottery_high` [ RunTime:0.003724s ]
[ sql ] [ SQL ] SELECT * FROM `lottery_high` [ RunTime:0.000211s ]
[ error ] [8]未定义数组下标: 123[D:\a_project\qipai\application\admin\model\LotteryMiddle.php:19]
---------------------------------------------------------------
[ 2019-06-12T16:28:36+08:00 ] 127.0.0.1 GET /admin.php/admin/lottery/setting
[ info ] www.qipai.cn/admin.php/admin/lottery/setting [运行时间：0.052596s][吞吐率：19.01req/s] [内存消耗：2,400.88kb] [文件加载：62]
[ info ] [ LANG ] D:\a_project\qipai\thinkphp\lang\zh-cn.php
[ info ] [ ROUTE ] array (
  'type' => 'module',
  'module' => 
  array (
    0 => 'admin',
    1 => 'lottery',
    2 => 'setting',
  ),
)
[ info ] [ HEADER ] array (
  'cookie' => 'PHPSESSID=9i34o48juijal4prju268bleo6',
  'accept-language' => 'zh-CN,zh;q=0.9',
  'accept-encoding' => 'gzip, deflate',
  'accept' => 'text/html,application/xhtml+xml,application/xml;q=0.9,image/webp,image/apng,*/*;q=0.8,application/signed-exchange;v=b3',
  'user-agent' => 'Mozilla/5.0 (Windows NT 10.0; Win64; x64) AppleWebKit/537.36 (KHTML, like Gecko) Chrome/74.0.3729.169 Safari/537.36',
  'upgrade-insecure-requests' => '1',
  'cache-control' => 'max-age=0',
  'connection' => 'close',
  'host' => 'www.qipai.cn',
)
[ info ] [ PARAM ] array (
)
[ info ] [ SESSION ] INIT array (
  'id' => '',
  'var_session_id' => '',
  'prefix' => 'think',
  'type' => '',
  'auto_start' => true,
)
[ info ] [ DB ] INIT mysql
[ info ] [ RUN ] app\admin\controller\Lottery->setting[ D:\a_project\qipai\application\admin\controller\Lottery.php ]
[ info ] [ VIEW ] D:\a_project\qipai\public/../application/admin\view\lottery\setting.html [ array (
  0 => 'menu_tree',
  1 => 'lottery_pri',
  2 => 'lottery_mid',
  3 => 'lottery_hig',
) ]
[ info ] [ LOG ] INIT File
[ sql ] [ DB ] CONNECT:[ UseTime:0.009923s ] mysql:host=127.0.0.1;dbname=qipai;charset=utf8
[ sql ] [ SQL ] SHOW COLUMNS FROM `setting` [ RunTime:0.004014s ]
[ sql ] [ SQL ] SELECT * FROM `setting` WHERE  `name` = 'menu_tree' LIMIT 1 [ RunTime:0.000286s ]
[ sql ] [ SQL ] SHOW COLUMNS FROM `lottery` [ RunTime:0.003770s ]
[ sql ] [ SQL ] SELECT * FROM `lottery` [ RunTime:0.000212s ]
[ sql ] [ SQL ] SHOW COLUMNS FROM `lottery_middle` [ RunTime:0.004431s ]
[ sql ] [ SQL ] SELECT * FROM `lottery_middle` [ RunTime:0.000227s ]
[ sql ] [ SQL ] SHOW COLUMNS FROM `lottery_high` [ RunTime:0.003810s ]
[ sql ] [ SQL ] SELECT * FROM `lottery_high` [ RunTime:0.000270s ]
[ error ] [8]未定义数组下标: 123[D:\a_project\qipai\application\admin\model\LotteryMiddle.php:19]
---------------------------------------------------------------
[ 2019-06-12T16:28:36+08:00 ] 127.0.0.1 GET /admin.php/admin/lottery/setting
[ info ] www.qipai.cn/admin.php/admin/lottery/setting [运行时间：0.050015s][吞吐率：19.99req/s] [内存消耗：2,400.88kb] [文件加载：62]
[ info ] [ LANG ] D:\a_project\qipai\thinkphp\lang\zh-cn.php
[ info ] [ ROUTE ] array (
  'type' => 'module',
  'module' => 
  array (
    0 => 'admin',
    1 => 'lottery',
    2 => 'setting',
  ),
)
[ info ] [ HEADER ] array (
  'cookie' => 'PHPSESSID=9i34o48juijal4prju268bleo6',
  'accept-language' => 'zh-CN,zh;q=0.9',
  'accept-encoding' => 'gzip, deflate',
  'accept' => 'text/html,application/xhtml+xml,application/xml;q=0.9,image/webp,image/apng,*/*;q=0.8,application/signed-exchange;v=b3',
  'user-agent' => 'Mozilla/5.0 (Windows NT 10.0; Win64; x64) AppleWebKit/537.36 (KHTML, like Gecko) Chrome/74.0.3729.169 Safari/537.36',
  'upgrade-insecure-requests' => '1',
  'cache-control' => 'max-age=0',
  'connection' => 'close',
  'host' => 'www.qipai.cn',
)
[ info ] [ PARAM ] array (
)
[ info ] [ SESSION ] INIT array (
  'id' => '',
  'var_session_id' => '',
  'prefix' => 'think',
  'type' => '',
  'auto_start' => true,
)
[ info ] [ DB ] INIT mysql
[ info ] [ RUN ] app\admin\controller\Lottery->setting[ D:\a_project\qipai\application\admin\controller\Lottery.php ]
[ info ] [ VIEW ] D:\a_project\qipai\public/../application/admin\view\lottery\setting.html [ array (
  0 => 'menu_tree',
  1 => 'lottery_pri',
  2 => 'lottery_mid',
  3 => 'lottery_hig',
) ]
[ info ] [ LOG ] INIT File
[ sql ] [ DB ] CONNECT:[ UseTime:0.009774s ] mysql:host=127.0.0.1;dbname=qipai;charset=utf8
[ sql ] [ SQL ] SHOW COLUMNS FROM `setting` [ RunTime:0.004148s ]
[ sql ] [ SQL ] SELECT * FROM `setting` WHERE  `name` = 'menu_tree' LIMIT 1 [ RunTime:0.000334s ]
[ sql ] [ SQL ] SHOW COLUMNS FROM `lottery` [ RunTime:0.003970s ]
[ sql ] [ SQL ] SELECT * FROM `lottery` [ RunTime:0.000294s ]
[ sql ] [ SQL ] SHOW COLUMNS FROM `lottery_middle` [ RunTime:0.004016s ]
[ sql ] [ SQL ] SELECT * FROM `lottery_middle` [ RunTime:0.000262s ]
[ sql ] [ SQL ] SHOW COLUMNS FROM `lottery_high` [ RunTime:0.003817s ]
[ sql ] [ SQL ] SELECT * FROM `lottery_high` [ RunTime:0.000253s ]
[ error ] [8]未定义数组下标: 123[D:\a_project\qipai\application\admin\model\LotteryMiddle.php:19]
---------------------------------------------------------------
[ 2019-06-12T16:28:36+08:00 ] 127.0.0.1 GET /admin.php/admin/lottery/setting
[ info ] www.qipai.cn/admin.php/admin/lottery/setting [运行时间：0.059066s][吞吐率：16.93req/s] [内存消耗：2,400.88kb] [文件加载：62]
[ info ] [ LANG ] D:\a_project\qipai\thinkphp\lang\zh-cn.php
[ info ] [ ROUTE ] array (
  'type' => 'module',
  'module' => 
  array (
    0 => 'admin',
    1 => 'lottery',
    2 => 'setting',
  ),
)
[ info ] [ HEADER ] array (
  'cookie' => 'PHPSESSID=9i34o48juijal4prju268bleo6',
  'accept-language' => 'zh-CN,zh;q=0.9',
  'accept-encoding' => 'gzip, deflate',
  'accept' => 'text/html,application/xhtml+xml,application/xml;q=0.9,image/webp,image/apng,*/*;q=0.8,application/signed-exchange;v=b3',
  'user-agent' => 'Mozilla/5.0 (Windows NT 10.0; Win64; x64) AppleWebKit/537.36 (KHTML, like Gecko) Chrome/74.0.3729.169 Safari/537.36',
  'upgrade-insecure-requests' => '1',
  'cache-control' => 'max-age=0',
  'connection' => 'close',
  'host' => 'www.qipai.cn',
)
[ info ] [ PARAM ] array (
)
[ info ] [ SESSION ] INIT array (
  'id' => '',
  'var_session_id' => '',
  'prefix' => 'think',
  'type' => '',
  'auto_start' => true,
)
[ info ] [ DB ] INIT mysql
[ info ] [ RUN ] app\admin\controller\Lottery->setting[ D:\a_project\qipai\application\admin\controller\Lottery.php ]
[ info ] [ VIEW ] D:\a_project\qipai\public/../application/admin\view\lottery\setting.html [ array (
  0 => 'menu_tree',
  1 => 'lottery_pri',
  2 => 'lottery_mid',
  3 => 'lottery_hig',
) ]
[ info ] [ LOG ] INIT File
[ sql ] [ DB ] CONNECT:[ UseTime:0.000808s ] mysql:host=127.0.0.1;dbname=qipai;charset=utf8
[ sql ] [ SQL ] SHOW COLUMNS FROM `setting` [ RunTime:0.004396s ]
[ sql ] [ SQL ] SELECT * FROM `setting` WHERE  `name` = 'menu_tree' LIMIT 1 [ RunTime:0.000344s ]
[ sql ] [ SQL ] SHOW COLUMNS FROM `lottery` [ RunTime:0.003865s ]
[ sql ] [ SQL ] SELECT * FROM `lottery` [ RunTime:0.000254s ]
[ sql ] [ SQL ] SHOW COLUMNS FROM `lottery_middle` [ RunTime:0.003827s ]
[ sql ] [ SQL ] SELECT * FROM `lottery_middle` [ RunTime:0.000243s ]
[ sql ] [ SQL ] SHOW COLUMNS FROM `lottery_high` [ RunTime:0.004118s ]
[ sql ] [ SQL ] SELECT * FROM `lottery_high` [ RunTime:0.000276s ]
[ error ] [8]未定义数组下标: 123[D:\a_project\qipai\application\admin\model\LotteryMiddle.php:19]
---------------------------------------------------------------
[ 2019-06-12T16:28:48+08:00 ] 127.0.0.1 GET /admin.php/admin/lottery/setting
[ info ] www.qipai.cn/admin.php/admin/lottery/setting [运行时间：0.049794s][吞吐率：20.08req/s] [内存消耗：2,380.34kb] [文件加载：58]
[ info ] [ LANG ] D:\a_project\qipai\thinkphp\lang\zh-cn.php
[ info ] [ ROUTE ] array (
  'type' => 'module',
  'module' => 
  array (
    0 => 'admin',
    1 => 'lottery',
    2 => 'setting',
  ),
)
[ info ] [ HEADER ] array (
  'cookie' => 'PHPSESSID=9i34o48juijal4prju268bleo6',
  'accept-language' => 'zh-CN,zh;q=0.9',
  'accept-encoding' => 'gzip, deflate',
  'accept' => 'text/html,application/xhtml+xml,application/xml;q=0.9,image/webp,image/apng,*/*;q=0.8,application/signed-exchange;v=b3',
  'user-agent' => 'Mozilla/5.0 (Windows NT 10.0; Win64; x64) AppleWebKit/537.36 (KHTML, like Gecko) Chrome/74.0.3729.169 Safari/537.36',
  'upgrade-insecure-requests' => '1',
  'cache-control' => 'max-age=0',
  'connection' => 'close',
  'host' => 'www.qipai.cn',
)
[ info ] [ PARAM ] array (
)
[ info ] [ SESSION ] INIT array (
  'id' => '',
  'var_session_id' => '',
  'prefix' => 'think',
  'type' => '',
  'auto_start' => true,
)
[ info ] [ DB ] INIT mysql
[ info ] [ RUN ] app\admin\controller\Lottery->setting[ D:\a_project\qipai\application\admin\controller\Lottery.php ]
[ info ] [ VIEW ] D:\a_project\qipai\public/../application/admin\view\lottery\setting.html [ array (
  0 => 'menu_tree',
  1 => 'lottery_pri',
  2 => 'lottery_mid',
  3 => 'lottery_hig',
) ]
[ info ] [ LOG ] INIT File
[ sql ] [ DB ] CONNECT:[ UseTime:0.010714s ] mysql:host=127.0.0.1;dbname=qipai;charset=utf8
[ sql ] [ SQL ] SHOW COLUMNS FROM `setting` [ RunTime:0.004216s ]
[ sql ] [ SQL ] SELECT * FROM `setting` WHERE  `name` = 'menu_tree' LIMIT 1 [ RunTime:0.000348s ]
[ sql ] [ SQL ] SHOW COLUMNS FROM `lottery` [ RunTime:0.003850s ]
[ sql ] [ SQL ] SELECT * FROM `lottery` [ RunTime:0.000278s ]
[ sql ] [ SQL ] SHOW COLUMNS FROM `lottery_middle` [ RunTime:0.003994s ]
[ sql ] [ SQL ] SELECT * FROM `lottery_middle` [ RunTime:0.000244s ]
[ sql ] [ SQL ] SHOW COLUMNS FROM `lottery_high` [ RunTime:0.003899s ]
[ sql ] [ SQL ] SELECT * FROM `lottery_high` [ RunTime:0.000269s ]
---------------------------------------------------------------
[ 2019-06-12T16:29:27+08:00 ] 127.0.0.1 GET /admin.php/admin/lottery/setting
[ info ] www.qipai.cn/admin.php/admin/lottery/setting [运行时间：0.055253s][吞吐率：18.10req/s] [内存消耗：2,400.86kb] [文件加载：62]
[ info ] [ LANG ] D:\a_project\qipai\thinkphp\lang\zh-cn.php
[ info ] [ ROUTE ] array (
  'type' => 'module',
  'module' => 
  array (
    0 => 'admin',
    1 => 'lottery',
    2 => 'setting',
  ),
)
[ info ] [ HEADER ] array (
  'cookie' => 'PHPSESSID=9i34o48juijal4prju268bleo6',
  'accept-language' => 'zh-CN,zh;q=0.9',
  'accept-encoding' => 'gzip, deflate',
  'accept' => 'text/html,application/xhtml+xml,application/xml;q=0.9,image/webp,image/apng,*/*;q=0.8,application/signed-exchange;v=b3',
  'user-agent' => 'Mozilla/5.0 (Windows NT 10.0; Win64; x64) AppleWebKit/537.36 (KHTML, like Gecko) Chrome/74.0.3729.169 Safari/537.36',
  'upgrade-insecure-requests' => '1',
  'cache-control' => 'max-age=0',
  'connection' => 'close',
  'host' => 'www.qipai.cn',
)
[ info ] [ PARAM ] array (
)
[ info ] [ SESSION ] INIT array (
  'id' => '',
  'var_session_id' => '',
  'prefix' => 'think',
  'type' => '',
  'auto_start' => true,
)
[ info ] [ DB ] INIT mysql
[ info ] [ RUN ] app\admin\controller\Lottery->setting[ D:\a_project\qipai\application\admin\controller\Lottery.php ]
[ info ] [ VIEW ] D:\a_project\qipai\public/../application/admin\view\lottery\setting.html [ array (
  0 => 'menu_tree',
  1 => 'lottery_pri',
  2 => 'lottery_mid',
  3 => 'lottery_hig',
) ]
[ info ] [ LOG ] INIT File
[ sql ] [ DB ] CONNECT:[ UseTime:0.009956s ] mysql:host=127.0.0.1;dbname=qipai;charset=utf8
[ sql ] [ SQL ] SHOW COLUMNS FROM `setting` [ RunTime:0.004413s ]
[ sql ] [ SQL ] SELECT * FROM `setting` WHERE  `name` = 'menu_tree' LIMIT 1 [ RunTime:0.000372s ]
[ sql ] [ SQL ] SHOW COLUMNS FROM `lottery` [ RunTime:0.004025s ]
[ sql ] [ SQL ] SELECT * FROM `lottery` [ RunTime:0.000275s ]
[ sql ] [ SQL ] SHOW COLUMNS FROM `lottery_middle` [ RunTime:0.003998s ]
[ sql ] [ SQL ] SELECT * FROM `lottery_middle` [ RunTime:0.000265s ]
[ sql ] [ SQL ] SHOW COLUMNS FROM `lottery_high` [ RunTime:0.003844s ]
[ sql ] [ SQL ] SELECT * FROM `lottery_high` [ RunTime:0.000215s ]
[ error ] [8]未定义数组下标: 23[D:\a_project\qipai\application\admin\model\Lottery.php:21]
---------------------------------------------------------------
[ 2019-06-12T16:29:30+08:00 ] 127.0.0.1 GET /admin.php/admin/lottery/setting
[ info ] www.qipai.cn/admin.php/admin/lottery/setting [运行时间：0.051248s][吞吐率：19.51req/s] [内存消耗：2,400.86kb] [文件加载：62]
[ info ] [ LANG ] D:\a_project\qipai\thinkphp\lang\zh-cn.php
[ info ] [ ROUTE ] array (
  'type' => 'module',
  'module' => 
  array (
    0 => 'admin',
    1 => 'lottery',
    2 => 'setting',
  ),
)
[ info ] [ HEADER ] array (
  'cookie' => 'PHPSESSID=9i34o48juijal4prju268bleo6',
  'accept-language' => 'zh-CN,zh;q=0.9',
  'accept-encoding' => 'gzip, deflate',
  'accept' => 'text/html,application/xhtml+xml,application/xml;q=0.9,image/webp,image/apng,*/*;q=0.8,application/signed-exchange;v=b3',
  'user-agent' => 'Mozilla/5.0 (Windows NT 10.0; Win64; x64) AppleWebKit/537.36 (KHTML, like Gecko) Chrome/74.0.3729.169 Safari/537.36',
  'upgrade-insecure-requests' => '1',
  'cache-control' => 'max-age=0',
  'connection' => 'close',
  'host' => 'www.qipai.cn',
)
[ info ] [ PARAM ] array (
)
[ info ] [ SESSION ] INIT array (
  'id' => '',
  'var_session_id' => '',
  'prefix' => 'think',
  'type' => '',
  'auto_start' => true,
)
[ info ] [ DB ] INIT mysql
[ info ] [ RUN ] app\admin\controller\Lottery->setting[ D:\a_project\qipai\application\admin\controller\Lottery.php ]
[ info ] [ VIEW ] D:\a_project\qipai\public/../application/admin\view\lottery\setting.html [ array (
  0 => 'menu_tree',
  1 => 'lottery_pri',
  2 => 'lottery_mid',
  3 => 'lottery_hig',
) ]
[ info ] [ LOG ] INIT File
[ sql ] [ DB ] CONNECT:[ UseTime:0.010434s ] mysql:host=127.0.0.1;dbname=qipai;charset=utf8
[ sql ] [ SQL ] SHOW COLUMNS FROM `setting` [ RunTime:0.004548s ]
[ sql ] [ SQL ] SELECT * FROM `setting` WHERE  `name` = 'menu_tree' LIMIT 1 [ RunTime:0.000344s ]
[ sql ] [ SQL ] SHOW COLUMNS FROM `lottery` [ RunTime:0.003687s ]
[ sql ] [ SQL ] SELECT * FROM `lottery` [ RunTime:0.000295s ]
[ sql ] [ SQL ] SHOW COLUMNS FROM `lottery_middle` [ RunTime:0.003640s ]
[ sql ] [ SQL ] SELECT * FROM `lottery_middle` [ RunTime:0.000266s ]
[ sql ] [ SQL ] SHOW COLUMNS FROM `lottery_high` [ RunTime:0.003852s ]
[ sql ] [ SQL ] SELECT * FROM `lottery_high` [ RunTime:0.000293s ]
[ error ] [8]未定义数组下标: 23[D:\a_project\qipai\application\admin\model\Lottery.php:21]
---------------------------------------------------------------
[ 2019-06-12T16:29:49+08:00 ] 127.0.0.1 GET /admin.php/admin/lottery/setting
[ info ] www.qipai.cn/admin.php/admin/lottery/setting [运行时间：0.055448s][吞吐率：18.03req/s] [内存消耗：2,380.33kb] [文件加载：58]
[ info ] [ LANG ] D:\a_project\qipai\thinkphp\lang\zh-cn.php
[ info ] [ ROUTE ] array (
  'type' => 'module',
  'module' => 
  array (
    0 => 'admin',
    1 => 'lottery',
    2 => 'setting',
  ),
)
[ info ] [ HEADER ] array (
  'cookie' => 'PHPSESSID=9i34o48juijal4prju268bleo6',
  'accept-language' => 'zh-CN,zh;q=0.9',
  'accept-encoding' => 'gzip, deflate',
  'accept' => 'text/html,application/xhtml+xml,application/xml;q=0.9,image/webp,image/apng,*/*;q=0.8,application/signed-exchange;v=b3',
  'user-agent' => 'Mozilla/5.0 (Windows NT 10.0; Win64; x64) AppleWebKit/537.36 (KHTML, like Gecko) Chrome/74.0.3729.169 Safari/537.36',
  'upgrade-insecure-requests' => '1',
  'cache-control' => 'max-age=0',
  'connection' => 'close',
  'host' => 'www.qipai.cn',
)
[ info ] [ PARAM ] array (
)
[ info ] [ SESSION ] INIT array (
  'id' => '',
  'var_session_id' => '',
  'prefix' => 'think',
  'type' => '',
  'auto_start' => true,
)
[ info ] [ DB ] INIT mysql
[ info ] [ RUN ] app\admin\controller\Lottery->setting[ D:\a_project\qipai\application\admin\controller\Lottery.php ]
[ info ] [ VIEW ] D:\a_project\qipai\public/../application/admin\view\lottery\setting.html [ array (
  0 => 'menu_tree',
  1 => 'lottery_pri',
  2 => 'lottery_mid',
  3 => 'lottery_hig',
) ]
[ info ] [ LOG ] INIT File
[ sql ] [ DB ] CONNECT:[ UseTime:0.010002s ] mysql:host=127.0.0.1;dbname=qipai;charset=utf8
[ sql ] [ SQL ] SHOW COLUMNS FROM `setting` [ RunTime:0.004088s ]
[ sql ] [ SQL ] SELECT * FROM `setting` WHERE  `name` = 'menu_tree' LIMIT 1 [ RunTime:0.000317s ]
[ sql ] [ SQL ] SHOW COLUMNS FROM `lottery` [ RunTime:0.004059s ]
[ sql ] [ SQL ] SELECT * FROM `lottery` [ RunTime:0.000282s ]
[ sql ] [ SQL ] SHOW COLUMNS FROM `lottery_middle` [ RunTime:0.004503s ]
[ sql ] [ SQL ] SELECT * FROM `lottery_middle` [ RunTime:0.000241s ]
[ sql ] [ SQL ] SHOW COLUMNS FROM `lottery_high` [ RunTime:0.003832s ]
[ sql ] [ SQL ] SELECT * FROM `lottery_high` [ RunTime:0.000276s ]
---------------------------------------------------------------
[ 2019-06-12T16:29:59+08:00 ] 127.0.0.1 GET /admin.php/admin/lottery/lottery_setting?id=1&lev=1
[ info ] www.qipai.cn/admin.php/admin/lottery/lottery_setting?id=1&lev=1 [运行时间：0.043746s][吞吐率：22.86req/s] [内存消耗：2,426.34kb] [文件加载：57]
[ info ] [ LANG ] D:\a_project\qipai\thinkphp\lang\zh-cn.php
[ info ] [ ROUTE ] array (
  'type' => 'module',
  'module' => 
  array (
    0 => 'admin',
    1 => 'lottery',
    2 => 'lottery_setting',
  ),
)
[ info ] [ HEADER ] array (
  'cookie' => 'PHPSESSID=9i34o48juijal4prju268bleo6',
  'accept-language' => 'zh-CN,zh;q=0.9',
  'accept-encoding' => 'gzip, deflate',
  'referer' => 'http://www.qipai.cn/admin.php/admin/lottery/setting',
  'accept' => 'text/html,application/xhtml+xml,application/xml;q=0.9,image/webp,image/apng,*/*;q=0.8,application/signed-exchange;v=b3',
  'user-agent' => 'Mozilla/5.0 (Windows NT 10.0; Win64; x64) AppleWebKit/537.36 (KHTML, like Gecko) Chrome/74.0.3729.169 Safari/537.36',
  'upgrade-insecure-requests' => '1',
  'connection' => 'close',
  'host' => 'www.qipai.cn',
)
[ info ] [ PARAM ] array (
  'id' => '1',
  'lev' => '1',
)
[ info ] [ SESSION ] INIT array (
  'id' => '',
  'var_session_id' => '',
  'prefix' => 'think',
  'type' => '',
  'auto_start' => true,
)
[ info ] [ DB ] INIT mysql
[ info ] [ RUN ] app\admin\controller\Lottery->lottery_setting[ D:\a_project\qipai\application\admin\controller\Lottery.php ]
[ info ] [ VIEW ] D:\a_project\qipai\public/../application/admin\view\lottery\lottery_setting.html [ array (
  0 => 'menu_tree',
  1 => 'data',
  2 => 'lev',
) ]
[ info ] [ LOG ] INIT File
[ sql ] [ DB ] CONNECT:[ UseTime:0.009991s ] mysql:host=127.0.0.1;dbname=qipai;charset=utf8
[ sql ] [ SQL ] SHOW COLUMNS FROM `setting` [ RunTime:0.004033s ]
[ sql ] [ SQL ] SELECT * FROM `setting` WHERE  `name` = 'menu_tree' LIMIT 1 [ RunTime:0.000340s ]
[ sql ] [ SQL ] SHOW COLUMNS FROM `lottery` [ RunTime:0.003742s ]
[ sql ] [ SQL ] SELECT * FROM `lottery` WHERE  `id` = 1 LIMIT 1 [ RunTime:0.000292s ]
---------------------------------------------------------------
[ 2019-06-12T16:30:46+08:00 ] 127.0.0.1 GET /admin.php/admin/lottery/setting
[ info ] www.qipai.cn/admin.php/admin/lottery/setting [运行时间：0.052910s][吞吐率：18.90req/s] [内存消耗：2,386.94kb] [文件加载：58]
[ info ] [ LANG ] D:\a_project\qipai\thinkphp\lang\zh-cn.php
[ info ] [ ROUTE ] array (
  'type' => 'module',
  'module' => 
  array (
    0 => 'admin',
    1 => 'lottery',
    2 => 'setting',
  ),
)
[ info ] [ HEADER ] array (
  'cookie' => 'PHPSESSID=9i34o48juijal4prju268bleo6',
  'accept-language' => 'zh-CN,zh;q=0.9',
  'accept-encoding' => 'gzip, deflate',
  'accept' => 'text/html,application/xhtml+xml,application/xml;q=0.9,image/webp,image/apng,*/*;q=0.8,application/signed-exchange;v=b3',
  'user-agent' => 'Mozilla/5.0 (Windows NT 10.0; Win64; x64) AppleWebKit/537.36 (KHTML, like Gecko) Chrome/74.0.3729.169 Safari/537.36',
  'upgrade-insecure-requests' => '1',
  'cache-control' => 'max-age=0',
  'connection' => 'close',
  'host' => 'www.qipai.cn',
)
[ info ] [ PARAM ] array (
)
[ info ] [ SESSION ] INIT array (
  'id' => '',
  'var_session_id' => '',
  'prefix' => 'think',
  'type' => '',
  'auto_start' => true,
)
[ info ] [ DB ] INIT mysql
[ info ] [ RUN ] app\admin\controller\Lottery->setting[ D:\a_project\qipai\application\admin\controller\Lottery.php ]
[ info ] [ VIEW ] D:\a_project\qipai\public/../application/admin\view\lottery\setting.html [ array (
  0 => 'menu_tree',
  1 => 'lottery_pri',
  2 => 'lottery_mid',
  3 => 'lottery_hig',
) ]
[ info ] [ LOG ] INIT File
[ sql ] [ DB ] CONNECT:[ UseTime:0.010460s ] mysql:host=127.0.0.1;dbname=qipai;charset=utf8
[ sql ] [ SQL ] SHOW COLUMNS FROM `setting` [ RunTime:0.004144s ]
[ sql ] [ SQL ] SELECT * FROM `setting` WHERE  `name` = 'menu_tree' LIMIT 1 [ RunTime:0.000354s ]
[ sql ] [ SQL ] SHOW COLUMNS FROM `lottery` [ RunTime:0.004253s ]
[ sql ] [ SQL ] SELECT * FROM `lottery` [ RunTime:0.000303s ]
[ sql ] [ SQL ] SHOW COLUMNS FROM `lottery_middle` [ RunTime:0.004001s ]
[ sql ] [ SQL ] SELECT * FROM `lottery_middle` [ RunTime:0.000274s ]
[ sql ] [ SQL ] SHOW COLUMNS FROM `lottery_high` [ RunTime:0.003867s ]
[ sql ] [ SQL ] SELECT * FROM `lottery_high` [ RunTime:0.000293s ]
---------------------------------------------------------------
[ 2019-06-12T16:31:27+08:00 ] 127.0.0.1 GET /admin.php/admin/lottery/setting
[ info ] www.qipai.cn/admin.php/admin/lottery/setting [运行时间：0.051306s][吞吐率：19.49req/s] [内存消耗：2,386.95kb] [文件加载：58]
[ info ] [ LANG ] D:\a_project\qipai\thinkphp\lang\zh-cn.php
[ info ] [ ROUTE ] array (
  'type' => 'module',
  'module' => 
  array (
    0 => 'admin',
    1 => 'lottery',
    2 => 'setting',
  ),
)
[ info ] [ HEADER ] array (
  'cookie' => 'PHPSESSID=9i34o48juijal4prju268bleo6',
  'accept-language' => 'zh-CN,zh;q=0.9',
  'accept-encoding' => 'gzip, deflate',
  'accept' => 'text/html,application/xhtml+xml,application/xml;q=0.9,image/webp,image/apng,*/*;q=0.8,application/signed-exchange;v=b3',
  'user-agent' => 'Mozilla/5.0 (Windows NT 10.0; Win64; x64) AppleWebKit/537.36 (KHTML, like Gecko) Chrome/74.0.3729.169 Safari/537.36',
  'upgrade-insecure-requests' => '1',
  'cache-control' => 'max-age=0',
  'connection' => 'close',
  'host' => 'www.qipai.cn',
)
[ info ] [ PARAM ] array (
)
[ info ] [ SESSION ] INIT array (
  'id' => '',
  'var_session_id' => '',
  'prefix' => 'think',
  'type' => '',
  'auto_start' => true,
)
[ info ] [ DB ] INIT mysql
[ info ] [ RUN ] app\admin\controller\Lottery->setting[ D:\a_project\qipai\application\admin\controller\Lottery.php ]
[ info ] [ VIEW ] D:\a_project\qipai\public/../application/admin\view\lottery\setting.html [ array (
  0 => 'menu_tree',
  1 => 'lottery_pri',
  2 => 'lottery_mid',
  3 => 'lottery_hig',
) ]
[ info ] [ LOG ] INIT File
[ sql ] [ DB ] CONNECT:[ UseTime:0.010298s ] mysql:host=127.0.0.1;dbname=qipai;charset=utf8
[ sql ] [ SQL ] SHOW COLUMNS FROM `setting` [ RunTime:0.004012s ]
[ sql ] [ SQL ] SELECT * FROM `setting` WHERE  `name` = 'menu_tree' LIMIT 1 [ RunTime:0.000336s ]
[ sql ] [ SQL ] SHOW COLUMNS FROM `lottery` [ RunTime:0.003836s ]
[ sql ] [ SQL ] SELECT * FROM `lottery` [ RunTime:0.000292s ]
[ sql ] [ SQL ] SHOW COLUMNS FROM `lottery_middle` [ RunTime:0.004113s ]
[ sql ] [ SQL ] SELECT * FROM `lottery_middle` [ RunTime:0.000278s ]
[ sql ] [ SQL ] SHOW COLUMNS FROM `lottery_high` [ RunTime:0.003892s ]
[ sql ] [ SQL ] SELECT * FROM `lottery_high` [ RunTime:0.000280s ]
---------------------------------------------------------------
[ 2019-06-12T16:32:47+08:00 ] 127.0.0.1 GET /admin.php/admin/lottery/setting
[ info ] www.qipai.cn/admin.php/admin/lottery/setting [运行时间：0.063421s][吞吐率：15.77req/s] [内存消耗：2,393.08kb] [文件加载：58]
[ info ] [ LANG ] D:\a_project\qipai\thinkphp\lang\zh-cn.php
[ info ] [ ROUTE ] array (
  'type' => 'module',
  'module' => 
  array (
    0 => 'admin',
    1 => 'lottery',
    2 => 'setting',
  ),
)
[ info ] [ HEADER ] array (
  'cookie' => 'PHPSESSID=9i34o48juijal4prju268bleo6',
  'accept-language' => 'zh-CN,zh;q=0.9',
  'accept-encoding' => 'gzip, deflate',
  'accept' => 'text/html,application/xhtml+xml,application/xml;q=0.9,image/webp,image/apng,*/*;q=0.8,application/signed-exchange;v=b3',
  'user-agent' => 'Mozilla/5.0 (Windows NT 10.0; Win64; x64) AppleWebKit/537.36 (KHTML, like Gecko) Chrome/74.0.3729.169 Safari/537.36',
  'upgrade-insecure-requests' => '1',
  'cache-control' => 'max-age=0',
  'connection' => 'close',
  'host' => 'www.qipai.cn',
)
[ info ] [ PARAM ] array (
)
[ info ] [ SESSION ] INIT array (
  'id' => '',
  'var_session_id' => '',
  'prefix' => 'think',
  'type' => '',
  'auto_start' => true,
)
[ info ] [ DB ] INIT mysql
[ info ] [ RUN ] app\admin\controller\Lottery->setting[ D:\a_project\qipai\application\admin\controller\Lottery.php ]
[ info ] [ VIEW ] D:\a_project\qipai\public/../application/admin\view\lottery\setting.html [ array (
  0 => 'menu_tree',
  1 => 'lottery_pri',
  2 => 'lottery_mid',
  3 => 'lottery_hig',
) ]
[ info ] [ LOG ] INIT File
[ sql ] [ DB ] CONNECT:[ UseTime:0.010935s ] mysql:host=127.0.0.1;dbname=qipai;charset=utf8
[ sql ] [ SQL ] SHOW COLUMNS FROM `setting` [ RunTime:0.005026s ]
[ sql ] [ SQL ] SELECT * FROM `setting` WHERE  `name` = 'menu_tree' LIMIT 1 [ RunTime:0.000478s ]
[ sql ] [ SQL ] SHOW COLUMNS FROM `lottery` [ RunTime:0.004984s ]
[ sql ] [ SQL ] SELECT * FROM `lottery` [ RunTime:0.000339s ]
[ sql ] [ SQL ] SHOW COLUMNS FROM `lottery_middle` [ RunTime:0.004778s ]
[ sql ] [ SQL ] SELECT * FROM `lottery_middle` [ RunTime:0.000183s ]
[ sql ] [ SQL ] SHOW COLUMNS FROM `lottery_high` [ RunTime:0.004661s ]
[ sql ] [ SQL ] SELECT * FROM `lottery_high` [ RunTime:0.000470s ]
---------------------------------------------------------------
[ 2019-06-12T16:33:21+08:00 ] 127.0.0.1 GET /admin.php/admin/lottery/setting
[ info ] www.qipai.cn/admin.php/admin/lottery/setting [运行时间：0.054835s][吞吐率：18.24req/s] [内存消耗：2,416.67kb] [文件加载：62]
[ info ] [ LANG ] D:\a_project\qipai\thinkphp\lang\zh-cn.php
[ info ] [ ROUTE ] array (
  'type' => 'module',
  'module' => 
  array (
    0 => 'admin',
    1 => 'lottery',
    2 => 'setting',
  ),
)
[ info ] [ HEADER ] array (
  'cookie' => 'PHPSESSID=9i34o48juijal4prju268bleo6',
  'accept-language' => 'zh-CN,zh;q=0.9',
  'accept-encoding' => 'gzip, deflate',
  'accept' => 'text/html,application/xhtml+xml,application/xml;q=0.9,image/webp,image/apng,*/*;q=0.8,application/signed-exchange;v=b3',
  'user-agent' => 'Mozilla/5.0 (Windows NT 10.0; Win64; x64) AppleWebKit/537.36 (KHTML, like Gecko) Chrome/74.0.3729.169 Safari/537.36',
  'upgrade-insecure-requests' => '1',
  'cache-control' => 'max-age=0',
  'connection' => 'close',
  'host' => 'www.qipai.cn',
)
[ info ] [ PARAM ] array (
)
[ info ] [ SESSION ] INIT array (
  'id' => '',
  'var_session_id' => '',
  'prefix' => 'think',
  'type' => '',
  'auto_start' => true,
)
[ info ] [ DB ] INIT mysql
[ info ] [ RUN ] app\admin\controller\Lottery->setting[ D:\a_project\qipai\application\admin\controller\Lottery.php ]
[ info ] [ VIEW ] D:\a_project\qipai\public/../application/admin\view\lottery\setting.html [ array (
  0 => 'menu_tree',
  1 => 'lottery_pri',
  2 => 'lottery_mid',
  3 => 'lottery_hig',
) ]
[ info ] [ LOG ] INIT File
[ sql ] [ DB ] CONNECT:[ UseTime:0.010419s ] mysql:host=127.0.0.1;dbname=qipai;charset=utf8
[ sql ] [ SQL ] SHOW COLUMNS FROM `setting` [ RunTime:0.005228s ]
[ sql ] [ SQL ] SELECT * FROM `setting` WHERE  `name` = 'menu_tree' LIMIT 1 [ RunTime:0.000367s ]
[ sql ] [ SQL ] SHOW COLUMNS FROM `lottery` [ RunTime:0.003985s ]
[ sql ] [ SQL ] SELECT * FROM `lottery` [ RunTime:0.000271s ]
[ sql ] [ SQL ] SHOW COLUMNS FROM `lottery_middle` [ RunTime:0.003934s ]
[ sql ] [ SQL ] SELECT * FROM `lottery_middle` [ RunTime:0.000281s ]
[ sql ] [ SQL ] SHOW COLUMNS FROM `lottery_high` [ RunTime:0.004284s ]
[ sql ] [ SQL ] SELECT * FROM `lottery_high` [ RunTime:0.000302s ]
[ error ] [8]未定义数组下标: 6[D:\a_project\qipai\application\admin\model\LotteryMiddle.php:19]
---------------------------------------------------------------
[ 2019-06-12T16:33:42+08:00 ] 127.0.0.1 GET /admin.php/admin/lottery/setting
[ info ] www.qipai.cn/admin.php/admin/lottery/setting [运行时间：0.055269s][吞吐率：18.09req/s] [内存消耗：2,394.61kb] [文件加载：58]
[ info ] [ LANG ] D:\a_project\qipai\thinkphp\lang\zh-cn.php
[ info ] [ ROUTE ] array (
  'type' => 'module',
  'module' => 
  array (
    0 => 'admin',
    1 => 'lottery',
    2 => 'setting',
  ),
)
[ info ] [ HEADER ] array (
  'cookie' => 'PHPSESSID=9i34o48juijal4prju268bleo6',
  'accept-language' => 'zh-CN,zh;q=0.9',
  'accept-encoding' => 'gzip, deflate',
  'accept' => 'text/html,application/xhtml+xml,application/xml;q=0.9,image/webp,image/apng,*/*;q=0.8,application/signed-exchange;v=b3',
  'user-agent' => 'Mozilla/5.0 (Windows NT 10.0; Win64; x64) AppleWebKit/537.36 (KHTML, like Gecko) Chrome/74.0.3729.169 Safari/537.36',
  'upgrade-insecure-requests' => '1',
  'cache-control' => 'max-age=0',
  'connection' => 'close',
  'host' => 'www.qipai.cn',
)
[ info ] [ PARAM ] array (
)
[ info ] [ SESSION ] INIT array (
  'id' => '',
  'var_session_id' => '',
  'prefix' => 'think',
  'type' => '',
  'auto_start' => true,
)
[ info ] [ DB ] INIT mysql
[ info ] [ RUN ] app\admin\controller\Lottery->setting[ D:\a_project\qipai\application\admin\controller\Lottery.php ]
[ info ] [ VIEW ] D:\a_project\qipai\public/../application/admin\view\lottery\setting.html [ array (
  0 => 'menu_tree',
  1 => 'lottery_pri',
  2 => 'lottery_mid',
  3 => 'lottery_hig',
) ]
[ info ] [ LOG ] INIT File
[ sql ] [ DB ] CONNECT:[ UseTime:0.010727s ] mysql:host=127.0.0.1;dbname=qipai;charset=utf8
[ sql ] [ SQL ] SHOW COLUMNS FROM `setting` [ RunTime:0.004252s ]
[ sql ] [ SQL ] SELECT * FROM `setting` WHERE  `name` = 'menu_tree' LIMIT 1 [ RunTime:0.000346s ]
[ sql ] [ SQL ] SHOW COLUMNS FROM `lottery` [ RunTime:0.004037s ]
[ sql ] [ SQL ] SELECT * FROM `lottery` [ RunTime:0.000311s ]
[ sql ] [ SQL ] SHOW COLUMNS FROM `lottery_middle` [ RunTime:0.004103s ]
[ sql ] [ SQL ] SELECT * FROM `lottery_middle` [ RunTime:0.000249s ]
[ sql ] [ SQL ] SHOW COLUMNS FROM `lottery_high` [ RunTime:0.004014s ]
[ sql ] [ SQL ] SELECT * FROM `lottery_high` [ RunTime:0.000274s ]
---------------------------------------------------------------
[ 2019-06-12T16:34:37+08:00 ] 127.0.0.1 GET /admin.php/admin/lottery/lottery_setting?id=1&lev=2
[ info ] www.qipai.cn/admin.php/admin/lottery/lottery_setting?id=1&lev=2 [运行时间：0.035721s][吞吐率：27.99req/s] [内存消耗：2,313.34kb] [文件加载：56]
[ info ] [ LANG ] D:\a_project\qipai\thinkphp\lang\zh-cn.php
[ info ] [ ROUTE ] array (
  'type' => 'module',
  'module' => 
  array (
    0 => 'admin',
    1 => 'lottery',
    2 => 'lottery_setting',
  ),
)
[ info ] [ HEADER ] array (
  'cookie' => 'PHPSESSID=9i34o48juijal4prju268bleo6',
  'accept-language' => 'zh-CN,zh;q=0.9',
  'accept-encoding' => 'gzip, deflate',
  'referer' => 'http://www.qipai.cn/admin.php/admin/lottery/setting',
  'accept' => 'text/html,application/xhtml+xml,application/xml;q=0.9,image/webp,image/apng,*/*;q=0.8,application/signed-exchange;v=b3',
  'user-agent' => 'Mozilla/5.0 (Windows NT 10.0; Win64; x64) AppleWebKit/537.36 (KHTML, like Gecko) Chrome/74.0.3729.169 Safari/537.36',
  'upgrade-insecure-requests' => '1',
  'connection' => 'close',
  'host' => 'www.qipai.cn',
)
[ info ] [ PARAM ] array (
  'id' => '1',
  'lev' => '2',
)
[ info ] [ SESSION ] INIT array (
  'id' => '',
  'var_session_id' => '',
  'prefix' => 'think',
  'type' => '',
  'auto_start' => true,
)
[ info ] [ DB ] INIT mysql
[ info ] [ RUN ] app\admin\controller\Lottery->lottery_setting[ D:\a_project\qipai\application\admin\controller\Lottery.php ]
[ info ] [ VIEW ] D:\a_project\qipai\public/../application/admin\view\lottery\lottery_setting.html [ array (
  0 => 'menu_tree',
  1 => 'data',
  2 => 'lev',
) ]
[ info ] [ LOG ] INIT File
[ sql ] [ DB ] CONNECT:[ UseTime:0.001106s ] mysql:host=127.0.0.1;dbname=qipai;charset=utf8
[ sql ] [ SQL ] SHOW COLUMNS FROM `setting` [ RunTime:0.004701s ]
[ sql ] [ SQL ] SELECT * FROM `setting` WHERE  `name` = 'menu_tree' LIMIT 1 [ RunTime:0.000491s ]
[ sql ] [ SQL ] SHOW COLUMNS FROM `lottery_middle` [ RunTime:0.003994s ]
[ sql ] [ SQL ] SELECT * FROM `lottery_middle` WHERE  `id` = 1 LIMIT 1 [ RunTime:0.000368s ]
---------------------------------------------------------------
[ 2019-06-12T16:34:39+08:00 ] 127.0.0.1 GET /admin.php/admin/lottery/lottery_setting?id=3&lev=2
[ info ] www.qipai.cn/admin.php/admin/lottery/lottery_setting?id=3&lev=2 [运行时间：0.039978s][吞吐率：25.01req/s] [内存消耗：2,313.33kb] [文件加载：56]
[ info ] [ LANG ] D:\a_project\qipai\thinkphp\lang\zh-cn.php
[ info ] [ ROUTE ] array (
  'type' => 'module',
  'module' => 
  array (
    0 => 'admin',
    1 => 'lottery',
    2 => 'lottery_setting',
  ),
)
[ info ] [ HEADER ] array (
  'cookie' => 'PHPSESSID=9i34o48juijal4prju268bleo6',
  'accept-language' => 'zh-CN,zh;q=0.9',
  'accept-encoding' => 'gzip, deflate',
  'referer' => 'http://www.qipai.cn/admin.php/admin/lottery/setting',
  'accept' => 'text/html,application/xhtml+xml,application/xml;q=0.9,image/webp,image/apng,*/*;q=0.8,application/signed-exchange;v=b3',
  'user-agent' => 'Mozilla/5.0 (Windows NT 10.0; Win64; x64) AppleWebKit/537.36 (KHTML, like Gecko) Chrome/74.0.3729.169 Safari/537.36',
  'upgrade-insecure-requests' => '1',
  'connection' => 'close',
  'host' => 'www.qipai.cn',
)
[ info ] [ PARAM ] array (
  'id' => '3',
  'lev' => '2',
)
[ info ] [ SESSION ] INIT array (
  'id' => '',
  'var_session_id' => '',
  'prefix' => 'think',
  'type' => '',
  'auto_start' => true,
)
[ info ] [ DB ] INIT mysql
[ info ] [ RUN ] app\admin\controller\Lottery->lottery_setting[ D:\a_project\qipai\application\admin\controller\Lottery.php ]
[ info ] [ VIEW ] D:\a_project\qipai\public/../application/admin\view\lottery\lottery_setting.html [ array (
  0 => 'menu_tree',
  1 => 'data',
  2 => 'lev',
) ]
[ info ] [ LOG ] INIT File
[ sql ] [ DB ] CONNECT:[ UseTime:0.010165s ] mysql:host=127.0.0.1;dbname=qipai;charset=utf8
[ sql ] [ SQL ] SHOW COLUMNS FROM `setting` [ RunTime:0.004068s ]
[ sql ] [ SQL ] SELECT * FROM `setting` WHERE  `name` = 'menu_tree' LIMIT 1 [ RunTime:0.000384s ]
[ sql ] [ SQL ] SHOW COLUMNS FROM `lottery_middle` [ RunTime:0.003959s ]
[ sql ] [ SQL ] SELECT * FROM `lottery_middle` WHERE  `id` = 3 LIMIT 1 [ RunTime:0.000325s ]
---------------------------------------------------------------
[ 2019-06-12T16:37:54+08:00 ] 127.0.0.1 GET /admin.php/admin/lottery/setting
[ info ] www.qipai.cn/admin.php/admin/lottery/setting [运行时间：0.054247s][吞吐率：18.43req/s] [内存消耗：2,403.86kb] [文件加载：58]
[ info ] [ LANG ] D:\a_project\qipai\thinkphp\lang\zh-cn.php
[ info ] [ ROUTE ] array (
  'type' => 'module',
  'module' => 
  array (
    0 => 'admin',
    1 => 'lottery',
    2 => 'setting',
  ),
)
[ info ] [ HEADER ] array (
  'cookie' => 'PHPSESSID=9i34o48juijal4prju268bleo6',
  'accept-language' => 'zh-CN,zh;q=0.9',
  'accept-encoding' => 'gzip, deflate',
  'accept' => 'text/html,application/xhtml+xml,application/xml;q=0.9,image/webp,image/apng,*/*;q=0.8,application/signed-exchange;v=b3',
  'user-agent' => 'Mozilla/5.0 (Windows NT 10.0; Win64; x64) AppleWebKit/537.36 (KHTML, like Gecko) Chrome/74.0.3729.169 Safari/537.36',
  'upgrade-insecure-requests' => '1',
  'cache-control' => 'max-age=0',
  'connection' => 'close',
  'host' => 'www.qipai.cn',
)
[ info ] [ PARAM ] array (
)
[ info ] [ SESSION ] INIT array (
  'id' => '',
  'var_session_id' => '',
  'prefix' => 'think',
  'type' => '',
  'auto_start' => true,
)
[ info ] [ DB ] INIT mysql
[ info ] [ RUN ] app\admin\controller\Lottery->setting[ D:\a_project\qipai\application\admin\controller\Lottery.php ]
[ info ] [ VIEW ] D:\a_project\qipai\public/../application/admin\view\lottery\setting.html [ array (
  0 => 'menu_tree',
  1 => 'lottery_pri',
  2 => 'lottery_mid',
  3 => 'lottery_hig',
) ]
[ info ] [ LOG ] INIT File
[ sql ] [ DB ] CONNECT:[ UseTime:0.010173s ] mysql:host=127.0.0.1;dbname=qipai;charset=utf8
[ sql ] [ SQL ] SHOW COLUMNS FROM `setting` [ RunTime:0.004348s ]
[ sql ] [ SQL ] SELECT * FROM `setting` WHERE  `name` = 'menu_tree' LIMIT 1 [ RunTime:0.000348s ]
[ sql ] [ SQL ] SHOW COLUMNS FROM `lottery` [ RunTime:0.003997s ]
[ sql ] [ SQL ] SELECT * FROM `lottery` [ RunTime:0.000290s ]
[ sql ] [ SQL ] SHOW COLUMNS FROM `lottery_middle` [ RunTime:0.003925s ]
[ sql ] [ SQL ] SELECT * FROM `lottery_middle` [ RunTime:0.000261s ]
[ sql ] [ SQL ] SHOW COLUMNS FROM `lottery_high` [ RunTime:0.004191s ]
[ sql ] [ SQL ] SELECT * FROM `lottery_high` [ RunTime:0.000311s ]
---------------------------------------------------------------
[ 2019-06-12T16:43:30+08:00 ] 127.0.0.1 GET /admin.php/admin/lottery/setting
[ info ] www.qipai.cn/admin.php/admin/lottery/setting [运行时间：0.014362s][吞吐率：69.63req/s] [内存消耗：1,104.33kb] [文件加载：37]
[ info ] [ LANG ] D:\a_project\qipai\thinkphp\lang\zh-cn.php
[ info ] [ ROUTE ] array (
  'type' => 'module',
  'module' => 
  array (
    0 => 'admin',
    1 => 'lottery',
    2 => 'setting',
  ),
)
[ info ] [ HEADER ] array (
  'cookie' => 'PHPSESSID=9i34o48juijal4prju268bleo6',
  'accept-language' => 'zh-CN,zh;q=0.9',
  'accept-encoding' => 'gzip, deflate',
  'accept' => 'text/html,application/xhtml+xml,application/xml;q=0.9,image/webp,image/apng,*/*;q=0.8,application/signed-exchange;v=b3',
  'user-agent' => 'Mozilla/5.0 (Windows NT 10.0; Win64; x64) AppleWebKit/537.36 (KHTML, like Gecko) Chrome/74.0.3729.169 Safari/537.36',
  'upgrade-insecure-requests' => '1',
  'cache-control' => 'max-age=0',
  'connection' => 'close',
  'host' => 'www.qipai.cn',
)
[ info ] [ PARAM ] array (
)
[ info ] [ LOG ] INIT File
[ error ] [0]语法解析错误: syntax error, unexpected '[', expecting function (T_FUNCTION)[D:\a_project\qipai\application\admin\controller\Lottery.php:147]
---------------------------------------------------------------
[ 2019-06-12T16:43:52+08:00 ] 127.0.0.1 GET /admin.php/admin/lottery/setting
[ info ] www.qipai.cn/admin.php/admin/lottery/setting [运行时间：0.013162s][吞吐率：75.98req/s] [内存消耗：1,104.33kb] [文件加载：37]
[ info ] [ LANG ] D:\a_project\qipai\thinkphp\lang\zh-cn.php
[ info ] [ ROUTE ] array (
  'type' => 'module',
  'module' => 
  array (
    0 => 'admin',
    1 => 'lottery',
    2 => 'setting',
  ),
)
[ info ] [ HEADER ] array (
  'cookie' => 'PHPSESSID=9i34o48juijal4prju268bleo6',
  'accept-language' => 'zh-CN,zh;q=0.9',
  'accept-encoding' => 'gzip, deflate',
  'accept' => 'text/html,application/xhtml+xml,application/xml;q=0.9,image/webp,image/apng,*/*;q=0.8,application/signed-exchange;v=b3',
  'user-agent' => 'Mozilla/5.0 (Windows NT 10.0; Win64; x64) AppleWebKit/537.36 (KHTML, like Gecko) Chrome/74.0.3729.169 Safari/537.36',
  'upgrade-insecure-requests' => '1',
  'cache-control' => 'max-age=0',
  'connection' => 'close',
  'host' => 'www.qipai.cn',
)
[ info ] [ PARAM ] array (
)
[ info ] [ LOG ] INIT File
[ error ] [0]语法解析错误: syntax error, unexpected '[', expecting function (T_FUNCTION)[D:\a_project\qipai\application\admin\controller\Lottery.php:147]
---------------------------------------------------------------
[ 2019-06-12T16:43:52+08:00 ] 127.0.0.1 GET /admin.php/admin/lottery/setting
[ info ] www.qipai.cn/admin.php/admin/lottery/setting [运行时间：0.014154s][吞吐率：70.65req/s] [内存消耗：1,104.33kb] [文件加载：37]
[ info ] [ LANG ] D:\a_project\qipai\thinkphp\lang\zh-cn.php
[ info ] [ ROUTE ] array (
  'type' => 'module',
  'module' => 
  array (
    0 => 'admin',
    1 => 'lottery',
    2 => 'setting',
  ),
)
[ info ] [ HEADER ] array (
  'cookie' => 'PHPSESSID=9i34o48juijal4prju268bleo6',
  'accept-language' => 'zh-CN,zh;q=0.9',
  'accept-encoding' => 'gzip, deflate',
  'accept' => 'text/html,application/xhtml+xml,application/xml;q=0.9,image/webp,image/apng,*/*;q=0.8,application/signed-exchange;v=b3',
  'user-agent' => 'Mozilla/5.0 (Windows NT 10.0; Win64; x64) AppleWebKit/537.36 (KHTML, like Gecko) Chrome/74.0.3729.169 Safari/537.36',
  'upgrade-insecure-requests' => '1',
  'cache-control' => 'max-age=0',
  'connection' => 'close',
  'host' => 'www.qipai.cn',
)
[ info ] [ PARAM ] array (
)
[ info ] [ LOG ] INIT File
[ error ] [0]语法解析错误: syntax error, unexpected '[', expecting function (T_FUNCTION)[D:\a_project\qipai\application\admin\controller\Lottery.php:147]
---------------------------------------------------------------
[ 2019-06-12T16:43:53+08:00 ] 127.0.0.1 GET /admin.php/admin/lottery/setting
[ info ] www.qipai.cn/admin.php/admin/lottery/setting [运行时间：0.012475s][吞吐率：80.16req/s] [内存消耗：1,104.33kb] [文件加载：37]
[ info ] [ LANG ] D:\a_project\qipai\thinkphp\lang\zh-cn.php
[ info ] [ ROUTE ] array (
  'type' => 'module',
  'module' => 
  array (
    0 => 'admin',
    1 => 'lottery',
    2 => 'setting',
  ),
)
[ info ] [ HEADER ] array (
  'cookie' => 'PHPSESSID=9i34o48juijal4prju268bleo6',
  'accept-language' => 'zh-CN,zh;q=0.9',
  'accept-encoding' => 'gzip, deflate',
  'accept' => 'text/html,application/xhtml+xml,application/xml;q=0.9,image/webp,image/apng,*/*;q=0.8,application/signed-exchange;v=b3',
  'user-agent' => 'Mozilla/5.0 (Windows NT 10.0; Win64; x64) AppleWebKit/537.36 (KHTML, like Gecko) Chrome/74.0.3729.169 Safari/537.36',
  'upgrade-insecure-requests' => '1',
  'cache-control' => 'max-age=0',
  'connection' => 'close',
  'host' => 'www.qipai.cn',
)
[ info ] [ PARAM ] array (
)
[ info ] [ LOG ] INIT File
[ error ] [0]语法解析错误: syntax error, unexpected '[', expecting function (T_FUNCTION)[D:\a_project\qipai\application\admin\controller\Lottery.php:147]
---------------------------------------------------------------
[ 2019-06-12T16:43:53+08:00 ] 127.0.0.1 GET /admin.php/admin/lottery/setting
[ info ] www.qipai.cn/admin.php/admin/lottery/setting [运行时间：0.011908s][吞吐率：83.98req/s] [内存消耗：1,104.33kb] [文件加载：37]
[ info ] [ LANG ] D:\a_project\qipai\thinkphp\lang\zh-cn.php
[ info ] [ ROUTE ] array (
  'type' => 'module',
  'module' => 
  array (
    0 => 'admin',
    1 => 'lottery',
    2 => 'setting',
  ),
)
[ info ] [ HEADER ] array (
  'cookie' => 'PHPSESSID=9i34o48juijal4prju268bleo6',
  'accept-language' => 'zh-CN,zh;q=0.9',
  'accept-encoding' => 'gzip, deflate',
  'accept' => 'text/html,application/xhtml+xml,application/xml;q=0.9,image/webp,image/apng,*/*;q=0.8,application/signed-exchange;v=b3',
  'user-agent' => 'Mozilla/5.0 (Windows NT 10.0; Win64; x64) AppleWebKit/537.36 (KHTML, like Gecko) Chrome/74.0.3729.169 Safari/537.36',
  'upgrade-insecure-requests' => '1',
  'cache-control' => 'max-age=0',
  'connection' => 'close',
  'host' => 'www.qipai.cn',
)
[ info ] [ PARAM ] array (
)
[ info ] [ LOG ] INIT File
[ error ] [0]语法解析错误: syntax error, unexpected '[', expecting function (T_FUNCTION)[D:\a_project\qipai\application\admin\controller\Lottery.php:147]
---------------------------------------------------------------
[ 2019-06-12T16:44:06+08:00 ] 127.0.0.1 GET /admin.php/admin/index/index
[ info ] www.qipai.cn/admin.php/admin/index/index [运行时间：0.031205s][吞吐率：32.05req/s] [内存消耗：2,399.26kb] [文件加载：56]
[ info ] [ LANG ] D:\a_project\qipai\thinkphp\lang\zh-cn.php
[ info ] [ ROUTE ] array (
  'type' => 'module',
  'module' => 
  array (
    0 => 'admin',
    1 => 'index',
    2 => 'index',
  ),
)
[ info ] [ HEADER ] array (
  'cookie' => 'PHPSESSID=9i34o48juijal4prju268bleo6',
  'accept-language' => 'zh-CN,zh;q=0.9',
  'accept-encoding' => 'gzip, deflate',
  'accept' => 'text/html,application/xhtml+xml,application/xml;q=0.9,image/webp,image/apng,*/*;q=0.8,application/signed-exchange;v=b3',
  'user-agent' => 'Mozilla/5.0 (Windows NT 10.0; Win64; x64) AppleWebKit/537.36 (KHTML, like Gecko) Chrome/74.0.3729.169 Safari/537.36',
  'upgrade-insecure-requests' => '1',
  'connection' => 'close',
  'host' => 'www.qipai.cn',
)
[ info ] [ PARAM ] array (
)
[ info ] [ SESSION ] INIT array (
  'id' => '',
  'var_session_id' => '',
  'prefix' => 'think',
  'type' => '',
  'auto_start' => true,
)
[ info ] [ DB ] INIT mysql
[ info ] [ RUN ] app\admin\controller\Index->index[ D:\a_project\qipai\application\admin\controller\Index.php ]
[ info ] [ VIEW ] D:\a_project\qipai\public/../application/admin\view\index\index.html [ array (
  0 => 'menu_tree',
  1 => 'config',
) ]
[ info ] [ LOG ] INIT File
[ sql ] [ DB ] CONNECT:[ UseTime:0.001152s ] mysql:host=127.0.0.1;dbname=qipai;charset=utf8
[ sql ] [ SQL ] SHOW COLUMNS FROM `setting` [ RunTime:0.004049s ]
[ sql ] [ SQL ] SELECT * FROM `setting` WHERE  `name` = 'menu_tree' LIMIT 1 [ RunTime:0.000364s ]
[ sql ] [ SQL ] SELECT VERSION() AS ver [ RunTime:0.000256s ]
---------------------------------------------------------------
[ 2019-06-12T16:44:06+08:00 ] 127.0.0.1 GET /admin.php/admin/index/favicon.ico
[ info ] www.qipai.cn/admin.php/admin/index/favicon.ico [运行时间：0.043227s][吞吐率：23.13req/s] [内存消耗：2,269.01kb] [文件加载：55]
[ info ] [ LANG ] D:\a_project\qipai\thinkphp\lang\zh-cn.php
[ info ] [ ROUTE ] array (
  'type' => 'module',
  'module' => 
  array (
    0 => 'admin',
    1 => 'index',
    2 => 'favicon',
  ),
)
[ info ] [ HEADER ] array (
  'cookie' => 'PHPSESSID=9i34o48juijal4prju268bleo6',
  'accept-language' => 'zh-CN,zh;q=0.9',
  'accept-encoding' => 'gzip, deflate',
  'referer' => 'http://www.qipai.cn/admin.php/admin/index/index',
  'accept' => 'image/webp,image/apng,image/*,*/*;q=0.8',
  'user-agent' => 'Mozilla/5.0 (Windows NT 10.0; Win64; x64) AppleWebKit/537.36 (KHTML, like Gecko) Chrome/74.0.3729.169 Safari/537.36',
  'connection' => 'close',
  'host' => 'www.qipai.cn',
)
[ info ] [ PARAM ] array (
)
[ info ] [ SESSION ] INIT array (
  'id' => '',
  'var_session_id' => '',
  'prefix' => 'think',
  'type' => '',
  'auto_start' => true,
)
[ info ] [ DB ] INIT mysql
[ info ] [ RUN ] app\admin\controller\Index->_empty[ D:\a_project\qipai\application\admin\controller\Index.php ]
[ info ] [ LOG ] INIT File
[ sql ] [ DB ] CONNECT:[ UseTime:0.010194s ] mysql:host=127.0.0.1;dbname=qipai;charset=utf8
[ sql ] [ SQL ] SHOW COLUMNS FROM `setting` [ RunTime:0.004458s ]
[ sql ] [ SQL ] SELECT * FROM `setting` WHERE  `name` = 'menu_tree' LIMIT 1 [ RunTime:0.000362s ]
---------------------------------------------------------------
[ 2019-06-12T16:44:06+08:00 ] 127.0.0.1 GET /admin.php/admin/index/index
[ info ] www.qipai.cn/admin.php/admin/index/index [运行时间：0.034881s][吞吐率：28.67req/s] [内存消耗：2,268.25kb] [文件加载：54]
[ info ] [ LANG ] D:\a_project\qipai\thinkphp\lang\zh-cn.php
[ info ] [ ROUTE ] array (
  'type' => 'module',
  'module' => 
  array (
    0 => 'admin',
    1 => 'index',
    2 => 'index',
  ),
)
[ info ] [ HEADER ] array (
  'cookie' => 'PHPSESSID=9i34o48juijal4prju268bleo6',
  'accept-language' => 'zh-CN,zh;q=0.9',
  'accept-encoding' => 'gzip, deflate',
  'referer' => 'http://www.qipai.cn/admin.php/admin/index/index',
  'accept' => 'image/webp,image/apng,image/*,*/*;q=0.8',
  'user-agent' => 'Mozilla/5.0 (Windows NT 10.0; Win64; x64) AppleWebKit/537.36 (KHTML, like Gecko) Chrome/74.0.3729.169 Safari/537.36',
  'connection' => 'close',
  'host' => 'www.qipai.cn',
)
[ info ] [ PARAM ] array (
)
[ info ] [ SESSION ] INIT array (
  'id' => '',
  'var_session_id' => '',
  'prefix' => 'think',
  'type' => '',
  'auto_start' => true,
)
[ info ] [ DB ] INIT mysql
[ info ] [ RUN ] app\admin\controller\Index->index[ D:\a_project\qipai\application\admin\controller\Index.php ]
[ info ] [ VIEW ] D:\a_project\qipai\public/../application/admin\view\index\index.html [ array (
  0 => 'menu_tree',
  1 => 'config',
) ]
[ info ] [ LOG ] INIT File
[ sql ] [ DB ] CONNECT:[ UseTime:0.009844s ] mysql:host=127.0.0.1;dbname=qipai;charset=utf8
[ sql ] [ SQL ] SHOW COLUMNS FROM `setting` [ RunTime:0.004095s ]
[ sql ] [ SQL ] SELECT * FROM `setting` WHERE  `name` = 'menu_tree' LIMIT 1 [ RunTime:0.000326s ]
[ sql ] [ SQL ] SELECT VERSION() AS ver [ RunTime:0.000200s ]
---------------------------------------------------------------
[ 2019-06-12T16:44:15+08:00 ] 127.0.0.1 GET /admin.php/admin/lottery/cate
[ info ] www.qipai.cn/admin.php/admin/lottery/cate [运行时间：0.012985s][吞吐率：77.01req/s] [内存消耗：1,104.32kb] [文件加载：37]
[ info ] [ LANG ] D:\a_project\qipai\thinkphp\lang\zh-cn.php
[ info ] [ ROUTE ] array (
  'type' => 'module',
  'module' => 
  array (
    0 => 'admin',
    1 => 'lottery',
    2 => 'cate',
  ),
)
[ info ] [ HEADER ] array (
  'cookie' => 'PHPSESSID=9i34o48juijal4prju268bleo6',
  'accept-language' => 'zh-CN,zh;q=0.9',
  'accept-encoding' => 'gzip, deflate',
  'purpose' => 'prefetch',
  'accept' => 'text/html,application/xhtml+xml,application/xml;q=0.9,image/webp,image/apng,*/*;q=0.8,application/signed-exchange;v=b3',
  'user-agent' => 'Mozilla/5.0 (Windows NT 10.0; Win64; x64) AppleWebKit/537.36 (KHTML, like Gecko) Chrome/74.0.3729.169 Safari/537.36',
  'upgrade-insecure-requests' => '1',
  'connection' => 'close',
  'host' => 'www.qipai.cn',
)
[ info ] [ PARAM ] array (
)
[ info ] [ LOG ] INIT File
[ error ] [0]语法解析错误: syntax error, unexpected '[', expecting function (T_FUNCTION)[D:\a_project\qipai\application\admin\controller\Lottery.php:147]
---------------------------------------------------------------
[ 2019-06-12T16:44:25+08:00 ] 127.0.0.1 GET /admin.php/admin/lottery/cate
[ info ] www.qipai.cn/admin.php/admin/lottery/cate [运行时间：0.041959s][吞吐率：23.83req/s] [内存消耗：2,335.38kb] [文件加载：56]
[ info ] [ LANG ] D:\a_project\qipai\thinkphp\lang\zh-cn.php
[ info ] [ ROUTE ] array (
  'type' => 'module',
  'module' => 
  array (
    0 => 'admin',
    1 => 'lottery',
    2 => 'cate',
  ),
)
[ info ] [ HEADER ] array (
  'cookie' => 'PHPSESSID=9i34o48juijal4prju268bleo6',
  'accept-language' => 'zh-CN,zh;q=0.9',
  'accept-encoding' => 'gzip, deflate',
  'accept' => 'text/html,application/xhtml+xml,application/xml;q=0.9,image/webp,image/apng,*/*;q=0.8,application/signed-exchange;v=b3',
  'user-agent' => 'Mozilla/5.0 (Windows NT 10.0; Win64; x64) AppleWebKit/537.36 (KHTML, like Gecko) Chrome/74.0.3729.169 Safari/537.36',
  'upgrade-insecure-requests' => '1',
  'cache-control' => 'max-age=0',
  'connection' => 'close',
  'host' => 'www.qipai.cn',
)
[ info ] [ PARAM ] array (
)
[ info ] [ SESSION ] INIT array (
  'id' => '',
  'var_session_id' => '',
  'prefix' => 'think',
  'type' => '',
  'auto_start' => true,
)
[ info ] [ DB ] INIT mysql
[ info ] [ RUN ] app\admin\controller\Lottery->cate[ D:\a_project\qipai\application\admin\controller\Lottery.php ]
[ info ] [ VIEW ] D:\a_project\qipai\public/../application/admin\view\lottery\cate.html [ array (
  0 => 'menu_tree',
  1 => 'data',
) ]
[ info ] [ LOG ] INIT File
[ sql ] [ DB ] CONNECT:[ UseTime:0.010112s ] mysql:host=127.0.0.1;dbname=qipai;charset=utf8
[ sql ] [ SQL ] SHOW COLUMNS FROM `setting` [ RunTime:0.004029s ]
[ sql ] [ SQL ] SELECT * FROM `setting` WHERE  `name` = 'menu_tree' LIMIT 1 [ RunTime:0.000335s ]
[ sql ] [ SQL ] SHOW COLUMNS FROM `lottery_cate` [ RunTime:0.004071s ]
[ sql ] [ SQL ] SELECT * FROM `lottery_cate` [ RunTime:0.000293s ]
---------------------------------------------------------------
[ 2019-06-12T16:45:28+08:00 ] 127.0.0.1 GET /admin.php/admin/lottery/cate
[ info ] www.qipai.cn/admin.php/admin/lottery/cate [运行时间：0.040502s][吞吐率：24.69req/s] [内存消耗：2,353.02kb] [文件加载：56]
[ info ] [ LANG ] D:\a_project\qipai\thinkphp\lang\zh-cn.php
[ info ] [ ROUTE ] array (
  'type' => 'module',
  'module' => 
  array (
    0 => 'admin',
    1 => 'lottery',
    2 => 'cate',
  ),
)
[ info ] [ HEADER ] array (
  'cookie' => 'PHPSESSID=9i34o48juijal4prju268bleo6',
  'accept-language' => 'zh-CN,zh;q=0.9',
  'accept-encoding' => 'gzip, deflate',
  'accept' => 'text/html,application/xhtml+xml,application/xml;q=0.9,image/webp,image/apng,*/*;q=0.8,application/signed-exchange;v=b3',
  'user-agent' => 'Mozilla/5.0 (Windows NT 10.0; Win64; x64) AppleWebKit/537.36 (KHTML, like Gecko) Chrome/74.0.3729.169 Safari/537.36',
  'upgrade-insecure-requests' => '1',
  'cache-control' => 'max-age=0',
  'connection' => 'close',
  'host' => 'www.qipai.cn',
)
[ info ] [ PARAM ] array (
)
[ info ] [ SESSION ] INIT array (
  'id' => '',
  'var_session_id' => '',
  'prefix' => 'think',
  'type' => '',
  'auto_start' => true,
)
[ info ] [ DB ] INIT mysql
[ info ] [ RUN ] app\admin\controller\Lottery->cate[ D:\a_project\qipai\application\admin\controller\Lottery.php ]
[ info ] [ VIEW ] D:\a_project\qipai\public/../application/admin\view\lottery\cate.html [ array (
  0 => 'menu_tree',
  1 => 'data',
) ]
[ info ] [ LOG ] INIT File
[ sql ] [ DB ] CONNECT:[ UseTime:0.010234s ] mysql:host=127.0.0.1;dbname=qipai;charset=utf8
[ sql ] [ SQL ] SHOW COLUMNS FROM `setting` [ RunTime:0.004060s ]
[ sql ] [ SQL ] SELECT * FROM `setting` WHERE  `name` = 'menu_tree' LIMIT 1 [ RunTime:0.000257s ]
[ sql ] [ SQL ] SHOW COLUMNS FROM `lottery_cate` [ RunTime:0.004189s ]
[ sql ] [ SQL ] SELECT * FROM `lottery_cate` [ RunTime:0.000242s ]
---------------------------------------------------------------
[ 2019-06-12T16:45:31+08:00 ] 127.0.0.1 GET /admin.php/admin/lottery/cate
[ info ] www.qipai.cn/admin.php/admin/lottery/cate [运行时间：0.044185s][吞吐率：22.63req/s] [内存消耗：2,353.05kb] [文件加载：56]
[ info ] [ LANG ] D:\a_project\qipai\thinkphp\lang\zh-cn.php
[ info ] [ ROUTE ] array (
  'type' => 'module',
  'module' => 
  array (
    0 => 'admin',
    1 => 'lottery',
    2 => 'cate',
  ),
)
[ info ] [ HEADER ] array (
  'cookie' => 'PHPSESSID=9i34o48juijal4prju268bleo6',
  'accept-language' => 'zh-CN,zh;q=0.9',
  'accept-encoding' => 'gzip, deflate',
  'referer' => 'http://www.qipai.cn/admin.php/admin/lottery/cate',
  'accept' => 'text/html,application/xhtml+xml,application/xml;q=0.9,image/webp,image/apng,*/*;q=0.8,application/signed-exchange;v=b3',
  'user-agent' => 'Mozilla/5.0 (Windows NT 10.0; Win64; x64) AppleWebKit/537.36 (KHTML, like Gecko) Chrome/74.0.3729.169 Safari/537.36',
  'upgrade-insecure-requests' => '1',
  'connection' => 'close',
  'host' => 'www.qipai.cn',
)
[ info ] [ PARAM ] array (
)
[ info ] [ SESSION ] INIT array (
  'id' => '',
  'var_session_id' => '',
  'prefix' => 'think',
  'type' => '',
  'auto_start' => true,
)
[ info ] [ DB ] INIT mysql
[ info ] [ RUN ] app\admin\controller\Lottery->cate[ D:\a_project\qipai\application\admin\controller\Lottery.php ]
[ info ] [ VIEW ] D:\a_project\qipai\public/../application/admin\view\lottery\cate.html [ array (
  0 => 'menu_tree',
  1 => 'data',
) ]
[ info ] [ LOG ] INIT File
[ sql ] [ DB ] CONNECT:[ UseTime:0.010797s ] mysql:host=127.0.0.1;dbname=qipai;charset=utf8
[ sql ] [ SQL ] SHOW COLUMNS FROM `setting` [ RunTime:0.004353s ]
[ sql ] [ SQL ] SELECT * FROM `setting` WHERE  `name` = 'menu_tree' LIMIT 1 [ RunTime:0.000317s ]
[ sql ] [ SQL ] SHOW COLUMNS FROM `lottery_cate` [ RunTime:0.003798s ]
[ sql ] [ SQL ] SELECT * FROM `lottery_cate` [ RunTime:0.000273s ]
---------------------------------------------------------------
[ 2019-06-12T16:45:32+08:00 ] 127.0.0.1 GET /admin.php/admin/lottery/setting
[ info ] www.qipai.cn/admin.php/admin/lottery/setting [运行时间：0.049853s][吞吐率：20.06req/s] [内存消耗：2,405.54kb] [文件加载：58]
[ info ] [ LANG ] D:\a_project\qipai\thinkphp\lang\zh-cn.php
[ info ] [ ROUTE ] array (
  'type' => 'module',
  'module' => 
  array (
    0 => 'admin',
    1 => 'lottery',
    2 => 'setting',
  ),
)
[ info ] [ HEADER ] array (
  'cookie' => 'PHPSESSID=9i34o48juijal4prju268bleo6',
  'accept-language' => 'zh-CN,zh;q=0.9',
  'accept-encoding' => 'gzip, deflate',
  'referer' => 'http://www.qipai.cn/admin.php/admin/lottery/cate',
  'accept' => 'text/html,application/xhtml+xml,application/xml;q=0.9,image/webp,image/apng,*/*;q=0.8,application/signed-exchange;v=b3',
  'user-agent' => 'Mozilla/5.0 (Windows NT 10.0; Win64; x64) AppleWebKit/537.36 (KHTML, like Gecko) Chrome/74.0.3729.169 Safari/537.36',
  'upgrade-insecure-requests' => '1',
  'connection' => 'close',
  'host' => 'www.qipai.cn',
)
[ info ] [ PARAM ] array (
)
[ info ] [ SESSION ] INIT array (
  'id' => '',
  'var_session_id' => '',
  'prefix' => 'think',
  'type' => '',
  'auto_start' => true,
)
[ info ] [ DB ] INIT mysql
[ info ] [ RUN ] app\admin\controller\Lottery->setting[ D:\a_project\qipai\application\admin\controller\Lottery.php ]
[ info ] [ VIEW ] D:\a_project\qipai\public/../application/admin\view\lottery\setting.html [ array (
  0 => 'menu_tree',
  1 => 'lottery_pri',
  2 => 'lottery_mid',
  3 => 'lottery_hig',
) ]
[ info ] [ LOG ] INIT File
[ sql ] [ DB ] CONNECT:[ UseTime:0.010293s ] mysql:host=127.0.0.1;dbname=qipai;charset=utf8
[ sql ] [ SQL ] SHOW COLUMNS FROM `setting` [ RunTime:0.004070s ]
[ sql ] [ SQL ] SELECT * FROM `setting` WHERE  `name` = 'menu_tree' LIMIT 1 [ RunTime:0.000340s ]
[ sql ] [ SQL ] SHOW COLUMNS FROM `lottery` [ RunTime:0.003826s ]
[ sql ] [ SQL ] SELECT * FROM `lottery` [ RunTime:0.000230s ]
[ sql ] [ SQL ] SHOW COLUMNS FROM `lottery_middle` [ RunTime:0.004008s ]
[ sql ] [ SQL ] SELECT * FROM `lottery_middle` [ RunTime:0.000234s ]
[ sql ] [ SQL ] SHOW COLUMNS FROM `lottery_high` [ RunTime:0.003756s ]
[ sql ] [ SQL ] SELECT * FROM `lottery_high` [ RunTime:0.000228s ]
---------------------------------------------------------------
[ 2019-06-12T16:45:34+08:00 ] 127.0.0.1 GET /admin.php/admin/top_info/index
[ info ] www.qipai.cn/admin.php/admin/top_info/index [运行时间：0.043298s][吞吐率：23.10req/s] [内存消耗：2,489.16kb] [文件加载：61]
[ info ] [ LANG ] D:\a_project\qipai\thinkphp\lang\zh-cn.php
[ info ] [ ROUTE ] array (
  'type' => 'module',
  'module' => 
  array (
    0 => 'admin',
    1 => 'top_info',
    2 => 'index',
  ),
)
[ info ] [ HEADER ] array (
  'cookie' => 'PHPSESSID=9i34o48juijal4prju268bleo6',
  'accept-language' => 'zh-CN,zh;q=0.9',
  'accept-encoding' => 'gzip, deflate',
  'referer' => 'http://www.qipai.cn/admin.php/admin/lottery/setting',
  'accept' => 'text/html,application/xhtml+xml,application/xml;q=0.9,image/webp,image/apng,*/*;q=0.8,application/signed-exchange;v=b3',
  'user-agent' => 'Mozilla/5.0 (Windows NT 10.0; Win64; x64) AppleWebKit/537.36 (KHTML, like Gecko) Chrome/74.0.3729.169 Safari/537.36',
  'upgrade-insecure-requests' => '1',
  'connection' => 'close',
  'host' => 'www.qipai.cn',
)
[ info ] [ PARAM ] array (
)
[ info ] [ SESSION ] INIT array (
  'id' => '',
  'var_session_id' => '',
  'prefix' => 'think',
  'type' => '',
  'auto_start' => true,
)
[ info ] [ DB ] INIT mysql
[ info ] [ RUN ] app\admin\controller\TopInfo->index[ D:\a_project\qipai\application\admin\controller\TopInfo.php ]
[ info ] [ VIEW ] D:\a_project\qipai\public/../application/admin\view\top_info\index.html [ array (
  0 => 'menu_tree',
  1 => 'data',
  2 => 'page',
) ]
[ info ] [ LOG ] INIT File
[ sql ] [ DB ] CONNECT:[ UseTime:0.010109s ] mysql:host=127.0.0.1;dbname=qipai;charset=utf8
[ sql ] [ SQL ] SHOW COLUMNS FROM `setting` [ RunTime:0.004050s ]
[ sql ] [ SQL ] SELECT * FROM `setting` WHERE  `name` = 'menu_tree' LIMIT 1 [ RunTime:0.000346s ]
[ sql ] [ SQL ] SHOW COLUMNS FROM `top_info` [ RunTime:0.003773s ]
[ sql ] [ SQL ] SELECT COUNT(*) AS tp_count FROM `top_info` LIMIT 1 [ RunTime:0.000266s ]
[ sql ] [ SQL ] SELECT * FROM `top_info` ORDER BY `id` DESC LIMIT 0,15 [ RunTime:0.000299s ]
---------------------------------------------------------------
[ 2019-06-12T16:45:34+08:00 ] 127.0.0.1 GET /admin.php/admin/top_info/favicon.ico
[ info ] www.qipai.cn/admin.php/admin/top_info/favicon.ico [运行时间：0.036172s][吞吐率：27.65req/s] [内存消耗：2,247.99kb] [文件加载：55]
[ info ] [ LANG ] D:\a_project\qipai\thinkphp\lang\zh-cn.php
[ info ] [ ROUTE ] array (
  'type' => 'module',
  'module' => 
  array (
    0 => 'admin',
    1 => 'top_info',
    2 => 'favicon',
  ),
)
[ info ] [ HEADER ] array (
  'cookie' => 'PHPSESSID=9i34o48juijal4prju268bleo6',
  'accept-language' => 'zh-CN,zh;q=0.9',
  'accept-encoding' => 'gzip, deflate',
  'referer' => 'http://www.qipai.cn/admin.php/admin/top_info/index',
  'accept' => 'image/webp,image/apng,image/*,*/*;q=0.8',
  'user-agent' => 'Mozilla/5.0 (Windows NT 10.0; Win64; x64) AppleWebKit/537.36 (KHTML, like Gecko) Chrome/74.0.3729.169 Safari/537.36',
  'connection' => 'close',
  'host' => 'www.qipai.cn',
)
[ info ] [ PARAM ] array (
)
[ info ] [ SESSION ] INIT array (
  'id' => '',
  'var_session_id' => '',
  'prefix' => 'think',
  'type' => '',
  'auto_start' => true,
)
[ info ] [ DB ] INIT mysql
[ info ] [ LOG ] INIT File
[ sql ] [ DB ] CONNECT:[ UseTime:0.010151s ] mysql:host=127.0.0.1;dbname=qipai;charset=utf8
[ sql ] [ SQL ] SHOW COLUMNS FROM `setting` [ RunTime:0.004118s ]
[ sql ] [ SQL ] SELECT * FROM `setting` WHERE  `name` = 'menu_tree' LIMIT 1 [ RunTime:0.000343s ]
---------------------------------------------------------------
[ 2019-06-12T16:45:36+08:00 ] 127.0.0.1 GET /admin.php/admin/lottery/cate
[ info ] www.qipai.cn/admin.php/admin/lottery/cate [运行时间：0.045249s][吞吐率：22.10req/s] [内存消耗：2,353.05kb] [文件加载：56]
[ info ] [ LANG ] D:\a_project\qipai\thinkphp\lang\zh-cn.php
[ info ] [ ROUTE ] array (
  'type' => 'module',
  'module' => 
  array (
    0 => 'admin',
    1 => 'lottery',
    2 => 'cate',
  ),
)
[ info ] [ HEADER ] array (
  'cookie' => 'PHPSESSID=9i34o48juijal4prju268bleo6',
  'accept-language' => 'zh-CN,zh;q=0.9',
  'accept-encoding' => 'gzip, deflate',
  'referer' => 'http://www.qipai.cn/admin.php/admin/top_info/index',
  'accept' => 'text/html,application/xhtml+xml,application/xml;q=0.9,image/webp,image/apng,*/*;q=0.8,application/signed-exchange;v=b3',
  'user-agent' => 'Mozilla/5.0 (Windows NT 10.0; Win64; x64) AppleWebKit/537.36 (KHTML, like Gecko) Chrome/74.0.3729.169 Safari/537.36',
  'upgrade-insecure-requests' => '1',
  'connection' => 'close',
  'host' => 'www.qipai.cn',
)
[ info ] [ PARAM ] array (
)
[ info ] [ SESSION ] INIT array (
  'id' => '',
  'var_session_id' => '',
  'prefix' => 'think',
  'type' => '',
  'auto_start' => true,
)
[ info ] [ DB ] INIT mysql
[ info ] [ RUN ] app\admin\controller\Lottery->cate[ D:\a_project\qipai\application\admin\controller\Lottery.php ]
[ info ] [ VIEW ] D:\a_project\qipai\public/../application/admin\view\lottery\cate.html [ array (
  0 => 'menu_tree',
  1 => 'data',
) ]
[ info ] [ LOG ] INIT File
[ sql ] [ DB ] CONNECT:[ UseTime:0.010386s ] mysql:host=127.0.0.1;dbname=qipai;charset=utf8
[ sql ] [ SQL ] SHOW COLUMNS FROM `setting` [ RunTime:0.004154s ]
[ sql ] [ SQL ] SELECT * FROM `setting` WHERE  `name` = 'menu_tree' LIMIT 1 [ RunTime:0.000340s ]
[ sql ] [ SQL ] SHOW COLUMNS FROM `lottery_cate` [ RunTime:0.004241s ]
[ sql ] [ SQL ] SELECT * FROM `lottery_cate` [ RunTime:0.000443s ]
---------------------------------------------------------------
[ 2019-06-12T16:45:37+08:00 ] 127.0.0.1 GET /admin.php/admin/lottery/setting
[ info ] www.qipai.cn/admin.php/admin/lottery/setting [运行时间：0.049982s][吞吐率：20.01req/s] [内存消耗：2,405.54kb] [文件加载：58]
[ info ] [ LANG ] D:\a_project\qipai\thinkphp\lang\zh-cn.php
[ info ] [ ROUTE ] array (
  'type' => 'module',
  'module' => 
  array (
    0 => 'admin',
    1 => 'lottery',
    2 => 'setting',
  ),
)
[ info ] [ HEADER ] array (
  'cookie' => 'PHPSESSID=9i34o48juijal4prju268bleo6',
  'accept-language' => 'zh-CN,zh;q=0.9',
  'accept-encoding' => 'gzip, deflate',
  'referer' => 'http://www.qipai.cn/admin.php/admin/lottery/cate',
  'accept' => 'text/html,application/xhtml+xml,application/xml;q=0.9,image/webp,image/apng,*/*;q=0.8,application/signed-exchange;v=b3',
  'user-agent' => 'Mozilla/5.0 (Windows NT 10.0; Win64; x64) AppleWebKit/537.36 (KHTML, like Gecko) Chrome/74.0.3729.169 Safari/537.36',
  'upgrade-insecure-requests' => '1',
  'connection' => 'close',
  'host' => 'www.qipai.cn',
)
[ info ] [ PARAM ] array (
)
[ info ] [ SESSION ] INIT array (
  'id' => '',
  'var_session_id' => '',
  'prefix' => 'think',
  'type' => '',
  'auto_start' => true,
)
[ info ] [ DB ] INIT mysql
[ info ] [ RUN ] app\admin\controller\Lottery->setting[ D:\a_project\qipai\application\admin\controller\Lottery.php ]
[ info ] [ VIEW ] D:\a_project\qipai\public/../application/admin\view\lottery\setting.html [ array (
  0 => 'menu_tree',
  1 => 'lottery_pri',
  2 => 'lottery_mid',
  3 => 'lottery_hig',
) ]
[ info ] [ LOG ] INIT File
[ sql ] [ DB ] CONNECT:[ UseTime:0.009687s ] mysql:host=127.0.0.1;dbname=qipai;charset=utf8
[ sql ] [ SQL ] SHOW COLUMNS FROM `setting` [ RunTime:0.004322s ]
[ sql ] [ SQL ] SELECT * FROM `setting` WHERE  `name` = 'menu_tree' LIMIT 1 [ RunTime:0.000385s ]
[ sql ] [ SQL ] SHOW COLUMNS FROM `lottery` [ RunTime:0.003828s ]
[ sql ] [ SQL ] SELECT * FROM `lottery` [ RunTime:0.000200s ]
[ sql ] [ SQL ] SHOW COLUMNS FROM `lottery_middle` [ RunTime:0.003990s ]
[ sql ] [ SQL ] SELECT * FROM `lottery_middle` [ RunTime:0.000327s ]
[ sql ] [ SQL ] SHOW COLUMNS FROM `lottery_high` [ RunTime:0.003791s ]
[ sql ] [ SQL ] SELECT * FROM `lottery_high` [ RunTime:0.000215s ]
---------------------------------------------------------------
[ 2019-06-12T16:45:37+08:00 ] 127.0.0.1 GET /admin.php/admin/lottery/cate
[ info ] www.qipai.cn/admin.php/admin/lottery/cate [运行时间：0.044296s][吞吐率：22.58req/s] [内存消耗：2,353.05kb] [文件加载：56]
[ info ] [ LANG ] D:\a_project\qipai\thinkphp\lang\zh-cn.php
[ info ] [ ROUTE ] array (
  'type' => 'module',
  'module' => 
  array (
    0 => 'admin',
    1 => 'lottery',
    2 => 'cate',
  ),
)
[ info ] [ HEADER ] array (
  'cookie' => 'PHPSESSID=9i34o48juijal4prju268bleo6',
  'accept-language' => 'zh-CN,zh;q=0.9',
  'accept-encoding' => 'gzip, deflate',
  'referer' => 'http://www.qipai.cn/admin.php/admin/lottery/setting',
  'accept' => 'text/html,application/xhtml+xml,application/xml;q=0.9,image/webp,image/apng,*/*;q=0.8,application/signed-exchange;v=b3',
  'user-agent' => 'Mozilla/5.0 (Windows NT 10.0; Win64; x64) AppleWebKit/537.36 (KHTML, like Gecko) Chrome/74.0.3729.169 Safari/537.36',
  'upgrade-insecure-requests' => '1',
  'connection' => 'close',
  'host' => 'www.qipai.cn',
)
[ info ] [ PARAM ] array (
)
[ info ] [ SESSION ] INIT array (
  'id' => '',
  'var_session_id' => '',
  'prefix' => 'think',
  'type' => '',
  'auto_start' => true,
)
[ info ] [ DB ] INIT mysql
[ info ] [ RUN ] app\admin\controller\Lottery->cate[ D:\a_project\qipai\application\admin\controller\Lottery.php ]
[ info ] [ VIEW ] D:\a_project\qipai\public/../application/admin\view\lottery\cate.html [ array (
  0 => 'menu_tree',
  1 => 'data',
) ]
[ info ] [ LOG ] INIT File
[ sql ] [ DB ] CONNECT:[ UseTime:0.009905s ] mysql:host=127.0.0.1;dbname=qipai;charset=utf8
[ sql ] [ SQL ] SHOW COLUMNS FROM `setting` [ RunTime:0.004084s ]
[ sql ] [ SQL ] SELECT * FROM `setting` WHERE  `name` = 'menu_tree' LIMIT 1 [ RunTime:0.000403s ]
[ sql ] [ SQL ] SHOW COLUMNS FROM `lottery_cate` [ RunTime:0.004977s ]
[ sql ] [ SQL ] SELECT * FROM `lottery_cate` [ RunTime:0.000278s ]
---------------------------------------------------------------
[ 2019-06-12T16:45:53+08:00 ] 127.0.0.1 GET /admin.php/admin/lottery/setting
[ info ] www.qipai.cn/admin.php/admin/lottery/setting [运行时间：0.050868s][吞吐率：19.66req/s] [内存消耗：2,405.54kb] [文件加载：58]
[ info ] [ LANG ] D:\a_project\qipai\thinkphp\lang\zh-cn.php
[ info ] [ ROUTE ] array (
  'type' => 'module',
  'module' => 
  array (
    0 => 'admin',
    1 => 'lottery',
    2 => 'setting',
  ),
)
[ info ] [ HEADER ] array (
  'cookie' => 'PHPSESSID=9i34o48juijal4prju268bleo6',
  'accept-language' => 'zh-CN,zh;q=0.9',
  'accept-encoding' => 'gzip, deflate',
  'referer' => 'http://www.qipai.cn/admin.php/admin/lottery/cate',
  'accept' => 'text/html,application/xhtml+xml,application/xml;q=0.9,image/webp,image/apng,*/*;q=0.8,application/signed-exchange;v=b3',
  'user-agent' => 'Mozilla/5.0 (Windows NT 10.0; Win64; x64) AppleWebKit/537.36 (KHTML, like Gecko) Chrome/74.0.3729.169 Safari/537.36',
  'upgrade-insecure-requests' => '1',
  'connection' => 'close',
  'host' => 'www.qipai.cn',
)
[ info ] [ PARAM ] array (
)
[ info ] [ SESSION ] INIT array (
  'id' => '',
  'var_session_id' => '',
  'prefix' => 'think',
  'type' => '',
  'auto_start' => true,
)
[ info ] [ DB ] INIT mysql
[ info ] [ RUN ] app\admin\controller\Lottery->setting[ D:\a_project\qipai\application\admin\controller\Lottery.php ]
[ info ] [ VIEW ] D:\a_project\qipai\public/../application/admin\view\lottery\setting.html [ array (
  0 => 'menu_tree',
  1 => 'lottery_pri',
  2 => 'lottery_mid',
  3 => 'lottery_hig',
) ]
[ info ] [ LOG ] INIT File
[ sql ] [ DB ] CONNECT:[ UseTime:0.010303s ] mysql:host=127.0.0.1;dbname=qipai;charset=utf8
[ sql ] [ SQL ] SHOW COLUMNS FROM `setting` [ RunTime:0.004288s ]
[ sql ] [ SQL ] SELECT * FROM `setting` WHERE  `name` = 'menu_tree' LIMIT 1 [ RunTime:0.000385s ]
[ sql ] [ SQL ] SHOW COLUMNS FROM `lottery` [ RunTime:0.004205s ]
[ sql ] [ SQL ] SELECT * FROM `lottery` [ RunTime:0.000216s ]
[ sql ] [ SQL ] SHOW COLUMNS FROM `lottery_middle` [ RunTime:0.003857s ]
[ sql ] [ SQL ] SELECT * FROM `lottery_middle` [ RunTime:0.000362s ]
[ sql ] [ SQL ] SHOW COLUMNS FROM `lottery_high` [ RunTime:0.003903s ]
[ sql ] [ SQL ] SELECT * FROM `lottery_high` [ RunTime:0.000185s ]
---------------------------------------------------------------
[ 2019-06-12T16:45:53+08:00 ] 127.0.0.1 GET /admin.php/admin/lottery/cate
[ info ] www.qipai.cn/admin.php/admin/lottery/cate [运行时间：0.041736s][吞吐率：23.96req/s] [内存消耗：2,353.05kb] [文件加载：56]
[ info ] [ LANG ] D:\a_project\qipai\thinkphp\lang\zh-cn.php
[ info ] [ ROUTE ] array (
  'type' => 'module',
  'module' => 
  array (
    0 => 'admin',
    1 => 'lottery',
    2 => 'cate',
  ),
)
[ info ] [ HEADER ] array (
  'cookie' => 'PHPSESSID=9i34o48juijal4prju268bleo6',
  'accept-language' => 'zh-CN,zh;q=0.9',
  'accept-encoding' => 'gzip, deflate',
  'referer' => 'http://www.qipai.cn/admin.php/admin/lottery/setting',
  'accept' => 'text/html,application/xhtml+xml,application/xml;q=0.9,image/webp,image/apng,*/*;q=0.8,application/signed-exchange;v=b3',
  'user-agent' => 'Mozilla/5.0 (Windows NT 10.0; Win64; x64) AppleWebKit/537.36 (KHTML, like Gecko) Chrome/74.0.3729.169 Safari/537.36',
  'upgrade-insecure-requests' => '1',
  'connection' => 'close',
  'host' => 'www.qipai.cn',
)
[ info ] [ PARAM ] array (
)
[ info ] [ SESSION ] INIT array (
  'id' => '',
  'var_session_id' => '',
  'prefix' => 'think',
  'type' => '',
  'auto_start' => true,
)
[ info ] [ DB ] INIT mysql
[ info ] [ RUN ] app\admin\controller\Lottery->cate[ D:\a_project\qipai\application\admin\controller\Lottery.php ]
[ info ] [ VIEW ] D:\a_project\qipai\public/../application/admin\view\lottery\cate.html [ array (
  0 => 'menu_tree',
  1 => 'data',
) ]
[ info ] [ LOG ] INIT File
[ sql ] [ DB ] CONNECT:[ UseTime:0.010239s ] mysql:host=127.0.0.1;dbname=qipai;charset=utf8
[ sql ] [ SQL ] SHOW COLUMNS FROM `setting` [ RunTime:0.004198s ]
[ sql ] [ SQL ] SELECT * FROM `setting` WHERE  `name` = 'menu_tree' LIMIT 1 [ RunTime:0.000336s ]
[ sql ] [ SQL ] SHOW COLUMNS FROM `lottery_cate` [ RunTime:0.004062s ]
[ sql ] [ SQL ] SELECT * FROM `lottery_cate` [ RunTime:0.000319s ]
---------------------------------------------------------------
[ 2019-06-12T16:45:56+08:00 ] 127.0.0.1 GET /admin.php/admin/lottery/lottery_edit?id=1
[ info ] www.qipai.cn/admin.php/admin/lottery/lottery_edit?id=1 [运行时间：0.045085s][吞吐率：22.18req/s] [内存消耗：2,418.59kb] [文件加载：57]
[ info ] [ LANG ] D:\a_project\qipai\thinkphp\lang\zh-cn.php
[ info ] [ ROUTE ] array (
  'type' => 'module',
  'module' => 
  array (
    0 => 'admin',
    1 => 'lottery',
    2 => 'lottery_edit',
  ),
)
[ info ] [ HEADER ] array (
  'cookie' => 'PHPSESSID=9i34o48juijal4prju268bleo6',
  'accept-language' => 'zh-CN,zh;q=0.9',
  'accept-encoding' => 'gzip, deflate',
  'referer' => 'http://www.qipai.cn/admin.php/admin/lottery/cate',
  'accept' => 'text/html,application/xhtml+xml,application/xml;q=0.9,image/webp,image/apng,*/*;q=0.8,application/signed-exchange;v=b3',
  'user-agent' => 'Mozilla/5.0 (Windows NT 10.0; Win64; x64) AppleWebKit/537.36 (KHTML, like Gecko) Chrome/74.0.3729.169 Safari/537.36',
  'upgrade-insecure-requests' => '1',
  'connection' => 'close',
  'host' => 'www.qipai.cn',
)
[ info ] [ PARAM ] array (
  'id' => '1',
)
[ info ] [ SESSION ] INIT array (
  'id' => '',
  'var_session_id' => '',
  'prefix' => 'think',
  'type' => '',
  'auto_start' => true,
)
[ info ] [ DB ] INIT mysql
[ info ] [ RUN ] app\admin\controller\Lottery->lottery_edit[ D:\a_project\qipai\application\admin\controller\Lottery.php ]
[ info ] [ VIEW ] D:\a_project\qipai\public/../application/admin\view\lottery\lottery_edit.html [ array (
  0 => 'menu_tree',
  1 => 'data',
) ]
[ info ] [ LOG ] INIT File
[ sql ] [ DB ] CONNECT:[ UseTime:0.010857s ] mysql:host=127.0.0.1;dbname=qipai;charset=utf8
[ sql ] [ SQL ] SHOW COLUMNS FROM `setting` [ RunTime:0.004186s ]
[ sql ] [ SQL ] SELECT * FROM `setting` WHERE  `name` = 'menu_tree' LIMIT 1 [ RunTime:0.000285s ]
[ sql ] [ SQL ] SHOW COLUMNS FROM `lottery_cate` [ RunTime:0.003966s ]
[ sql ] [ SQL ] SELECT * FROM `lottery_cate` WHERE  `id` = 1 LIMIT 1 [ RunTime:0.000243s ]
