---------------------------------------------------------------
[ 2019-03-04T15:15:30+08:00 ] 192.168.4.109 GET /admin.php/admin/index/index.html
[ info ] 192.168.4.109:89/admin.php/admin/index/index.html [运行时间：0.367021s][吞吐率：2.72req/s] [内存消耗：232.50kb] [文件加载：47]
[ info ] [ LANG ] D:\gitee\qp_backstage\thinkphp\lang\zh-cn.php
[ info ] [ ROUTE ] array (
  'type' => 'module',
  'module' => 
  array (
    0 => 'admin',
    1 => 'index',
    2 => 'index',
  ),
)
[ info ] [ HEADER ] array (
  'cookie' => 'Hm_lvt_080836300300be57b7f34f4b3e97d911=1546829557,1546839119,1547002632,1547086437; deviceid=1550893997897; xinhu_ca_rempass=0; lang=zh-cn; theme=default; keepLogin=false; MANTIS_MANAGE_USERS_COOKIE=0%3Ausername%3AASC%3A0; xinhu_mo_adminid=xx0uo0ofj0ofk0tt0uf0ud0odf0xx0oft0ofr0uk05; xinhu_ca_adminuser=admin',
  'accept-language' => 'zh-CN,zh;q=0.9',
  'accept-encoding' => 'gzip, deflate',
  'accept' => 'text/html,application/xhtml+xml,application/xml;q=0.9,image/webp,image/apng,*/*;q=0.8',
  'user-agent' => 'Mozilla/5.0 (Windows NT 6.1; Win64; x64) AppleWebKit/537.36 (KHTML, like Gecko) Chrome/68.0.3440.106 Safari/537.36',
  'upgrade-insecure-requests' => '1',
  'connection' => 'close',
  'host' => '192.168.4.109:89',
)
[ info ] [ PARAM ] array (
)
[ info ] [ SESSION ] INIT array (
  'id' => '',
  'var_session_id' => '',
  'prefix' => 'think',
  'type' => '',
  'auto_start' => true,
)
[ info ] [ VIEW ] D:\gitee\qp_backstage\thinkphp\tpl\dispatch_jump.tpl [ array (
  0 => 'code',
  1 => 'msg',
  2 => 'data',
  3 => 'url',
  4 => 'wait',
) ]
[ info ] [ LOG ] INIT File
---------------------------------------------------------------
[ 2019-03-04T15:15:33+08:00 ] 192.168.4.109 GET /admin.php/admin/login/index
[ info ] 192.168.4.109:89/admin.php/admin/login/index [运行时间：0.032002s][吞吐率：31.25req/s] [内存消耗：163.83kb] [文件加载：45]
[ info ] [ LANG ] D:\gitee\qp_backstage\thinkphp\lang\zh-cn.php
[ info ] [ ROUTE ] array (
  'type' => 'module',
  'module' => 
  array (
    0 => 'admin',
    1 => 'login',
    2 => 'index',
  ),
)
[ info ] [ HEADER ] array (
  'cookie' => 'Hm_lvt_080836300300be57b7f34f4b3e97d911=1546829557,1546839119,1547002632,1547086437; deviceid=1550893997897; xinhu_ca_rempass=0; lang=zh-cn; theme=default; keepLogin=false; MANTIS_MANAGE_USERS_COOKIE=0%3Ausername%3AASC%3A0; xinhu_mo_adminid=xx0uo0ofj0ofk0tt0uf0ud0odf0xx0oft0ofr0uk05; xinhu_ca_adminuser=admin; PHPSESSID=2s0bbiq7f557nlahflk9pu8746',
  'accept-language' => 'zh-CN,zh;q=0.9',
  'accept-encoding' => 'gzip, deflate',
  'referer' => 'http://192.168.4.109:89/admin.php/admin/index/index.html',
  'accept' => 'text/html,application/xhtml+xml,application/xml;q=0.9,image/webp,image/apng,*/*;q=0.8',
  'user-agent' => 'Mozilla/5.0 (Windows NT 6.1; Win64; x64) AppleWebKit/537.36 (KHTML, like Gecko) Chrome/68.0.3440.106 Safari/537.36',
  'upgrade-insecure-requests' => '1',
  'connection' => 'close',
  'host' => '192.168.4.109:89',
)
[ info ] [ PARAM ] array (
)
[ info ] [ RUN ] app\admin\controller\Login->index[ D:\gitee\qp_backstage\application\admin\controller\Login.php ]
[ info ] [ SESSION ] INIT array (
  'id' => '',
  'var_session_id' => '',
  'prefix' => 'think',
  'type' => '',
  'auto_start' => true,
)
[ info ] [ VIEW ] D:\gitee\qp_backstage\public/../application/admin\view\login\index.html [ array (
) ]
[ info ] [ LOG ] INIT File
---------------------------------------------------------------
[ 2019-03-04T15:15:33+08:00 ] 192.168.4.109 GET /admin.php/captcha
[ info ] 192.168.4.109:89/admin.php/captcha [运行时间：0.029002s][吞吐率：34.48req/s] [内存消耗：146.41kb] [文件加载：35]
[ info ] [ LANG ] D:\gitee\qp_backstage\thinkphp\lang\zh-cn.php
[ info ] [ ROUTE ] array (
  'type' => 'method',
  'method' => 
  array (
    0 => '\\think\\captcha\\CaptchaController',
    1 => 'index',
  ),
  'var' => 
  array (
  ),
)
[ info ] [ HEADER ] array (
  'cookie' => 'Hm_lvt_080836300300be57b7f34f4b3e97d911=1546829557,1546839119,1547002632,1547086437; deviceid=1550893997897; xinhu_ca_rempass=0; lang=zh-cn; theme=default; keepLogin=false; MANTIS_MANAGE_USERS_COOKIE=0%3Ausername%3AASC%3A0; xinhu_mo_adminid=xx0uo0ofj0ofk0tt0uf0ud0odf0xx0oft0ofr0uk05; xinhu_ca_adminuser=admin; PHPSESSID=2s0bbiq7f557nlahflk9pu8746',
  'accept-language' => 'zh-CN,zh;q=0.9',
  'accept-encoding' => 'gzip, deflate',
  'referer' => 'http://192.168.4.109:89/admin.php/admin/login/index',
  'accept' => 'image/webp,image/apng,image/*,*/*;q=0.8',
  'user-agent' => 'Mozilla/5.0 (Windows NT 6.1; Win64; x64) AppleWebKit/537.36 (KHTML, like Gecko) Chrome/68.0.3440.106 Safari/537.36',
  'connection' => 'close',
  'host' => '192.168.4.109:89',
)
[ info ] [ PARAM ] array (
  'id' => '',
)
[ info ] [ RUN ] think\captcha\CaptchaController->index[ D:\gitee\qp_backstage\vendor\topthink\think-captcha\src\CaptchaController.php ]
[ info ] [ SESSION ] INIT array (
  'id' => '',
  'var_session_id' => '',
  'prefix' => 'think',
  'type' => '',
  'auto_start' => true,
)
[ info ] [ LOG ] INIT File
---------------------------------------------------------------
[ 2019-03-04T16:36:45+08:00 ] 192.168.4.109 GET /admin.php/admin/index/index.html
[ info ] 192.168.4.109:89/admin.php/admin/index/index.html [运行时间：0.352020s][吞吐率：2.84req/s] [内存消耗：229.26kb] [文件加载：45]
[ info ] [ LANG ] D:\gitee\qp_backstage\thinkphp\lang\zh-cn.php
[ info ] [ ROUTE ] array (
  'type' => 'module',
  'module' => 
  array (
    0 => 'admin',
    1 => 'index',
    2 => 'index',
  ),
)
[ info ] [ HEADER ] array (
  'cookie' => 'Hm_lvt_080836300300be57b7f34f4b3e97d911=1546829557,1546839119,1547002632,1547086437; deviceid=1550893997897; xinhu_ca_rempass=0; lang=zh-cn; theme=default; keepLogin=false; MANTIS_MANAGE_USERS_COOKIE=0%3Ausername%3AASC%3A0; xinhu_ca_adminuser=admin; PHPSESSID=2s0bbiq7f557nlahflk9pu8746; xinhu_mo_adminid=cb0bq0wb0qqc0bb0qth0qtl0qmq0bb0ib0qqc0wi014; Hm_lvt_2a935166b0c9b73fef3c8bae58b95fe4=1551687537; left_menu=; current_node=; top_menu=85; Hm_lpvt_2a935166b0c9b73fef3c8bae58b95fe4=1551688583; return_url=/index.php%3Fm%3D%26c%3DMail%26a%3Dfolder%26fid%3Dinbox',
  'accept-language' => 'zh-CN,zh;q=0.9',
  'accept-encoding' => 'gzip, deflate',
  'accept' => 'text/html,application/xhtml+xml,application/xml;q=0.9,image/webp,image/apng,*/*;q=0.8',
  'user-agent' => 'Mozilla/5.0 (Windows NT 6.1; Win64; x64) AppleWebKit/537.36 (KHTML, like Gecko) Chrome/68.0.3440.106 Safari/537.36',
  'upgrade-insecure-requests' => '1',
  'connection' => 'close',
  'host' => '192.168.4.109:89',
)
[ info ] [ PARAM ] array (
)
[ info ] [ SESSION ] INIT array (
  'id' => '',
  'var_session_id' => '',
  'prefix' => 'think',
  'type' => '',
  'auto_start' => true,
)
[ info ] [ VIEW ] D:\gitee\qp_backstage\thinkphp\tpl\dispatch_jump.tpl [ array (
  0 => 'code',
  1 => 'msg',
  2 => 'data',
  3 => 'url',
  4 => 'wait',
) ]
[ info ] [ LOG ] INIT File
---------------------------------------------------------------
[ 2019-03-04T16:36:47+08:00 ] 192.168.4.109 GET /admin.php/admin/login/index
[ info ] 192.168.4.109:89/admin.php/admin/login/index [运行时间：0.026001s][吞吐率：38.46req/s] [内存消耗：159.46kb] [文件加载：43]
[ info ] [ LANG ] D:\gitee\qp_backstage\thinkphp\lang\zh-cn.php
[ info ] [ ROUTE ] array (
  'type' => 'module',
  'module' => 
  array (
    0 => 'admin',
    1 => 'login',
    2 => 'index',
  ),
)
[ info ] [ HEADER ] array (
  'cookie' => 'Hm_lvt_080836300300be57b7f34f4b3e97d911=1546829557,1546839119,1547002632,1547086437; deviceid=1550893997897; xinhu_ca_rempass=0; lang=zh-cn; theme=default; keepLogin=false; MANTIS_MANAGE_USERS_COOKIE=0%3Ausername%3AASC%3A0; xinhu_ca_adminuser=admin; PHPSESSID=2s0bbiq7f557nlahflk9pu8746; xinhu_mo_adminid=cb0bq0wb0qqc0bb0qth0qtl0qmq0bb0ib0qqc0wi014; Hm_lvt_2a935166b0c9b73fef3c8bae58b95fe4=1551687537; left_menu=; current_node=; top_menu=85; Hm_lpvt_2a935166b0c9b73fef3c8bae58b95fe4=1551688583; return_url=/index.php%3Fm%3D%26c%3DMail%26a%3Dfolder%26fid%3Dinbox',
  'accept-language' => 'zh-CN,zh;q=0.9',
  'accept-encoding' => 'gzip, deflate',
  'referer' => 'http://192.168.4.109:89/admin.php/admin/index/index.html',
  'accept' => 'text/html,application/xhtml+xml,application/xml;q=0.9,image/webp,image/apng,*/*;q=0.8',
  'user-agent' => 'Mozilla/5.0 (Windows NT 6.1; Win64; x64) AppleWebKit/537.36 (KHTML, like Gecko) Chrome/68.0.3440.106 Safari/537.36',
  'upgrade-insecure-requests' => '1',
  'connection' => 'close',
  'host' => '192.168.4.109:89',
)
[ info ] [ PARAM ] array (
)
[ info ] [ RUN ] app\admin\controller\Login->index[ D:\gitee\qp_backstage\application\admin\controller\Login.php ]
[ info ] [ SESSION ] INIT array (
  'id' => '',
  'var_session_id' => '',
  'prefix' => 'think',
  'type' => '',
  'auto_start' => true,
)
[ info ] [ VIEW ] D:\gitee\qp_backstage\public/../application/admin\view\login\index.html [ array (
) ]
[ info ] [ LOG ] INIT File
---------------------------------------------------------------
[ 2019-03-04T16:36:47+08:00 ] 192.168.4.109 GET /admin.php/captcha
[ info ] 192.168.4.109:89/admin.php/captcha [运行时间：0.023001s][吞吐率：43.48req/s] [内存消耗：150.64kb] [文件加载：35]
[ info ] [ LANG ] D:\gitee\qp_backstage\thinkphp\lang\zh-cn.php
[ info ] [ ROUTE ] array (
  'type' => 'method',
  'method' => 
  array (
    0 => '\\think\\captcha\\CaptchaController',
    1 => 'index',
  ),
  'var' => 
  array (
  ),
)
[ info ] [ HEADER ] array (
  'cookie' => 'Hm_lvt_080836300300be57b7f34f4b3e97d911=1546829557,1546839119,1547002632,1547086437; deviceid=1550893997897; xinhu_ca_rempass=0; lang=zh-cn; theme=default; keepLogin=false; MANTIS_MANAGE_USERS_COOKIE=0%3Ausername%3AASC%3A0; xinhu_ca_adminuser=admin; PHPSESSID=2s0bbiq7f557nlahflk9pu8746; xinhu_mo_adminid=cb0bq0wb0qqc0bb0qth0qtl0qmq0bb0ib0qqc0wi014; Hm_lvt_2a935166b0c9b73fef3c8bae58b95fe4=1551687537; left_menu=; current_node=; top_menu=85; Hm_lpvt_2a935166b0c9b73fef3c8bae58b95fe4=1551688583; return_url=/index.php%3Fm%3D%26c%3DMail%26a%3Dfolder%26fid%3Dinbox',
  'accept-language' => 'zh-CN,zh;q=0.9',
  'accept-encoding' => 'gzip, deflate',
  'referer' => 'http://192.168.4.109:89/admin.php/admin/login/index',
  'accept' => 'image/webp,image/apng,image/*,*/*;q=0.8',
  'user-agent' => 'Mozilla/5.0 (Windows NT 6.1; Win64; x64) AppleWebKit/537.36 (KHTML, like Gecko) Chrome/68.0.3440.106 Safari/537.36',
  'connection' => 'close',
  'host' => '192.168.4.109:89',
)
[ info ] [ PARAM ] array (
  'id' => '',
)
[ info ] [ RUN ] think\captcha\CaptchaController->index[ D:\gitee\qp_backstage\vendor\topthink\think-captcha\src\CaptchaController.php ]
[ info ] [ SESSION ] INIT array (
  'id' => '',
  'var_session_id' => '',
  'prefix' => 'think',
  'type' => '',
  'auto_start' => true,
)
[ info ] [ LOG ] INIT File
---------------------------------------------------------------
[ 2019-03-04T16:36:52+08:00 ] 192.168.4.109 GET /admin.php/captcha?0.7004278639269861
[ info ] 192.168.4.109:89/admin.php/captcha?0.7004278639269861 [运行时间：0.010000s][吞吐率：100.00req/s] [内存消耗：149.88kb] [文件加载：35]
[ info ] [ LANG ] D:\gitee\qp_backstage\thinkphp\lang\zh-cn.php
[ info ] [ ROUTE ] array (
  'type' => 'method',
  'method' => 
  array (
    0 => '\\think\\captcha\\CaptchaController',
    1 => 'index',
  ),
  'var' => 
  array (
  ),
)
[ info ] [ HEADER ] array (
  'cookie' => 'Hm_lvt_080836300300be57b7f34f4b3e97d911=1546829557,1546839119,1547002632,1547086437; deviceid=1550893997897; xinhu_ca_rempass=0; lang=zh-cn; theme=default; keepLogin=false; MANTIS_MANAGE_USERS_COOKIE=0%3Ausername%3AASC%3A0; xinhu_ca_adminuser=admin; PHPSESSID=2s0bbiq7f557nlahflk9pu8746; xinhu_mo_adminid=cb0bq0wb0qqc0bb0qth0qtl0qmq0bb0ib0qqc0wi014; Hm_lvt_2a935166b0c9b73fef3c8bae58b95fe4=1551687537; left_menu=; current_node=; top_menu=85; Hm_lpvt_2a935166b0c9b73fef3c8bae58b95fe4=1551688583; return_url=/index.php%3Fm%3D%26c%3DMail%26a%3Dfolder%26fid%3Dinbox',
  'accept-language' => 'zh-CN,zh;q=0.9',
  'accept-encoding' => 'gzip, deflate',
  'referer' => 'http://192.168.4.109:89/admin.php/admin/login/index',
  'accept' => 'image/webp,image/apng,image/*,*/*;q=0.8',
  'user-agent' => 'Mozilla/5.0 (Windows NT 6.1; Win64; x64) AppleWebKit/537.36 (KHTML, like Gecko) Chrome/68.0.3440.106 Safari/537.36',
  'connection' => 'close',
  'host' => '192.168.4.109:89',
)
[ info ] [ PARAM ] array (
  '0_7004278639269861' => '',
  'id' => '',
)
[ info ] [ RUN ] think\captcha\CaptchaController->index[ D:\gitee\qp_backstage\vendor\topthink\think-captcha\src\CaptchaController.php ]
[ info ] [ SESSION ] INIT array (
  'id' => '',
  'var_session_id' => '',
  'prefix' => 'think',
  'type' => '',
  'auto_start' => true,
)
[ info ] [ LOG ] INIT File
---------------------------------------------------------------
[ 2019-03-04T16:36:56+08:00 ] 192.168.4.109 POST /admin.php/admin/login/dologin
[ info ] 192.168.4.109:89/admin.php/admin/login/dologin [运行时间：0.077004s][吞吐率：12.99req/s] [内存消耗：357.62kb] [文件加载：52]
[ info ] [ LANG ] D:\gitee\qp_backstage\thinkphp\lang\zh-cn.php
[ info ] [ ROUTE ] array (
  'type' => 'module',
  'module' => 
  array (
    0 => 'admin',
    1 => 'login',
    2 => 'dologin',
  ),
)
[ info ] [ HEADER ] array (
  'cookie' => 'Hm_lvt_080836300300be57b7f34f4b3e97d911=1546829557,1546839119,1547002632,1547086437; deviceid=1550893997897; xinhu_ca_rempass=0; lang=zh-cn; theme=default; keepLogin=false; MANTIS_MANAGE_USERS_COOKIE=0%3Ausername%3AASC%3A0; xinhu_ca_adminuser=admin; PHPSESSID=2s0bbiq7f557nlahflk9pu8746; xinhu_mo_adminid=cb0bq0wb0qqc0bb0qth0qtl0qmq0bb0ib0qqc0wi014; Hm_lvt_2a935166b0c9b73fef3c8bae58b95fe4=1551687537; left_menu=; current_node=; top_menu=85; Hm_lpvt_2a935166b0c9b73fef3c8bae58b95fe4=1551688583; return_url=/index.php%3Fm%3D%26c%3DMail%26a%3Dfolder%26fid%3Dinbox',
  'accept-language' => 'zh-CN,zh;q=0.9',
  'accept-encoding' => 'gzip, deflate',
  'referer' => 'http://192.168.4.109:89/admin.php/admin/login/index',
  'content-type' => 'application/x-www-form-urlencoded; charset=UTF-8',
  'user-agent' => 'Mozilla/5.0 (Windows NT 6.1; Win64; x64) AppleWebKit/537.36 (KHTML, like Gecko) Chrome/68.0.3440.106 Safari/537.36',
  'x-requested-with' => 'XMLHttpRequest',
  'origin' => 'http://192.168.4.109:89',
  'accept' => 'application/json, text/javascript, */*; q=0.01',
  'content-length' => '40',
  'connection' => 'close',
  'host' => '192.168.4.109:89',
)
[ info ] [ PARAM ] array (
  'username' => 'admin',
  'password' => '123456',
  'code' => 'JDW8',
)
[ info ] [ RUN ] app\admin\controller\Login->doLogin[ D:\gitee\qp_backstage\application\admin\controller\Login.php ]
[ info ] [ SESSION ] INIT array (
  'id' => '',
  'var_session_id' => '',
  'prefix' => 'think',
  'type' => '',
  'auto_start' => true,
)
[ info ] [ DB ] INIT mysql
[ info ] [ LOG ] INIT File
[ sql ] [ DB ] CONNECT:[ UseTime:0.001000s ] mysql:host=127.0.0.1;dbname=txcms;charset=utf8
[ sql ] [ SQL ] SHOW COLUMNS FROM `admin` [ RunTime:0.017001s ]
[ sql ] [ SQL ] SELECT * FROM `admin` WHERE  `username` = 'admin' LIMIT 1 [ RunTime:0.002000s ]
[ sql ] [ SQL ] SHOW COLUMNS FROM `admin_login_log` [ RunTime:0.015001s ]
[ sql ] [ SQL ] SELECT * FROM ( SELECT * FROM `admin_login_log` WHERE  `admin_id` = 1 ORDER BY `create_time` DESC )a LIMIT 1 [ RunTime:0.002000s ]
[ sql ] [ SQL ] INSERT INTO `admin_login_log` (`admin_id` , `ip` , `create_time`) VALUES (1 , '192.168.4.109' , '2019-03-04 16:36:56') [ RunTime:0.001000s ]
---------------------------------------------------------------
[ 2019-03-04T16:36:58+08:00 ] 192.168.4.109 GET /admin.php/admin/index/index
[ info ] 192.168.4.109:89/admin.php/admin/index/index [运行时间：0.041002s][吞吐率：24.39req/s] [内存消耗：344.27kb] [文件加载：54]
[ info ] [ LANG ] D:\gitee\qp_backstage\thinkphp\lang\zh-cn.php
[ info ] [ ROUTE ] array (
  'type' => 'module',
  'module' => 
  array (
    0 => 'admin',
    1 => 'index',
    2 => 'index',
  ),
)
[ info ] [ HEADER ] array (
  'cookie' => 'Hm_lvt_080836300300be57b7f34f4b3e97d911=1546829557,1546839119,1547002632,1547086437; deviceid=1550893997897; xinhu_ca_rempass=0; lang=zh-cn; theme=default; keepLogin=false; MANTIS_MANAGE_USERS_COOKIE=0%3Ausername%3AASC%3A0; xinhu_ca_adminuser=admin; PHPSESSID=2s0bbiq7f557nlahflk9pu8746; xinhu_mo_adminid=cb0bq0wb0qqc0bb0qth0qtl0qmq0bb0ib0qqc0wi014; Hm_lvt_2a935166b0c9b73fef3c8bae58b95fe4=1551687537; left_menu=; current_node=; top_menu=85; Hm_lpvt_2a935166b0c9b73fef3c8bae58b95fe4=1551688583; return_url=/index.php%3Fm%3D%26c%3DMail%26a%3Dfolder%26fid%3Dinbox',
  'accept-language' => 'zh-CN,zh;q=0.9',
  'accept-encoding' => 'gzip, deflate',
  'referer' => 'http://192.168.4.109:89/admin.php/admin/login/index',
  'accept' => 'text/html,application/xhtml+xml,application/xml;q=0.9,image/webp,image/apng,*/*;q=0.8',
  'user-agent' => 'Mozilla/5.0 (Windows NT 6.1; Win64; x64) AppleWebKit/537.36 (KHTML, like Gecko) Chrome/68.0.3440.106 Safari/537.36',
  'upgrade-insecure-requests' => '1',
  'connection' => 'close',
  'host' => '192.168.4.109:89',
)
[ info ] [ PARAM ] array (
)
[ info ] [ SESSION ] INIT array (
  'id' => '',
  'var_session_id' => '',
  'prefix' => 'think',
  'type' => '',
  'auto_start' => true,
)
[ info ] [ DB ] INIT mysql
[ info ] [ RUN ] app\admin\controller\Index->index[ D:\gitee\qp_backstage\application\admin\controller\Index.php ]
[ info ] [ VIEW ] D:\gitee\qp_backstage\public/../application/admin\view\index\index.html [ array (
  0 => 'menu_tree',
  1 => 'config',
) ]
[ info ] [ LOG ] INIT File
[ sql ] [ DB ] CONNECT:[ UseTime:0.001000s ] mysql:host=127.0.0.1;dbname=txcms;charset=utf8
[ sql ] [ SQL ] SHOW COLUMNS FROM `setting` [ RunTime:0.023002s ]
[ sql ] [ SQL ] SELECT * FROM `setting` WHERE  `name` = 'menu_tree' LIMIT 1 [ RunTime:0.001000s ]
[ sql ] [ SQL ] SELECT VERSION() AS ver [ RunTime:0.002000s ]
---------------------------------------------------------------
[ 2019-03-04T16:36:59+08:00 ] 192.168.4.109 GET /admin.php/admin/index/favicon.ico
[ info ] 192.168.4.109:89/admin.php/admin/index/favicon.ico [运行时间：0.038002s][吞吐率：26.31req/s] [内存消耗：348.65kb] [文件加载：55]
[ info ] [ LANG ] D:\gitee\qp_backstage\thinkphp\lang\zh-cn.php
[ info ] [ ROUTE ] array (
  'type' => 'module',
  'module' => 
  array (
    0 => 'admin',
    1 => 'index',
    2 => 'favicon',
  ),
)
[ info ] [ HEADER ] array (
  'cookie' => 'Hm_lvt_080836300300be57b7f34f4b3e97d911=1546829557,1546839119,1547002632,1547086437; deviceid=1550893997897; xinhu_ca_rempass=0; lang=zh-cn; theme=default; keepLogin=false; MANTIS_MANAGE_USERS_COOKIE=0%3Ausername%3AASC%3A0; xinhu_ca_adminuser=admin; PHPSESSID=2s0bbiq7f557nlahflk9pu8746; xinhu_mo_adminid=cb0bq0wb0qqc0bb0qth0qtl0qmq0bb0ib0qqc0wi014; Hm_lvt_2a935166b0c9b73fef3c8bae58b95fe4=1551687537; left_menu=; current_node=; top_menu=85; Hm_lpvt_2a935166b0c9b73fef3c8bae58b95fe4=1551688583; return_url=/index.php%3Fm%3D%26c%3DMail%26a%3Dfolder%26fid%3Dinbox',
  'accept-language' => 'zh-CN,zh;q=0.9',
  'accept-encoding' => 'gzip, deflate',
  'referer' => 'http://192.168.4.109:89/admin.php/admin/index/index',
  'accept' => 'image/webp,image/apng,image/*,*/*;q=0.8',
  'user-agent' => 'Mozilla/5.0 (Windows NT 6.1; Win64; x64) AppleWebKit/537.36 (KHTML, like Gecko) Chrome/68.0.3440.106 Safari/537.36',
  'connection' => 'close',
  'host' => '192.168.4.109:89',
)
[ info ] [ PARAM ] array (
)
[ info ] [ SESSION ] INIT array (
  'id' => '',
  'var_session_id' => '',
  'prefix' => 'think',
  'type' => '',
  'auto_start' => true,
)
[ info ] [ DB ] INIT mysql
[ info ] [ RUN ] app\admin\controller\Index->_empty[ D:\gitee\qp_backstage\application\admin\controller\Index.php ]
[ info ] [ LOG ] INIT File
[ sql ] [ DB ] CONNECT:[ UseTime:0.001000s ] mysql:host=127.0.0.1;dbname=txcms;charset=utf8
[ sql ] [ SQL ] SHOW COLUMNS FROM `setting` [ RunTime:0.018001s ]
[ sql ] [ SQL ] SELECT * FROM `setting` WHERE  `name` = 'menu_tree' LIMIT 1 [ RunTime:0.001000s ]
---------------------------------------------------------------
[ 2019-03-04T16:36:59+08:00 ] 192.168.4.109 GET /admin.php/admin/index/index
[ info ] 192.168.4.109:89/admin.php/admin/index/index [运行时间：0.022001s][吞吐率：45.45req/s] [内存消耗：342.16kb] [文件加载：54]
[ info ] [ LANG ] D:\gitee\qp_backstage\thinkphp\lang\zh-cn.php
[ info ] [ ROUTE ] array (
  'type' => 'module',
  'module' => 
  array (
    0 => 'admin',
    1 => 'index',
    2 => 'index',
  ),
)
[ info ] [ HEADER ] array (
  'cookie' => 'Hm_lvt_080836300300be57b7f34f4b3e97d911=1546829557,1546839119,1547002632,1547086437; deviceid=1550893997897; xinhu_ca_rempass=0; lang=zh-cn; theme=default; keepLogin=false; MANTIS_MANAGE_USERS_COOKIE=0%3Ausername%3AASC%3A0; xinhu_ca_adminuser=admin; PHPSESSID=2s0bbiq7f557nlahflk9pu8746; xinhu_mo_adminid=cb0bq0wb0qqc0bb0qth0qtl0qmq0bb0ib0qqc0wi014; Hm_lvt_2a935166b0c9b73fef3c8bae58b95fe4=1551687537; left_menu=; current_node=; top_menu=85; Hm_lpvt_2a935166b0c9b73fef3c8bae58b95fe4=1551688583; return_url=/index.php%3Fm%3D%26c%3DMail%26a%3Dfolder%26fid%3Dinbox',
  'accept-language' => 'zh-CN,zh;q=0.9',
  'accept-encoding' => 'gzip, deflate',
  'referer' => 'http://192.168.4.109:89/admin.php/admin/index/index',
  'accept' => 'image/webp,image/apng,image/*,*/*;q=0.8',
  'user-agent' => 'Mozilla/5.0 (Windows NT 6.1; Win64; x64) AppleWebKit/537.36 (KHTML, like Gecko) Chrome/68.0.3440.106 Safari/537.36',
  'connection' => 'close',
  'host' => '192.168.4.109:89',
)
[ info ] [ PARAM ] array (
)
[ info ] [ SESSION ] INIT array (
  'id' => '',
  'var_session_id' => '',
  'prefix' => 'think',
  'type' => '',
  'auto_start' => true,
)
[ info ] [ DB ] INIT mysql
[ info ] [ RUN ] app\admin\controller\Index->index[ D:\gitee\qp_backstage\application\admin\controller\Index.php ]
[ info ] [ VIEW ] D:\gitee\qp_backstage\public/../application/admin\view\index\index.html [ array (
  0 => 'menu_tree',
  1 => 'config',
) ]
[ info ] [ LOG ] INIT File
[ sql ] [ DB ] CONNECT:[ UseTime:0.001000s ] mysql:host=127.0.0.1;dbname=txcms;charset=utf8
[ sql ] [ SQL ] SHOW COLUMNS FROM `setting` [ RunTime:0.008001s ]
[ sql ] [ SQL ] SELECT * FROM `setting` WHERE  `name` = 'menu_tree' LIMIT 1 [ RunTime:0.000000s ]
[ sql ] [ SQL ] SELECT VERSION() AS ver [ RunTime:0.001000s ]
---------------------------------------------------------------
[ 2019-03-04T16:37:01+08:00 ] 192.168.4.109 GET /admin.php/admin/group/index
[ info ] 192.168.4.109:89/admin.php/admin/group/index [运行时间：0.073004s][吞吐率：13.70req/s] [内存消耗：376.16kb] [文件加载：56]
[ info ] [ LANG ] D:\gitee\qp_backstage\thinkphp\lang\zh-cn.php
[ info ] [ ROUTE ] array (
  'type' => 'module',
  'module' => 
  array (
    0 => 'admin',
    1 => 'group',
    2 => 'index',
  ),
)
[ info ] [ HEADER ] array (
  'cookie' => 'Hm_lvt_080836300300be57b7f34f4b3e97d911=1546829557,1546839119,1547002632,1547086437; deviceid=1550893997897; xinhu_ca_rempass=0; lang=zh-cn; theme=default; keepLogin=false; MANTIS_MANAGE_USERS_COOKIE=0%3Ausername%3AASC%3A0; xinhu_ca_adminuser=admin; PHPSESSID=2s0bbiq7f557nlahflk9pu8746; xinhu_mo_adminid=cb0bq0wb0qqc0bb0qth0qtl0qmq0bb0ib0qqc0wi014; Hm_lvt_2a935166b0c9b73fef3c8bae58b95fe4=1551687537; left_menu=; current_node=; top_menu=85; Hm_lpvt_2a935166b0c9b73fef3c8bae58b95fe4=1551688583; return_url=/index.php%3Fm%3D%26c%3DMail%26a%3Dfolder%26fid%3Dinbox',
  'accept-language' => 'zh-CN,zh;q=0.9',
  'accept-encoding' => 'gzip, deflate',
  'referer' => 'http://192.168.4.109:89/admin.php/admin/index/index',
  'accept' => 'text/html,application/xhtml+xml,application/xml;q=0.9,image/webp,image/apng,*/*;q=0.8',
  'user-agent' => 'Mozilla/5.0 (Windows NT 6.1; Win64; x64) AppleWebKit/537.36 (KHTML, like Gecko) Chrome/68.0.3440.106 Safari/537.36',
  'upgrade-insecure-requests' => '1',
  'connection' => 'close',
  'host' => '192.168.4.109:89',
)
[ info ] [ PARAM ] array (
)
[ info ] [ SESSION ] INIT array (
  'id' => '',
  'var_session_id' => '',
  'prefix' => 'think',
  'type' => '',
  'auto_start' => true,
)
[ info ] [ DB ] INIT mysql
[ info ] [ RUN ] app\admin\controller\Group->index[ D:\gitee\qp_backstage\application\admin\controller\Group.php ]
[ info ] [ VIEW ] D:\gitee\qp_backstage\public/../application/admin\view\group\index.html [ array (
  0 => 'menu_tree',
  1 => 'data',
) ]
[ info ] [ LOG ] INIT File
[ sql ] [ DB ] CONNECT:[ UseTime:0.015001s ] mysql:host=127.0.0.1;dbname=txcms;charset=utf8
[ sql ] [ SQL ] SHOW COLUMNS FROM `setting` [ RunTime:0.018001s ]
[ sql ] [ SQL ] SELECT * FROM `setting` WHERE  `name` = 'menu_tree' LIMIT 1 [ RunTime:0.002000s ]
[ sql ] [ SQL ] SHOW COLUMNS FROM `auth_group` [ RunTime:0.015001s ]
[ sql ] [ SQL ] SELECT * FROM `auth_group` [ RunTime:0.002000s ]
---------------------------------------------------------------
[ 2019-03-04T16:37:01+08:00 ] 192.168.4.109 GET /admin.php/admin/group/favicon.ico
[ info ] 192.168.4.109:89/admin.php/admin/group/favicon.ico [运行时间：0.042003s][吞吐率：23.81req/s] [内存消耗：347.71kb] [文件加载：55]
[ info ] [ LANG ] D:\gitee\qp_backstage\thinkphp\lang\zh-cn.php
[ info ] [ ROUTE ] array (
  'type' => 'module',
  'module' => 
  array (
    0 => 'admin',
    1 => 'group',
    2 => 'favicon',
  ),
)
[ info ] [ HEADER ] array (
  'cookie' => 'Hm_lvt_080836300300be57b7f34f4b3e97d911=1546829557,1546839119,1547002632,1547086437; deviceid=1550893997897; xinhu_ca_rempass=0; lang=zh-cn; theme=default; keepLogin=false; MANTIS_MANAGE_USERS_COOKIE=0%3Ausername%3AASC%3A0; xinhu_ca_adminuser=admin; PHPSESSID=2s0bbiq7f557nlahflk9pu8746; xinhu_mo_adminid=cb0bq0wb0qqc0bb0qth0qtl0qmq0bb0ib0qqc0wi014; Hm_lvt_2a935166b0c9b73fef3c8bae58b95fe4=1551687537; left_menu=; current_node=; top_menu=85; Hm_lpvt_2a935166b0c9b73fef3c8bae58b95fe4=1551688583; return_url=/index.php%3Fm%3D%26c%3DMail%26a%3Dfolder%26fid%3Dinbox',
  'accept-language' => 'zh-CN,zh;q=0.9',
  'accept-encoding' => 'gzip, deflate',
  'referer' => 'http://192.168.4.109:89/admin.php/admin/group/index',
  'accept' => 'image/webp,image/apng,image/*,*/*;q=0.8',
  'user-agent' => 'Mozilla/5.0 (Windows NT 6.1; Win64; x64) AppleWebKit/537.36 (KHTML, like Gecko) Chrome/68.0.3440.106 Safari/537.36',
  'connection' => 'close',
  'host' => '192.168.4.109:89',
)
[ info ] [ PARAM ] array (
)
[ info ] [ SESSION ] INIT array (
  'id' => '',
  'var_session_id' => '',
  'prefix' => 'think',
  'type' => '',
  'auto_start' => true,
)
[ info ] [ DB ] INIT mysql
[ info ] [ RUN ] app\admin\controller\Group->_empty[ D:\gitee\qp_backstage\application\admin\controller\Group.php ]
[ info ] [ LOG ] INIT File
[ sql ] [ DB ] CONNECT:[ UseTime:0.001000s ] mysql:host=127.0.0.1;dbname=txcms;charset=utf8
[ sql ] [ SQL ] SHOW COLUMNS FROM `setting` [ RunTime:0.027001s ]
[ sql ] [ SQL ] SELECT * FROM `setting` WHERE  `name` = 'menu_tree' LIMIT 1 [ RunTime:0.004001s ]
---------------------------------------------------------------
[ 2019-03-04T16:37:01+08:00 ] 192.168.4.109 GET /admin.php/admin/group/index
[ info ] 192.168.4.109:89/admin.php/admin/group/index [运行时间：0.031002s][吞吐率：32.26req/s] [内存消耗：374.39kb] [文件加载：56]
[ info ] [ LANG ] D:\gitee\qp_backstage\thinkphp\lang\zh-cn.php
[ info ] [ ROUTE ] array (
  'type' => 'module',
  'module' => 
  array (
    0 => 'admin',
    1 => 'group',
    2 => 'index',
  ),
)
[ info ] [ HEADER ] array (
  'cookie' => 'Hm_lvt_080836300300be57b7f34f4b3e97d911=1546829557,1546839119,1547002632,1547086437; deviceid=1550893997897; xinhu_ca_rempass=0; lang=zh-cn; theme=default; keepLogin=false; MANTIS_MANAGE_USERS_COOKIE=0%3Ausername%3AASC%3A0; xinhu_ca_adminuser=admin; PHPSESSID=2s0bbiq7f557nlahflk9pu8746; xinhu_mo_adminid=cb0bq0wb0qqc0bb0qth0qtl0qmq0bb0ib0qqc0wi014; Hm_lvt_2a935166b0c9b73fef3c8bae58b95fe4=1551687537; left_menu=; current_node=; top_menu=85; Hm_lpvt_2a935166b0c9b73fef3c8bae58b95fe4=1551688583; return_url=/index.php%3Fm%3D%26c%3DMail%26a%3Dfolder%26fid%3Dinbox',
  'accept-language' => 'zh-CN,zh;q=0.9',
  'accept-encoding' => 'gzip, deflate',
  'referer' => 'http://192.168.4.109:89/admin.php/admin/group/index',
  'accept' => 'image/webp,image/apng,image/*,*/*;q=0.8',
  'user-agent' => 'Mozilla/5.0 (Windows NT 6.1; Win64; x64) AppleWebKit/537.36 (KHTML, like Gecko) Chrome/68.0.3440.106 Safari/537.36',
  'connection' => 'close',
  'host' => '192.168.4.109:89',
)
[ info ] [ PARAM ] array (
)
[ info ] [ SESSION ] INIT array (
  'id' => '',
  'var_session_id' => '',
  'prefix' => 'think',
  'type' => '',
  'auto_start' => true,
)
[ info ] [ DB ] INIT mysql
[ info ] [ RUN ] app\admin\controller\Group->index[ D:\gitee\qp_backstage\application\admin\controller\Group.php ]
[ info ] [ VIEW ] D:\gitee\qp_backstage\public/../application/admin\view\group\index.html [ array (
  0 => 'menu_tree',
  1 => 'data',
) ]
[ info ] [ LOG ] INIT File
[ sql ] [ DB ] CONNECT:[ UseTime:0.001000s ] mysql:host=127.0.0.1;dbname=txcms;charset=utf8
[ sql ] [ SQL ] SHOW COLUMNS FROM `setting` [ RunTime:0.010000s ]
[ sql ] [ SQL ] SELECT * FROM `setting` WHERE  `name` = 'menu_tree' LIMIT 1 [ RunTime:0.001000s ]
[ sql ] [ SQL ] SHOW COLUMNS FROM `auth_group` [ RunTime:0.009001s ]
[ sql ] [ SQL ] SELECT * FROM `auth_group` [ RunTime:0.001000s ]
---------------------------------------------------------------
[ 2019-03-04T16:37:04+08:00 ] 192.168.4.109 GET /admin.php/admin/rule/index
[ info ] 192.168.4.109:89/admin.php/admin/rule/index [运行时间：0.032002s][吞吐率：31.25req/s] [内存消耗：364.86kb] [文件加载：54]
[ info ] [ LANG ] D:\gitee\qp_backstage\thinkphp\lang\zh-cn.php
[ info ] [ ROUTE ] array (
  'type' => 'module',
  'module' => 
  array (
    0 => 'admin',
    1 => 'rule',
    2 => 'index',
  ),
)
[ info ] [ HEADER ] array (
  'cookie' => 'Hm_lvt_080836300300be57b7f34f4b3e97d911=1546829557,1546839119,1547002632,1547086437; deviceid=1550893997897; xinhu_ca_rempass=0; lang=zh-cn; theme=default; keepLogin=false; MANTIS_MANAGE_USERS_COOKIE=0%3Ausername%3AASC%3A0; xinhu_ca_adminuser=admin; PHPSESSID=2s0bbiq7f557nlahflk9pu8746; xinhu_mo_adminid=cb0bq0wb0qqc0bb0qth0qtl0qmq0bb0ib0qqc0wi014; Hm_lvt_2a935166b0c9b73fef3c8bae58b95fe4=1551687537; left_menu=; current_node=; top_menu=85; Hm_lpvt_2a935166b0c9b73fef3c8bae58b95fe4=1551688583; return_url=/index.php%3Fm%3D%26c%3DMail%26a%3Dfolder%26fid%3Dinbox',
  'accept-language' => 'zh-CN,zh;q=0.9',
  'accept-encoding' => 'gzip, deflate',
  'referer' => 'http://192.168.4.109:89/admin.php/admin/group/index',
  'accept' => 'text/html,application/xhtml+xml,application/xml;q=0.9,image/webp,image/apng,*/*;q=0.8',
  'user-agent' => 'Mozilla/5.0 (Windows NT 6.1; Win64; x64) AppleWebKit/537.36 (KHTML, like Gecko) Chrome/68.0.3440.106 Safari/537.36',
  'upgrade-insecure-requests' => '1',
  'connection' => 'close',
  'host' => '192.168.4.109:89',
)
[ info ] [ PARAM ] array (
)
[ info ] [ SESSION ] INIT array (
  'id' => '',
  'var_session_id' => '',
  'prefix' => 'think',
  'type' => '',
  'auto_start' => true,
)
[ info ] [ DB ] INIT mysql
[ info ] [ RUN ] app\admin\controller\Rule->index[ D:\gitee\qp_backstage\application\admin\controller\Rule.php ]
[ info ] [ VIEW ] D:\gitee\qp_backstage\public/../application/admin\view\rule\index.html [ array (
  0 => 'menu_tree',
) ]
[ info ] [ LOG ] INIT File
[ sql ] [ DB ] CONNECT:[ UseTime:0.002000s ] mysql:host=127.0.0.1;dbname=txcms;charset=utf8
[ sql ] [ SQL ] SHOW COLUMNS FROM `setting` [ RunTime:0.009001s ]
[ sql ] [ SQL ] SELECT * FROM `setting` WHERE  `name` = 'menu_tree' LIMIT 1 [ RunTime:0.000000s ]
---------------------------------------------------------------
[ 2019-03-04T16:37:04+08:00 ] 192.168.4.109 GET /admin.php/admin/rule/undefinedcss/modules/laydate/default/laydate.css?v=5.0.9
[ info ] 192.168.4.109:89/admin.php/admin/rule/undefinedcss/modules/laydate/default/laydate.css?v=5.0.9 [运行时间：0.032001s][吞吐率：31.25req/s] [内存消耗：348.67kb] [文件加载：55]
[ info ] [ LANG ] D:\gitee\qp_backstage\thinkphp\lang\zh-cn.php
[ info ] [ ROUTE ] array (
  'type' => 'module',
  'module' => 
  array (
    0 => 'admin',
    1 => 'rule',
    2 => 'undefinedcss',
  ),
)
[ info ] [ HEADER ] array (
  'cookie' => 'Hm_lvt_080836300300be57b7f34f4b3e97d911=1546829557,1546839119,1547002632,1547086437; deviceid=1550893997897; xinhu_ca_rempass=0; lang=zh-cn; theme=default; keepLogin=false; MANTIS_MANAGE_USERS_COOKIE=0%3Ausername%3AASC%3A0; xinhu_ca_adminuser=admin; PHPSESSID=2s0bbiq7f557nlahflk9pu8746; xinhu_mo_adminid=cb0bq0wb0qqc0bb0qth0qtl0qmq0bb0ib0qqc0wi014; Hm_lvt_2a935166b0c9b73fef3c8bae58b95fe4=1551687537; left_menu=; current_node=; top_menu=85; Hm_lpvt_2a935166b0c9b73fef3c8bae58b95fe4=1551688583; return_url=/index.php%3Fm%3D%26c%3DMail%26a%3Dfolder%26fid%3Dinbox',
  'accept-language' => 'zh-CN,zh;q=0.9',
  'accept-encoding' => 'gzip, deflate',
  'referer' => 'http://192.168.4.109:89/admin.php/admin/rule/index',
  'accept' => 'text/css,*/*;q=0.1',
  'user-agent' => 'Mozilla/5.0 (Windows NT 6.1; Win64; x64) AppleWebKit/537.36 (KHTML, like Gecko) Chrome/68.0.3440.106 Safari/537.36',
  'connection' => 'close',
  'host' => '192.168.4.109:89',
)
[ info ] [ PARAM ] array (
  'v' => '5.0.9',
  'modules' => 'laydate',
  'default' => 'laydate',
)
[ info ] [ SESSION ] INIT array (
  'id' => '',
  'var_session_id' => '',
  'prefix' => 'think',
  'type' => '',
  'auto_start' => true,
)
[ info ] [ DB ] INIT mysql
[ info ] [ RUN ] app\admin\controller\Rule->_empty[ D:\gitee\qp_backstage\application\admin\controller\Rule.php ]
[ info ] [ LOG ] INIT File
[ sql ] [ DB ] CONNECT:[ UseTime:0.011001s ] mysql:host=127.0.0.1;dbname=txcms;charset=utf8
[ sql ] [ SQL ] SHOW COLUMNS FROM `setting` [ RunTime:0.010000s ]
[ sql ] [ SQL ] SELECT * FROM `setting` WHERE  `name` = 'menu_tree' LIMIT 1 [ RunTime:0.001000s ]
---------------------------------------------------------------
[ 2019-03-04T16:37:04+08:00 ] 192.168.4.109 GET /admin.php/admin/rule/index
[ info ] 192.168.4.109:89/admin.php/admin/rule/index [运行时间：0.032002s][吞吐率：31.25req/s] [内存消耗：363.23kb] [文件加载：54]
[ info ] [ LANG ] D:\gitee\qp_backstage\thinkphp\lang\zh-cn.php
[ info ] [ ROUTE ] array (
  'type' => 'module',
  'module' => 
  array (
    0 => 'admin',
    1 => 'rule',
    2 => 'index',
  ),
)
[ info ] [ HEADER ] array (
  'cookie' => 'Hm_lvt_080836300300be57b7f34f4b3e97d911=1546829557,1546839119,1547002632,1547086437; deviceid=1550893997897; xinhu_ca_rempass=0; lang=zh-cn; theme=default; keepLogin=false; MANTIS_MANAGE_USERS_COOKIE=0%3Ausername%3AASC%3A0; xinhu_ca_adminuser=admin; PHPSESSID=2s0bbiq7f557nlahflk9pu8746; xinhu_mo_adminid=cb0bq0wb0qqc0bb0qth0qtl0qmq0bb0ib0qqc0wi014; Hm_lvt_2a935166b0c9b73fef3c8bae58b95fe4=1551687537; left_menu=; current_node=; top_menu=85; Hm_lpvt_2a935166b0c9b73fef3c8bae58b95fe4=1551688583; return_url=/index.php%3Fm%3D%26c%3DMail%26a%3Dfolder%26fid%3Dinbox',
  'accept-language' => 'zh-CN,zh;q=0.9',
  'accept-encoding' => 'gzip, deflate',
  'referer' => 'http://192.168.4.109:89/admin.php/admin/rule/index',
  'accept' => 'text/css,*/*;q=0.1',
  'user-agent' => 'Mozilla/5.0 (Windows NT 6.1; Win64; x64) AppleWebKit/537.36 (KHTML, like Gecko) Chrome/68.0.3440.106 Safari/537.36',
  'connection' => 'close',
  'host' => '192.168.4.109:89',
)
[ info ] [ PARAM ] array (
)
[ info ] [ SESSION ] INIT array (
  'id' => '',
  'var_session_id' => '',
  'prefix' => 'think',
  'type' => '',
  'auto_start' => true,
)
[ info ] [ DB ] INIT mysql
[ info ] [ RUN ] app\admin\controller\Rule->index[ D:\gitee\qp_backstage\application\admin\controller\Rule.php ]
[ info ] [ VIEW ] D:\gitee\qp_backstage\public/../application/admin\view\rule\index.html [ array (
  0 => 'menu_tree',
) ]
[ info ] [ LOG ] INIT File
[ sql ] [ DB ] CONNECT:[ UseTime:0.004000s ] mysql:host=127.0.0.1;dbname=txcms;charset=utf8
[ sql ] [ SQL ] SHOW COLUMNS FROM `setting` [ RunTime:0.015001s ]
[ sql ] [ SQL ] SELECT * FROM `setting` WHERE  `name` = 'menu_tree' LIMIT 1 [ RunTime:0.002000s ]
---------------------------------------------------------------
[ 2019-03-04T16:37:05+08:00 ] 192.168.4.109 GET /admin.php/admin/rule/favicon.ico
[ info ] 192.168.4.109:89/admin.php/admin/rule/favicon.ico [运行时间：0.030002s][吞吐率：33.33req/s] [内存消耗：347.71kb] [文件加载：55]
[ info ] [ LANG ] D:\gitee\qp_backstage\thinkphp\lang\zh-cn.php
[ info ] [ ROUTE ] array (
  'type' => 'module',
  'module' => 
  array (
    0 => 'admin',
    1 => 'rule',
    2 => 'favicon',
  ),
)
[ info ] [ HEADER ] array (
  'cookie' => 'Hm_lvt_080836300300be57b7f34f4b3e97d911=1546829557,1546839119,1547002632,1547086437; deviceid=1550893997897; xinhu_ca_rempass=0; lang=zh-cn; theme=default; keepLogin=false; MANTIS_MANAGE_USERS_COOKIE=0%3Ausername%3AASC%3A0; xinhu_ca_adminuser=admin; PHPSESSID=2s0bbiq7f557nlahflk9pu8746; xinhu_mo_adminid=cb0bq0wb0qqc0bb0qth0qtl0qmq0bb0ib0qqc0wi014; Hm_lvt_2a935166b0c9b73fef3c8bae58b95fe4=1551687537; left_menu=; current_node=; top_menu=85; Hm_lpvt_2a935166b0c9b73fef3c8bae58b95fe4=1551688583; return_url=/index.php%3Fm%3D%26c%3DMail%26a%3Dfolder%26fid%3Dinbox',
  'accept-language' => 'zh-CN,zh;q=0.9',
  'accept-encoding' => 'gzip, deflate',
  'referer' => 'http://192.168.4.109:89/admin.php/admin/rule/index',
  'accept' => 'image/webp,image/apng,image/*,*/*;q=0.8',
  'user-agent' => 'Mozilla/5.0 (Windows NT 6.1; Win64; x64) AppleWebKit/537.36 (KHTML, like Gecko) Chrome/68.0.3440.106 Safari/537.36',
  'connection' => 'close',
  'host' => '192.168.4.109:89',
)
[ info ] [ PARAM ] array (
)
[ info ] [ SESSION ] INIT array (
  'id' => '',
  'var_session_id' => '',
  'prefix' => 'think',
  'type' => '',
  'auto_start' => true,
)
[ info ] [ DB ] INIT mysql
[ info ] [ RUN ] app\admin\controller\Rule->_empty[ D:\gitee\qp_backstage\application\admin\controller\Rule.php ]
[ info ] [ LOG ] INIT File
[ sql ] [ DB ] CONNECT:[ UseTime:0.002000s ] mysql:host=127.0.0.1;dbname=txcms;charset=utf8
[ sql ] [ SQL ] SHOW COLUMNS FROM `setting` [ RunTime:0.013001s ]
[ sql ] [ SQL ] SELECT * FROM `setting` WHERE  `name` = 'menu_tree' LIMIT 1 [ RunTime:0.001000s ]
---------------------------------------------------------------
[ 2019-03-04T16:37:05+08:00 ] 192.168.4.109 GET /admin.php/admin/rule/getrulejsondata
[ info ] 192.168.4.109:89/admin.php/admin/rule/getrulejsondata [运行时间：0.050003s][吞吐率：20.00req/s] [内存消耗：372.93kb] [文件加载：54]
[ info ] [ LANG ] D:\gitee\qp_backstage\thinkphp\lang\zh-cn.php
[ info ] [ ROUTE ] array (
  'type' => 'module',
  'module' => 
  array (
    0 => 'admin',
    1 => 'rule',
    2 => 'getrulejsondata',
  ),
)
[ info ] [ HEADER ] array (
  'cookie' => 'Hm_lvt_080836300300be57b7f34f4b3e97d911=1546829557,1546839119,1547002632,1547086437; deviceid=1550893997897; xinhu_ca_rempass=0; lang=zh-cn; theme=default; keepLogin=false; MANTIS_MANAGE_USERS_COOKIE=0%3Ausername%3AASC%3A0; xinhu_ca_adminuser=admin; PHPSESSID=2s0bbiq7f557nlahflk9pu8746; xinhu_mo_adminid=cb0bq0wb0qqc0bb0qth0qtl0qmq0bb0ib0qqc0wi014; Hm_lvt_2a935166b0c9b73fef3c8bae58b95fe4=1551687537; left_menu=; current_node=; top_menu=85; Hm_lpvt_2a935166b0c9b73fef3c8bae58b95fe4=1551688583; return_url=/index.php%3Fm%3D%26c%3DMail%26a%3Dfolder%26fid%3Dinbox',
  'accept-language' => 'zh-CN,zh;q=0.9',
  'accept-encoding' => 'gzip, deflate',
  'referer' => 'http://192.168.4.109:89/admin.php/admin/rule/index',
  'user-agent' => 'Mozilla/5.0 (Windows NT 6.1; Win64; x64) AppleWebKit/537.36 (KHTML, like Gecko) Chrome/68.0.3440.106 Safari/537.36',
  'x-requested-with' => 'XMLHttpRequest',
  'accept' => 'application/json, text/javascript, */*; q=0.01',
  'connection' => 'close',
  'host' => '192.168.4.109:89',
)
[ info ] [ PARAM ] array (
)
[ info ] [ SESSION ] INIT array (
  'id' => '',
  'var_session_id' => '',
  'prefix' => 'think',
  'type' => '',
  'auto_start' => true,
)
[ info ] [ DB ] INIT mysql
[ info ] [ RUN ] app\admin\controller\Rule->getRuleJsonData[ D:\gitee\qp_backstage\application\admin\controller\Rule.php ]
[ info ] [ LOG ] INIT File
[ sql ] [ DB ] CONNECT:[ UseTime:0.003001s ] mysql:host=127.0.0.1;dbname=txcms;charset=utf8
[ sql ] [ SQL ] SHOW COLUMNS FROM `setting` [ RunTime:0.016001s ]
[ sql ] [ SQL ] SELECT * FROM `setting` WHERE  `name` = 'menu_tree' LIMIT 1 [ RunTime:0.001000s ]
[ sql ] [ SQL ] SHOW COLUMNS FROM `auth_rule` [ RunTime:0.017001s ]
[ sql ] [ SQL ] SELECT * FROM `auth_rule` [ RunTime:0.001000s ]
---------------------------------------------------------------
[ 2019-03-04T16:37:06+08:00 ] 192.168.4.109 GET /admin.php/admin/group/index
[ info ] 192.168.4.109:89/admin.php/admin/group/index [运行时间：0.057003s][吞吐率：17.54req/s] [内存消耗：374.98kb] [文件加载：56]
[ info ] [ LANG ] D:\gitee\qp_backstage\thinkphp\lang\zh-cn.php
[ info ] [ ROUTE ] array (
  'type' => 'module',
  'module' => 
  array (
    0 => 'admin',
    1 => 'group',
    2 => 'index',
  ),
)
[ info ] [ HEADER ] array (
  'cookie' => 'Hm_lvt_080836300300be57b7f34f4b3e97d911=1546829557,1546839119,1547002632,1547086437; deviceid=1550893997897; xinhu_ca_rempass=0; lang=zh-cn; theme=default; keepLogin=false; MANTIS_MANAGE_USERS_COOKIE=0%3Ausername%3AASC%3A0; xinhu_ca_adminuser=admin; PHPSESSID=2s0bbiq7f557nlahflk9pu8746; xinhu_mo_adminid=cb0bq0wb0qqc0bb0qth0qtl0qmq0bb0ib0qqc0wi014; Hm_lvt_2a935166b0c9b73fef3c8bae58b95fe4=1551687537; left_menu=; current_node=; top_menu=85; Hm_lpvt_2a935166b0c9b73fef3c8bae58b95fe4=1551688583; return_url=/index.php%3Fm%3D%26c%3DMail%26a%3Dfolder%26fid%3Dinbox',
  'accept-language' => 'zh-CN,zh;q=0.9',
  'accept-encoding' => 'gzip, deflate',
  'referer' => 'http://192.168.4.109:89/admin.php/admin/rule/index',
  'accept' => 'text/html,application/xhtml+xml,application/xml;q=0.9,image/webp,image/apng,*/*;q=0.8',
  'user-agent' => 'Mozilla/5.0 (Windows NT 6.1; Win64; x64) AppleWebKit/537.36 (KHTML, like Gecko) Chrome/68.0.3440.106 Safari/537.36',
  'upgrade-insecure-requests' => '1',
  'connection' => 'close',
  'host' => '192.168.4.109:89',
)
[ info ] [ PARAM ] array (
)
[ info ] [ SESSION ] INIT array (
  'id' => '',
  'var_session_id' => '',
  'prefix' => 'think',
  'type' => '',
  'auto_start' => true,
)
[ info ] [ DB ] INIT mysql
[ info ] [ RUN ] app\admin\controller\Group->index[ D:\gitee\qp_backstage\application\admin\controller\Group.php ]
[ info ] [ VIEW ] D:\gitee\qp_backstage\public/../application/admin\view\group\index.html [ array (
  0 => 'menu_tree',
  1 => 'data',
) ]
[ info ] [ LOG ] INIT File
[ sql ] [ DB ] CONNECT:[ UseTime:0.004000s ] mysql:host=127.0.0.1;dbname=txcms;charset=utf8
[ sql ] [ SQL ] SHOW COLUMNS FROM `setting` [ RunTime:0.016001s ]
[ sql ] [ SQL ] SELECT * FROM `setting` WHERE  `name` = 'menu_tree' LIMIT 1 [ RunTime:0.001000s ]
[ sql ] [ SQL ] SHOW COLUMNS FROM `auth_group` [ RunTime:0.015001s ]
[ sql ] [ SQL ] SELECT * FROM `auth_group` [ RunTime:0.000000s ]
---------------------------------------------------------------
[ 2019-03-04T16:37:06+08:00 ] 192.168.4.109 GET /admin.php/admin/rule/index
[ info ] 192.168.4.109:89/admin.php/admin/rule/index [运行时间：0.051003s][吞吐率：19.61req/s] [内存消耗：363.25kb] [文件加载：54]
[ info ] [ LANG ] D:\gitee\qp_backstage\thinkphp\lang\zh-cn.php
[ info ] [ ROUTE ] array (
  'type' => 'module',
  'module' => 
  array (
    0 => 'admin',
    1 => 'rule',
    2 => 'index',
  ),
)
[ info ] [ HEADER ] array (
  'cookie' => 'Hm_lvt_080836300300be57b7f34f4b3e97d911=1546829557,1546839119,1547002632,1547086437; deviceid=1550893997897; xinhu_ca_rempass=0; lang=zh-cn; theme=default; keepLogin=false; MANTIS_MANAGE_USERS_COOKIE=0%3Ausername%3AASC%3A0; xinhu_ca_adminuser=admin; PHPSESSID=2s0bbiq7f557nlahflk9pu8746; xinhu_mo_adminid=cb0bq0wb0qqc0bb0qth0qtl0qmq0bb0ib0qqc0wi014; Hm_lvt_2a935166b0c9b73fef3c8bae58b95fe4=1551687537; left_menu=; current_node=; top_menu=85; Hm_lpvt_2a935166b0c9b73fef3c8bae58b95fe4=1551688583; return_url=/index.php%3Fm%3D%26c%3DMail%26a%3Dfolder%26fid%3Dinbox',
  'accept-language' => 'zh-CN,zh;q=0.9',
  'accept-encoding' => 'gzip, deflate',
  'referer' => 'http://192.168.4.109:89/admin.php/admin/rule/index',
  'accept' => 'image/webp,image/apng,image/*,*/*;q=0.8',
  'user-agent' => 'Mozilla/5.0 (Windows NT 6.1; Win64; x64) AppleWebKit/537.36 (KHTML, like Gecko) Chrome/68.0.3440.106 Safari/537.36',
  'connection' => 'close',
  'host' => '192.168.4.109:89',
)
[ info ] [ PARAM ] array (
)
[ info ] [ SESSION ] INIT array (
  'id' => '',
  'var_session_id' => '',
  'prefix' => 'think',
  'type' => '',
  'auto_start' => true,
)
[ info ] [ DB ] INIT mysql
[ info ] [ RUN ] app\admin\controller\Rule->index[ D:\gitee\qp_backstage\application\admin\controller\Rule.php ]
[ info ] [ VIEW ] D:\gitee\qp_backstage\public/../application/admin\view\rule\index.html [ array (
  0 => 'menu_tree',
) ]
[ info ] [ LOG ] INIT File
[ sql ] [ DB ] CONNECT:[ UseTime:0.014001s ] mysql:host=127.0.0.1;dbname=txcms;charset=utf8
[ sql ] [ SQL ] SHOW COLUMNS FROM `setting` [ RunTime:0.026002s ]
[ sql ] [ SQL ] SELECT * FROM `setting` WHERE  `name` = 'menu_tree' LIMIT 1 [ RunTime:0.002000s ]
---------------------------------------------------------------
[ 2019-03-04T16:37:06+08:00 ] 192.168.4.109 GET /admin.php/admin/group/favicon.ico
[ info ] 192.168.4.109:89/admin.php/admin/group/favicon.ico [运行时间：0.031002s][吞吐率：32.26req/s] [内存消耗：347.71kb] [文件加载：55]
[ info ] [ LANG ] D:\gitee\qp_backstage\thinkphp\lang\zh-cn.php
[ info ] [ ROUTE ] array (
  'type' => 'module',
  'module' => 
  array (
    0 => 'admin',
    1 => 'group',
    2 => 'favicon',
  ),
)
[ info ] [ HEADER ] array (
  'cookie' => 'Hm_lvt_080836300300be57b7f34f4b3e97d911=1546829557,1546839119,1547002632,1547086437; deviceid=1550893997897; xinhu_ca_rempass=0; lang=zh-cn; theme=default; keepLogin=false; MANTIS_MANAGE_USERS_COOKIE=0%3Ausername%3AASC%3A0; xinhu_ca_adminuser=admin; PHPSESSID=2s0bbiq7f557nlahflk9pu8746; xinhu_mo_adminid=cb0bq0wb0qqc0bb0qth0qtl0qmq0bb0ib0qqc0wi014; Hm_lvt_2a935166b0c9b73fef3c8bae58b95fe4=1551687537; left_menu=; current_node=; top_menu=85; Hm_lpvt_2a935166b0c9b73fef3c8bae58b95fe4=1551688583; return_url=/index.php%3Fm%3D%26c%3DMail%26a%3Dfolder%26fid%3Dinbox',
  'accept-language' => 'zh-CN,zh;q=0.9',
  'accept-encoding' => 'gzip, deflate',
  'referer' => 'http://192.168.4.109:89/admin.php/admin/group/index',
  'accept' => 'image/webp,image/apng,image/*,*/*;q=0.8',
  'user-agent' => 'Mozilla/5.0 (Windows NT 6.1; Win64; x64) AppleWebKit/537.36 (KHTML, like Gecko) Chrome/68.0.3440.106 Safari/537.36',
  'connection' => 'close',
  'host' => '192.168.4.109:89',
)
[ info ] [ PARAM ] array (
)
[ info ] [ SESSION ] INIT array (
  'id' => '',
  'var_session_id' => '',
  'prefix' => 'think',
  'type' => '',
  'auto_start' => true,
)
[ info ] [ DB ] INIT mysql
[ info ] [ RUN ] app\admin\controller\Group->_empty[ D:\gitee\qp_backstage\application\admin\controller\Group.php ]
[ info ] [ LOG ] INIT File
[ sql ] [ DB ] CONNECT:[ UseTime:0.003000s ] mysql:host=127.0.0.1;dbname=txcms;charset=utf8
[ sql ] [ SQL ] SHOW COLUMNS FROM `setting` [ RunTime:0.016001s ]
[ sql ] [ SQL ] SELECT * FROM `setting` WHERE  `name` = 'menu_tree' LIMIT 1 [ RunTime:0.001000s ]
---------------------------------------------------------------
[ 2019-03-04T16:37:06+08:00 ] 192.168.4.109 GET /admin.php/admin/group/index
[ info ] 192.168.4.109:89/admin.php/admin/group/index [运行时间：0.039002s][吞吐率：25.64req/s] [内存消耗：374.39kb] [文件加载：56]
[ info ] [ LANG ] D:\gitee\qp_backstage\thinkphp\lang\zh-cn.php
[ info ] [ ROUTE ] array (
  'type' => 'module',
  'module' => 
  array (
    0 => 'admin',
    1 => 'group',
    2 => 'index',
  ),
)
[ info ] [ HEADER ] array (
  'cookie' => 'Hm_lvt_080836300300be57b7f34f4b3e97d911=1546829557,1546839119,1547002632,1547086437; deviceid=1550893997897; xinhu_ca_rempass=0; lang=zh-cn; theme=default; keepLogin=false; MANTIS_MANAGE_USERS_COOKIE=0%3Ausername%3AASC%3A0; xinhu_ca_adminuser=admin; PHPSESSID=2s0bbiq7f557nlahflk9pu8746; xinhu_mo_adminid=cb0bq0wb0qqc0bb0qth0qtl0qmq0bb0ib0qqc0wi014; Hm_lvt_2a935166b0c9b73fef3c8bae58b95fe4=1551687537; left_menu=; current_node=; top_menu=85; Hm_lpvt_2a935166b0c9b73fef3c8bae58b95fe4=1551688583; return_url=/index.php%3Fm%3D%26c%3DMail%26a%3Dfolder%26fid%3Dinbox',
  'accept-language' => 'zh-CN,zh;q=0.9',
  'accept-encoding' => 'gzip, deflate',
  'referer' => 'http://192.168.4.109:89/admin.php/admin/group/index',
  'accept' => 'image/webp,image/apng,image/*,*/*;q=0.8',
  'user-agent' => 'Mozilla/5.0 (Windows NT 6.1; Win64; x64) AppleWebKit/537.36 (KHTML, like Gecko) Chrome/68.0.3440.106 Safari/537.36',
  'connection' => 'close',
  'host' => '192.168.4.109:89',
)
[ info ] [ PARAM ] array (
)
[ info ] [ SESSION ] INIT array (
  'id' => '',
  'var_session_id' => '',
  'prefix' => 'think',
  'type' => '',
  'auto_start' => true,
)
[ info ] [ DB ] INIT mysql
[ info ] [ RUN ] app\admin\controller\Group->index[ D:\gitee\qp_backstage\application\admin\controller\Group.php ]
[ info ] [ VIEW ] D:\gitee\qp_backstage\public/../application/admin\view\group\index.html [ array (
  0 => 'menu_tree',
  1 => 'data',
) ]
[ info ] [ LOG ] INIT File
[ sql ] [ DB ] CONNECT:[ UseTime:0.003001s ] mysql:host=127.0.0.1;dbname=txcms;charset=utf8
[ sql ] [ SQL ] SHOW COLUMNS FROM `setting` [ RunTime:0.011000s ]
[ sql ] [ SQL ] SELECT * FROM `setting` WHERE  `name` = 'menu_tree' LIMIT 1 [ RunTime:0.002000s ]
[ sql ] [ SQL ] SHOW COLUMNS FROM `auth_group` [ RunTime:0.013001s ]
[ sql ] [ SQL ] SELECT * FROM `auth_group` [ RunTime:0.001000s ]
---------------------------------------------------------------
[ 2019-03-04T17:00:18+08:00 ] 192.168.4.109 GET /admin.php/admin/suggest/index
[ info ] 192.168.4.109:89/admin.php/admin/suggest/index [运行时间：0.067004s][吞吐率：14.92req/s] [内存消耗：225.50kb] [文件加载：45]
[ info ] [ LANG ] D:\gitee\qp_backstage\thinkphp\lang\zh-cn.php
[ info ] [ ROUTE ] array (
  'type' => 'module',
  'module' => 
  array (
    0 => 'admin',
    1 => 'suggest',
    2 => 'index',
  ),
)
[ info ] [ HEADER ] array (
  'cookie' => 'Hm_lvt_080836300300be57b7f34f4b3e97d911=1546829557,1546839119,1547002632,1547086437; deviceid=1550893997897; xinhu_ca_rempass=0; lang=zh-cn; theme=default; keepLogin=false; MANTIS_MANAGE_USERS_COOKIE=0%3Ausername%3AASC%3A0; xinhu_ca_adminuser=admin; PHPSESSID=2s0bbiq7f557nlahflk9pu8746; xinhu_mo_adminid=cb0bq0wb0qqc0bb0qth0qtl0qmq0bb0ib0qqc0wi014; Hm_lvt_2a935166b0c9b73fef3c8bae58b95fe4=1551687537; left_menu=; current_node=; return_url=/index.php%3Fm%3D%26c%3DContact%26a%3Dindex; top_menu=84; Hm_lpvt_2a935166b0c9b73fef3c8bae58b95fe4=1551689994',
  'accept-language' => 'zh-CN,zh;q=0.9',
  'accept-encoding' => 'gzip, deflate',
  'referer' => 'http://192.168.4.109:89/admin.php/admin/group/index',
  'accept' => 'text/html,application/xhtml+xml,application/xml;q=0.9,image/webp,image/apng,*/*;q=0.8',
  'user-agent' => 'Mozilla/5.0 (Windows NT 6.1; Win64; x64) AppleWebKit/537.36 (KHTML, like Gecko) Chrome/68.0.3440.106 Safari/537.36',
  'upgrade-insecure-requests' => '1',
  'connection' => 'close',
  'host' => '192.168.4.109:89',
)
[ info ] [ PARAM ] array (
)
[ info ] [ SESSION ] INIT array (
  'id' => '',
  'var_session_id' => '',
  'prefix' => 'think',
  'type' => '',
  'auto_start' => true,
)
[ info ] [ VIEW ] D:\gitee\qp_backstage\thinkphp\tpl\dispatch_jump.tpl [ array (
  0 => 'code',
  1 => 'msg',
  2 => 'data',
  3 => 'url',
  4 => 'wait',
) ]
[ info ] [ LOG ] INIT File
---------------------------------------------------------------
[ 2019-03-04T17:00:22+08:00 ] 192.168.4.109 GET /admin.php/admin/login/index
[ info ] 192.168.4.109:89/admin.php/admin/login/index [运行时间：0.019001s][吞吐率：52.63req/s] [内存消耗：155.45kb] [文件加载：43]
[ info ] [ LANG ] D:\gitee\qp_backstage\thinkphp\lang\zh-cn.php
[ info ] [ ROUTE ] array (
  'type' => 'module',
  'module' => 
  array (
    0 => 'admin',
    1 => 'login',
    2 => 'index',
  ),
)
[ info ] [ HEADER ] array (
  'cookie' => 'Hm_lvt_080836300300be57b7f34f4b3e97d911=1546829557,1546839119,1547002632,1547086437; deviceid=1550893997897; xinhu_ca_rempass=0; lang=zh-cn; theme=default; keepLogin=false; MANTIS_MANAGE_USERS_COOKIE=0%3Ausername%3AASC%3A0; xinhu_ca_adminuser=admin; PHPSESSID=2s0bbiq7f557nlahflk9pu8746; xinhu_mo_adminid=cb0bq0wb0qqc0bb0qth0qtl0qmq0bb0ib0qqc0wi014; Hm_lvt_2a935166b0c9b73fef3c8bae58b95fe4=1551687537; left_menu=; current_node=; return_url=/index.php%3Fm%3D%26c%3DContact%26a%3Dindex; top_menu=84; Hm_lpvt_2a935166b0c9b73fef3c8bae58b95fe4=1551689994',
  'accept-language' => 'zh-CN,zh;q=0.9',
  'accept-encoding' => 'gzip, deflate',
  'referer' => 'http://192.168.4.109:89/admin.php/admin/suggest/index',
  'accept' => 'text/html,application/xhtml+xml,application/xml;q=0.9,image/webp,image/apng,*/*;q=0.8',
  'user-agent' => 'Mozilla/5.0 (Windows NT 6.1; Win64; x64) AppleWebKit/537.36 (KHTML, like Gecko) Chrome/68.0.3440.106 Safari/537.36',
  'upgrade-insecure-requests' => '1',
  'connection' => 'close',
  'host' => '192.168.4.109:89',
)
[ info ] [ PARAM ] array (
)
[ info ] [ RUN ] app\admin\controller\Login->index[ D:\gitee\qp_backstage\application\admin\controller\Login.php ]
[ info ] [ SESSION ] INIT array (
  'id' => '',
  'var_session_id' => '',
  'prefix' => 'think',
  'type' => '',
  'auto_start' => true,
)
[ info ] [ VIEW ] D:\gitee\qp_backstage\public/../application/admin\view\login\index.html [ array (
) ]
[ info ] [ LOG ] INIT File
---------------------------------------------------------------
[ 2019-03-04T17:00:22+08:00 ] 192.168.4.109 GET /admin.php/captcha
[ info ] 192.168.4.109:89/admin.php/captcha [运行时间：0.021001s][吞吐率：47.62req/s] [内存消耗：147.28kb] [文件加载：35]
[ info ] [ LANG ] D:\gitee\qp_backstage\thinkphp\lang\zh-cn.php
[ info ] [ ROUTE ] array (
  'type' => 'method',
  'method' => 
  array (
    0 => '\\think\\captcha\\CaptchaController',
    1 => 'index',
  ),
  'var' => 
  array (
  ),
)
[ info ] [ HEADER ] array (
  'cookie' => 'Hm_lvt_080836300300be57b7f34f4b3e97d911=1546829557,1546839119,1547002632,1547086437; deviceid=1550893997897; xinhu_ca_rempass=0; lang=zh-cn; theme=default; keepLogin=false; MANTIS_MANAGE_USERS_COOKIE=0%3Ausername%3AASC%3A0; xinhu_ca_adminuser=admin; PHPSESSID=2s0bbiq7f557nlahflk9pu8746; xinhu_mo_adminid=cb0bq0wb0qqc0bb0qth0qtl0qmq0bb0ib0qqc0wi014; Hm_lvt_2a935166b0c9b73fef3c8bae58b95fe4=1551687537; left_menu=; current_node=; return_url=/index.php%3Fm%3D%26c%3DContact%26a%3Dindex; top_menu=84; Hm_lpvt_2a935166b0c9b73fef3c8bae58b95fe4=1551689994',
  'accept-language' => 'zh-CN,zh;q=0.9',
  'accept-encoding' => 'gzip, deflate',
  'referer' => 'http://192.168.4.109:89/admin.php/admin/login/index',
  'accept' => 'image/webp,image/apng,image/*,*/*;q=0.8',
  'user-agent' => 'Mozilla/5.0 (Windows NT 6.1; Win64; x64) AppleWebKit/537.36 (KHTML, like Gecko) Chrome/68.0.3440.106 Safari/537.36',
  'connection' => 'close',
  'host' => '192.168.4.109:89',
)
[ info ] [ PARAM ] array (
  'id' => '',
)
[ info ] [ RUN ] think\captcha\CaptchaController->index[ D:\gitee\qp_backstage\vendor\topthink\think-captcha\src\CaptchaController.php ]
[ info ] [ SESSION ] INIT array (
  'id' => '',
  'var_session_id' => '',
  'prefix' => 'think',
  'type' => '',
  'auto_start' => true,
)
[ info ] [ LOG ] INIT File
---------------------------------------------------------------
[ 2019-03-04T17:33:59+08:00 ] 192.168.4.109 GET /admin.php/admin/index/index.html
[ info ] 192.168.4.109:89/admin.php/admin/index/index.html [运行时间：0.067004s][吞吐率：14.92req/s] [内存消耗：225.80kb] [文件加载：45]
[ info ] [ LANG ] D:\gitee\qp_backstage\thinkphp\lang\zh-cn.php
[ info ] [ ROUTE ] array (
  'type' => 'module',
  'module' => 
  array (
    0 => 'admin',
    1 => 'index',
    2 => 'index',
  ),
)
[ info ] [ HEADER ] array (
  'cookie' => 'Hm_lvt_080836300300be57b7f34f4b3e97d911=1546829557,1546839119,1547002632,1547086437; deviceid=1550893997897; xinhu_ca_rempass=0; lang=zh-cn; theme=default; keepLogin=false; MANTIS_MANAGE_USERS_COOKIE=0%3Ausername%3AASC%3A0; xinhu_ca_adminuser=admin; PHPSESSID=2s0bbiq7f557nlahflk9pu8746; xinhu_mo_adminid=cb0bq0wb0qqc0bb0qth0qtl0qmq0bb0ib0qqc0wi014; Hm_lvt_2a935166b0c9b73fef3c8bae58b95fe4=1551687537; left_menu=; current_node=; return_url=/index.php%3Fm%3D%26c%3DContact%26a%3Dindex; top_menu=84; Hm_lpvt_2a935166b0c9b73fef3c8bae58b95fe4=1551689994',
  'accept-language' => 'zh-CN,zh;q=0.9',
  'accept-encoding' => 'gzip, deflate',
  'accept' => 'text/html,application/xhtml+xml,application/xml;q=0.9,image/webp,image/apng,*/*;q=0.8',
  'user-agent' => 'Mozilla/5.0 (Windows NT 6.1; Win64; x64) AppleWebKit/537.36 (KHTML, like Gecko) Chrome/68.0.3440.106 Safari/537.36',
  'upgrade-insecure-requests' => '1',
  'connection' => 'close',
  'host' => '192.168.4.109:89',
)
[ info ] [ PARAM ] array (
)
[ info ] [ SESSION ] INIT array (
  'id' => '',
  'var_session_id' => '',
  'prefix' => 'think',
  'type' => '',
  'auto_start' => true,
)
[ info ] [ VIEW ] D:\gitee\qp_backstage\thinkphp\tpl\dispatch_jump.tpl [ array (
  0 => 'code',
  1 => 'msg',
  2 => 'data',
  3 => 'url',
  4 => 'wait',
) ]
[ info ] [ LOG ] INIT File
---------------------------------------------------------------
[ 2019-03-04T17:34:01+08:00 ] 192.168.4.109 GET /admin.php/admin/login/index
[ info ] 192.168.4.109:89/admin.php/admin/login/index [运行时间：0.020002s][吞吐率：50.00req/s] [内存消耗：156.26kb] [文件加载：43]
[ info ] [ LANG ] D:\gitee\qp_backstage\thinkphp\lang\zh-cn.php
[ info ] [ ROUTE ] array (
  'type' => 'module',
  'module' => 
  array (
    0 => 'admin',
    1 => 'login',
    2 => 'index',
  ),
)
[ info ] [ HEADER ] array (
  'cookie' => 'Hm_lvt_080836300300be57b7f34f4b3e97d911=1546829557,1546839119,1547002632,1547086437; deviceid=1550893997897; xinhu_ca_rempass=0; lang=zh-cn; theme=default; keepLogin=false; MANTIS_MANAGE_USERS_COOKIE=0%3Ausername%3AASC%3A0; xinhu_ca_adminuser=admin; PHPSESSID=2s0bbiq7f557nlahflk9pu8746; xinhu_mo_adminid=cb0bq0wb0qqc0bb0qth0qtl0qmq0bb0ib0qqc0wi014; Hm_lvt_2a935166b0c9b73fef3c8bae58b95fe4=1551687537; left_menu=; current_node=; return_url=/index.php%3Fm%3D%26c%3DContact%26a%3Dindex; top_menu=84; Hm_lpvt_2a935166b0c9b73fef3c8bae58b95fe4=1551689994',
  'accept-language' => 'zh-CN,zh;q=0.9',
  'accept-encoding' => 'gzip, deflate',
  'referer' => 'http://192.168.4.109:89/admin.php/admin/index/index.html',
  'accept' => 'text/html,application/xhtml+xml,application/xml;q=0.9,image/webp,image/apng,*/*;q=0.8',
  'user-agent' => 'Mozilla/5.0 (Windows NT 6.1; Win64; x64) AppleWebKit/537.36 (KHTML, like Gecko) Chrome/68.0.3440.106 Safari/537.36',
  'upgrade-insecure-requests' => '1',
  'connection' => 'close',
  'host' => '192.168.4.109:89',
)
[ info ] [ PARAM ] array (
)
[ info ] [ RUN ] app\admin\controller\Login->index[ D:\gitee\qp_backstage\application\admin\controller\Login.php ]
[ info ] [ SESSION ] INIT array (
  'id' => '',
  'var_session_id' => '',
  'prefix' => 'think',
  'type' => '',
  'auto_start' => true,
)
[ info ] [ VIEW ] D:\gitee\qp_backstage\public/../application/admin\view\login\index.html [ array (
) ]
[ info ] [ LOG ] INIT File
---------------------------------------------------------------
[ 2019-03-04T17:34:01+08:00 ] 192.168.4.109 GET /admin.php/captcha
[ info ] 192.168.4.109:89/admin.php/captcha [运行时间：0.020001s][吞吐率：50.00req/s] [内存消耗：147.44kb] [文件加载：35]
[ info ] [ LANG ] D:\gitee\qp_backstage\thinkphp\lang\zh-cn.php
[ info ] [ ROUTE ] array (
  'type' => 'method',
  'method' => 
  array (
    0 => '\\think\\captcha\\CaptchaController',
    1 => 'index',
  ),
  'var' => 
  array (
  ),
)
[ info ] [ HEADER ] array (
  'cookie' => 'Hm_lvt_080836300300be57b7f34f4b3e97d911=1546829557,1546839119,1547002632,1547086437; deviceid=1550893997897; xinhu_ca_rempass=0; lang=zh-cn; theme=default; keepLogin=false; MANTIS_MANAGE_USERS_COOKIE=0%3Ausername%3AASC%3A0; xinhu_ca_adminuser=admin; PHPSESSID=2s0bbiq7f557nlahflk9pu8746; xinhu_mo_adminid=cb0bq0wb0qqc0bb0qth0qtl0qmq0bb0ib0qqc0wi014; Hm_lvt_2a935166b0c9b73fef3c8bae58b95fe4=1551687537; left_menu=; current_node=; return_url=/index.php%3Fm%3D%26c%3DContact%26a%3Dindex; top_menu=84; Hm_lpvt_2a935166b0c9b73fef3c8bae58b95fe4=1551689994',
  'accept-language' => 'zh-CN,zh;q=0.9',
  'accept-encoding' => 'gzip, deflate',
  'referer' => 'http://192.168.4.109:89/admin.php/admin/login/index',
  'accept' => 'image/webp,image/apng,image/*,*/*;q=0.8',
  'user-agent' => 'Mozilla/5.0 (Windows NT 6.1; Win64; x64) AppleWebKit/537.36 (KHTML, like Gecko) Chrome/68.0.3440.106 Safari/537.36',
  'connection' => 'close',
  'host' => '192.168.4.109:89',
)
[ info ] [ PARAM ] array (
  'id' => '',
)
[ info ] [ RUN ] think\captcha\CaptchaController->index[ D:\gitee\qp_backstage\vendor\topthink\think-captcha\src\CaptchaController.php ]
[ info ] [ SESSION ] INIT array (
  'id' => '',
  'var_session_id' => '',
  'prefix' => 'think',
  'type' => '',
  'auto_start' => true,
)
[ info ] [ LOG ] INIT File
---------------------------------------------------------------
[ 2019-03-04T17:34:10+08:00 ] 192.168.4.109 POST /admin.php/admin/login/dologin
[ info ] 192.168.4.109:89/admin.php/admin/login/dologin [运行时间：0.128007s][吞吐率：7.81req/s] [内存消耗：354.41kb] [文件加载：52]
[ info ] [ LANG ] D:\gitee\qp_backstage\thinkphp\lang\zh-cn.php
[ info ] [ ROUTE ] array (
  'type' => 'module',
  'module' => 
  array (
    0 => 'admin',
    1 => 'login',
    2 => 'dologin',
  ),
)
[ info ] [ HEADER ] array (
  'cookie' => 'Hm_lvt_080836300300be57b7f34f4b3e97d911=1546829557,1546839119,1547002632,1547086437; deviceid=1550893997897; xinhu_ca_rempass=0; lang=zh-cn; theme=default; keepLogin=false; MANTIS_MANAGE_USERS_COOKIE=0%3Ausername%3AASC%3A0; xinhu_ca_adminuser=admin; PHPSESSID=2s0bbiq7f557nlahflk9pu8746; xinhu_mo_adminid=cb0bq0wb0qqc0bb0qth0qtl0qmq0bb0ib0qqc0wi014; Hm_lvt_2a935166b0c9b73fef3c8bae58b95fe4=1551687537; left_menu=; current_node=; return_url=/index.php%3Fm%3D%26c%3DContact%26a%3Dindex; top_menu=84; Hm_lpvt_2a935166b0c9b73fef3c8bae58b95fe4=1551689994',
  'accept-language' => 'zh-CN,zh;q=0.9',
  'accept-encoding' => 'gzip, deflate',
  'referer' => 'http://192.168.4.109:89/admin.php/admin/login/index',
  'content-type' => 'application/x-www-form-urlencoded; charset=UTF-8',
  'user-agent' => 'Mozilla/5.0 (Windows NT 6.1; Win64; x64) AppleWebKit/537.36 (KHTML, like Gecko) Chrome/68.0.3440.106 Safari/537.36',
  'x-requested-with' => 'XMLHttpRequest',
  'origin' => 'http://192.168.4.109:89',
  'accept' => 'application/json, text/javascript, */*; q=0.01',
  'content-length' => '40',
  'connection' => 'close',
  'host' => '192.168.4.109:89',
)
[ info ] [ PARAM ] array (
  'username' => 'admin',
  'password' => '123456',
  'code' => '7YFH',
)
[ info ] [ RUN ] app\admin\controller\Login->doLogin[ D:\gitee\qp_backstage\application\admin\controller\Login.php ]
[ info ] [ SESSION ] INIT array (
  'id' => '',
  'var_session_id' => '',
  'prefix' => 'think',
  'type' => '',
  'auto_start' => true,
)
[ info ] [ DB ] INIT mysql
[ info ] [ LOG ] INIT File
[ sql ] [ DB ] CONNECT:[ UseTime:0.028002s ] mysql:host=127.0.0.1;dbname=txcms;charset=utf8
[ sql ] [ SQL ] SHOW COLUMNS FROM `admin` [ RunTime:0.035002s ]
[ sql ] [ SQL ] SELECT * FROM `admin` WHERE  `username` = 'admin' LIMIT 1 [ RunTime:0.006000s ]
[ sql ] [ SQL ] SHOW COLUMNS FROM `admin_login_log` [ RunTime:0.012001s ]
[ sql ] [ SQL ] SELECT * FROM ( SELECT * FROM `admin_login_log` WHERE  `admin_id` = 1 ORDER BY `create_time` DESC )a LIMIT 1 [ RunTime:0.008001s ]
[ sql ] [ SQL ] INSERT INTO `admin_login_log` (`admin_id` , `ip` , `create_time`) VALUES (1 , '192.168.4.109' , '2019-03-04 17:34:10') [ RunTime:0.005000s ]
---------------------------------------------------------------
[ 2019-03-04T17:34:12+08:00 ] 192.168.4.109 GET /admin.php/admin/index/index
[ info ] 192.168.4.109:89/admin.php/admin/index/index [运行时间：0.090005s][吞吐率：11.11req/s] [内存消耗：340.79kb] [文件加载：54]
[ info ] [ LANG ] D:\gitee\qp_backstage\thinkphp\lang\zh-cn.php
[ info ] [ ROUTE ] array (
  'type' => 'module',
  'module' => 
  array (
    0 => 'admin',
    1 => 'index',
    2 => 'index',
  ),
)
[ info ] [ HEADER ] array (
  'cookie' => 'Hm_lvt_080836300300be57b7f34f4b3e97d911=1546829557,1546839119,1547002632,1547086437; deviceid=1550893997897; xinhu_ca_rempass=0; lang=zh-cn; theme=default; keepLogin=false; MANTIS_MANAGE_USERS_COOKIE=0%3Ausername%3AASC%3A0; xinhu_ca_adminuser=admin; PHPSESSID=2s0bbiq7f557nlahflk9pu8746; xinhu_mo_adminid=cb0bq0wb0qqc0bb0qth0qtl0qmq0bb0ib0qqc0wi014; Hm_lvt_2a935166b0c9b73fef3c8bae58b95fe4=1551687537; left_menu=; current_node=; return_url=/index.php%3Fm%3D%26c%3DContact%26a%3Dindex; top_menu=84; Hm_lpvt_2a935166b0c9b73fef3c8bae58b95fe4=1551689994',
  'accept-language' => 'zh-CN,zh;q=0.9',
  'accept-encoding' => 'gzip, deflate',
  'referer' => 'http://192.168.4.109:89/admin.php/admin/login/index',
  'accept' => 'text/html,application/xhtml+xml,application/xml;q=0.9,image/webp,image/apng,*/*;q=0.8',
  'user-agent' => 'Mozilla/5.0 (Windows NT 6.1; Win64; x64) AppleWebKit/537.36 (KHTML, like Gecko) Chrome/68.0.3440.106 Safari/537.36',
  'upgrade-insecure-requests' => '1',
  'connection' => 'close',
  'host' => '192.168.4.109:89',
)
[ info ] [ PARAM ] array (
)
[ info ] [ SESSION ] INIT array (
  'id' => '',
  'var_session_id' => '',
  'prefix' => 'think',
  'type' => '',
  'auto_start' => true,
)
[ info ] [ DB ] INIT mysql
[ info ] [ RUN ] app\admin\controller\Index->index[ D:\gitee\qp_backstage\application\admin\controller\Index.php ]
[ info ] [ VIEW ] D:\gitee\qp_backstage\public/../application/admin\view\index\index.html [ array (
  0 => 'menu_tree',
  1 => 'config',
) ]
[ info ] [ LOG ] INIT File
[ sql ] [ DB ] CONNECT:[ UseTime:0.002000s ] mysql:host=127.0.0.1;dbname=txcms;charset=utf8
[ sql ] [ SQL ] SHOW COLUMNS FROM `setting` [ RunTime:0.041003s ]
[ sql ] [ SQL ] SELECT * FROM `setting` WHERE  `name` = 'menu_tree' LIMIT 1 [ RunTime:0.002000s ]
[ sql ] [ SQL ] SELECT VERSION() AS ver [ RunTime:0.028001s ]
---------------------------------------------------------------
[ 2019-03-04T17:34:13+08:00 ] 192.168.4.109 GET /admin.php/admin/index/favicon.ico
[ info ] 192.168.4.109:89/admin.php/admin/index/favicon.ico [运行时间：0.040003s][吞吐率：25.00req/s] [内存消耗：345.16kb] [文件加载：55]
[ info ] [ LANG ] D:\gitee\qp_backstage\thinkphp\lang\zh-cn.php
[ info ] [ ROUTE ] array (
  'type' => 'module',
  'module' => 
  array (
    0 => 'admin',
    1 => 'index',
    2 => 'favicon',
  ),
)
[ info ] [ HEADER ] array (
  'cookie' => 'Hm_lvt_080836300300be57b7f34f4b3e97d911=1546829557,1546839119,1547002632,1547086437; deviceid=1550893997897; xinhu_ca_rempass=0; lang=zh-cn; theme=default; keepLogin=false; MANTIS_MANAGE_USERS_COOKIE=0%3Ausername%3AASC%3A0; xinhu_ca_adminuser=admin; PHPSESSID=2s0bbiq7f557nlahflk9pu8746; xinhu_mo_adminid=cb0bq0wb0qqc0bb0qth0qtl0qmq0bb0ib0qqc0wi014; Hm_lvt_2a935166b0c9b73fef3c8bae58b95fe4=1551687537; left_menu=; current_node=; return_url=/index.php%3Fm%3D%26c%3DContact%26a%3Dindex; top_menu=84; Hm_lpvt_2a935166b0c9b73fef3c8bae58b95fe4=1551689994',
  'accept-language' => 'zh-CN,zh;q=0.9',
  'accept-encoding' => 'gzip, deflate',
  'referer' => 'http://192.168.4.109:89/admin.php/admin/index/index',
  'accept' => 'image/webp,image/apng,image/*,*/*;q=0.8',
  'user-agent' => 'Mozilla/5.0 (Windows NT 6.1; Win64; x64) AppleWebKit/537.36 (KHTML, like Gecko) Chrome/68.0.3440.106 Safari/537.36',
  'connection' => 'close',
  'host' => '192.168.4.109:89',
)
[ info ] [ PARAM ] array (
)
[ info ] [ SESSION ] INIT array (
  'id' => '',
  'var_session_id' => '',
  'prefix' => 'think',
  'type' => '',
  'auto_start' => true,
)
[ info ] [ DB ] INIT mysql
[ info ] [ RUN ] app\admin\controller\Index->_empty[ D:\gitee\qp_backstage\application\admin\controller\Index.php ]
[ info ] [ LOG ] INIT File
[ sql ] [ DB ] CONNECT:[ UseTime:0.012000s ] mysql:host=127.0.0.1;dbname=txcms;charset=utf8
[ sql ] [ SQL ] SHOW COLUMNS FROM `setting` [ RunTime:0.014001s ]
[ sql ] [ SQL ] SELECT * FROM `setting` WHERE  `name` = 'menu_tree' LIMIT 1 [ RunTime:0.004000s ]
---------------------------------------------------------------
[ 2019-03-04T17:34:13+08:00 ] 192.168.4.109 GET /admin.php/admin/index/index
[ info ] 192.168.4.109:89/admin.php/admin/index/index [运行时间：0.024001s][吞吐率：41.67req/s] [内存消耗：338.68kb] [文件加载：54]
[ info ] [ LANG ] D:\gitee\qp_backstage\thinkphp\lang\zh-cn.php
[ info ] [ ROUTE ] array (
  'type' => 'module',
  'module' => 
  array (
    0 => 'admin',
    1 => 'index',
    2 => 'index',
  ),
)
[ info ] [ HEADER ] array (
  'cookie' => 'Hm_lvt_080836300300be57b7f34f4b3e97d911=1546829557,1546839119,1547002632,1547086437; deviceid=1550893997897; xinhu_ca_rempass=0; lang=zh-cn; theme=default; keepLogin=false; MANTIS_MANAGE_USERS_COOKIE=0%3Ausername%3AASC%3A0; xinhu_ca_adminuser=admin; PHPSESSID=2s0bbiq7f557nlahflk9pu8746; xinhu_mo_adminid=cb0bq0wb0qqc0bb0qth0qtl0qmq0bb0ib0qqc0wi014; Hm_lvt_2a935166b0c9b73fef3c8bae58b95fe4=1551687537; left_menu=; current_node=; return_url=/index.php%3Fm%3D%26c%3DContact%26a%3Dindex; top_menu=84; Hm_lpvt_2a935166b0c9b73fef3c8bae58b95fe4=1551689994',
  'accept-language' => 'zh-CN,zh;q=0.9',
  'accept-encoding' => 'gzip, deflate',
  'referer' => 'http://192.168.4.109:89/admin.php/admin/index/index',
  'accept' => 'image/webp,image/apng,image/*,*/*;q=0.8',
  'user-agent' => 'Mozilla/5.0 (Windows NT 6.1; Win64; x64) AppleWebKit/537.36 (KHTML, like Gecko) Chrome/68.0.3440.106 Safari/537.36',
  'connection' => 'close',
  'host' => '192.168.4.109:89',
)
[ info ] [ PARAM ] array (
)
[ info ] [ SESSION ] INIT array (
  'id' => '',
  'var_session_id' => '',
  'prefix' => 'think',
  'type' => '',
  'auto_start' => true,
)
[ info ] [ DB ] INIT mysql
[ info ] [ RUN ] app\admin\controller\Index->index[ D:\gitee\qp_backstage\application\admin\controller\Index.php ]
[ info ] [ VIEW ] D:\gitee\qp_backstage\public/../application/admin\view\index\index.html [ array (
  0 => 'menu_tree',
  1 => 'config',
) ]
[ info ] [ LOG ] INIT File
[ sql ] [ DB ] CONNECT:[ UseTime:0.010001s ] mysql:host=127.0.0.1;dbname=txcms;charset=utf8
[ sql ] [ SQL ] SHOW COLUMNS FROM `setting` [ RunTime:0.008000s ]
[ sql ] [ SQL ] SELECT * FROM `setting` WHERE  `name` = 'menu_tree' LIMIT 1 [ RunTime:0.002000s ]
[ sql ] [ SQL ] SELECT VERSION() AS ver [ RunTime:0.000000s ]
---------------------------------------------------------------
[ 2019-03-04T17:34:15+08:00 ] 192.168.4.109 GET /admin.php/admin/detail/index
[ info ] 192.168.4.109:89/admin.php/admin/detail/index [运行时间：0.161009s][吞吐率：6.21req/s] [内存消耗：468.73kb] [文件加载：62]
[ info ] [ LANG ] D:\gitee\qp_backstage\thinkphp\lang\zh-cn.php
[ info ] [ ROUTE ] array (
  'type' => 'module',
  'module' => 
  array (
    0 => 'admin',
    1 => 'detail',
    2 => 'index',
  ),
)
[ info ] [ HEADER ] array (
  'cookie' => 'Hm_lvt_080836300300be57b7f34f4b3e97d911=1546829557,1546839119,1547002632,1547086437; deviceid=1550893997897; xinhu_ca_rempass=0; lang=zh-cn; theme=default; keepLogin=false; MANTIS_MANAGE_USERS_COOKIE=0%3Ausername%3AASC%3A0; xinhu_ca_adminuser=admin; PHPSESSID=2s0bbiq7f557nlahflk9pu8746; xinhu_mo_adminid=cb0bq0wb0qqc0bb0qth0qtl0qmq0bb0ib0qqc0wi014; Hm_lvt_2a935166b0c9b73fef3c8bae58b95fe4=1551687537; left_menu=; current_node=; return_url=/index.php%3Fm%3D%26c%3DContact%26a%3Dindex; top_menu=84; Hm_lpvt_2a935166b0c9b73fef3c8bae58b95fe4=1551689994',
  'accept-language' => 'zh-CN,zh;q=0.9',
  'accept-encoding' => 'gzip, deflate',
  'referer' => 'http://192.168.4.109:89/admin.php/admin/index/index',
  'accept' => 'text/html,application/xhtml+xml,application/xml;q=0.9,image/webp,image/apng,*/*;q=0.8',
  'user-agent' => 'Mozilla/5.0 (Windows NT 6.1; Win64; x64) AppleWebKit/537.36 (KHTML, like Gecko) Chrome/68.0.3440.106 Safari/537.36',
  'upgrade-insecure-requests' => '1',
  'connection' => 'close',
  'host' => '192.168.4.109:89',
)
[ info ] [ PARAM ] array (
)
[ info ] [ SESSION ] INIT array (
  'id' => '',
  'var_session_id' => '',
  'prefix' => 'think',
  'type' => '',
  'auto_start' => true,
)
[ info ] [ DB ] INIT mysql
[ info ] [ RUN ] app\admin\controller\Detail->index[ D:\gitee\qp_backstage\application\admin\controller\Detail.php ]
[ info ] [ VIEW ] D:\gitee\qp_backstage\public/../application/admin\view\detail\index.html [ array (
  0 => 'menu_tree',
  1 => 'data',
  2 => 'page',
) ]
[ info ] [ LOG ] INIT File
[ sql ] [ DB ] CONNECT:[ UseTime:0.011000s ] mysql:host=127.0.0.1;dbname=txcms;charset=utf8
[ sql ] [ SQL ] SHOW COLUMNS FROM `setting` [ RunTime:0.008001s ]
[ sql ] [ SQL ] SELECT * FROM `setting` WHERE  `name` = 'menu_tree' LIMIT 1 [ RunTime:0.001000s ]
[ sql ] [ SQL ] SHOW COLUMNS FROM `detail_log` [ RunTime:0.011001s ]
[ sql ] [ SQL ] SELECT COUNT(*) AS tp_count FROM `detail_log` LIMIT 1 [ RunTime:0.001000s ]
[ sql ] [ SQL ] SELECT * FROM `detail_log` ORDER BY `create_time` DESC LIMIT 0,15 [ RunTime:0.002000s ]
[ sql ] [ SQL ] SELECT * FROM `detail_log` WHERE  `id` = 3 LIMIT 1 [ RunTime:0.002000s ]
[ sql ] [ SQL ] SHOW COLUMNS FROM `user` [ RunTime:0.010001s ]
[ sql ] [ SQL ] SELECT * FROM `user` WHERE  `id` = 267 LIMIT 1 [ RunTime:0.001000s ]
[ sql ] [ SQL ] SELECT * FROM `detail_log` WHERE  `id` = 3 LIMIT 1 [ RunTime:0.001000s ]
[ sql ] [ SQL ] SHOW COLUMNS FROM `game_list` [ RunTime:0.010001s ]
[ sql ] [ SQL ] SELECT * FROM `game_list` WHERE  `id` = 1 LIMIT 1 [ RunTime:0.001000s ]
[ sql ] [ SQL ] SELECT * FROM `detail_log` WHERE  `id` = 3 LIMIT 1 [ RunTime:0.000000s ]
[ sql ] [ SQL ] SHOW COLUMNS FROM `detail_action` [ RunTime:0.009000s ]
[ sql ] [ SQL ] SELECT * FROM `detail_action` WHERE  `id` = 2 LIMIT 1 [ RunTime:0.001000s ]
[ sql ] [ SQL ] SELECT * FROM `detail_log` WHERE  `id` = 43 LIMIT 1 [ RunTime:0.001001s ]
[ sql ] [ SQL ] SELECT * FROM `user` WHERE  `id` = 230 LIMIT 1 [ RunTime:0.001000s ]
[ sql ] [ SQL ] SELECT * FROM `detail_log` WHERE  `id` = 43 LIMIT 1 [ RunTime:0.000000s ]
[ sql ] [ SQL ] SELECT * FROM `game_list` WHERE  `id` = 0 LIMIT 1 [ RunTime:0.000000s ]
[ sql ] [ SQL ] SELECT * FROM `detail_log` WHERE  `id` = 43 LIMIT 1 [ RunTime:0.001000s ]
[ sql ] [ SQL ] SELECT * FROM `detail_action` WHERE  `id` = 1 LIMIT 1 [ RunTime:0.001000s ]
[ sql ] [ SQL ] SELECT * FROM `detail_log` WHERE  `id` = 42 LIMIT 1 [ RunTime:0.001000s ]
[ sql ] [ SQL ] SELECT * FROM `user` WHERE  `id` = 230 LIMIT 1 [ RunTime:0.001000s ]
[ sql ] [ SQL ] SELECT * FROM `detail_log` WHERE  `id` = 42 LIMIT 1 [ RunTime:0.000000s ]
[ sql ] [ SQL ] SELECT * FROM `game_list` WHERE  `id` = 0 LIMIT 1 [ RunTime:0.001000s ]
[ sql ] [ SQL ] SELECT * FROM `detail_log` WHERE  `id` = 42 LIMIT 1 [ RunTime:0.001000s ]
[ sql ] [ SQL ] SELECT * FROM `detail_action` WHERE  `id` = 1 LIMIT 1 [ RunTime:0.001000s ]
[ sql ] [ SQL ] SELECT * FROM `detail_log` WHERE  `id` = 41 LIMIT 1 [ RunTime:0.001000s ]
[ sql ] [ SQL ] SELECT * FROM `user` WHERE  `id` = 230 LIMIT 1 [ RunTime:0.001000s ]
[ sql ] [ SQL ] SELECT * FROM `detail_log` WHERE  `id` = 41 LIMIT 1 [ RunTime:0.000000s ]
[ sql ] [ SQL ] SELECT * FROM `game_list` WHERE  `id` = 0 LIMIT 1 [ RunTime:0.000000s ]
[ sql ] [ SQL ] SELECT * FROM `detail_log` WHERE  `id` = 41 LIMIT 1 [ RunTime:0.001000s ]
[ sql ] [ SQL ] SELECT * FROM `detail_action` WHERE  `id` = 1 LIMIT 1 [ RunTime:0.000000s ]
[ sql ] [ SQL ] SELECT * FROM `detail_log` WHERE  `id` = 40 LIMIT 1 [ RunTime:0.001000s ]
[ sql ] [ SQL ] SELECT * FROM `user` WHERE  `id` = 230 LIMIT 1 [ RunTime:0.001000s ]
[ sql ] [ SQL ] SELECT * FROM `detail_log` WHERE  `id` = 40 LIMIT 1 [ RunTime:0.000000s ]
[ sql ] [ SQL ] SELECT * FROM `game_list` WHERE  `id` = 0 LIMIT 1 [ RunTime:0.001000s ]
[ sql ] [ SQL ] SELECT * FROM `detail_log` WHERE  `id` = 40 LIMIT 1 [ RunTime:0.001000s ]
[ sql ] [ SQL ] SELECT * FROM `detail_action` WHERE  `id` = 1 LIMIT 1 [ RunTime:0.000000s ]
[ sql ] [ SQL ] SELECT * FROM `detail_log` WHERE  `id` = 39 LIMIT 1 [ RunTime:0.000000s ]
[ sql ] [ SQL ] SELECT * FROM `user` WHERE  `id` = 231 LIMIT 1 [ RunTime:0.001000s ]
[ sql ] [ SQL ] SELECT * FROM `detail_log` WHERE  `id` = 39 LIMIT 1 [ RunTime:0.000000s ]
[ sql ] [ SQL ] SELECT * FROM `game_list` WHERE  `id` = 0 LIMIT 1 [ RunTime:0.001000s ]
[ sql ] [ SQL ] SELECT * FROM `detail_log` WHERE  `id` = 39 LIMIT 1 [ RunTime:0.000000s ]
[ sql ] [ SQL ] SELECT * FROM `detail_action` WHERE  `id` = 1 LIMIT 1 [ RunTime:0.001000s ]
[ sql ] [ SQL ] SELECT * FROM `detail_log` WHERE  `id` = 38 LIMIT 1 [ RunTime:0.001000s ]
[ sql ] [ SQL ] SELECT * FROM `user` WHERE  `id` = 231 LIMIT 1 [ RunTime:0.000000s ]
[ sql ] [ SQL ] SELECT * FROM `detail_log` WHERE  `id` = 38 LIMIT 1 [ RunTime:0.000000s ]
[ sql ] [ SQL ] SELECT * FROM `game_list` WHERE  `id` = 0 LIMIT 1 [ RunTime:0.001000s ]
[ sql ] [ SQL ] SELECT * FROM `detail_log` WHERE  `id` = 38 LIMIT 1 [ RunTime:0.001000s ]
[ sql ] [ SQL ] SELECT * FROM `detail_action` WHERE  `id` = 1 LIMIT 1 [ RunTime:0.000000s ]
[ sql ] [ SQL ] SELECT * FROM `detail_log` WHERE  `id` = 37 LIMIT 1 [ RunTime:0.001000s ]
[ sql ] [ SQL ] SELECT * FROM `user` WHERE  `id` = 234 LIMIT 1 [ RunTime:0.001000s ]
[ sql ] [ SQL ] SELECT * FROM `detail_log` WHERE  `id` = 37 LIMIT 1 [ RunTime:0.000000s ]
[ sql ] [ SQL ] SELECT * FROM `game_list` WHERE  `id` = 0 LIMIT 1 [ RunTime:0.001000s ]
[ sql ] [ SQL ] SELECT * FROM `detail_log` WHERE  `id` = 37 LIMIT 1 [ RunTime:0.000000s ]
[ sql ] [ SQL ] SELECT * FROM `detail_action` WHERE  `id` = 1 LIMIT 1 [ RunTime:0.000000s ]
[ sql ] [ SQL ] SELECT * FROM `detail_log` WHERE  `id` = 36 LIMIT 1 [ RunTime:0.001000s ]
[ sql ] [ SQL ] SELECT * FROM `user` WHERE  `id` = 233 LIMIT 1 [ RunTime:0.000000s ]
[ sql ] [ SQL ] SELECT * FROM `detail_log` WHERE  `id` = 36 LIMIT 1 [ RunTime:0.000000s ]
[ sql ] [ SQL ] SELECT * FROM `game_list` WHERE  `id` = 0 LIMIT 1 [ RunTime:0.001000s ]
[ sql ] [ SQL ] SELECT * FROM `detail_log` WHERE  `id` = 36 LIMIT 1 [ RunTime:0.000000s ]
[ sql ] [ SQL ] SELECT * FROM `detail_action` WHERE  `id` = 1 LIMIT 1 [ RunTime:0.000000s ]
[ sql ] [ SQL ] SELECT * FROM `detail_log` WHERE  `id` = 35 LIMIT 1 [ RunTime:0.001000s ]
[ sql ] [ SQL ] SELECT * FROM `user` WHERE  `id` = 230 LIMIT 1 [ RunTime:0.002000s ]
[ sql ] [ SQL ] SELECT * FROM `detail_log` WHERE  `id` = 35 LIMIT 1 [ RunTime:0.001000s ]
[ sql ] [ SQL ] SELECT * FROM `game_list` WHERE  `id` = 0 LIMIT 1 [ RunTime:0.001000s ]
[ sql ] [ SQL ] SELECT * FROM `detail_log` WHERE  `id` = 35 LIMIT 1 [ RunTime:0.001000s ]
[ sql ] [ SQL ] SELECT * FROM `detail_action` WHERE  `id` = 1 LIMIT 1 [ RunTime:0.000000s ]
[ sql ] [ SQL ] SELECT * FROM `detail_log` WHERE  `id` = 34 LIMIT 1 [ RunTime:0.000000s ]
[ sql ] [ SQL ] SELECT * FROM `user` WHERE  `id` = 230 LIMIT 1 [ RunTime:0.001000s ]
[ sql ] [ SQL ] SELECT * FROM `detail_log` WHERE  `id` = 34 LIMIT 1 [ RunTime:0.001000s ]
[ sql ] [ SQL ] SELECT * FROM `game_list` WHERE  `id` = 0 LIMIT 1 [ RunTime:0.000000s ]
[ sql ] [ SQL ] SELECT * FROM `detail_log` WHERE  `id` = 34 LIMIT 1 [ RunTime:0.001000s ]
[ sql ] [ SQL ] SELECT * FROM `detail_action` WHERE  `id` = 1 LIMIT 1 [ RunTime:0.001000s ]
[ sql ] [ SQL ] SELECT * FROM `detail_log` WHERE  `id` = 33 LIMIT 1 [ RunTime:0.000000s ]
[ sql ] [ SQL ] SELECT * FROM `user` WHERE  `id` = 231 LIMIT 1 [ RunTime:0.001000s ]
[ sql ] [ SQL ] SELECT * FROM `detail_log` WHERE  `id` = 33 LIMIT 1 [ RunTime:0.000000s ]
[ sql ] [ SQL ] SELECT * FROM `game_list` WHERE  `id` = 0 LIMIT 1 [ RunTime:0.001000s ]
[ sql ] [ SQL ] SELECT * FROM `detail_log` WHERE  `id` = 33 LIMIT 1 [ RunTime:0.001000s ]
[ sql ] [ SQL ] SELECT * FROM `detail_action` WHERE  `id` = 1 LIMIT 1 [ RunTime:0.001000s ]
[ sql ] [ SQL ] SELECT * FROM `detail_log` WHERE  `id` = 30 LIMIT 1 [ RunTime:0.000000s ]
[ sql ] [ SQL ] SELECT * FROM `user` WHERE  `id` = 100002 LIMIT 1 [ RunTime:0.000000s ]
[ sql ] [ SQL ] SELECT * FROM `detail_log` WHERE  `id` = 30 LIMIT 1 [ RunTime:0.001001s ]
[ sql ] [ SQL ] SELECT * FROM `game_list` WHERE  `id` = 0 LIMIT 1 [ RunTime:0.001000s ]
[ sql ] [ SQL ] SELECT * FROM `detail_log` WHERE  `id` = 30 LIMIT 1 [ RunTime:0.000000s ]
[ sql ] [ SQL ] SELECT * FROM `detail_action` WHERE  `id` = 2 LIMIT 1 [ RunTime:0.000000s ]
[ sql ] [ SQL ] SELECT * FROM `detail_log` WHERE  `id` = 24 LIMIT 1 [ RunTime:0.001000s ]
[ sql ] [ SQL ] SELECT * FROM `user` WHERE  `id` = 234 LIMIT 1 [ RunTime:0.001000s ]
[ sql ] [ SQL ] SELECT * FROM `detail_log` WHERE  `id` = 24 LIMIT 1 [ RunTime:0.001000s ]
[ sql ] [ SQL ] SELECT * FROM `game_list` WHERE  `id` = 0 LIMIT 1 [ RunTime:0.000000s ]
[ sql ] [ SQL ] SELECT * FROM `detail_log` WHERE  `id` = 24 LIMIT 1 [ RunTime:0.001000s ]
[ sql ] [ SQL ] SELECT * FROM `detail_action` WHERE  `id` = 2 LIMIT 1 [ RunTime:0.000000s ]
[ sql ] [ SQL ] SELECT * FROM `detail_log` WHERE  `id` = 16 LIMIT 1 [ RunTime:0.000000s ]
[ sql ] [ SQL ] SELECT * FROM `user` WHERE  `id` = 216 LIMIT 1 [ RunTime:0.001000s ]
[ sql ] [ SQL ] SELECT * FROM `detail_log` WHERE  `id` = 16 LIMIT 1 [ RunTime:0.001000s ]
[ sql ] [ SQL ] SELECT * FROM `game_list` WHERE  `id` = 0 LIMIT 1 [ RunTime:0.000000s ]
[ sql ] [ SQL ] SELECT * FROM `detail_log` WHERE  `id` = 16 LIMIT 1 [ RunTime:0.001000s ]
[ sql ] [ SQL ] SELECT * FROM `detail_action` WHERE  `id` = 2 LIMIT 1 [ RunTime:0.000000s ]
---------------------------------------------------------------
[ 2019-03-04T17:34:15+08:00 ] 192.168.4.109 GET /admin.php/admin/detail/favicon.ico
[ info ] 192.168.4.109:89/admin.php/admin/detail/favicon.ico [运行时间：0.021002s][吞吐率：47.61req/s] [内存消耗：344.24kb] [文件加载：55]
[ info ] [ LANG ] D:\gitee\qp_backstage\thinkphp\lang\zh-cn.php
[ info ] [ ROUTE ] array (
  'type' => 'module',
  'module' => 
  array (
    0 => 'admin',
    1 => 'detail',
    2 => 'favicon',
  ),
)
[ info ] [ HEADER ] array (
  'cookie' => 'Hm_lvt_080836300300be57b7f34f4b3e97d911=1546829557,1546839119,1547002632,1547086437; deviceid=1550893997897; xinhu_ca_rempass=0; lang=zh-cn; theme=default; keepLogin=false; MANTIS_MANAGE_USERS_COOKIE=0%3Ausername%3AASC%3A0; xinhu_ca_adminuser=admin; PHPSESSID=2s0bbiq7f557nlahflk9pu8746; xinhu_mo_adminid=cb0bq0wb0qqc0bb0qth0qtl0qmq0bb0ib0qqc0wi014; Hm_lvt_2a935166b0c9b73fef3c8bae58b95fe4=1551687537; left_menu=; current_node=; return_url=/index.php%3Fm%3D%26c%3DContact%26a%3Dindex; top_menu=84; Hm_lpvt_2a935166b0c9b73fef3c8bae58b95fe4=1551689994',
  'accept-language' => 'zh-CN,zh;q=0.9',
  'accept-encoding' => 'gzip, deflate',
  'referer' => 'http://192.168.4.109:89/admin.php/admin/detail/index',
  'accept' => 'image/webp,image/apng,image/*,*/*;q=0.8',
  'user-agent' => 'Mozilla/5.0 (Windows NT 6.1; Win64; x64) AppleWebKit/537.36 (KHTML, like Gecko) Chrome/68.0.3440.106 Safari/537.36',
  'connection' => 'close',
  'host' => '192.168.4.109:89',
)
[ info ] [ PARAM ] array (
)
[ info ] [ SESSION ] INIT array (
  'id' => '',
  'var_session_id' => '',
  'prefix' => 'think',
  'type' => '',
  'auto_start' => true,
)
[ info ] [ DB ] INIT mysql
[ info ] [ RUN ] app\admin\controller\Detail->_empty[ D:\gitee\qp_backstage\application\admin\controller\Detail.php ]
[ info ] [ LOG ] INIT File
[ sql ] [ DB ] CONNECT:[ UseTime:0.001000s ] mysql:host=127.0.0.1;dbname=txcms;charset=utf8
[ sql ] [ SQL ] SHOW COLUMNS FROM `setting` [ RunTime:0.013000s ]
[ sql ] [ SQL ] SELECT * FROM `setting` WHERE  `name` = 'menu_tree' LIMIT 1 [ RunTime:0.002001s ]
---------------------------------------------------------------
[ 2019-03-04T17:34:15+08:00 ] 192.168.4.109 GET /admin.php/admin/detail/index
[ info ] 192.168.4.109:89/admin.php/admin/detail/index [运行时间：0.134008s][吞吐率：7.46req/s] [内存消耗：466.30kb] [文件加载：62]
[ info ] [ LANG ] D:\gitee\qp_backstage\thinkphp\lang\zh-cn.php
[ info ] [ ROUTE ] array (
  'type' => 'module',
  'module' => 
  array (
    0 => 'admin',
    1 => 'detail',
    2 => 'index',
  ),
)
[ info ] [ HEADER ] array (
  'cookie' => 'Hm_lvt_080836300300be57b7f34f4b3e97d911=1546829557,1546839119,1547002632,1547086437; deviceid=1550893997897; xinhu_ca_rempass=0; lang=zh-cn; theme=default; keepLogin=false; MANTIS_MANAGE_USERS_COOKIE=0%3Ausername%3AASC%3A0; xinhu_ca_adminuser=admin; PHPSESSID=2s0bbiq7f557nlahflk9pu8746; xinhu_mo_adminid=cb0bq0wb0qqc0bb0qth0qtl0qmq0bb0ib0qqc0wi014; Hm_lvt_2a935166b0c9b73fef3c8bae58b95fe4=1551687537; left_menu=; current_node=; return_url=/index.php%3Fm%3D%26c%3DContact%26a%3Dindex; top_menu=84; Hm_lpvt_2a935166b0c9b73fef3c8bae58b95fe4=1551689994',
  'accept-language' => 'zh-CN,zh;q=0.9',
  'accept-encoding' => 'gzip, deflate',
  'referer' => 'http://192.168.4.109:89/admin.php/admin/detail/index',
  'accept' => 'image/webp,image/apng,image/*,*/*;q=0.8',
  'user-agent' => 'Mozilla/5.0 (Windows NT 6.1; Win64; x64) AppleWebKit/537.36 (KHTML, like Gecko) Chrome/68.0.3440.106 Safari/537.36',
  'connection' => 'close',
  'host' => '192.168.4.109:89',
)
[ info ] [ PARAM ] array (
)
[ info ] [ SESSION ] INIT array (
  'id' => '',
  'var_session_id' => '',
  'prefix' => 'think',
  'type' => '',
  'auto_start' => true,
)
[ info ] [ DB ] INIT mysql
[ info ] [ RUN ] app\admin\controller\Detail->index[ D:\gitee\qp_backstage\application\admin\controller\Detail.php ]
[ info ] [ VIEW ] D:\gitee\qp_backstage\public/../application/admin\view\detail\index.html [ array (
  0 => 'menu_tree',
  1 => 'data',
  2 => 'page',
) ]
[ info ] [ LOG ] INIT File
[ sql ] [ DB ] CONNECT:[ UseTime:0.011001s ] mysql:host=127.0.0.1;dbname=txcms;charset=utf8
[ sql ] [ SQL ] SHOW COLUMNS FROM `setting` [ RunTime:0.008000s ]
[ sql ] [ SQL ] SELECT * FROM `setting` WHERE  `name` = 'menu_tree' LIMIT 1 [ RunTime:0.001000s ]
[ sql ] [ SQL ] SHOW COLUMNS FROM `detail_log` [ RunTime:0.011001s ]
[ sql ] [ SQL ] SELECT COUNT(*) AS tp_count FROM `detail_log` LIMIT 1 [ RunTime:0.001000s ]
[ sql ] [ SQL ] SELECT * FROM `detail_log` ORDER BY `create_time` DESC LIMIT 0,15 [ RunTime:0.001000s ]
[ sql ] [ SQL ] SELECT * FROM `detail_log` WHERE  `id` = 3 LIMIT 1 [ RunTime:0.000000s ]
[ sql ] [ SQL ] SHOW COLUMNS FROM `user` [ RunTime:0.009001s ]
[ sql ] [ SQL ] SELECT * FROM `user` WHERE  `id` = 267 LIMIT 1 [ RunTime:0.001000s ]
[ sql ] [ SQL ] SELECT * FROM `detail_log` WHERE  `id` = 3 LIMIT 1 [ RunTime:0.001000s ]
[ sql ] [ SQL ] SHOW COLUMNS FROM `game_list` [ RunTime:0.011000s ]
[ sql ] [ SQL ] SELECT * FROM `game_list` WHERE  `id` = 1 LIMIT 1 [ RunTime:0.001000s ]
[ sql ] [ SQL ] SELECT * FROM `detail_log` WHERE  `id` = 3 LIMIT 1 [ RunTime:0.001001s ]
[ sql ] [ SQL ] SHOW COLUMNS FROM `detail_action` [ RunTime:0.008000s ]
[ sql ] [ SQL ] SELECT * FROM `detail_action` WHERE  `id` = 2 LIMIT 1 [ RunTime:0.001000s ]
[ sql ] [ SQL ] SELECT * FROM `detail_log` WHERE  `id` = 43 LIMIT 1 [ RunTime:0.001000s ]
[ sql ] [ SQL ] SELECT * FROM `user` WHERE  `id` = 230 LIMIT 1 [ RunTime:0.001000s ]
[ sql ] [ SQL ] SELECT * FROM `detail_log` WHERE  `id` = 43 LIMIT 1 [ RunTime:0.000000s ]
[ sql ] [ SQL ] SELECT * FROM `game_list` WHERE  `id` = 0 LIMIT 1 [ RunTime:0.000000s ]
[ sql ] [ SQL ] SELECT * FROM `detail_log` WHERE  `id` = 43 LIMIT 1 [ RunTime:0.001000s ]
[ sql ] [ SQL ] SELECT * FROM `detail_action` WHERE  `id` = 1 LIMIT 1 [ RunTime:0.000000s ]
[ sql ] [ SQL ] SELECT * FROM `detail_log` WHERE  `id` = 42 LIMIT 1 [ RunTime:0.000000s ]
[ sql ] [ SQL ] SELECT * FROM `user` WHERE  `id` = 230 LIMIT 1 [ RunTime:0.001000s ]
[ sql ] [ SQL ] SELECT * FROM `detail_log` WHERE  `id` = 42 LIMIT 1 [ RunTime:0.000000s ]
[ sql ] [ SQL ] SELECT * FROM `game_list` WHERE  `id` = 0 LIMIT 1 [ RunTime:0.001000s ]
[ sql ] [ SQL ] SELECT * FROM `detail_log` WHERE  `id` = 42 LIMIT 1 [ RunTime:0.001000s ]
[ sql ] [ SQL ] SELECT * FROM `detail_action` WHERE  `id` = 1 LIMIT 1 [ RunTime:0.001001s ]
[ sql ] [ SQL ] SELECT * FROM `detail_log` WHERE  `id` = 41 LIMIT 1 [ RunTime:0.001000s ]
[ sql ] [ SQL ] SELECT * FROM `user` WHERE  `id` = 230 LIMIT 1 [ RunTime:0.000000s ]
[ sql ] [ SQL ] SELECT * FROM `detail_log` WHERE  `id` = 41 LIMIT 1 [ RunTime:0.000000s ]
[ sql ] [ SQL ] SELECT * FROM `game_list` WHERE  `id` = 0 LIMIT 1 [ RunTime:0.001000s ]
[ sql ] [ SQL ] SELECT * FROM `detail_log` WHERE  `id` = 41 LIMIT 1 [ RunTime:0.000000s ]
[ sql ] [ SQL ] SELECT * FROM `detail_action` WHERE  `id` = 1 LIMIT 1 [ RunTime:0.000000s ]
[ sql ] [ SQL ] SELECT * FROM `detail_log` WHERE  `id` = 40 LIMIT 1 [ RunTime:0.000000s ]
[ sql ] [ SQL ] SELECT * FROM `user` WHERE  `id` = 230 LIMIT 1 [ RunTime:0.000000s ]
[ sql ] [ SQL ] SELECT * FROM `detail_log` WHERE  `id` = 40 LIMIT 1 [ RunTime:0.001000s ]
[ sql ] [ SQL ] SELECT * FROM `game_list` WHERE  `id` = 0 LIMIT 1 [ RunTime:0.000000s ]
[ sql ] [ SQL ] SELECT * FROM `detail_log` WHERE  `id` = 40 LIMIT 1 [ RunTime:0.000000s ]
[ sql ] [ SQL ] SELECT * FROM `detail_action` WHERE  `id` = 1 LIMIT 1 [ RunTime:0.001000s ]
[ sql ] [ SQL ] SELECT * FROM `detail_log` WHERE  `id` = 39 LIMIT 1 [ RunTime:0.001000s ]
[ sql ] [ SQL ] SELECT * FROM `user` WHERE  `id` = 231 LIMIT 1 [ RunTime:0.000000s ]
[ sql ] [ SQL ] SELECT * FROM `detail_log` WHERE  `id` = 39 LIMIT 1 [ RunTime:0.001000s ]
[ sql ] [ SQL ] SELECT * FROM `game_list` WHERE  `id` = 0 LIMIT 1 [ RunTime:0.001000s ]
[ sql ] [ SQL ] SELECT * FROM `detail_log` WHERE  `id` = 39 LIMIT 1 [ RunTime:0.000000s ]
[ sql ] [ SQL ] SELECT * FROM `detail_action` WHERE  `id` = 1 LIMIT 1 [ RunTime:0.001000s ]
[ sql ] [ SQL ] SELECT * FROM `detail_log` WHERE  `id` = 38 LIMIT 1 [ RunTime:0.001000s ]
[ sql ] [ SQL ] SELECT * FROM `user` WHERE  `id` = 231 LIMIT 1 [ RunTime:0.000000s ]
[ sql ] [ SQL ] SELECT * FROM `detail_log` WHERE  `id` = 38 LIMIT 1 [ RunTime:0.000000s ]
[ sql ] [ SQL ] SELECT * FROM `game_list` WHERE  `id` = 0 LIMIT 1 [ RunTime:0.001000s ]
[ sql ] [ SQL ] SELECT * FROM `detail_log` WHERE  `id` = 38 LIMIT 1 [ RunTime:0.000000s ]
[ sql ] [ SQL ] SELECT * FROM `detail_action` WHERE  `id` = 1 LIMIT 1 [ RunTime:0.000000s ]
[ sql ] [ SQL ] SELECT * FROM `detail_log` WHERE  `id` = 37 LIMIT 1 [ RunTime:0.001000s ]
[ sql ] [ SQL ] SELECT * FROM `user` WHERE  `id` = 234 LIMIT 1 [ RunTime:0.001000s ]
[ sql ] [ SQL ] SELECT * FROM `detail_log` WHERE  `id` = 37 LIMIT 1 [ RunTime:0.000000s ]
[ sql ] [ SQL ] SELECT * FROM `game_list` WHERE  `id` = 0 LIMIT 1 [ RunTime:0.001000s ]
[ sql ] [ SQL ] SELECT * FROM `detail_log` WHERE  `id` = 37 LIMIT 1 [ RunTime:0.001000s ]
[ sql ] [ SQL ] SELECT * FROM `detail_action` WHERE  `id` = 1 LIMIT 1 [ RunTime:0.001000s ]
[ sql ] [ SQL ] SELECT * FROM `detail_log` WHERE  `id` = 36 LIMIT 1 [ RunTime:0.001000s ]
[ sql ] [ SQL ] SELECT * FROM `user` WHERE  `id` = 233 LIMIT 1 [ RunTime:0.001000s ]
[ sql ] [ SQL ] SELECT * FROM `detail_log` WHERE  `id` = 36 LIMIT 1 [ RunTime:0.000000s ]
[ sql ] [ SQL ] SELECT * FROM `game_list` WHERE  `id` = 0 LIMIT 1 [ RunTime:0.001000s ]
[ sql ] [ SQL ] SELECT * FROM `detail_log` WHERE  `id` = 36 LIMIT 1 [ RunTime:0.001000s ]
[ sql ] [ SQL ] SELECT * FROM `detail_action` WHERE  `id` = 1 LIMIT 1 [ RunTime:0.000000s ]
[ sql ] [ SQL ] SELECT * FROM `detail_log` WHERE  `id` = 35 LIMIT 1 [ RunTime:0.000000s ]
[ sql ] [ SQL ] SELECT * FROM `user` WHERE  `id` = 230 LIMIT 1 [ RunTime:0.001000s ]
[ sql ] [ SQL ] SELECT * FROM `detail_log` WHERE  `id` = 35 LIMIT 1 [ RunTime:0.001000s ]
[ sql ] [ SQL ] SELECT * FROM `game_list` WHERE  `id` = 0 LIMIT 1 [ RunTime:0.000000s ]
[ sql ] [ SQL ] SELECT * FROM `detail_log` WHERE  `id` = 35 LIMIT 1 [ RunTime:0.001000s ]
[ sql ] [ SQL ] SELECT * FROM `detail_action` WHERE  `id` = 1 LIMIT 1 [ RunTime:0.001000s ]
[ sql ] [ SQL ] SELECT * FROM `detail_log` WHERE  `id` = 34 LIMIT 1 [ RunTime:0.000000s ]
[ sql ] [ SQL ] SELECT * FROM `user` WHERE  `id` = 230 LIMIT 1 [ RunTime:0.000000s ]
[ sql ] [ SQL ] SELECT * FROM `detail_log` WHERE  `id` = 34 LIMIT 1 [ RunTime:0.001001s ]
[ sql ] [ SQL ] SELECT * FROM `game_list` WHERE  `id` = 0 LIMIT 1 [ RunTime:0.000000s ]
[ sql ] [ SQL ] SELECT * FROM `detail_log` WHERE  `id` = 34 LIMIT 1 [ RunTime:0.001000s ]
[ sql ] [ SQL ] SELECT * FROM `detail_action` WHERE  `id` = 1 LIMIT 1 [ RunTime:0.001000s ]
[ sql ] [ SQL ] SELECT * FROM `detail_log` WHERE  `id` = 33 LIMIT 1 [ RunTime:0.000000s ]
[ sql ] [ SQL ] SELECT * FROM `user` WHERE  `id` = 231 LIMIT 1 [ RunTime:0.000000s ]
[ sql ] [ SQL ] SELECT * FROM `detail_log` WHERE  `id` = 33 LIMIT 1 [ RunTime:0.001000s ]
[ sql ] [ SQL ] SELECT * FROM `game_list` WHERE  `id` = 0 LIMIT 1 [ RunTime:0.000000s ]
[ sql ] [ SQL ] SELECT * FROM `detail_log` WHERE  `id` = 33 LIMIT 1 [ RunTime:0.000000s ]
[ sql ] [ SQL ] SELECT * FROM `detail_action` WHERE  `id` = 1 LIMIT 1 [ RunTime:0.001000s ]
[ sql ] [ SQL ] SELECT * FROM `detail_log` WHERE  `id` = 30 LIMIT 1 [ RunTime:0.000000s ]
[ sql ] [ SQL ] SELECT * FROM `user` WHERE  `id` = 100002 LIMIT 1 [ RunTime:0.000000s ]
[ sql ] [ SQL ] SELECT * FROM `detail_log` WHERE  `id` = 30 LIMIT 1 [ RunTime:0.001000s ]
[ sql ] [ SQL ] SELECT * FROM `game_list` WHERE  `id` = 0 LIMIT 1 [ RunTime:0.000000s ]
[ sql ] [ SQL ] SELECT * FROM `detail_log` WHERE  `id` = 30 LIMIT 1 [ RunTime:0.000000s ]
[ sql ] [ SQL ] SELECT * FROM `detail_action` WHERE  `id` = 2 LIMIT 1 [ RunTime:0.001000s ]
[ sql ] [ SQL ] SELECT * FROM `detail_log` WHERE  `id` = 24 LIMIT 1 [ RunTime:0.000000s ]
[ sql ] [ SQL ] SELECT * FROM `user` WHERE  `id` = 234 LIMIT 1 [ RunTime:0.001000s ]
[ sql ] [ SQL ] SELECT * FROM `detail_log` WHERE  `id` = 24 LIMIT 1 [ RunTime:0.001000s ]
[ sql ] [ SQL ] SELECT * FROM `game_list` WHERE  `id` = 0 LIMIT 1 [ RunTime:0.000000s ]
[ sql ] [ SQL ] SELECT * FROM `detail_log` WHERE  `id` = 24 LIMIT 1 [ RunTime:0.001000s ]
[ sql ] [ SQL ] SELECT * FROM `detail_action` WHERE  `id` = 2 LIMIT 1 [ RunTime:0.001000s ]
[ sql ] [ SQL ] SELECT * FROM `detail_log` WHERE  `id` = 16 LIMIT 1 [ RunTime:0.000000s ]
[ sql ] [ SQL ] SELECT * FROM `user` WHERE  `id` = 216 LIMIT 1 [ RunTime:0.001000s ]
[ sql ] [ SQL ] SELECT * FROM `detail_log` WHERE  `id` = 16 LIMIT 1 [ RunTime:0.001000s ]
[ sql ] [ SQL ] SELECT * FROM `game_list` WHERE  `id` = 0 LIMIT 1 [ RunTime:0.000000s ]
[ sql ] [ SQL ] SELECT * FROM `detail_log` WHERE  `id` = 16 LIMIT 1 [ RunTime:0.000000s ]
[ sql ] [ SQL ] SELECT * FROM `detail_action` WHERE  `id` = 2 LIMIT 1 [ RunTime:0.001000s ]
---------------------------------------------------------------
[ 2019-03-04T17:34:27+08:00 ] 192.168.4.109 GET /admin.php/admin/detail/getGameDetails
[ info ] 192.168.4.109:89/admin.php/admin/detail/getGameDetails [运行时间：0.055003s][吞吐率：18.18req/s] [内存消耗：346.40kb] [文件加载：58]
[ info ] [ LANG ] D:\gitee\qp_backstage\thinkphp\lang\zh-cn.php
[ info ] [ ROUTE ] array (
  'type' => 'module',
  'module' => 
  array (
    0 => 'admin',
    1 => 'detail',
    2 => 'getGameDetails',
  ),
)
[ info ] [ HEADER ] array (
  'cookie' => 'Hm_lvt_080836300300be57b7f34f4b3e97d911=1546829557,1546839119,1547002632,1547086437; deviceid=1550893997897; xinhu_ca_rempass=0; lang=zh-cn; theme=default; keepLogin=false; MANTIS_MANAGE_USERS_COOKIE=0%3Ausername%3AASC%3A0; xinhu_ca_adminuser=admin; PHPSESSID=2s0bbiq7f557nlahflk9pu8746; xinhu_mo_adminid=cb0bq0wb0qqc0bb0qth0qtl0qmq0bb0ib0qqc0wi014; Hm_lvt_2a935166b0c9b73fef3c8bae58b95fe4=1551687537; left_menu=; current_node=; return_url=/index.php%3Fm%3D%26c%3DContact%26a%3Dindex; top_menu=84; Hm_lpvt_2a935166b0c9b73fef3c8bae58b95fe4=1551689994',
  'accept-language' => 'zh-CN,zh;q=0.9',
  'accept-encoding' => 'gzip, deflate',
  'referer' => 'http://192.168.4.109:89/admin.php/admin/detail/index',
  'accept' => 'text/html,application/xhtml+xml,application/xml;q=0.9,image/webp,image/apng,*/*;q=0.8',
  'user-agent' => 'Mozilla/5.0 (iPhone; CPU iPhone OS 10_3_1 like Mac OS X) AppleWebKit/603.1.30 (KHTML, like Gecko) Version/10.0 Mobile/14E304 Safari/602.1',
  'upgrade-insecure-requests' => '1',
  'connection' => 'close',
  'host' => '192.168.4.109:89',
)
[ info ] [ PARAM ] array (
)
[ info ] [ SESSION ] INIT array (
  'id' => '',
  'var_session_id' => '',
  'prefix' => 'think',
  'type' => '',
  'auto_start' => true,
)
[ info ] [ DB ] INIT mysql
[ info ] [ RUN ] app\admin\controller\Detail->getGameDetails[ D:\gitee\qp_backstage\application\admin\controller\Detail.php ]
[ info ] [ LOG ] INIT File
[ sql ] [ DB ] CONNECT:[ UseTime:0.010001s ] mysql:host=127.0.0.1;dbname=txcms;charset=utf8
[ sql ] [ SQL ] SHOW COLUMNS FROM `setting` [ RunTime:0.014000s ]
[ sql ] [ SQL ] SELECT * FROM `setting` WHERE  `name` = 'menu_tree' LIMIT 1 [ RunTime:0.002000s ]
[ sql ] [ SQL ] SHOW COLUMNS FROM `game_play_log` [ RunTime:0.013000s ]
[ sql ] [ SQL ] SELECT * FROM `game_play_log` WHERE  `room_id` = 0 LIMIT 1 [ RunTime:0.002000s ]
[ error ] [8]Trying to get property of non-object[D:\gitee\qp_backstage\application\admin\controller\Detail.php:166]
