---------------------------------------------------------------
[ 2019-03-06T10:31:33+08:00 ] 192.168.4.109 GET /admin.php/admin/index/index.html
[ info ] 192.168.4.109:89/admin.php/admin/index/index.html [运行时间：0.237014s][吞吐率：4.22req/s] [内存消耗：382.95kb] [文件加载：52]
[ info ] [ LANG ] D:\gitee\qp_backstage\thinkphp\lang\zh-cn.php
[ info ] [ ROUTE ] array (
  'type' => 'module',
  'module' => 
  array (
    0 => 'admin',
    1 => 'index',
    2 => 'index',
  ),
)
[ info ] [ HEADER ] array (
  'cookie' => 'Hm_lvt_b393d153aeb26b46e9431fabaf0f6190=1551756164; PHPSESSID=8ck545ci7prp6q99ub70enq6g1',
  'accept-language' => 'zh-CN,zh;q=0.9',
  'accept-encoding' => 'gzip, deflate',
  'accept' => 'text/html,application/xhtml+xml,application/xml;q=0.9,image/webp,image/apng,*/*;q=0.8',
  'user-agent' => 'Mozilla/5.0 (Windows NT 6.1; Win64; x64) AppleWebKit/537.36 (KHTML, like Gecko) Chrome/68.0.3440.106 Safari/537.36',
  'upgrade-insecure-requests' => '1',
  'connection' => 'close',
  'host' => '192.168.4.109:89',
)
[ info ] [ PARAM ] array (
)
[ info ] [ SESSION ] INIT array (
  'id' => '',
  'var_session_id' => '',
  'prefix' => 'think',
  'type' => '',
  'auto_start' => true,
)
[ info ] [ DB ] INIT mysql
[ info ] [ RUN ] app\admin\controller\Index->index[ D:\gitee\qp_backstage\application\admin\controller\Index.php ]
[ info ] [ VIEW ] D:\gitee\qp_backstage\public/../application/admin\view\index\index.html [ array (
  0 => 'menu_tree',
  1 => 'config',
) ]
[ info ] [ LOG ] INIT File
[ sql ] [ DB ] CONNECT:[ UseTime:0.001000s ] mysql:host=127.0.0.1;dbname=txcms;charset=utf8
[ sql ] [ SQL ] SHOW COLUMNS FROM `setting` [ RunTime:0.041003s ]
[ sql ] [ SQL ] SELECT * FROM `setting` WHERE  `name` = 'menu_tree' LIMIT 1 [ RunTime:0.006000s ]
[ sql ] [ SQL ] SELECT VERSION() AS ver [ RunTime:0.002000s ]
---------------------------------------------------------------
[ 2019-03-06T10:31:33+08:00 ] 192.168.4.109 GET /admin.php/admin/index/favicon.ico
[ info ] 192.168.4.109:89/admin.php/admin/index/favicon.ico [运行时间：0.033002s][吞吐率：30.30req/s] [内存消耗：256.01kb] [文件加载：53]
[ info ] [ LANG ] D:\gitee\qp_backstage\thinkphp\lang\zh-cn.php
[ info ] [ ROUTE ] array (
  'type' => 'module',
  'module' => 
  array (
    0 => 'admin',
    1 => 'index',
    2 => 'favicon',
  ),
)
[ info ] [ HEADER ] array (
  'cookie' => 'Hm_lvt_b393d153aeb26b46e9431fabaf0f6190=1551756164; PHPSESSID=8ck545ci7prp6q99ub70enq6g1',
  'accept-language' => 'zh-CN,zh;q=0.9',
  'accept-encoding' => 'gzip, deflate',
  'referer' => 'http://192.168.4.109:89/admin.php/admin/index/index.html',
  'accept' => 'image/webp,image/apng,image/*,*/*;q=0.8',
  'user-agent' => 'Mozilla/5.0 (Windows NT 6.1; Win64; x64) AppleWebKit/537.36 (KHTML, like Gecko) Chrome/68.0.3440.106 Safari/537.36',
  'connection' => 'close',
  'host' => '192.168.4.109:89',
)
[ info ] [ PARAM ] array (
)
[ info ] [ SESSION ] INIT array (
  'id' => '',
  'var_session_id' => '',
  'prefix' => 'think',
  'type' => '',
  'auto_start' => true,
)
[ info ] [ DB ] INIT mysql
[ info ] [ RUN ] app\admin\controller\Index->_empty[ D:\gitee\qp_backstage\application\admin\controller\Index.php ]
[ info ] [ LOG ] INIT File
[ sql ] [ DB ] CONNECT:[ UseTime:0.012000s ] mysql:host=127.0.0.1;dbname=txcms;charset=utf8
[ sql ] [ SQL ] SHOW COLUMNS FROM `setting` [ RunTime:0.011001s ]
[ sql ] [ SQL ] SELECT * FROM `setting` WHERE  `name` = 'menu_tree' LIMIT 1 [ RunTime:0.001000s ]
---------------------------------------------------------------
[ 2019-03-06T10:31:33+08:00 ] 192.168.4.109 GET /admin.php/admin/index/index
[ info ] 192.168.4.109:89/admin.php/admin/index/index [运行时间：0.022001s][吞吐率：45.45req/s] [内存消耗：249.66kb] [文件加载：52]
[ info ] [ LANG ] D:\gitee\qp_backstage\thinkphp\lang\zh-cn.php
[ info ] [ ROUTE ] array (
  'type' => 'module',
  'module' => 
  array (
    0 => 'admin',
    1 => 'index',
    2 => 'index',
  ),
)
[ info ] [ HEADER ] array (
  'cookie' => 'Hm_lvt_b393d153aeb26b46e9431fabaf0f6190=1551756164; PHPSESSID=8ck545ci7prp6q99ub70enq6g1',
  'accept-language' => 'zh-CN,zh;q=0.9',
  'accept-encoding' => 'gzip, deflate',
  'referer' => 'http://192.168.4.109:89/admin.php/admin/index/index.html',
  'accept' => 'image/webp,image/apng,image/*,*/*;q=0.8',
  'user-agent' => 'Mozilla/5.0 (Windows NT 6.1; Win64; x64) AppleWebKit/537.36 (KHTML, like Gecko) Chrome/68.0.3440.106 Safari/537.36',
  'connection' => 'close',
  'host' => '192.168.4.109:89',
)
[ info ] [ PARAM ] array (
)
[ info ] [ SESSION ] INIT array (
  'id' => '',
  'var_session_id' => '',
  'prefix' => 'think',
  'type' => '',
  'auto_start' => true,
)
[ info ] [ DB ] INIT mysql
[ info ] [ RUN ] app\admin\controller\Index->index[ D:\gitee\qp_backstage\application\admin\controller\Index.php ]
[ info ] [ VIEW ] D:\gitee\qp_backstage\public/../application/admin\view\index\index.html [ array (
  0 => 'menu_tree',
  1 => 'config',
) ]
[ info ] [ LOG ] INIT File
[ sql ] [ DB ] CONNECT:[ UseTime:0.001000s ] mysql:host=127.0.0.1;dbname=txcms;charset=utf8
[ sql ] [ SQL ] SHOW COLUMNS FROM `setting` [ RunTime:0.010000s ]
[ sql ] [ SQL ] SELECT * FROM `setting` WHERE  `name` = 'menu_tree' LIMIT 1 [ RunTime:0.001000s ]
[ sql ] [ SQL ] SELECT VERSION() AS ver [ RunTime:0.001000s ]
---------------------------------------------------------------
[ 2019-03-06T10:31:37+08:00 ] 192.168.4.109 GET /admin.php/admin/rule/index
[ info ] 192.168.4.109:89/admin.php/admin/rule/index [运行时间：0.043002s][吞吐率：23.25req/s] [内存消耗：272.11kb] [文件加载：52]
[ info ] [ LANG ] D:\gitee\qp_backstage\thinkphp\lang\zh-cn.php
[ info ] [ ROUTE ] array (
  'type' => 'module',
  'module' => 
  array (
    0 => 'admin',
    1 => 'rule',
    2 => 'index',
  ),
)
[ info ] [ HEADER ] array (
  'cookie' => 'Hm_lvt_b393d153aeb26b46e9431fabaf0f6190=1551756164; PHPSESSID=8ck545ci7prp6q99ub70enq6g1',
  'accept-language' => 'zh-CN,zh;q=0.9',
  'accept-encoding' => 'gzip, deflate',
  'referer' => 'http://192.168.4.109:89/admin.php/admin/index/index.html',
  'accept' => 'text/html,application/xhtml+xml,application/xml;q=0.9,image/webp,image/apng,*/*;q=0.8',
  'user-agent' => 'Mozilla/5.0 (Windows NT 6.1; Win64; x64) AppleWebKit/537.36 (KHTML, like Gecko) Chrome/68.0.3440.106 Safari/537.36',
  'upgrade-insecure-requests' => '1',
  'connection' => 'close',
  'host' => '192.168.4.109:89',
)
[ info ] [ PARAM ] array (
)
[ info ] [ SESSION ] INIT array (
  'id' => '',
  'var_session_id' => '',
  'prefix' => 'think',
  'type' => '',
  'auto_start' => true,
)
[ info ] [ DB ] INIT mysql
[ info ] [ RUN ] app\admin\controller\Rule->index[ D:\gitee\qp_backstage\application\admin\controller\Rule.php ]
[ info ] [ VIEW ] D:\gitee\qp_backstage\public/../application/admin\view\rule\index.html [ array (
  0 => 'menu_tree',
) ]
[ info ] [ LOG ] INIT File
[ sql ] [ DB ] CONNECT:[ UseTime:0.011001s ] mysql:host=127.0.0.1;dbname=txcms;charset=utf8
[ sql ] [ SQL ] SHOW COLUMNS FROM `setting` [ RunTime:0.017001s ]
[ sql ] [ SQL ] SELECT * FROM `setting` WHERE  `name` = 'menu_tree' LIMIT 1 [ RunTime:0.001000s ]
---------------------------------------------------------------
[ 2019-03-06T10:31:37+08:00 ] 192.168.4.109 GET /admin.php/admin/rule/undefinedcss/modules/laydate/default/laydate.css?v=5.0.9
[ info ] 192.168.4.109:89/admin.php/admin/rule/undefinedcss/modules/laydate/default/laydate.css?v=5.0.9 [运行时间：0.029002s][吞吐率：34.48req/s] [内存消耗：255.92kb] [文件加载：53]
[ info ] [ LANG ] D:\gitee\qp_backstage\thinkphp\lang\zh-cn.php
[ info ] [ ROUTE ] array (
  'type' => 'module',
  'module' => 
  array (
    0 => 'admin',
    1 => 'rule',
    2 => 'undefinedcss',
  ),
)
[ info ] [ HEADER ] array (
  'cookie' => 'Hm_lvt_b393d153aeb26b46e9431fabaf0f6190=1551756164; PHPSESSID=8ck545ci7prp6q99ub70enq6g1',
  'accept-language' => 'zh-CN,zh;q=0.9',
  'accept-encoding' => 'gzip, deflate',
  'referer' => 'http://192.168.4.109:89/admin.php/admin/rule/index',
  'accept' => 'text/css,*/*;q=0.1',
  'user-agent' => 'Mozilla/5.0 (Windows NT 6.1; Win64; x64) AppleWebKit/537.36 (KHTML, like Gecko) Chrome/68.0.3440.106 Safari/537.36',
  'connection' => 'close',
  'host' => '192.168.4.109:89',
)
[ info ] [ PARAM ] array (
  'v' => '5.0.9',
  'modules' => 'laydate',
  'default' => 'laydate',
)
[ info ] [ SESSION ] INIT array (
  'id' => '',
  'var_session_id' => '',
  'prefix' => 'think',
  'type' => '',
  'auto_start' => true,
)
[ info ] [ DB ] INIT mysql
[ info ] [ RUN ] app\admin\controller\Rule->_empty[ D:\gitee\qp_backstage\application\admin\controller\Rule.php ]
[ info ] [ LOG ] INIT File
[ sql ] [ DB ] CONNECT:[ UseTime:0.011000s ] mysql:host=127.0.0.1;dbname=txcms;charset=utf8
[ sql ] [ SQL ] SHOW COLUMNS FROM `setting` [ RunTime:0.008001s ]
[ sql ] [ SQL ] SELECT * FROM `setting` WHERE  `name` = 'menu_tree' LIMIT 1 [ RunTime:0.000000s ]
---------------------------------------------------------------
[ 2019-03-06T10:31:37+08:00 ] 192.168.4.109 GET /admin.php/admin/rule/index
[ info ] 192.168.4.109:89/admin.php/admin/rule/index [运行时间：0.041003s][吞吐率：24.39req/s] [内存消耗：270.48kb] [文件加载：52]
[ info ] [ LANG ] D:\gitee\qp_backstage\thinkphp\lang\zh-cn.php
[ info ] [ ROUTE ] array (
  'type' => 'module',
  'module' => 
  array (
    0 => 'admin',
    1 => 'rule',
    2 => 'index',
  ),
)
[ info ] [ HEADER ] array (
  'cookie' => 'Hm_lvt_b393d153aeb26b46e9431fabaf0f6190=1551756164; PHPSESSID=8ck545ci7prp6q99ub70enq6g1',
  'accept-language' => 'zh-CN,zh;q=0.9',
  'accept-encoding' => 'gzip, deflate',
  'referer' => 'http://192.168.4.109:89/admin.php/admin/rule/index',
  'accept' => 'text/css,*/*;q=0.1',
  'user-agent' => 'Mozilla/5.0 (Windows NT 6.1; Win64; x64) AppleWebKit/537.36 (KHTML, like Gecko) Chrome/68.0.3440.106 Safari/537.36',
  'connection' => 'close',
  'host' => '192.168.4.109:89',
)
[ info ] [ PARAM ] array (
)
[ info ] [ SESSION ] INIT array (
  'id' => '',
  'var_session_id' => '',
  'prefix' => 'think',
  'type' => '',
  'auto_start' => true,
)
[ info ] [ DB ] INIT mysql
[ info ] [ RUN ] app\admin\controller\Rule->index[ D:\gitee\qp_backstage\application\admin\controller\Rule.php ]
[ info ] [ VIEW ] D:\gitee\qp_backstage\public/../application/admin\view\rule\index.html [ array (
  0 => 'menu_tree',
) ]
[ info ] [ LOG ] INIT File
[ sql ] [ DB ] CONNECT:[ UseTime:0.018001s ] mysql:host=127.0.0.1;dbname=txcms;charset=utf8
[ sql ] [ SQL ] SHOW COLUMNS FROM `setting` [ RunTime:0.011001s ]
[ sql ] [ SQL ] SELECT * FROM `setting` WHERE  `name` = 'menu_tree' LIMIT 1 [ RunTime:0.001000s ]
---------------------------------------------------------------
[ 2019-03-06T10:31:37+08:00 ] 192.168.4.109 GET /admin.php/admin/rule/favicon.ico
[ info ] 192.168.4.109:89/admin.php/admin/rule/favicon.ico [运行时间：0.036002s][吞吐率：27.78req/s] [内存消耗：254.96kb] [文件加载：53]
[ info ] [ LANG ] D:\gitee\qp_backstage\thinkphp\lang\zh-cn.php
[ info ] [ ROUTE ] array (
  'type' => 'module',
  'module' => 
  array (
    0 => 'admin',
    1 => 'rule',
    2 => 'favicon',
  ),
)
[ info ] [ HEADER ] array (
  'cookie' => 'Hm_lvt_b393d153aeb26b46e9431fabaf0f6190=1551756164; PHPSESSID=8ck545ci7prp6q99ub70enq6g1',
  'accept-language' => 'zh-CN,zh;q=0.9',
  'accept-encoding' => 'gzip, deflate',
  'referer' => 'http://192.168.4.109:89/admin.php/admin/rule/index',
  'accept' => 'image/webp,image/apng,image/*,*/*;q=0.8',
  'user-agent' => 'Mozilla/5.0 (Windows NT 6.1; Win64; x64) AppleWebKit/537.36 (KHTML, like Gecko) Chrome/68.0.3440.106 Safari/537.36',
  'connection' => 'close',
  'host' => '192.168.4.109:89',
)
[ info ] [ PARAM ] array (
)
[ info ] [ SESSION ] INIT array (
  'id' => '',
  'var_session_id' => '',
  'prefix' => 'think',
  'type' => '',
  'auto_start' => true,
)
[ info ] [ DB ] INIT mysql
[ info ] [ RUN ] app\admin\controller\Rule->_empty[ D:\gitee\qp_backstage\application\admin\controller\Rule.php ]
[ info ] [ LOG ] INIT File
[ sql ] [ DB ] CONNECT:[ UseTime:0.014001s ] mysql:host=127.0.0.1;dbname=txcms;charset=utf8
[ sql ] [ SQL ] SHOW COLUMNS FROM `setting` [ RunTime:0.008000s ]
[ sql ] [ SQL ] SELECT * FROM `setting` WHERE  `name` = 'menu_tree' LIMIT 1 [ RunTime:0.006001s ]
---------------------------------------------------------------
[ 2019-03-06T10:31:37+08:00 ] 192.168.4.109 GET /admin.php/admin/rule/getrulejsondata
[ info ] 192.168.4.109:89/admin.php/admin/rule/getrulejsondata [运行时间：0.056004s][吞吐率：17.86req/s] [内存消耗：351.14kb] [文件加载：53]
[ info ] [ LANG ] D:\gitee\qp_backstage\thinkphp\lang\zh-cn.php
[ info ] [ ROUTE ] array (
  'type' => 'module',
  'module' => 
  array (
    0 => 'admin',
    1 => 'rule',
    2 => 'getrulejsondata',
  ),
)
[ info ] [ HEADER ] array (
  'cookie' => 'Hm_lvt_b393d153aeb26b46e9431fabaf0f6190=1551756164; PHPSESSID=8ck545ci7prp6q99ub70enq6g1',
  'accept-language' => 'zh-CN,zh;q=0.9',
  'accept-encoding' => 'gzip, deflate',
  'referer' => 'http://192.168.4.109:89/admin.php/admin/rule/index',
  'user-agent' => 'Mozilla/5.0 (Windows NT 6.1; Win64; x64) AppleWebKit/537.36 (KHTML, like Gecko) Chrome/68.0.3440.106 Safari/537.36',
  'x-requested-with' => 'XMLHttpRequest',
  'accept' => 'application/json, text/javascript, */*; q=0.01',
  'connection' => 'close',
  'host' => '192.168.4.109:89',
)
[ info ] [ PARAM ] array (
)
[ info ] [ SESSION ] INIT array (
  'id' => '',
  'var_session_id' => '',
  'prefix' => 'think',
  'type' => '',
  'auto_start' => true,
)
[ info ] [ DB ] INIT mysql
[ info ] [ RUN ] app\admin\controller\Rule->getRuleJsonData[ D:\gitee\qp_backstage\application\admin\controller\Rule.php ]
[ info ] [ LOG ] INIT File
[ sql ] [ DB ] CONNECT:[ UseTime:0.005000s ] mysql:host=127.0.0.1;dbname=txcms;charset=utf8
[ sql ] [ SQL ] SHOW COLUMNS FROM `setting` [ RunTime:0.013001s ]
[ sql ] [ SQL ] SELECT * FROM `setting` WHERE  `name` = 'menu_tree' LIMIT 1 [ RunTime:0.004000s ]
[ sql ] [ SQL ] SHOW COLUMNS FROM `auth_rule` [ RunTime:0.016001s ]
[ sql ] [ SQL ] SELECT * FROM `auth_rule` [ RunTime:0.001000s ]
---------------------------------------------------------------
[ 2019-03-06T10:31:38+08:00 ] 192.168.4.109 GET /admin.php/admin/rule/index
[ info ] 192.168.4.109:89/admin.php/admin/rule/index [运行时间：0.015001s][吞吐率：66.66req/s] [内存消耗：270.50kb] [文件加载：52]
[ info ] [ LANG ] D:\gitee\qp_backstage\thinkphp\lang\zh-cn.php
[ info ] [ ROUTE ] array (
  'type' => 'module',
  'module' => 
  array (
    0 => 'admin',
    1 => 'rule',
    2 => 'index',
  ),
)
[ info ] [ HEADER ] array (
  'cookie' => 'Hm_lvt_b393d153aeb26b46e9431fabaf0f6190=1551756164; PHPSESSID=8ck545ci7prp6q99ub70enq6g1',
  'accept-language' => 'zh-CN,zh;q=0.9',
  'accept-encoding' => 'gzip, deflate',
  'referer' => 'http://192.168.4.109:89/admin.php/admin/rule/index',
  'accept' => 'image/webp,image/apng,image/*,*/*;q=0.8',
  'user-agent' => 'Mozilla/5.0 (Windows NT 6.1; Win64; x64) AppleWebKit/537.36 (KHTML, like Gecko) Chrome/68.0.3440.106 Safari/537.36',
  'connection' => 'close',
  'host' => '192.168.4.109:89',
)
[ info ] [ PARAM ] array (
)
[ info ] [ SESSION ] INIT array (
  'id' => '',
  'var_session_id' => '',
  'prefix' => 'think',
  'type' => '',
  'auto_start' => true,
)
[ info ] [ DB ] INIT mysql
[ info ] [ RUN ] app\admin\controller\Rule->index[ D:\gitee\qp_backstage\application\admin\controller\Rule.php ]
[ info ] [ VIEW ] D:\gitee\qp_backstage\public/../application/admin\view\rule\index.html [ array (
  0 => 'menu_tree',
) ]
[ info ] [ LOG ] INIT File
[ sql ] [ DB ] CONNECT:[ UseTime:0.001000s ] mysql:host=127.0.0.1;dbname=txcms;charset=utf8
[ sql ] [ SQL ] SHOW COLUMNS FROM `setting` [ RunTime:0.008001s ]
[ sql ] [ SQL ] SELECT * FROM `setting` WHERE  `name` = 'menu_tree' LIMIT 1 [ RunTime:0.001000s ]
---------------------------------------------------------------
[ 2019-03-06T10:31:44+08:00 ] 192.168.4.109 GET /admin.php/admin/rule/edit?id=35
[ info ] 192.168.4.109:89/admin.php/admin/rule/edit?id=35 [运行时间：0.049003s][吞吐率：20.41req/s] [内存消耗：376.18kb] [文件加载：55]
[ info ] [ LANG ] D:\gitee\qp_backstage\thinkphp\lang\zh-cn.php
[ info ] [ ROUTE ] array (
  'type' => 'module',
  'module' => 
  array (
    0 => 'admin',
    1 => 'rule',
    2 => 'edit',
  ),
)
[ info ] [ HEADER ] array (
  'cookie' => 'Hm_lvt_b393d153aeb26b46e9431fabaf0f6190=1551756164; PHPSESSID=8ck545ci7prp6q99ub70enq6g1',
  'accept-language' => 'zh-CN,zh;q=0.9',
  'accept-encoding' => 'gzip, deflate',
  'referer' => 'http://192.168.4.109:89/admin.php/admin/rule/index',
  'accept' => 'text/html,application/xhtml+xml,application/xml;q=0.9,image/webp,image/apng,*/*;q=0.8',
  'user-agent' => 'Mozilla/5.0 (Windows NT 6.1; Win64; x64) AppleWebKit/537.36 (KHTML, like Gecko) Chrome/68.0.3440.106 Safari/537.36',
  'upgrade-insecure-requests' => '1',
  'connection' => 'close',
  'host' => '192.168.4.109:89',
)
[ info ] [ PARAM ] array (
  'id' => '35',
)
[ info ] [ SESSION ] INIT array (
  'id' => '',
  'var_session_id' => '',
  'prefix' => 'think',
  'type' => '',
  'auto_start' => true,
)
[ info ] [ DB ] INIT mysql
[ info ] [ RUN ] app\admin\controller\Rule->edit[ D:\gitee\qp_backstage\application\admin\controller\Rule.php ]
[ info ] [ VIEW ] D:\gitee\qp_backstage\public/../application/admin\view\rule\edit.html [ array (
  0 => 'menu_tree',
  1 => 'ruleTree',
  2 => 'rules',
) ]
[ info ] [ LOG ] INIT File
[ sql ] [ DB ] CONNECT:[ UseTime:0.003000s ] mysql:host=127.0.0.1;dbname=txcms;charset=utf8
[ sql ] [ SQL ] SHOW COLUMNS FROM `setting` [ RunTime:0.009000s ]
[ sql ] [ SQL ] SELECT * FROM `setting` WHERE  `name` = 'menu_tree' LIMIT 1 [ RunTime:0.007001s ]
[ sql ] [ SQL ] SHOW COLUMNS FROM `auth_rule` [ RunTime:0.009000s ]
[ sql ] [ SQL ] SELECT * FROM `auth_rule` WHERE  `id` = 35 LIMIT 1 [ RunTime:0.002000s ]
[ sql ] [ SQL ] SELECT * FROM `auth_rule` [ RunTime:0.001000s ]
---------------------------------------------------------------
[ 2019-03-06T10:31:47+08:00 ] 192.168.4.109 GET /admin.php/admin/rule/index
[ info ] 192.168.4.109:89/admin.php/admin/rule/index [运行时间：0.042002s][吞吐率：23.81req/s] [内存消耗：271.09kb] [文件加载：52]
[ info ] [ LANG ] D:\gitee\qp_backstage\thinkphp\lang\zh-cn.php
[ info ] [ ROUTE ] array (
  'type' => 'module',
  'module' => 
  array (
    0 => 'admin',
    1 => 'rule',
    2 => 'index',
  ),
)
[ info ] [ HEADER ] array (
  'cookie' => 'Hm_lvt_b393d153aeb26b46e9431fabaf0f6190=1551756164; PHPSESSID=8ck545ci7prp6q99ub70enq6g1',
  'accept-language' => 'zh-CN,zh;q=0.9',
  'accept-encoding' => 'gzip, deflate',
  'referer' => 'http://192.168.4.109:89/admin.php/admin/rule/index',
  'accept' => 'text/html,application/xhtml+xml,application/xml;q=0.9,image/webp,image/apng,*/*;q=0.8',
  'user-agent' => 'Mozilla/5.0 (Windows NT 6.1; Win64; x64) AppleWebKit/537.36 (KHTML, like Gecko) Chrome/68.0.3440.106 Safari/537.36',
  'upgrade-insecure-requests' => '1',
  'connection' => 'close',
  'host' => '192.168.4.109:89',
)
[ info ] [ PARAM ] array (
)
[ info ] [ SESSION ] INIT array (
  'id' => '',
  'var_session_id' => '',
  'prefix' => 'think',
  'type' => '',
  'auto_start' => true,
)
[ info ] [ DB ] INIT mysql
[ info ] [ RUN ] app\admin\controller\Rule->index[ D:\gitee\qp_backstage\application\admin\controller\Rule.php ]
[ info ] [ VIEW ] D:\gitee\qp_backstage\public/../application/admin\view\rule\index.html [ array (
  0 => 'menu_tree',
) ]
[ info ] [ LOG ] INIT File
[ sql ] [ DB ] CONNECT:[ UseTime:0.001000s ] mysql:host=127.0.0.1;dbname=txcms;charset=utf8
[ sql ] [ SQL ] SHOW COLUMNS FROM `setting` [ RunTime:0.032002s ]
[ sql ] [ SQL ] SELECT * FROM `setting` WHERE  `name` = 'menu_tree' LIMIT 1 [ RunTime:0.001000s ]
---------------------------------------------------------------
[ 2019-03-06T10:31:48+08:00 ] 192.168.4.109 GET /admin.php/admin/rule/undefinedcss/modules/laydate/default/laydate.css?v=5.0.9
[ info ] 192.168.4.109:89/admin.php/admin/rule/undefinedcss/modules/laydate/default/laydate.css?v=5.0.9 [运行时间：0.035002s][吞吐率：28.57req/s] [内存消耗：255.92kb] [文件加载：53]
[ info ] [ LANG ] D:\gitee\qp_backstage\thinkphp\lang\zh-cn.php
[ info ] [ ROUTE ] array (
  'type' => 'module',
  'module' => 
  array (
    0 => 'admin',
    1 => 'rule',
    2 => 'undefinedcss',
  ),
)
[ info ] [ HEADER ] array (
  'cookie' => 'Hm_lvt_b393d153aeb26b46e9431fabaf0f6190=1551756164; PHPSESSID=8ck545ci7prp6q99ub70enq6g1',
  'accept-language' => 'zh-CN,zh;q=0.9',
  'accept-encoding' => 'gzip, deflate',
  'referer' => 'http://192.168.4.109:89/admin.php/admin/rule/index',
  'accept' => 'text/css,*/*;q=0.1',
  'user-agent' => 'Mozilla/5.0 (Windows NT 6.1; Win64; x64) AppleWebKit/537.36 (KHTML, like Gecko) Chrome/68.0.3440.106 Safari/537.36',
  'connection' => 'close',
  'host' => '192.168.4.109:89',
)
[ info ] [ PARAM ] array (
  'v' => '5.0.9',
  'modules' => 'laydate',
  'default' => 'laydate',
)
[ info ] [ SESSION ] INIT array (
  'id' => '',
  'var_session_id' => '',
  'prefix' => 'think',
  'type' => '',
  'auto_start' => true,
)
[ info ] [ DB ] INIT mysql
[ info ] [ RUN ] app\admin\controller\Rule->_empty[ D:\gitee\qp_backstage\application\admin\controller\Rule.php ]
[ info ] [ LOG ] INIT File
[ sql ] [ DB ] CONNECT:[ UseTime:0.002000s ] mysql:host=127.0.0.1;dbname=txcms;charset=utf8
[ sql ] [ SQL ] SHOW COLUMNS FROM `setting` [ RunTime:0.011000s ]
[ sql ] [ SQL ] SELECT * FROM `setting` WHERE  `name` = 'menu_tree' LIMIT 1 [ RunTime:0.016001s ]
---------------------------------------------------------------
[ 2019-03-06T10:31:48+08:00 ] 192.168.4.109 GET /admin.php/admin/rule/index
[ info ] 192.168.4.109:89/admin.php/admin/rule/index [运行时间：0.059004s][吞吐率：16.95req/s] [内存消耗：270.48kb] [文件加载：52]
[ info ] [ LANG ] D:\gitee\qp_backstage\thinkphp\lang\zh-cn.php
[ info ] [ ROUTE ] array (
  'type' => 'module',
  'module' => 
  array (
    0 => 'admin',
    1 => 'rule',
    2 => 'index',
  ),
)
[ info ] [ HEADER ] array (
  'cookie' => 'Hm_lvt_b393d153aeb26b46e9431fabaf0f6190=1551756164; PHPSESSID=8ck545ci7prp6q99ub70enq6g1',
  'accept-language' => 'zh-CN,zh;q=0.9',
  'accept-encoding' => 'gzip, deflate',
  'referer' => 'http://192.168.4.109:89/admin.php/admin/rule/index',
  'accept' => 'text/css,*/*;q=0.1',
  'user-agent' => 'Mozilla/5.0 (Windows NT 6.1; Win64; x64) AppleWebKit/537.36 (KHTML, like Gecko) Chrome/68.0.3440.106 Safari/537.36',
  'connection' => 'close',
  'host' => '192.168.4.109:89',
)
[ info ] [ PARAM ] array (
)
[ info ] [ SESSION ] INIT array (
  'id' => '',
  'var_session_id' => '',
  'prefix' => 'think',
  'type' => '',
  'auto_start' => true,
)
[ info ] [ DB ] INIT mysql
[ info ] [ RUN ] app\admin\controller\Rule->index[ D:\gitee\qp_backstage\application\admin\controller\Rule.php ]
[ info ] [ VIEW ] D:\gitee\qp_backstage\public/../application/admin\view\rule\index.html [ array (
  0 => 'menu_tree',
) ]
[ info ] [ LOG ] INIT File
[ sql ] [ DB ] CONNECT:[ UseTime:0.025001s ] mysql:host=127.0.0.1;dbname=txcms;charset=utf8
[ sql ] [ SQL ] SHOW COLUMNS FROM `setting` [ RunTime:0.016001s ]
[ sql ] [ SQL ] SELECT * FROM `setting` WHERE  `name` = 'menu_tree' LIMIT 1 [ RunTime:0.005001s ]
---------------------------------------------------------------
[ 2019-03-06T10:31:48+08:00 ] 192.168.4.109 GET /admin.php/admin/rule/favicon.ico
[ info ] 192.168.4.109:89/admin.php/admin/rule/favicon.ico [运行时间：0.029002s][吞吐率：34.48req/s] [内存消耗：254.96kb] [文件加载：53]
[ info ] [ LANG ] D:\gitee\qp_backstage\thinkphp\lang\zh-cn.php
[ info ] [ ROUTE ] array (
  'type' => 'module',
  'module' => 
  array (
    0 => 'admin',
    1 => 'rule',
    2 => 'favicon',
  ),
)
[ info ] [ HEADER ] array (
  'cookie' => 'Hm_lvt_b393d153aeb26b46e9431fabaf0f6190=1551756164; PHPSESSID=8ck545ci7prp6q99ub70enq6g1',
  'accept-language' => 'zh-CN,zh;q=0.9',
  'accept-encoding' => 'gzip, deflate',
  'referer' => 'http://192.168.4.109:89/admin.php/admin/rule/index',
  'accept' => 'image/webp,image/apng,image/*,*/*;q=0.8',
  'user-agent' => 'Mozilla/5.0 (Windows NT 6.1; Win64; x64) AppleWebKit/537.36 (KHTML, like Gecko) Chrome/68.0.3440.106 Safari/537.36',
  'connection' => 'close',
  'host' => '192.168.4.109:89',
)
[ info ] [ PARAM ] array (
)
[ info ] [ SESSION ] INIT array (
  'id' => '',
  'var_session_id' => '',
  'prefix' => 'think',
  'type' => '',
  'auto_start' => true,
)
[ info ] [ DB ] INIT mysql
[ info ] [ RUN ] app\admin\controller\Rule->_empty[ D:\gitee\qp_backstage\application\admin\controller\Rule.php ]
[ info ] [ LOG ] INIT File
[ sql ] [ DB ] CONNECT:[ UseTime:0.002000s ] mysql:host=127.0.0.1;dbname=txcms;charset=utf8
[ sql ] [ SQL ] SHOW COLUMNS FROM `setting` [ RunTime:0.019001s ]
[ sql ] [ SQL ] SELECT * FROM `setting` WHERE  `name` = 'menu_tree' LIMIT 1 [ RunTime:0.001000s ]
---------------------------------------------------------------
[ 2019-03-06T10:31:48+08:00 ] 192.168.4.109 GET /admin.php/admin/rule/index
[ info ] 192.168.4.109:89/admin.php/admin/rule/index [运行时间：0.022002s][吞吐率：45.45req/s] [内存消耗：270.50kb] [文件加载：52]
[ info ] [ LANG ] D:\gitee\qp_backstage\thinkphp\lang\zh-cn.php
[ info ] [ ROUTE ] array (
  'type' => 'module',
  'module' => 
  array (
    0 => 'admin',
    1 => 'rule',
    2 => 'index',
  ),
)
[ info ] [ HEADER ] array (
  'cookie' => 'Hm_lvt_b393d153aeb26b46e9431fabaf0f6190=1551756164; PHPSESSID=8ck545ci7prp6q99ub70enq6g1',
  'accept-language' => 'zh-CN,zh;q=0.9',
  'accept-encoding' => 'gzip, deflate',
  'referer' => 'http://192.168.4.109:89/admin.php/admin/rule/index',
  'accept' => 'image/webp,image/apng,image/*,*/*;q=0.8',
  'user-agent' => 'Mozilla/5.0 (Windows NT 6.1; Win64; x64) AppleWebKit/537.36 (KHTML, like Gecko) Chrome/68.0.3440.106 Safari/537.36',
  'connection' => 'close',
  'host' => '192.168.4.109:89',
)
[ info ] [ PARAM ] array (
)
[ info ] [ SESSION ] INIT array (
  'id' => '',
  'var_session_id' => '',
  'prefix' => 'think',
  'type' => '',
  'auto_start' => true,
)
[ info ] [ DB ] INIT mysql
[ info ] [ RUN ] app\admin\controller\Rule->index[ D:\gitee\qp_backstage\application\admin\controller\Rule.php ]
[ info ] [ VIEW ] D:\gitee\qp_backstage\public/../application/admin\view\rule\index.html [ array (
  0 => 'menu_tree',
) ]
[ info ] [ LOG ] INIT File
[ sql ] [ DB ] CONNECT:[ UseTime:0.002000s ] mysql:host=127.0.0.1;dbname=txcms;charset=utf8
[ sql ] [ SQL ] SHOW COLUMNS FROM `setting` [ RunTime:0.011000s ]
[ sql ] [ SQL ] SELECT * FROM `setting` WHERE  `name` = 'menu_tree' LIMIT 1 [ RunTime:0.000000s ]
---------------------------------------------------------------
[ 2019-03-06T10:31:49+08:00 ] 192.168.4.109 GET /admin.php/admin/rule/getrulejsondata
[ info ] 192.168.4.109:89/admin.php/admin/rule/getrulejsondata [运行时间：0.028002s][吞吐率：35.71req/s] [内存消耗：350.06kb] [文件加载：53]
[ info ] [ LANG ] D:\gitee\qp_backstage\thinkphp\lang\zh-cn.php
[ info ] [ ROUTE ] array (
  'type' => 'module',
  'module' => 
  array (
    0 => 'admin',
    1 => 'rule',
    2 => 'getrulejsondata',
  ),
)
[ info ] [ HEADER ] array (
  'cookie' => 'Hm_lvt_b393d153aeb26b46e9431fabaf0f6190=1551756164; PHPSESSID=8ck545ci7prp6q99ub70enq6g1',
  'accept-language' => 'zh-CN,zh;q=0.9',
  'accept-encoding' => 'gzip, deflate',
  'referer' => 'http://192.168.4.109:89/admin.php/admin/rule/index',
  'user-agent' => 'Mozilla/5.0 (Windows NT 6.1; Win64; x64) AppleWebKit/537.36 (KHTML, like Gecko) Chrome/68.0.3440.106 Safari/537.36',
  'x-requested-with' => 'XMLHttpRequest',
  'accept' => 'application/json, text/javascript, */*; q=0.01',
  'connection' => 'close',
  'host' => '192.168.4.109:89',
)
[ info ] [ PARAM ] array (
)
[ info ] [ SESSION ] INIT array (
  'id' => '',
  'var_session_id' => '',
  'prefix' => 'think',
  'type' => '',
  'auto_start' => true,
)
[ info ] [ DB ] INIT mysql
[ info ] [ RUN ] app\admin\controller\Rule->getRuleJsonData[ D:\gitee\qp_backstage\application\admin\controller\Rule.php ]
[ info ] [ LOG ] INIT File
[ sql ] [ DB ] CONNECT:[ UseTime:0.002000s ] mysql:host=127.0.0.1;dbname=txcms;charset=utf8
[ sql ] [ SQL ] SHOW COLUMNS FROM `setting` [ RunTime:0.009001s ]
[ sql ] [ SQL ] SELECT * FROM `setting` WHERE  `name` = 'menu_tree' LIMIT 1 [ RunTime:0.001000s ]
[ sql ] [ SQL ] SHOW COLUMNS FROM `auth_rule` [ RunTime:0.010000s ]
[ sql ] [ SQL ] SELECT * FROM `auth_rule` [ RunTime:0.001000s ]
---------------------------------------------------------------
[ 2019-03-06T11:10:20+08:00 ] 192.168.4.109 GET /admin.php/admin/rule/add
[ info ] 192.168.4.109:89/admin.php/admin/rule/add [运行时间：0.126008s][吞吐率：7.94req/s] [内存消耗：522.35kb] [文件加载：57]
[ info ] [ LANG ] D:\gitee\qp_backstage\thinkphp\lang\zh-cn.php
[ info ] [ ROUTE ] array (
  'type' => 'module',
  'module' => 
  array (
    0 => 'admin',
    1 => 'rule',
    2 => 'add',
  ),
)
[ info ] [ HEADER ] array (
  'cookie' => 'PHPSESSID=ghdb9fiuqimmd811986os89pa6',
  'accept-language' => 'zh-CN,zh;q=0.9',
  'accept-encoding' => 'gzip, deflate',
  'referer' => 'http://192.168.4.109:89/admin.php/admin/rule/index',
  'accept' => 'text/html,application/xhtml+xml,application/xml;q=0.9,image/webp,image/apng,*/*;q=0.8',
  'user-agent' => 'Mozilla/5.0 (Windows NT 6.1; Win64; x64) AppleWebKit/537.36 (KHTML, like Gecko) Chrome/68.0.3440.106 Safari/537.36',
  'upgrade-insecure-requests' => '1',
  'connection' => 'close',
  'host' => '192.168.4.109:89',
)
[ info ] [ PARAM ] array (
)
[ info ] [ SESSION ] INIT array (
  'id' => '',
  'var_session_id' => '',
  'prefix' => 'think',
  'type' => '',
  'auto_start' => true,
)
[ info ] [ DB ] INIT mysql
[ info ] [ RUN ] app\admin\controller\Rule->add[ D:\gitee\qp_backstage\application\admin\controller\Rule.php ]
[ info ] [ VIEW ] D:\gitee\qp_backstage\public/../application/admin\view\rule\add.html [ array (
  0 => 'menu_tree',
  1 => 'ruleTree',
) ]
[ info ] [ LOG ] INIT File
[ sql ] [ DB ] CONNECT:[ UseTime:0.001000s ] mysql:host=127.0.0.1;dbname=txcms;charset=utf8
[ sql ] [ SQL ] SHOW COLUMNS FROM `setting` [ RunTime:0.020001s ]
[ sql ] [ SQL ] SELECT * FROM `setting` WHERE  `name` = 'menu_tree' LIMIT 1 [ RunTime:0.002000s ]
[ sql ] [ SQL ] SHOW COLUMNS FROM `auth_rule` [ RunTime:0.009001s ]
[ sql ] [ SQL ] SELECT * FROM `auth_rule` [ RunTime:0.000000s ]
---------------------------------------------------------------
[ 2019-03-06T11:10:54+08:00 ] 192.168.4.109 GET /admin.php/admin/rule/index
[ info ] 192.168.4.109:89/admin.php/admin/rule/index [运行时间：0.032002s][吞吐率：31.25req/s] [内存消耗：272.04kb] [文件加载：52]
[ info ] [ LANG ] D:\gitee\qp_backstage\thinkphp\lang\zh-cn.php
[ info ] [ ROUTE ] array (
  'type' => 'module',
  'module' => 
  array (
    0 => 'admin',
    1 => 'rule',
    2 => 'index',
  ),
)
[ info ] [ HEADER ] array (
  'cookie' => 'PHPSESSID=ghdb9fiuqimmd811986os89pa6',
  'accept-language' => 'zh-CN,zh;q=0.9',
  'accept-encoding' => 'gzip, deflate',
  'referer' => 'http://192.168.4.109:89/admin.php/admin/rule/index',
  'accept' => 'text/html,application/xhtml+xml,application/xml;q=0.9,image/webp,image/apng,*/*;q=0.8',
  'user-agent' => 'Mozilla/5.0 (Windows NT 6.1; Win64; x64) AppleWebKit/537.36 (KHTML, like Gecko) Chrome/68.0.3440.106 Safari/537.36',
  'upgrade-insecure-requests' => '1',
  'cache-control' => 'max-age=0',
  'connection' => 'close',
  'host' => '192.168.4.109:89',
)
[ info ] [ PARAM ] array (
)
[ info ] [ SESSION ] INIT array (
  'id' => '',
  'var_session_id' => '',
  'prefix' => 'think',
  'type' => '',
  'auto_start' => true,
)
[ info ] [ DB ] INIT mysql
[ info ] [ RUN ] app\admin\controller\Rule->index[ D:\gitee\qp_backstage\application\admin\controller\Rule.php ]
[ info ] [ VIEW ] D:\gitee\qp_backstage\public/../application/admin\view\rule\index.html [ array (
  0 => 'menu_tree',
) ]
[ info ] [ LOG ] INIT File
[ sql ] [ DB ] CONNECT:[ UseTime:0.011000s ] mysql:host=127.0.0.1;dbname=txcms;charset=utf8
[ sql ] [ SQL ] SHOW COLUMNS FROM `setting` [ RunTime:0.010001s ]
[ sql ] [ SQL ] SELECT * FROM `setting` WHERE  `name` = 'menu_tree' LIMIT 1 [ RunTime:0.002000s ]
---------------------------------------------------------------
[ 2019-03-06T11:10:54+08:00 ] 192.168.4.109 GET /admin.php/admin/rule/undefinedcss/modules/laydate/default/laydate.css?v=5.0.9
[ info ] 192.168.4.109:89/admin.php/admin/rule/undefinedcss/modules/laydate/default/laydate.css?v=5.0.9 [运行时间：0.038002s][吞吐率：26.31req/s] [内存消耗：256.79kb] [文件加载：53]
[ info ] [ LANG ] D:\gitee\qp_backstage\thinkphp\lang\zh-cn.php
[ info ] [ ROUTE ] array (
  'type' => 'module',
  'module' => 
  array (
    0 => 'admin',
    1 => 'rule',
    2 => 'undefinedcss',
  ),
)
[ info ] [ HEADER ] array (
  'cookie' => 'PHPSESSID=ghdb9fiuqimmd811986os89pa6',
  'accept-language' => 'zh-CN,zh;q=0.9',
  'accept-encoding' => 'gzip, deflate',
  'referer' => 'http://192.168.4.109:89/admin.php/admin/rule/index',
  'accept' => 'text/css,*/*;q=0.1',
  'user-agent' => 'Mozilla/5.0 (Windows NT 6.1; Win64; x64) AppleWebKit/537.36 (KHTML, like Gecko) Chrome/68.0.3440.106 Safari/537.36',
  'connection' => 'close',
  'host' => '192.168.4.109:89',
)
[ info ] [ PARAM ] array (
  'v' => '5.0.9',
  'modules' => 'laydate',
  'default' => 'laydate',
)
[ info ] [ SESSION ] INIT array (
  'id' => '',
  'var_session_id' => '',
  'prefix' => 'think',
  'type' => '',
  'auto_start' => true,
)
[ info ] [ DB ] INIT mysql
[ info ] [ RUN ] app\admin\controller\Rule->_empty[ D:\gitee\qp_backstage\application\admin\controller\Rule.php ]
[ info ] [ LOG ] INIT File
[ sql ] [ DB ] CONNECT:[ UseTime:0.014001s ] mysql:host=127.0.0.1;dbname=txcms;charset=utf8
[ sql ] [ SQL ] SHOW COLUMNS FROM `setting` [ RunTime:0.009000s ]
[ sql ] [ SQL ] SELECT * FROM `setting` WHERE  `name` = 'menu_tree' LIMIT 1 [ RunTime:0.002001s ]
---------------------------------------------------------------
[ 2019-03-06T11:10:54+08:00 ] 192.168.4.109 GET /admin.php/admin/rule/index
[ info ] 192.168.4.109:89/admin.php/admin/rule/index [运行时间：0.024001s][吞吐率：41.67req/s] [内存消耗：270.30kb] [文件加载：52]
[ info ] [ LANG ] D:\gitee\qp_backstage\thinkphp\lang\zh-cn.php
[ info ] [ ROUTE ] array (
  'type' => 'module',
  'module' => 
  array (
    0 => 'admin',
    1 => 'rule',
    2 => 'index',
  ),
)
[ info ] [ HEADER ] array (
  'cookie' => 'PHPSESSID=ghdb9fiuqimmd811986os89pa6',
  'accept-language' => 'zh-CN,zh;q=0.9',
  'accept-encoding' => 'gzip, deflate',
  'referer' => 'http://192.168.4.109:89/admin.php/admin/rule/index',
  'accept' => 'text/css,*/*;q=0.1',
  'user-agent' => 'Mozilla/5.0 (Windows NT 6.1; Win64; x64) AppleWebKit/537.36 (KHTML, like Gecko) Chrome/68.0.3440.106 Safari/537.36',
  'connection' => 'close',
  'host' => '192.168.4.109:89',
)
[ info ] [ PARAM ] array (
)
[ info ] [ SESSION ] INIT array (
  'id' => '',
  'var_session_id' => '',
  'prefix' => 'think',
  'type' => '',
  'auto_start' => true,
)
[ info ] [ DB ] INIT mysql
[ info ] [ RUN ] app\admin\controller\Rule->index[ D:\gitee\qp_backstage\application\admin\controller\Rule.php ]
[ info ] [ VIEW ] D:\gitee\qp_backstage\public/../application/admin\view\rule\index.html [ array (
  0 => 'menu_tree',
) ]
[ info ] [ LOG ] INIT File
[ sql ] [ DB ] CONNECT:[ UseTime:0.001000s ] mysql:host=127.0.0.1;dbname=txcms;charset=utf8
[ sql ] [ SQL ] SHOW COLUMNS FROM `setting` [ RunTime:0.015001s ]
[ sql ] [ SQL ] SELECT * FROM `setting` WHERE  `name` = 'menu_tree' LIMIT 1 [ RunTime:0.001000s ]
---------------------------------------------------------------
[ 2019-03-06T11:10:54+08:00 ] 192.168.4.109 GET /admin.php/admin/rule/favicon.ico
[ info ] 192.168.4.109:89/admin.php/admin/rule/favicon.ico [运行时间：0.034002s][吞吐率：29.41req/s] [内存消耗：255.24kb] [文件加载：53]
[ info ] [ LANG ] D:\gitee\qp_backstage\thinkphp\lang\zh-cn.php
[ info ] [ ROUTE ] array (
  'type' => 'module',
  'module' => 
  array (
    0 => 'admin',
    1 => 'rule',
    2 => 'favicon',
  ),
)
[ info ] [ HEADER ] array (
  'cookie' => 'PHPSESSID=ghdb9fiuqimmd811986os89pa6',
  'accept-language' => 'zh-CN,zh;q=0.9',
  'accept-encoding' => 'gzip, deflate',
  'referer' => 'http://192.168.4.109:89/admin.php/admin/rule/index',
  'accept' => 'image/webp,image/apng,image/*,*/*;q=0.8',
  'user-agent' => 'Mozilla/5.0 (Windows NT 6.1; Win64; x64) AppleWebKit/537.36 (KHTML, like Gecko) Chrome/68.0.3440.106 Safari/537.36',
  'cache-control' => 'no-cache',
  'pragma' => 'no-cache',
  'connection' => 'close',
  'host' => '192.168.4.109:89',
)
[ info ] [ PARAM ] array (
)
[ info ] [ SESSION ] INIT array (
  'id' => '',
  'var_session_id' => '',
  'prefix' => 'think',
  'type' => '',
  'auto_start' => true,
)
[ info ] [ DB ] INIT mysql
[ info ] [ RUN ] app\admin\controller\Rule->_empty[ D:\gitee\qp_backstage\application\admin\controller\Rule.php ]
[ info ] [ LOG ] INIT File
[ sql ] [ DB ] CONNECT:[ UseTime:0.013001s ] mysql:host=127.0.0.1;dbname=txcms;charset=utf8
[ sql ] [ SQL ] SHOW COLUMNS FROM `setting` [ RunTime:0.008001s ]
[ sql ] [ SQL ] SELECT * FROM `setting` WHERE  `name` = 'menu_tree' LIMIT 1 [ RunTime:0.001000s ]
---------------------------------------------------------------
[ 2019-03-06T11:10:54+08:00 ] 192.168.4.109 GET /admin.php/admin/rule/index
[ info ] 192.168.4.109:89/admin.php/admin/rule/index [运行时间：0.024001s][吞吐率：41.67req/s] [内存消耗：270.78kb] [文件加载：52]
[ info ] [ LANG ] D:\gitee\qp_backstage\thinkphp\lang\zh-cn.php
[ info ] [ ROUTE ] array (
  'type' => 'module',
  'module' => 
  array (
    0 => 'admin',
    1 => 'rule',
    2 => 'index',
  ),
)
[ info ] [ HEADER ] array (
  'cookie' => 'PHPSESSID=ghdb9fiuqimmd811986os89pa6',
  'accept-language' => 'zh-CN,zh;q=0.9',
  'accept-encoding' => 'gzip, deflate',
  'referer' => 'http://192.168.4.109:89/admin.php/admin/rule/index',
  'accept' => 'image/webp,image/apng,image/*,*/*;q=0.8',
  'user-agent' => 'Mozilla/5.0 (Windows NT 6.1; Win64; x64) AppleWebKit/537.36 (KHTML, like Gecko) Chrome/68.0.3440.106 Safari/537.36',
  'cache-control' => 'no-cache',
  'pragma' => 'no-cache',
  'connection' => 'close',
  'host' => '192.168.4.109:89',
)
[ info ] [ PARAM ] array (
)
[ info ] [ SESSION ] INIT array (
  'id' => '',
  'var_session_id' => '',
  'prefix' => 'think',
  'type' => '',
  'auto_start' => true,
)
[ info ] [ DB ] INIT mysql
[ info ] [ RUN ] app\admin\controller\Rule->index[ D:\gitee\qp_backstage\application\admin\controller\Rule.php ]
[ info ] [ VIEW ] D:\gitee\qp_backstage\public/../application/admin\view\rule\index.html [ array (
  0 => 'menu_tree',
) ]
[ info ] [ LOG ] INIT File
[ sql ] [ DB ] CONNECT:[ UseTime:0.001000s ] mysql:host=127.0.0.1;dbname=txcms;charset=utf8
[ sql ] [ SQL ] SHOW COLUMNS FROM `setting` [ RunTime:0.016001s ]
[ sql ] [ SQL ] SELECT * FROM `setting` WHERE  `name` = 'menu_tree' LIMIT 1 [ RunTime:0.001000s ]
---------------------------------------------------------------
[ 2019-03-06T11:10:55+08:00 ] 192.168.4.109 GET /admin.php/admin/rule/getrulejsondata
[ info ] 192.168.4.109:89/admin.php/admin/rule/getrulejsondata [运行时间：0.038002s][吞吐率：26.31req/s] [内存消耗：350.68kb] [文件加载：53]
[ info ] [ LANG ] D:\gitee\qp_backstage\thinkphp\lang\zh-cn.php
[ info ] [ ROUTE ] array (
  'type' => 'module',
  'module' => 
  array (
    0 => 'admin',
    1 => 'rule',
    2 => 'getrulejsondata',
  ),
)
[ info ] [ HEADER ] array (
  'cookie' => 'PHPSESSID=ghdb9fiuqimmd811986os89pa6',
  'accept-language' => 'zh-CN,zh;q=0.9',
  'accept-encoding' => 'gzip, deflate',
  'referer' => 'http://192.168.4.109:89/admin.php/admin/rule/index',
  'user-agent' => 'Mozilla/5.0 (Windows NT 6.1; Win64; x64) AppleWebKit/537.36 (KHTML, like Gecko) Chrome/68.0.3440.106 Safari/537.36',
  'x-requested-with' => 'XMLHttpRequest',
  'accept' => 'application/json, text/javascript, */*; q=0.01',
  'connection' => 'close',
  'host' => '192.168.4.109:89',
)
[ info ] [ PARAM ] array (
)
[ info ] [ SESSION ] INIT array (
  'id' => '',
  'var_session_id' => '',
  'prefix' => 'think',
  'type' => '',
  'auto_start' => true,
)
[ info ] [ DB ] INIT mysql
[ info ] [ RUN ] app\admin\controller\Rule->getRuleJsonData[ D:\gitee\qp_backstage\application\admin\controller\Rule.php ]
[ info ] [ LOG ] INIT File
[ sql ] [ DB ] CONNECT:[ UseTime:0.012001s ] mysql:host=127.0.0.1;dbname=txcms;charset=utf8
[ sql ] [ SQL ] SHOW COLUMNS FROM `setting` [ RunTime:0.010000s ]
[ sql ] [ SQL ] SELECT * FROM `setting` WHERE  `name` = 'menu_tree' LIMIT 1 [ RunTime:0.001001s ]
[ sql ] [ SQL ] SHOW COLUMNS FROM `auth_rule` [ RunTime:0.008000s ]
[ sql ] [ SQL ] SELECT * FROM `auth_rule` [ RunTime:0.001000s ]
---------------------------------------------------------------
[ 2019-03-06T11:44:41+08:00 ] 192.168.4.109 GET /admin.php/admin/rule/add
[ info ] 192.168.4.109:89/admin.php/admin/rule/add [运行时间：0.077004s][吞吐率：12.99req/s] [内存消耗：506.21kb] [文件加载：55]
[ info ] [ LANG ] D:\gitee\qp_backstage\thinkphp\lang\zh-cn.php
[ info ] [ ROUTE ] array (
  'type' => 'module',
  'module' => 
  array (
    0 => 'admin',
    1 => 'rule',
    2 => 'add',
  ),
)
[ info ] [ HEADER ] array (
  'cookie' => 'PHPSESSID=ghdb9fiuqimmd811986os89pa6; Hm_lvt_b393d153aeb26b46e9431fabaf0f6190=1551842048; Hm_lpvt_b393d153aeb26b46e9431fabaf0f6190=1551843576',
  'accept-language' => 'zh-CN,zh;q=0.9',
  'accept-encoding' => 'gzip, deflate',
  'referer' => 'http://192.168.4.109:89/admin.php/admin/rule/index',
  'accept' => 'text/html,application/xhtml+xml,application/xml;q=0.9,image/webp,image/apng,*/*;q=0.8',
  'user-agent' => 'Mozilla/5.0 (Windows NT 6.1; Win64; x64) AppleWebKit/537.36 (KHTML, like Gecko) Chrome/68.0.3440.106 Safari/537.36',
  'upgrade-insecure-requests' => '1',
  'connection' => 'close',
  'host' => '192.168.4.109:89',
)
[ info ] [ PARAM ] array (
)
[ info ] [ SESSION ] INIT array (
  'id' => '',
  'var_session_id' => '',
  'prefix' => 'think',
  'type' => '',
  'auto_start' => true,
)
[ info ] [ DB ] INIT mysql
[ info ] [ RUN ] app\admin\controller\Rule->add[ D:\gitee\qp_backstage\application\admin\controller\Rule.php ]
[ info ] [ VIEW ] D:\gitee\qp_backstage\public/../application/admin\view\rule\add.html [ array (
  0 => 'menu_tree',
  1 => 'ruleTree',
) ]
[ info ] [ LOG ] INIT File
[ sql ] [ DB ] CONNECT:[ UseTime:0.002000s ] mysql:host=127.0.0.1;dbname=txcms;charset=utf8
[ sql ] [ SQL ] SHOW COLUMNS FROM `setting` [ RunTime:0.008001s ]
[ sql ] [ SQL ] SELECT * FROM `setting` WHERE  `name` = 'menu_tree' LIMIT 1 [ RunTime:0.000000s ]
[ sql ] [ SQL ] SHOW COLUMNS FROM `auth_rule` [ RunTime:0.008001s ]
[ sql ] [ SQL ] SELECT * FROM `auth_rule` [ RunTime:0.001000s ]
---------------------------------------------------------------
[ 2019-03-06T11:50:42+08:00 ] 192.168.4.109 GET /admin.php/admin/rule/add
[ info ] 192.168.4.109:89/admin.php/admin/rule/add [运行时间：0.047002s][吞吐率：21.28req/s] [内存消耗：372.79kb] [文件加载：55]
[ info ] [ LANG ] D:\gitee\qp_backstage\thinkphp\lang\zh-cn.php
[ info ] [ ROUTE ] array (
  'type' => 'module',
  'module' => 
  array (
    0 => 'admin',
    1 => 'rule',
    2 => 'add',
  ),
)
[ info ] [ HEADER ] array (
  'cookie' => 'PHPSESSID=ghdb9fiuqimmd811986os89pa6; Hm_lvt_b393d153aeb26b46e9431fabaf0f6190=1551842048; Hm_lpvt_b393d153aeb26b46e9431fabaf0f6190=1551844148',
  'accept-language' => 'zh-CN,zh;q=0.9',
  'accept-encoding' => 'gzip, deflate',
  'referer' => 'http://192.168.4.109:89/admin.php/admin/rule/index',
  'accept' => 'text/html,application/xhtml+xml,application/xml;q=0.9,image/webp,image/apng,*/*;q=0.8',
  'user-agent' => 'Mozilla/5.0 (Windows NT 6.1; Win64; x64) AppleWebKit/537.36 (KHTML, like Gecko) Chrome/68.0.3440.106 Safari/537.36',
  'upgrade-insecure-requests' => '1',
  'connection' => 'close',
  'host' => '192.168.4.109:89',
)
[ info ] [ PARAM ] array (
)
[ info ] [ SESSION ] INIT array (
  'id' => '',
  'var_session_id' => '',
  'prefix' => 'think',
  'type' => '',
  'auto_start' => true,
)
[ info ] [ DB ] INIT mysql
[ info ] [ RUN ] app\admin\controller\Rule->add[ D:\gitee\qp_backstage\application\admin\controller\Rule.php ]
[ info ] [ VIEW ] D:\gitee\qp_backstage\public/../application/admin\view\rule\add.html [ array (
  0 => 'menu_tree',
  1 => 'ruleTree',
) ]
[ info ] [ LOG ] INIT File
[ sql ] [ DB ] CONNECT:[ UseTime:0.005000s ] mysql:host=127.0.0.1;dbname=txcms;charset=utf8
[ sql ] [ SQL ] SHOW COLUMNS FROM `setting` [ RunTime:0.018001s ]
[ sql ] [ SQL ] SELECT * FROM `setting` WHERE  `name` = 'menu_tree' LIMIT 1 [ RunTime:0.002000s ]
[ sql ] [ SQL ] SHOW COLUMNS FROM `auth_rule` [ RunTime:0.013001s ]
[ sql ] [ SQL ] SELECT * FROM `auth_rule` [ RunTime:0.001000s ]
---------------------------------------------------------------
[ 2019-03-06T13:07:47+08:00 ] 192.168.4.109 GET /admin.php/admin/rule/add
[ info ] 192.168.4.109:89/admin.php/admin/rule/add [运行时间：0.121007s][吞吐率：8.26req/s] [内存消耗：506.21kb] [文件加载：55]
[ info ] [ LANG ] D:\gitee\qp_backstage\thinkphp\lang\zh-cn.php
[ info ] [ ROUTE ] array (
  'type' => 'module',
  'module' => 
  array (
    0 => 'admin',
    1 => 'rule',
    2 => 'add',
  ),
)
[ info ] [ HEADER ] array (
  'cookie' => 'PHPSESSID=ghdb9fiuqimmd811986os89pa6; Hm_lvt_b393d153aeb26b46e9431fabaf0f6190=1551842048; Hm_lpvt_b393d153aeb26b46e9431fabaf0f6190=1551844740',
  'accept-language' => 'zh-CN,zh;q=0.9',
  'accept-encoding' => 'gzip, deflate',
  'referer' => 'http://192.168.4.109:89/admin.php/admin/rule/index',
  'accept' => 'text/html,application/xhtml+xml,application/xml;q=0.9,image/webp,image/apng,*/*;q=0.8',
  'user-agent' => 'Mozilla/5.0 (Windows NT 6.1; Win64; x64) AppleWebKit/537.36 (KHTML, like Gecko) Chrome/68.0.3440.106 Safari/537.36',
  'upgrade-insecure-requests' => '1',
  'connection' => 'close',
  'host' => '192.168.4.109:89',
)
[ info ] [ PARAM ] array (
)
[ info ] [ SESSION ] INIT array (
  'id' => '',
  'var_session_id' => '',
  'prefix' => 'think',
  'type' => '',
  'auto_start' => true,
)
[ info ] [ DB ] INIT mysql
[ info ] [ RUN ] app\admin\controller\Rule->add[ D:\gitee\qp_backstage\application\admin\controller\Rule.php ]
[ info ] [ VIEW ] D:\gitee\qp_backstage\public/../application/admin\view\rule\add.html [ array (
  0 => 'menu_tree',
  1 => 'ruleTree',
) ]
[ info ] [ LOG ] INIT File
[ sql ] [ DB ] CONNECT:[ UseTime:0.001000s ] mysql:host=127.0.0.1;dbname=txcms;charset=utf8
[ sql ] [ SQL ] SHOW COLUMNS FROM `setting` [ RunTime:0.014001s ]
[ sql ] [ SQL ] SELECT * FROM `setting` WHERE  `name` = 'menu_tree' LIMIT 1 [ RunTime:0.001000s ]
[ sql ] [ SQL ] SHOW COLUMNS FROM `auth_rule` [ RunTime:0.012000s ]
[ sql ] [ SQL ] SELECT * FROM `auth_rule` [ RunTime:0.002000s ]
---------------------------------------------------------------
[ 2019-03-06T15:07:12+08:00 ] 192.168.4.109 GET /admin.php/admin/rule/index
[ info ] 192.168.4.109:89/admin.php/admin/rule/index [运行时间：0.131007s][吞吐率：7.63req/s] [内存消耗：403.98kb] [文件加载：52]
[ info ] [ LANG ] D:\gitee\qp_backstage\thinkphp\lang\zh-cn.php
[ info ] [ ROUTE ] array (
  'type' => 'module',
  'module' => 
  array (
    0 => 'admin',
    1 => 'rule',
    2 => 'index',
  ),
)
[ info ] [ HEADER ] array (
  'cookie' => 'PHPSESSID=obhj94chriqev28fsg1kpija83',
  'accept-language' => 'zh-CN,zh;q=0.9',
  'accept-encoding' => 'gzip, deflate',
  'referer' => 'http://192.168.4.109:89/admin.php/admin/rule/index',
  'accept' => 'text/html,application/xhtml+xml,application/xml;q=0.9,image/webp,image/apng,*/*;q=0.8',
  'user-agent' => 'Mozilla/5.0 (Windows NT 6.1; Win64; x64) AppleWebKit/537.36 (KHTML, like Gecko) Chrome/68.0.3440.106 Safari/537.36',
  'upgrade-insecure-requests' => '1',
  'connection' => 'close',
  'host' => '192.168.4.109:89',
)
[ info ] [ PARAM ] array (
)
[ info ] [ SESSION ] INIT array (
  'id' => '',
  'var_session_id' => '',
  'prefix' => 'think',
  'type' => '',
  'auto_start' => true,
)
[ info ] [ DB ] INIT mysql
[ info ] [ RUN ] app\admin\controller\Rule->index[ D:\gitee\qp_backstage\application\admin\controller\Rule.php ]
[ info ] [ VIEW ] D:\gitee\qp_backstage\public/../application/admin\view\rule\index.html [ array (
  0 => 'menu_tree',
) ]
[ info ] [ LOG ] INIT File
[ sql ] [ DB ] CONNECT:[ UseTime:0.003000s ] mysql:host=127.0.0.1;dbname=txcms;charset=utf8
[ sql ] [ SQL ] SHOW COLUMNS FROM `setting` [ RunTime:0.009000s ]
[ sql ] [ SQL ] SELECT * FROM `setting` WHERE  `name` = 'menu_tree' LIMIT 1 [ RunTime:0.004001s ]
---------------------------------------------------------------
[ 2019-03-06T15:07:13+08:00 ] 192.168.4.109 GET /admin.php/admin/rule/undefinedcss/modules/laydate/default/laydate.css?v=5.0.9
[ info ] 192.168.4.109:89/admin.php/admin/rule/undefinedcss/modules/laydate/default/laydate.css?v=5.0.9 [运行时间：0.026001s][吞吐率：38.46req/s] [内存消耗：256.79kb] [文件加载：53]
[ info ] [ LANG ] D:\gitee\qp_backstage\thinkphp\lang\zh-cn.php
[ info ] [ ROUTE ] array (
  'type' => 'module',
  'module' => 
  array (
    0 => 'admin',
    1 => 'rule',
    2 => 'undefinedcss',
  ),
)
[ info ] [ HEADER ] array (
  'cookie' => 'PHPSESSID=obhj94chriqev28fsg1kpija83',
  'accept-language' => 'zh-CN,zh;q=0.9',
  'accept-encoding' => 'gzip, deflate',
  'referer' => 'http://192.168.4.109:89/admin.php/admin/rule/index',
  'accept' => 'text/css,*/*;q=0.1',
  'user-agent' => 'Mozilla/5.0 (Windows NT 6.1; Win64; x64) AppleWebKit/537.36 (KHTML, like Gecko) Chrome/68.0.3440.106 Safari/537.36',
  'connection' => 'close',
  'host' => '192.168.4.109:89',
)
[ info ] [ PARAM ] array (
  'v' => '5.0.9',
  'modules' => 'laydate',
  'default' => 'laydate',
)
[ info ] [ SESSION ] INIT array (
  'id' => '',
  'var_session_id' => '',
  'prefix' => 'think',
  'type' => '',
  'auto_start' => true,
)
[ info ] [ DB ] INIT mysql
[ info ] [ RUN ] app\admin\controller\Rule->_empty[ D:\gitee\qp_backstage\application\admin\controller\Rule.php ]
[ info ] [ LOG ] INIT File
[ sql ] [ DB ] CONNECT:[ UseTime:0.008000s ] mysql:host=127.0.0.1;dbname=txcms;charset=utf8
[ sql ] [ SQL ] SHOW COLUMNS FROM `setting` [ RunTime:0.009001s ]
[ sql ] [ SQL ] SELECT * FROM `setting` WHERE  `name` = 'menu_tree' LIMIT 1 [ RunTime:0.001000s ]
---------------------------------------------------------------
[ 2019-03-06T15:07:13+08:00 ] 192.168.4.109 GET /admin.php/admin/rule/index
[ info ] 192.168.4.109:89/admin.php/admin/rule/index [运行时间：0.059003s][吞吐率：16.95req/s] [内存消耗：270.30kb] [文件加载：52]
[ info ] [ LANG ] D:\gitee\qp_backstage\thinkphp\lang\zh-cn.php
[ info ] [ ROUTE ] array (
  'type' => 'module',
  'module' => 
  array (
    0 => 'admin',
    1 => 'rule',
    2 => 'index',
  ),
)
[ info ] [ HEADER ] array (
  'cookie' => 'PHPSESSID=obhj94chriqev28fsg1kpija83',
  'accept-language' => 'zh-CN,zh;q=0.9',
  'accept-encoding' => 'gzip, deflate',
  'referer' => 'http://192.168.4.109:89/admin.php/admin/rule/index',
  'accept' => 'text/css,*/*;q=0.1',
  'user-agent' => 'Mozilla/5.0 (Windows NT 6.1; Win64; x64) AppleWebKit/537.36 (KHTML, like Gecko) Chrome/68.0.3440.106 Safari/537.36',
  'connection' => 'close',
  'host' => '192.168.4.109:89',
)
[ info ] [ PARAM ] array (
)
[ info ] [ SESSION ] INIT array (
  'id' => '',
  'var_session_id' => '',
  'prefix' => 'think',
  'type' => '',
  'auto_start' => true,
)
[ info ] [ DB ] INIT mysql
[ info ] [ RUN ] app\admin\controller\Rule->index[ D:\gitee\qp_backstage\application\admin\controller\Rule.php ]
[ info ] [ VIEW ] D:\gitee\qp_backstage\public/../application/admin\view\rule\index.html [ array (
  0 => 'menu_tree',
) ]
[ info ] [ LOG ] INIT File
[ sql ] [ DB ] CONNECT:[ UseTime:0.011001s ] mysql:host=127.0.0.1;dbname=txcms;charset=utf8
[ sql ] [ SQL ] SHOW COLUMNS FROM `setting` [ RunTime:0.034002s ]
[ sql ] [ SQL ] SELECT * FROM `setting` WHERE  `name` = 'menu_tree' LIMIT 1 [ RunTime:0.008000s ]
---------------------------------------------------------------
[ 2019-03-06T15:07:14+08:00 ] 192.168.4.109 GET /admin.php/admin/rule/getrulejsondata
[ info ] 192.168.4.109:89/admin.php/admin/rule/getrulejsondata [运行时间：0.073004s][吞吐率：13.70req/s] [内存消耗：350.84kb] [文件加载：53]
[ info ] [ LANG ] D:\gitee\qp_backstage\thinkphp\lang\zh-cn.php
[ info ] [ ROUTE ] array (
  'type' => 'module',
  'module' => 
  array (
    0 => 'admin',
    1 => 'rule',
    2 => 'getrulejsondata',
  ),
)
[ info ] [ HEADER ] array (
  'cookie' => 'PHPSESSID=obhj94chriqev28fsg1kpija83',
  'accept-language' => 'zh-CN,zh;q=0.9',
  'accept-encoding' => 'gzip, deflate',
  'referer' => 'http://192.168.4.109:89/admin.php/admin/rule/index',
  'user-agent' => 'Mozilla/5.0 (Windows NT 6.1; Win64; x64) AppleWebKit/537.36 (KHTML, like Gecko) Chrome/68.0.3440.106 Safari/537.36',
  'x-requested-with' => 'XMLHttpRequest',
  'accept' => 'application/json, text/javascript, */*; q=0.01',
  'connection' => 'close',
  'host' => '192.168.4.109:89',
)
[ info ] [ PARAM ] array (
)
[ info ] [ SESSION ] INIT array (
  'id' => '',
  'var_session_id' => '',
  'prefix' => 'think',
  'type' => '',
  'auto_start' => true,
)
[ info ] [ DB ] INIT mysql
[ info ] [ RUN ] app\admin\controller\Rule->getRuleJsonData[ D:\gitee\qp_backstage\application\admin\controller\Rule.php ]
[ info ] [ LOG ] INIT File
[ sql ] [ DB ] CONNECT:[ UseTime:0.018001s ] mysql:host=127.0.0.1;dbname=txcms;charset=utf8
[ sql ] [ SQL ] SHOW COLUMNS FROM `setting` [ RunTime:0.013001s ]
[ sql ] [ SQL ] SELECT * FROM `setting` WHERE  `name` = 'menu_tree' LIMIT 1 [ RunTime:0.001000s ]
[ sql ] [ SQL ] SHOW COLUMNS FROM `auth_rule` [ RunTime:0.018001s ]
[ sql ] [ SQL ] SELECT * FROM `auth_rule` [ RunTime:0.003000s ]
---------------------------------------------------------------
[ 2019-03-06T15:07:15+08:00 ] 192.168.4.109 GET /admin.php/admin/rule/favicon.ico
[ info ] 192.168.4.109:89/admin.php/admin/rule/favicon.ico [运行时间：0.024001s][吞吐率：41.66req/s] [内存消耗：254.78kb] [文件加载：53]
[ info ] [ LANG ] D:\gitee\qp_backstage\thinkphp\lang\zh-cn.php
[ info ] [ ROUTE ] array (
  'type' => 'module',
  'module' => 
  array (
    0 => 'admin',
    1 => 'rule',
    2 => 'favicon',
  ),
)
[ info ] [ HEADER ] array (
  'cookie' => 'PHPSESSID=obhj94chriqev28fsg1kpija83',
  'accept-language' => 'zh-CN,zh;q=0.9',
  'accept-encoding' => 'gzip, deflate',
  'referer' => 'http://192.168.4.109:89/admin.php/admin/rule/index',
  'accept' => 'image/webp,image/apng,image/*,*/*;q=0.8',
  'user-agent' => 'Mozilla/5.0 (Windows NT 6.1; Win64; x64) AppleWebKit/537.36 (KHTML, like Gecko) Chrome/68.0.3440.106 Safari/537.36',
  'connection' => 'close',
  'host' => '192.168.4.109:89',
)
[ info ] [ PARAM ] array (
)
[ info ] [ SESSION ] INIT array (
  'id' => '',
  'var_session_id' => '',
  'prefix' => 'think',
  'type' => '',
  'auto_start' => true,
)
[ info ] [ DB ] INIT mysql
[ info ] [ RUN ] app\admin\controller\Rule->_empty[ D:\gitee\qp_backstage\application\admin\controller\Rule.php ]
[ info ] [ LOG ] INIT File
[ sql ] [ DB ] CONNECT:[ UseTime:0.002000s ] mysql:host=127.0.0.1;dbname=txcms;charset=utf8
[ sql ] [ SQL ] SHOW COLUMNS FROM `setting` [ RunTime:0.008001s ]
[ sql ] [ SQL ] SELECT * FROM `setting` WHERE  `name` = 'menu_tree' LIMIT 1 [ RunTime:0.007000s ]
---------------------------------------------------------------
[ 2019-03-06T15:07:15+08:00 ] 192.168.4.109 GET /admin.php/admin/rule/index
[ info ] 192.168.4.109:89/admin.php/admin/rule/index [运行时间：0.018001s][吞吐率：55.55req/s] [内存消耗：270.32kb] [文件加载：52]
[ info ] [ LANG ] D:\gitee\qp_backstage\thinkphp\lang\zh-cn.php
[ info ] [ ROUTE ] array (
  'type' => 'module',
  'module' => 
  array (
    0 => 'admin',
    1 => 'rule',
    2 => 'index',
  ),
)
[ info ] [ HEADER ] array (
  'cookie' => 'PHPSESSID=obhj94chriqev28fsg1kpija83',
  'accept-language' => 'zh-CN,zh;q=0.9',
  'accept-encoding' => 'gzip, deflate',
  'referer' => 'http://192.168.4.109:89/admin.php/admin/rule/index',
  'accept' => 'image/webp,image/apng,image/*,*/*;q=0.8',
  'user-agent' => 'Mozilla/5.0 (Windows NT 6.1; Win64; x64) AppleWebKit/537.36 (KHTML, like Gecko) Chrome/68.0.3440.106 Safari/537.36',
  'connection' => 'close',
  'host' => '192.168.4.109:89',
)
[ info ] [ PARAM ] array (
)
[ info ] [ SESSION ] INIT array (
  'id' => '',
  'var_session_id' => '',
  'prefix' => 'think',
  'type' => '',
  'auto_start' => true,
)
[ info ] [ DB ] INIT mysql
[ info ] [ RUN ] app\admin\controller\Rule->index[ D:\gitee\qp_backstage\application\admin\controller\Rule.php ]
[ info ] [ VIEW ] D:\gitee\qp_backstage\public/../application/admin\view\rule\index.html [ array (
  0 => 'menu_tree',
) ]
[ info ] [ LOG ] INIT File
[ sql ] [ DB ] CONNECT:[ UseTime:0.001000s ] mysql:host=127.0.0.1;dbname=txcms;charset=utf8
[ sql ] [ SQL ] SHOW COLUMNS FROM `setting` [ RunTime:0.007000s ]
[ sql ] [ SQL ] SELECT * FROM `setting` WHERE  `name` = 'menu_tree' LIMIT 1 [ RunTime:0.001000s ]
---------------------------------------------------------------
[ 2019-03-06T15:38:24+08:00 ] 192.168.4.109 GET /admin.php/admin/rule/index
[ info ] 192.168.4.109:89/admin.php/admin/rule/index [运行时间：0.077005s][吞吐率：12.99req/s] [内存消耗：404.29kb] [文件加载：52]
[ info ] [ LANG ] D:\gitee\qp_backstage\thinkphp\lang\zh-cn.php
[ info ] [ ROUTE ] array (
  'type' => 'module',
  'module' => 
  array (
    0 => 'admin',
    1 => 'rule',
    2 => 'index',
  ),
)
[ info ] [ HEADER ] array (
  'cookie' => 'PHPSESSID=obhj94chriqev28fsg1kpija83',
  'accept-language' => 'zh-CN,zh;q=0.9',
  'accept-encoding' => 'gzip, deflate',
  'referer' => 'http://192.168.4.109:89/admin.php/admin/rule/index',
  'accept' => 'text/html,application/xhtml+xml,application/xml;q=0.9,image/webp,image/apng,*/*;q=0.8',
  'user-agent' => 'Mozilla/5.0 (Windows NT 6.1; Win64; x64) AppleWebKit/537.36 (KHTML, like Gecko) Chrome/68.0.3440.106 Safari/537.36',
  'upgrade-insecure-requests' => '1',
  'cache-control' => 'max-age=0',
  'connection' => 'close',
  'host' => '192.168.4.109:89',
)
[ info ] [ PARAM ] array (
)
[ info ] [ SESSION ] INIT array (
  'id' => '',
  'var_session_id' => '',
  'prefix' => 'think',
  'type' => '',
  'auto_start' => true,
)
[ info ] [ DB ] INIT mysql
[ info ] [ RUN ] app\admin\controller\Rule->index[ D:\gitee\qp_backstage\application\admin\controller\Rule.php ]
[ info ] [ VIEW ] D:\gitee\qp_backstage\public/../application/admin\view\rule\index.html [ array (
  0 => 'menu_tree',
) ]
[ info ] [ LOG ] INIT File
[ sql ] [ DB ] CONNECT:[ UseTime:0.010001s ] mysql:host=127.0.0.1;dbname=txcms;charset=utf8
[ sql ] [ SQL ] SHOW COLUMNS FROM `setting` [ RunTime:0.010000s ]
[ sql ] [ SQL ] SELECT * FROM `setting` WHERE  `name` = 'menu_tree' LIMIT 1 [ RunTime:0.001000s ]
---------------------------------------------------------------
[ 2019-03-06T15:38:24+08:00 ] 192.168.4.109 GET /admin.php/admin/rule/undefinedcss/modules/laydate/default/laydate.css?v=5.0.9
[ info ] 192.168.4.109:89/admin.php/admin/rule/undefinedcss/modules/laydate/default/laydate.css?v=5.0.9 [运行时间：0.023001s][吞吐率：43.48req/s] [内存消耗：256.79kb] [文件加载：53]
[ info ] [ LANG ] D:\gitee\qp_backstage\thinkphp\lang\zh-cn.php
[ info ] [ ROUTE ] array (
  'type' => 'module',
  'module' => 
  array (
    0 => 'admin',
    1 => 'rule',
    2 => 'undefinedcss',
  ),
)
[ info ] [ HEADER ] array (
  'cookie' => 'PHPSESSID=obhj94chriqev28fsg1kpija83',
  'accept-language' => 'zh-CN,zh;q=0.9',
  'accept-encoding' => 'gzip, deflate',
  'referer' => 'http://192.168.4.109:89/admin.php/admin/rule/index',
  'accept' => 'text/css,*/*;q=0.1',
  'user-agent' => 'Mozilla/5.0 (Windows NT 6.1; Win64; x64) AppleWebKit/537.36 (KHTML, like Gecko) Chrome/68.0.3440.106 Safari/537.36',
  'connection' => 'close',
  'host' => '192.168.4.109:89',
)
[ info ] [ PARAM ] array (
  'v' => '5.0.9',
  'modules' => 'laydate',
  'default' => 'laydate',
)
[ info ] [ SESSION ] INIT array (
  'id' => '',
  'var_session_id' => '',
  'prefix' => 'think',
  'type' => '',
  'auto_start' => true,
)
[ info ] [ DB ] INIT mysql
[ info ] [ RUN ] app\admin\controller\Rule->_empty[ D:\gitee\qp_backstage\application\admin\controller\Rule.php ]
[ info ] [ LOG ] INIT File
[ sql ] [ DB ] CONNECT:[ UseTime:0.003000s ] mysql:host=127.0.0.1;dbname=txcms;charset=utf8
[ sql ] [ SQL ] SHOW COLUMNS FROM `setting` [ RunTime:0.010001s ]
[ sql ] [ SQL ] SELECT * FROM `setting` WHERE  `name` = 'menu_tree' LIMIT 1 [ RunTime:0.001000s ]
---------------------------------------------------------------
[ 2019-03-06T15:38:24+08:00 ] 192.168.4.109 GET /admin.php/admin/rule/index
[ info ] 192.168.4.109:89/admin.php/admin/rule/index [运行时间：0.026002s][吞吐率：38.46req/s] [内存消耗：270.30kb] [文件加载：52]
[ info ] [ LANG ] D:\gitee\qp_backstage\thinkphp\lang\zh-cn.php
[ info ] [ ROUTE ] array (
  'type' => 'module',
  'module' => 
  array (
    0 => 'admin',
    1 => 'rule',
    2 => 'index',
  ),
)
[ info ] [ HEADER ] array (
  'cookie' => 'PHPSESSID=obhj94chriqev28fsg1kpija83',
  'accept-language' => 'zh-CN,zh;q=0.9',
  'accept-encoding' => 'gzip, deflate',
  'referer' => 'http://192.168.4.109:89/admin.php/admin/rule/index',
  'accept' => 'text/css,*/*;q=0.1',
  'user-agent' => 'Mozilla/5.0 (Windows NT 6.1; Win64; x64) AppleWebKit/537.36 (KHTML, like Gecko) Chrome/68.0.3440.106 Safari/537.36',
  'connection' => 'close',
  'host' => '192.168.4.109:89',
)
[ info ] [ PARAM ] array (
)
[ info ] [ SESSION ] INIT array (
  'id' => '',
  'var_session_id' => '',
  'prefix' => 'think',
  'type' => '',
  'auto_start' => true,
)
[ info ] [ DB ] INIT mysql
[ info ] [ RUN ] app\admin\controller\Rule->index[ D:\gitee\qp_backstage\application\admin\controller\Rule.php ]
[ info ] [ VIEW ] D:\gitee\qp_backstage\public/../application/admin\view\rule\index.html [ array (
  0 => 'menu_tree',
) ]
[ info ] [ LOG ] INIT File
[ sql ] [ DB ] CONNECT:[ UseTime:0.003000s ] mysql:host=127.0.0.1;dbname=txcms;charset=utf8
[ sql ] [ SQL ] SHOW COLUMNS FROM `setting` [ RunTime:0.015001s ]
[ sql ] [ SQL ] SELECT * FROM `setting` WHERE  `name` = 'menu_tree' LIMIT 1 [ RunTime:0.002000s ]
---------------------------------------------------------------
[ 2019-03-06T15:38:24+08:00 ] 192.168.4.109 GET /admin.php/admin/rule/favicon.ico
[ info ] 192.168.4.109:89/admin.php/admin/rule/favicon.ico [运行时间：0.019001s][吞吐率：52.63req/s] [内存消耗：255.24kb] [文件加载：53]
[ info ] [ LANG ] D:\gitee\qp_backstage\thinkphp\lang\zh-cn.php
[ info ] [ ROUTE ] array (
  'type' => 'module',
  'module' => 
  array (
    0 => 'admin',
    1 => 'rule',
    2 => 'favicon',
  ),
)
[ info ] [ HEADER ] array (
  'cookie' => 'PHPSESSID=obhj94chriqev28fsg1kpija83',
  'accept-language' => 'zh-CN,zh;q=0.9',
  'accept-encoding' => 'gzip, deflate',
  'referer' => 'http://192.168.4.109:89/admin.php/admin/rule/index',
  'accept' => 'image/webp,image/apng,image/*,*/*;q=0.8',
  'user-agent' => 'Mozilla/5.0 (Windows NT 6.1; Win64; x64) AppleWebKit/537.36 (KHTML, like Gecko) Chrome/68.0.3440.106 Safari/537.36',
  'cache-control' => 'no-cache',
  'pragma' => 'no-cache',
  'connection' => 'close',
  'host' => '192.168.4.109:89',
)
[ info ] [ PARAM ] array (
)
[ info ] [ SESSION ] INIT array (
  'id' => '',
  'var_session_id' => '',
  'prefix' => 'think',
  'type' => '',
  'auto_start' => true,
)
[ info ] [ DB ] INIT mysql
[ info ] [ RUN ] app\admin\controller\Rule->_empty[ D:\gitee\qp_backstage\application\admin\controller\Rule.php ]
[ info ] [ LOG ] INIT File
[ sql ] [ DB ] CONNECT:[ UseTime:0.002000s ] mysql:host=127.0.0.1;dbname=txcms;charset=utf8
[ sql ] [ SQL ] SHOW COLUMNS FROM `setting` [ RunTime:0.009000s ]
[ sql ] [ SQL ] SELECT * FROM `setting` WHERE  `name` = 'menu_tree' LIMIT 1 [ RunTime:0.001000s ]
---------------------------------------------------------------
[ 2019-03-06T15:38:24+08:00 ] 192.168.4.109 GET /admin.php/admin/rule/index
[ info ] 192.168.4.109:89/admin.php/admin/rule/index [运行时间：0.040002s][吞吐率：25.00req/s] [内存消耗：270.78kb] [文件加载：52]
[ info ] [ LANG ] D:\gitee\qp_backstage\thinkphp\lang\zh-cn.php
[ info ] [ ROUTE ] array (
  'type' => 'module',
  'module' => 
  array (
    0 => 'admin',
    1 => 'rule',
    2 => 'index',
  ),
)
[ info ] [ HEADER ] array (
  'cookie' => 'PHPSESSID=obhj94chriqev28fsg1kpija83',
  'accept-language' => 'zh-CN,zh;q=0.9',
  'accept-encoding' => 'gzip, deflate',
  'referer' => 'http://192.168.4.109:89/admin.php/admin/rule/index',
  'accept' => 'image/webp,image/apng,image/*,*/*;q=0.8',
  'user-agent' => 'Mozilla/5.0 (Windows NT 6.1; Win64; x64) AppleWebKit/537.36 (KHTML, like Gecko) Chrome/68.0.3440.106 Safari/537.36',
  'cache-control' => 'no-cache',
  'pragma' => 'no-cache',
  'connection' => 'close',
  'host' => '192.168.4.109:89',
)
[ info ] [ PARAM ] array (
)
[ info ] [ SESSION ] INIT array (
  'id' => '',
  'var_session_id' => '',
  'prefix' => 'think',
  'type' => '',
  'auto_start' => true,
)
[ info ] [ DB ] INIT mysql
[ info ] [ RUN ] app\admin\controller\Rule->index[ D:\gitee\qp_backstage\application\admin\controller\Rule.php ]
[ info ] [ VIEW ] D:\gitee\qp_backstage\public/../application/admin\view\rule\index.html [ array (
  0 => 'menu_tree',
) ]
[ info ] [ LOG ] INIT File
[ sql ] [ DB ] CONNECT:[ UseTime:0.012001s ] mysql:host=127.0.0.1;dbname=txcms;charset=utf8
[ sql ] [ SQL ] SHOW COLUMNS FROM `setting` [ RunTime:0.017001s ]
[ sql ] [ SQL ] SELECT * FROM `setting` WHERE  `name` = 'menu_tree' LIMIT 1 [ RunTime:0.001000s ]
---------------------------------------------------------------
[ 2019-03-06T15:38:25+08:00 ] 192.168.4.109 GET /admin.php/admin/rule/getrulejsondata
[ info ] 192.168.4.109:89/admin.php/admin/rule/getrulejsondata [运行时间：0.053003s][吞吐率：18.87req/s] [内存消耗：350.84kb] [文件加载：53]
[ info ] [ LANG ] D:\gitee\qp_backstage\thinkphp\lang\zh-cn.php
[ info ] [ ROUTE ] array (
  'type' => 'module',
  'module' => 
  array (
    0 => 'admin',
    1 => 'rule',
    2 => 'getrulejsondata',
  ),
)
[ info ] [ HEADER ] array (
  'cookie' => 'PHPSESSID=obhj94chriqev28fsg1kpija83',
  'accept-language' => 'zh-CN,zh;q=0.9',
  'accept-encoding' => 'gzip, deflate',
  'referer' => 'http://192.168.4.109:89/admin.php/admin/rule/index',
  'user-agent' => 'Mozilla/5.0 (Windows NT 6.1; Win64; x64) AppleWebKit/537.36 (KHTML, like Gecko) Chrome/68.0.3440.106 Safari/537.36',
  'x-requested-with' => 'XMLHttpRequest',
  'accept' => 'application/json, text/javascript, */*; q=0.01',
  'connection' => 'close',
  'host' => '192.168.4.109:89',
)
[ info ] [ PARAM ] array (
)
[ info ] [ SESSION ] INIT array (
  'id' => '',
  'var_session_id' => '',
  'prefix' => 'think',
  'type' => '',
  'auto_start' => true,
)
[ info ] [ DB ] INIT mysql
[ info ] [ RUN ] app\admin\controller\Rule->getRuleJsonData[ D:\gitee\qp_backstage\application\admin\controller\Rule.php ]
[ info ] [ LOG ] INIT File
[ sql ] [ DB ] CONNECT:[ UseTime:0.002000s ] mysql:host=127.0.0.1;dbname=txcms;charset=utf8
[ sql ] [ SQL ] SHOW COLUMNS FROM `setting` [ RunTime:0.014001s ]
[ sql ] [ SQL ] SELECT * FROM `setting` WHERE  `name` = 'menu_tree' LIMIT 1 [ RunTime:0.001000s ]
[ sql ] [ SQL ] SHOW COLUMNS FROM `auth_rule` [ RunTime:0.016001s ]
[ sql ] [ SQL ] SELECT * FROM `auth_rule` [ RunTime:0.002000s ]
---------------------------------------------------------------
[ 2019-03-06T15:44:18+08:00 ] 192.168.4.109 GET /admin.php/admin/rule/add
[ info ] 192.168.4.109:89/admin.php/admin/rule/add [运行时间：0.057003s][吞吐率：17.54req/s] [内存消耗：373.62kb] [文件加载：55]
[ info ] [ LANG ] D:\gitee\qp_backstage\thinkphp\lang\zh-cn.php
[ info ] [ ROUTE ] array (
  'type' => 'module',
  'module' => 
  array (
    0 => 'admin',
    1 => 'rule',
    2 => 'add',
  ),
)
[ info ] [ HEADER ] array (
  'cookie' => 'PHPSESSID=obhj94chriqev28fsg1kpija83; left_menu_father=7; tab_list=8',
  'accept-language' => 'zh-CN,zh;q=0.9',
  'accept-encoding' => 'gzip, deflate',
  'referer' => 'http://192.168.4.109:89/admin.php/admin/rule/index',
  'accept' => 'text/html,application/xhtml+xml,application/xml;q=0.9,image/webp,image/apng,*/*;q=0.8',
  'user-agent' => 'Mozilla/5.0 (Windows NT 6.1; Win64; x64) AppleWebKit/537.36 (KHTML, like Gecko) Chrome/68.0.3440.106 Safari/537.36',
  'upgrade-insecure-requests' => '1',
  'connection' => 'close',
  'host' => '192.168.4.109:89',
)
[ info ] [ PARAM ] array (
)
[ info ] [ SESSION ] INIT array (
  'id' => '',
  'var_session_id' => '',
  'prefix' => 'think',
  'type' => '',
  'auto_start' => true,
)
[ info ] [ DB ] INIT mysql
[ info ] [ RUN ] app\admin\controller\Rule->add[ D:\gitee\qp_backstage\application\admin\controller\Rule.php ]
[ info ] [ VIEW ] D:\gitee\qp_backstage\public/../application/admin\view\rule\add.html [ array (
  0 => 'menu_tree',
  1 => 'ruleTree',
) ]
[ info ] [ LOG ] INIT File
[ sql ] [ DB ] CONNECT:[ UseTime:0.007001s ] mysql:host=127.0.0.1;dbname=txcms;charset=utf8
[ sql ] [ SQL ] SHOW COLUMNS FROM `setting` [ RunTime:0.015001s ]
[ sql ] [ SQL ] SELECT * FROM `setting` WHERE  `name` = 'menu_tree' LIMIT 1 [ RunTime:0.003000s ]
[ sql ] [ SQL ] SHOW COLUMNS FROM `auth_rule` [ RunTime:0.010001s ]
[ sql ] [ SQL ] SELECT * FROM `auth_rule` [ RunTime:0.001000s ]
---------------------------------------------------------------
[ 2019-03-06T17:57:53+08:00 ] 192.168.4.109 GET /admin.php/admin/rule/index
[ info ] 192.168.4.109:89/admin.php/admin/rule/index [运行时间：0.149008s][吞吐率：6.71req/s] [内存消耗：404.48kb] [文件加载：52]
[ info ] [ LANG ] D:\gitee\qp_backstage\thinkphp\lang\zh-cn.php
[ info ] [ ROUTE ] array (
  'type' => 'module',
  'module' => 
  array (
    0 => 'admin',
    1 => 'rule',
    2 => 'index',
  ),
)
[ info ] [ HEADER ] array (
  'cookie' => 'PHPSESSID=obhj94chriqev28fsg1kpija83; left_menu_father=7; tab_list=8; Hm_lvt_b393d153aeb26b46e9431fabaf0f6190=1551864356; Hm_lpvt_b393d153aeb26b46e9431fabaf0f6190=1551864356',
  'accept-language' => 'zh-CN,zh;q=0.9',
  'accept-encoding' => 'gzip, deflate',
  'referer' => 'http://192.168.4.109:89/admin.php/admin/rule/index',
  'accept' => 'text/html,application/xhtml+xml,application/xml;q=0.9,image/webp,image/apng,*/*;q=0.8',
  'user-agent' => 'Mozilla/5.0 (Windows NT 6.1; Win64; x64) AppleWebKit/537.36 (KHTML, like Gecko) Chrome/68.0.3440.106 Safari/537.36',
  'upgrade-insecure-requests' => '1',
  'connection' => 'close',
  'host' => '192.168.4.109:89',
)
[ info ] [ PARAM ] array (
)
[ info ] [ SESSION ] INIT array (
  'id' => '',
  'var_session_id' => '',
  'prefix' => 'think',
  'type' => '',
  'auto_start' => true,
)
[ info ] [ DB ] INIT mysql
[ info ] [ RUN ] app\admin\controller\Rule->index[ D:\gitee\qp_backstage\application\admin\controller\Rule.php ]
[ info ] [ VIEW ] D:\gitee\qp_backstage\public/../application/admin\view\rule\index.html [ array (
  0 => 'menu_tree',
) ]
[ info ] [ LOG ] INIT File
[ sql ] [ DB ] CONNECT:[ UseTime:0.005000s ] mysql:host=127.0.0.1;dbname=txcms;charset=utf8
[ sql ] [ SQL ] SHOW COLUMNS FROM `setting` [ RunTime:0.015001s ]
[ sql ] [ SQL ] SELECT * FROM `setting` WHERE  `name` = 'menu_tree' LIMIT 1 [ RunTime:0.002000s ]
---------------------------------------------------------------
[ 2019-03-06T17:57:54+08:00 ] 192.168.4.109 GET /admin.php/admin/rule/undefinedcss/modules/laydate/default/laydate.css?v=5.0.9
[ info ] 192.168.4.109:89/admin.php/admin/rule/undefinedcss/modules/laydate/default/laydate.css?v=5.0.9 [运行时间：0.027001s][吞吐率：37.04req/s] [内存消耗：257.05kb] [文件加载：53]
[ info ] [ LANG ] D:\gitee\qp_backstage\thinkphp\lang\zh-cn.php
[ info ] [ ROUTE ] array (
  'type' => 'module',
  'module' => 
  array (
    0 => 'admin',
    1 => 'rule',
    2 => 'undefinedcss',
  ),
)
[ info ] [ HEADER ] array (
  'cookie' => 'PHPSESSID=obhj94chriqev28fsg1kpija83; left_menu_father=7; tab_list=8; Hm_lvt_b393d153aeb26b46e9431fabaf0f6190=1551864356; Hm_lpvt_b393d153aeb26b46e9431fabaf0f6190=1551864356',
  'accept-language' => 'zh-CN,zh;q=0.9',
  'accept-encoding' => 'gzip, deflate',
  'referer' => 'http://192.168.4.109:89/admin.php/admin/rule/index',
  'accept' => 'text/css,*/*;q=0.1',
  'user-agent' => 'Mozilla/5.0 (Windows NT 6.1; Win64; x64) AppleWebKit/537.36 (KHTML, like Gecko) Chrome/68.0.3440.106 Safari/537.36',
  'connection' => 'close',
  'host' => '192.168.4.109:89',
)
[ info ] [ PARAM ] array (
  'v' => '5.0.9',
  'modules' => 'laydate',
  'default' => 'laydate',
)
[ info ] [ SESSION ] INIT array (
  'id' => '',
  'var_session_id' => '',
  'prefix' => 'think',
  'type' => '',
  'auto_start' => true,
)
[ info ] [ DB ] INIT mysql
[ info ] [ RUN ] app\admin\controller\Rule->_empty[ D:\gitee\qp_backstage\application\admin\controller\Rule.php ]
[ info ] [ LOG ] INIT File
[ sql ] [ DB ] CONNECT:[ UseTime:0.003000s ] mysql:host=127.0.0.1;dbname=txcms;charset=utf8
[ sql ] [ SQL ] SHOW COLUMNS FROM `setting` [ RunTime:0.014001s ]
[ sql ] [ SQL ] SELECT * FROM `setting` WHERE  `name` = 'menu_tree' LIMIT 1 [ RunTime:0.000000s ]
---------------------------------------------------------------
[ 2019-03-06T17:57:54+08:00 ] 192.168.4.109 GET /admin.php/admin/rule/index
[ info ] 192.168.4.109:89/admin.php/admin/rule/index [运行时间：0.034002s][吞吐率：29.41req/s] [内存消耗：270.81kb] [文件加载：52]
[ info ] [ LANG ] D:\gitee\qp_backstage\thinkphp\lang\zh-cn.php
[ info ] [ ROUTE ] array (
  'type' => 'module',
  'module' => 
  array (
    0 => 'admin',
    1 => 'rule',
    2 => 'index',
  ),
)
[ info ] [ HEADER ] array (
  'cookie' => 'PHPSESSID=obhj94chriqev28fsg1kpija83; left_menu_father=7; tab_list=8; Hm_lvt_b393d153aeb26b46e9431fabaf0f6190=1551864356; Hm_lpvt_b393d153aeb26b46e9431fabaf0f6190=1551864356',
  'accept-language' => 'zh-CN,zh;q=0.9',
  'accept-encoding' => 'gzip, deflate',
  'referer' => 'http://192.168.4.109:89/admin.php/admin/rule/index',
  'accept' => 'text/css,*/*;q=0.1',
  'user-agent' => 'Mozilla/5.0 (Windows NT 6.1; Win64; x64) AppleWebKit/537.36 (KHTML, like Gecko) Chrome/68.0.3440.106 Safari/537.36',
  'connection' => 'close',
  'host' => '192.168.4.109:89',
)
[ info ] [ PARAM ] array (
)
[ info ] [ SESSION ] INIT array (
  'id' => '',
  'var_session_id' => '',
  'prefix' => 'think',
  'type' => '',
  'auto_start' => true,
)
[ info ] [ DB ] INIT mysql
[ info ] [ RUN ] app\admin\controller\Rule->index[ D:\gitee\qp_backstage\application\admin\controller\Rule.php ]
[ info ] [ VIEW ] D:\gitee\qp_backstage\public/../application/admin\view\rule\index.html [ array (
  0 => 'menu_tree',
) ]
[ info ] [ LOG ] INIT File
[ sql ] [ DB ] CONNECT:[ UseTime:0.014000s ] mysql:host=127.0.0.1;dbname=txcms;charset=utf8
[ sql ] [ SQL ] SHOW COLUMNS FROM `setting` [ RunTime:0.009001s ]
[ sql ] [ SQL ] SELECT * FROM `setting` WHERE  `name` = 'menu_tree' LIMIT 1 [ RunTime:0.004000s ]
---------------------------------------------------------------
[ 2019-03-06T17:57:55+08:00 ] 192.168.4.109 GET /admin.php/admin/rule/getrulejsondata
[ info ] 192.168.4.109:89/admin.php/admin/rule/getrulejsondata [运行时间：0.057003s][吞吐率：17.54req/s] [内存消耗：351.34kb] [文件加载：53]
[ info ] [ LANG ] D:\gitee\qp_backstage\thinkphp\lang\zh-cn.php
[ info ] [ ROUTE ] array (
  'type' => 'module',
  'module' => 
  array (
    0 => 'admin',
    1 => 'rule',
    2 => 'getrulejsondata',
  ),
)
[ info ] [ HEADER ] array (
  'cookie' => 'PHPSESSID=obhj94chriqev28fsg1kpija83; left_menu_father=7; tab_list=8; Hm_lvt_b393d153aeb26b46e9431fabaf0f6190=1551864356; Hm_lpvt_b393d153aeb26b46e9431fabaf0f6190=1551864356',
  'accept-language' => 'zh-CN,zh;q=0.9',
  'accept-encoding' => 'gzip, deflate',
  'referer' => 'http://192.168.4.109:89/admin.php/admin/rule/index',
  'user-agent' => 'Mozilla/5.0 (Windows NT 6.1; Win64; x64) AppleWebKit/537.36 (KHTML, like Gecko) Chrome/68.0.3440.106 Safari/537.36',
  'x-requested-with' => 'XMLHttpRequest',
  'accept' => 'application/json, text/javascript, */*; q=0.01',
  'connection' => 'close',
  'host' => '192.168.4.109:89',
)
[ info ] [ PARAM ] array (
)
[ info ] [ SESSION ] INIT array (
  'id' => '',
  'var_session_id' => '',
  'prefix' => 'think',
  'type' => '',
  'auto_start' => true,
)
[ info ] [ DB ] INIT mysql
[ info ] [ RUN ] app\admin\controller\Rule->getRuleJsonData[ D:\gitee\qp_backstage\application\admin\controller\Rule.php ]
[ info ] [ LOG ] INIT File
[ sql ] [ DB ] CONNECT:[ UseTime:0.002000s ] mysql:host=127.0.0.1;dbname=txcms;charset=utf8
[ sql ] [ SQL ] SHOW COLUMNS FROM `setting` [ RunTime:0.008001s ]
[ sql ] [ SQL ] SELECT * FROM `setting` WHERE  `name` = 'menu_tree' LIMIT 1 [ RunTime:0.001000s ]
[ sql ] [ SQL ] SHOW COLUMNS FROM `auth_rule` [ RunTime:0.014001s ]
[ sql ] [ SQL ] SELECT * FROM `auth_rule` [ RunTime:0.002000s ]
---------------------------------------------------------------
[ 2019-03-06T17:57:56+08:00 ] 192.168.4.109 GET /admin.php/admin/rule/favicon.ico
[ info ] 192.168.4.109:89/admin.php/admin/rule/favicon.ico [运行时间：0.019001s][吞吐率：52.63req/s] [内存消耗：255.04kb] [文件加载：53]
[ info ] [ LANG ] D:\gitee\qp_backstage\thinkphp\lang\zh-cn.php
[ info ] [ ROUTE ] array (
  'type' => 'module',
  'module' => 
  array (
    0 => 'admin',
    1 => 'rule',
    2 => 'favicon',
  ),
)
[ info ] [ HEADER ] array (
  'cookie' => 'PHPSESSID=obhj94chriqev28fsg1kpija83; left_menu_father=7; tab_list=8; Hm_lvt_b393d153aeb26b46e9431fabaf0f6190=1551864356; Hm_lpvt_b393d153aeb26b46e9431fabaf0f6190=1551864356',
  'accept-language' => 'zh-CN,zh;q=0.9',
  'accept-encoding' => 'gzip, deflate',
  'referer' => 'http://192.168.4.109:89/admin.php/admin/rule/index',
  'accept' => 'image/webp,image/apng,image/*,*/*;q=0.8',
  'user-agent' => 'Mozilla/5.0 (Windows NT 6.1; Win64; x64) AppleWebKit/537.36 (KHTML, like Gecko) Chrome/68.0.3440.106 Safari/537.36',
  'connection' => 'close',
  'host' => '192.168.4.109:89',
)
[ info ] [ PARAM ] array (
)
[ info ] [ SESSION ] INIT array (
  'id' => '',
  'var_session_id' => '',
  'prefix' => 'think',
  'type' => '',
  'auto_start' => true,
)
[ info ] [ DB ] INIT mysql
[ info ] [ RUN ] app\admin\controller\Rule->_empty[ D:\gitee\qp_backstage\application\admin\controller\Rule.php ]
[ info ] [ LOG ] INIT File
[ sql ] [ DB ] CONNECT:[ UseTime:0.002000s ] mysql:host=127.0.0.1;dbname=txcms;charset=utf8
[ sql ] [ SQL ] SHOW COLUMNS FROM `setting` [ RunTime:0.009000s ]
[ sql ] [ SQL ] SELECT * FROM `setting` WHERE  `name` = 'menu_tree' LIMIT 1 [ RunTime:0.001000s ]
---------------------------------------------------------------
[ 2019-03-06T17:57:56+08:00 ] 192.168.4.109 GET /admin.php/admin/rule/index
[ info ] 192.168.4.109:89/admin.php/admin/rule/index [运行时间：0.038002s][吞吐率：26.31req/s] [内存消耗：270.83kb] [文件加载：52]
[ info ] [ LANG ] D:\gitee\qp_backstage\thinkphp\lang\zh-cn.php
[ info ] [ ROUTE ] array (
  'type' => 'module',
  'module' => 
  array (
    0 => 'admin',
    1 => 'rule',
    2 => 'index',
  ),
)
[ info ] [ HEADER ] array (
  'cookie' => 'PHPSESSID=obhj94chriqev28fsg1kpija83; left_menu_father=7; tab_list=8; Hm_lvt_b393d153aeb26b46e9431fabaf0f6190=1551864356; Hm_lpvt_b393d153aeb26b46e9431fabaf0f6190=1551864356',
  'accept-language' => 'zh-CN,zh;q=0.9',
  'accept-encoding' => 'gzip, deflate',
  'referer' => 'http://192.168.4.109:89/admin.php/admin/rule/index',
  'accept' => 'image/webp,image/apng,image/*,*/*;q=0.8',
  'user-agent' => 'Mozilla/5.0 (Windows NT 6.1; Win64; x64) AppleWebKit/537.36 (KHTML, like Gecko) Chrome/68.0.3440.106 Safari/537.36',
  'connection' => 'close',
  'host' => '192.168.4.109:89',
)
[ info ] [ PARAM ] array (
)
[ info ] [ SESSION ] INIT array (
  'id' => '',
  'var_session_id' => '',
  'prefix' => 'think',
  'type' => '',
  'auto_start' => true,
)
[ info ] [ DB ] INIT mysql
[ info ] [ RUN ] app\admin\controller\Rule->index[ D:\gitee\qp_backstage\application\admin\controller\Rule.php ]
[ info ] [ VIEW ] D:\gitee\qp_backstage\public/../application/admin\view\rule\index.html [ array (
  0 => 'menu_tree',
) ]
[ info ] [ LOG ] INIT File
[ sql ] [ DB ] CONNECT:[ UseTime:0.022001s ] mysql:host=127.0.0.1;dbname=txcms;charset=utf8
[ sql ] [ SQL ] SHOW COLUMNS FROM `setting` [ RunTime:0.008001s ]
[ sql ] [ SQL ] SELECT * FROM `setting` WHERE  `name` = 'menu_tree' LIMIT 1 [ RunTime:0.001000s ]
---------------------------------------------------------------
[ 2019-03-06T18:17:06+08:00 ] 192.168.4.109 GET /admin.php/admin/group/index
[ info ] 192.168.4.109:89/admin.php/admin/group/index [运行时间：0.098005s][吞吐率：10.20req/s] [内存消耗：487.55kb] [文件加载：55]
[ info ] [ LANG ] D:\gitee\qp_backstage\thinkphp\lang\zh-cn.php
[ info ] [ ROUTE ] array (
  'type' => 'module',
  'module' => 
  array (
    0 => 'admin',
    1 => 'group',
    2 => 'index',
  ),
)
[ info ] [ HEADER ] array (
  'cookie' => 'PHPSESSID=obhj94chriqev28fsg1kpija83; Hm_lvt_b393d153aeb26b46e9431fabaf0f6190=1551864356; left_menu_father=3; tab_list=4%2C5; Hm_lpvt_b393d153aeb26b46e9431fabaf0f6190=1551867407',
  'accept-language' => 'zh-CN,zh;q=0.9',
  'accept-encoding' => 'gzip, deflate',
  'referer' => 'http://192.168.4.109:89/admin.php/admin/rule/index',
  'accept' => 'text/html,application/xhtml+xml,application/xml;q=0.9,image/webp,image/apng,*/*;q=0.8',
  'user-agent' => 'Mozilla/5.0 (Windows NT 6.1; Win64; x64) AppleWebKit/537.36 (KHTML, like Gecko) Chrome/68.0.3440.106 Safari/537.36',
  'upgrade-insecure-requests' => '1',
  'connection' => 'close',
  'host' => '192.168.4.109:89',
)
[ info ] [ PARAM ] array (
)
[ info ] [ SESSION ] INIT array (
  'id' => '',
  'var_session_id' => '',
  'prefix' => 'think',
  'type' => '',
  'auto_start' => true,
)
[ info ] [ DB ] INIT mysql
[ info ] [ RUN ] app\admin\controller\Group->index[ D:\gitee\qp_backstage\application\admin\controller\Group.php ]
[ info ] [ VIEW ] D:\gitee\qp_backstage\public/../application/admin\view\group\index.html [ array (
  0 => 'menu_tree',
  1 => 'data',
) ]
[ info ] [ LOG ] INIT File
[ sql ] [ DB ] CONNECT:[ UseTime:0.011000s ] mysql:host=127.0.0.1;dbname=txcms;charset=utf8
[ sql ] [ SQL ] SHOW COLUMNS FROM `setting` [ RunTime:0.008000s ]
[ sql ] [ SQL ] SELECT * FROM `setting` WHERE  `name` = 'menu_tree' LIMIT 1 [ RunTime:0.001000s ]
[ sql ] [ SQL ] SHOW COLUMNS FROM `auth_group` [ RunTime:0.010001s ]
[ sql ] [ SQL ] SELECT * FROM `auth_group` [ RunTime:0.001000s ]
---------------------------------------------------------------
[ 2019-03-06T18:17:06+08:00 ] 192.168.4.109 GET /admin.php/admin/group/favicon.ico
[ info ] 192.168.4.109:89/admin.php/admin/group/favicon.ico [运行时间：0.049003s][吞吐率：20.41req/s] [内存消耗：256.12kb] [文件加载：53]
[ info ] [ LANG ] D:\gitee\qp_backstage\thinkphp\lang\zh-cn.php
[ info ] [ ROUTE ] array (
  'type' => 'module',
  'module' => 
  array (
    0 => 'admin',
    1 => 'group',
    2 => 'favicon',
  ),
)
[ info ] [ HEADER ] array (
  'cookie' => 'PHPSESSID=obhj94chriqev28fsg1kpija83; Hm_lvt_b393d153aeb26b46e9431fabaf0f6190=1551864356; left_menu_father=3; tab_list=4%2C5; Hm_lpvt_b393d153aeb26b46e9431fabaf0f6190=1551867407',
  'accept-language' => 'zh-CN,zh;q=0.9',
  'accept-encoding' => 'gzip, deflate',
  'referer' => 'http://192.168.4.109:89/admin.php/admin/group/index',
  'accept' => 'image/webp,image/apng,image/*,*/*;q=0.8',
  'user-agent' => 'Mozilla/5.0 (Windows NT 6.1; Win64; x64) AppleWebKit/537.36 (KHTML, like Gecko) Chrome/68.0.3440.106 Safari/537.36',
  'connection' => 'close',
  'host' => '192.168.4.109:89',
)
[ info ] [ PARAM ] array (
)
[ info ] [ SESSION ] INIT array (
  'id' => '',
  'var_session_id' => '',
  'prefix' => 'think',
  'type' => '',
  'auto_start' => true,
)
[ info ] [ DB ] INIT mysql
[ info ] [ RUN ] app\admin\controller\Group->_empty[ D:\gitee\qp_backstage\application\admin\controller\Group.php ]
[ info ] [ LOG ] INIT File
[ sql ] [ DB ] CONNECT:[ UseTime:0.011000s ] mysql:host=127.0.0.1;dbname=txcms;charset=utf8
[ sql ] [ SQL ] SHOW COLUMNS FROM `setting` [ RunTime:0.025002s ]
[ sql ] [ SQL ] SELECT * FROM `setting` WHERE  `name` = 'menu_tree' LIMIT 1 [ RunTime:0.002000s ]
---------------------------------------------------------------
[ 2019-03-06T18:17:06+08:00 ] 192.168.4.109 GET /admin.php/admin/group/index
[ info ] 192.168.4.109:89/admin.php/admin/group/index [运行时间：0.028001s][吞吐率：35.71req/s] [内存消耗：353.41kb] [文件加载：55]
[ info ] [ LANG ] D:\gitee\qp_backstage\thinkphp\lang\zh-cn.php
[ info ] [ ROUTE ] array (
  'type' => 'module',
  'module' => 
  array (
    0 => 'admin',
    1 => 'group',
    2 => 'index',
  ),
)
[ info ] [ HEADER ] array (
  'cookie' => 'PHPSESSID=obhj94chriqev28fsg1kpija83; Hm_lvt_b393d153aeb26b46e9431fabaf0f6190=1551864356; left_menu_father=3; tab_list=4%2C5; Hm_lpvt_b393d153aeb26b46e9431fabaf0f6190=1551867407',
  'accept-language' => 'zh-CN,zh;q=0.9',
  'accept-encoding' => 'gzip, deflate',
  'referer' => 'http://192.168.4.109:89/admin.php/admin/group/index',
  'accept' => 'image/webp,image/apng,image/*,*/*;q=0.8',
  'user-agent' => 'Mozilla/5.0 (Windows NT 6.1; Win64; x64) AppleWebKit/537.36 (KHTML, like Gecko) Chrome/68.0.3440.106 Safari/537.36',
  'connection' => 'close',
  'host' => '192.168.4.109:89',
)
[ info ] [ PARAM ] array (
)
[ info ] [ SESSION ] INIT array (
  'id' => '',
  'var_session_id' => '',
  'prefix' => 'think',
  'type' => '',
  'auto_start' => true,
)
[ info ] [ DB ] INIT mysql
[ info ] [ RUN ] app\admin\controller\Group->index[ D:\gitee\qp_backstage\application\admin\controller\Group.php ]
[ info ] [ VIEW ] D:\gitee\qp_backstage\public/../application/admin\view\group\index.html [ array (
  0 => 'menu_tree',
  1 => 'data',
) ]
[ info ] [ LOG ] INIT File
[ sql ] [ DB ] CONNECT:[ UseTime:0.001000s ] mysql:host=127.0.0.1;dbname=txcms;charset=utf8
[ sql ] [ SQL ] SHOW COLUMNS FROM `setting` [ RunTime:0.011001s ]
[ sql ] [ SQL ] SELECT * FROM `setting` WHERE  `name` = 'menu_tree' LIMIT 1 [ RunTime:0.001000s ]
[ sql ] [ SQL ] SHOW COLUMNS FROM `auth_group` [ RunTime:0.008000s ]
[ sql ] [ SQL ] SELECT * FROM `auth_group` [ RunTime:0.001000s ]
---------------------------------------------------------------
[ 2019-03-06T18:17:07+08:00 ] 192.168.4.109 GET /admin.php/admin/group/add
[ info ] 192.168.4.109:89/admin.php/admin/group/add [运行时间：0.023001s][吞吐率：43.48req/s] [内存消耗：255.63kb] [文件加载：52]
[ info ] [ LANG ] D:\gitee\qp_backstage\thinkphp\lang\zh-cn.php
[ info ] [ ROUTE ] array (
  'type' => 'module',
  'module' => 
  array (
    0 => 'admin',
    1 => 'group',
    2 => 'add',
  ),
)
[ info ] [ HEADER ] array (
  'cookie' => 'PHPSESSID=obhj94chriqev28fsg1kpija83; Hm_lvt_b393d153aeb26b46e9431fabaf0f6190=1551864356; left_menu_father=3; tab_list=4%2C5; Hm_lpvt_b393d153aeb26b46e9431fabaf0f6190=1551867407',
  'accept-language' => 'zh-CN,zh;q=0.9',
  'accept-encoding' => 'gzip, deflate',
  'referer' => 'http://192.168.4.109:89/admin.php/admin/group/index',
  'accept' => 'text/html,application/xhtml+xml,application/xml;q=0.9,image/webp,image/apng,*/*;q=0.8',
  'user-agent' => 'Mozilla/5.0 (Windows NT 6.1; Win64; x64) AppleWebKit/537.36 (KHTML, like Gecko) Chrome/68.0.3440.106 Safari/537.36',
  'upgrade-insecure-requests' => '1',
  'connection' => 'close',
  'host' => '192.168.4.109:89',
)
[ info ] [ PARAM ] array (
)
[ info ] [ SESSION ] INIT array (
  'id' => '',
  'var_session_id' => '',
  'prefix' => 'think',
  'type' => '',
  'auto_start' => true,
)
[ info ] [ DB ] INIT mysql
[ info ] [ RUN ] app\admin\controller\Group->add[ D:\gitee\qp_backstage\application\admin\controller\Group.php ]
[ info ] [ VIEW ] D:\gitee\qp_backstage\public/../application/admin\view\group\add.html [ array (
  0 => 'menu_tree',
) ]
[ info ] [ LOG ] INIT File
[ sql ] [ DB ] CONNECT:[ UseTime:0.006000s ] mysql:host=127.0.0.1;dbname=txcms;charset=utf8
[ sql ] [ SQL ] SHOW COLUMNS FROM `setting` [ RunTime:0.010001s ]
[ sql ] [ SQL ] SELECT * FROM `setting` WHERE  `name` = 'menu_tree' LIMIT 1 [ RunTime:0.001000s ]
