---------------------------------------------------------------
[ 2019-03-12T14:17:33+08:00 ] 192.168.4.109 GET /admin.php/admin/index/index.html
[ info ] 192.168.4.109:89/admin.php/admin/index/index.html [运行时间：0.314018s][吞吐率：3.18req/s] [内存消耗：1,111.00kb] [文件加载：38]
[ info ] [ LANG ] D:\gitee\qp_backstage\thinkphp\lang\zh-cn.php
[ info ] [ ROUTE ] array (
  'type' => 'module',
  'module' => 
  array (
    0 => 'admin',
    1 => 'index',
    2 => 'index',
  ),
)
[ info ] [ HEADER ] array (
  'cookie' => 'PHPSESSID=gf3s9m2gomb35ca1i4eunseuv5; PESTKSESSION=u8cmcbscqlkio41abnd8bvndv3',
  'accept-language' => 'zh-CN,zh;q=0.9',
  'accept-encoding' => 'gzip, deflate',
  'accept' => 'text/html,application/xhtml+xml,application/xml;q=0.9,image/webp,image/apng,*/*;q=0.8',
  'user-agent' => 'Mozilla/5.0 (Windows NT 6.1; Win64; x64) AppleWebKit/537.36 (KHTML, like Gecko) Chrome/68.0.3440.106 Safari/537.36',
  'upgrade-insecure-requests' => '1',
  'connection' => 'close',
  'host' => '192.168.4.109:89',
)
[ info ] [ PARAM ] array (
)
[ info ] [ LOG ] INIT File
[ error ] [4]语法错误: unexpected '?'[D:\gitee\qp_backstage\application\admin\controller\Index.php:22]
---------------------------------------------------------------
[ 2019-03-12T14:18:14+08:00 ] 192.168.4.109 GET /admin.php/admin/index/index.html
[ info ] 192.168.4.109:89/admin.php/admin/index/index.html [运行时间：0.035002s][吞吐率：28.57req/s] [内存消耗：1,349.85kb] [文件加载：45]
[ info ] [ LANG ] D:\gitee\qp_backstage\thinkphp\lang\zh-cn.php
[ info ] [ ROUTE ] array (
  'type' => 'module',
  'module' => 
  array (
    0 => 'admin',
    1 => 'index',
    2 => 'index',
  ),
)
[ info ] [ HEADER ] array (
  'cookie' => 'PHPSESSID=gf3s9m2gomb35ca1i4eunseuv5; PESTKSESSION=u8cmcbscqlkio41abnd8bvndv3',
  'accept-language' => 'zh-CN,zh;q=0.9',
  'accept-encoding' => 'gzip, deflate',
  'accept' => 'text/html,application/xhtml+xml,application/xml;q=0.9,image/webp,image/apng,*/*;q=0.8',
  'user-agent' => 'Mozilla/5.0 (Windows NT 6.1; Win64; x64) AppleWebKit/537.36 (KHTML, like Gecko) Chrome/68.0.3440.106 Safari/537.36',
  'upgrade-insecure-requests' => '1',
  'cache-control' => 'max-age=0',
  'connection' => 'close',
  'host' => '192.168.4.109:89',
)
[ info ] [ PARAM ] array (
)
[ info ] [ SESSION ] INIT array (
  'id' => '',
  'var_session_id' => '',
  'prefix' => 'think',
  'type' => '',
  'auto_start' => true,
)
[ info ] [ VIEW ] D:\gitee\qp_backstage\thinkphp\tpl\dispatch_jump.tpl [ array (
  0 => 'code',
  1 => 'msg',
  2 => 'data',
  3 => 'url',
  4 => 'wait',
) ]
[ info ] [ LOG ] INIT File
---------------------------------------------------------------
[ 2019-03-12T14:18:15+08:00 ] 192.168.4.109 GET /admin.php/admin/login/index
[ info ] 192.168.4.109:89/admin.php/admin/login/index [运行时间：0.037002s][吞吐率：27.03req/s] [内存消耗：1,337.09kb] [文件加载：43]
[ info ] [ LANG ] D:\gitee\qp_backstage\thinkphp\lang\zh-cn.php
[ info ] [ ROUTE ] array (
  'type' => 'module',
  'module' => 
  array (
    0 => 'admin',
    1 => 'login',
    2 => 'index',
  ),
)
[ info ] [ HEADER ] array (
  'cookie' => 'PHPSESSID=gf3s9m2gomb35ca1i4eunseuv5; PESTKSESSION=u8cmcbscqlkio41abnd8bvndv3',
  'accept-language' => 'zh-CN,zh;q=0.9',
  'accept-encoding' => 'gzip, deflate',
  'referer' => 'http://192.168.4.109:89/admin.php/admin/index/index.html',
  'accept' => 'text/html,application/xhtml+xml,application/xml;q=0.9,image/webp,image/apng,*/*;q=0.8',
  'user-agent' => 'Mozilla/5.0 (Windows NT 6.1; Win64; x64) AppleWebKit/537.36 (KHTML, like Gecko) Chrome/68.0.3440.106 Safari/537.36',
  'upgrade-insecure-requests' => '1',
  'connection' => 'close',
  'host' => '192.168.4.109:89',
)
[ info ] [ PARAM ] array (
)
[ info ] [ RUN ] app\admin\controller\Login->index[ D:\gitee\qp_backstage\application\admin\controller\Login.php ]
[ info ] [ SESSION ] INIT array (
  'id' => '',
  'var_session_id' => '',
  'prefix' => 'think',
  'type' => '',
  'auto_start' => true,
)
[ info ] [ VIEW ] D:\gitee\qp_backstage\public/../application/admin\view\login\index.html [ array (
) ]
[ info ] [ LOG ] INIT File
---------------------------------------------------------------
[ 2019-03-12T14:18:15+08:00 ] 192.168.4.109 GET /admin.php/captcha
[ info ] 192.168.4.109:89/admin.php/captcha [运行时间：0.033002s][吞吐率：30.30req/s] [内存消耗：1,107.94kb] [文件加载：35]
[ info ] [ LANG ] D:\gitee\qp_backstage\thinkphp\lang\zh-cn.php
[ info ] [ ROUTE ] array (
  'type' => 'method',
  'method' => 
  array (
    0 => '\\think\\captcha\\CaptchaController',
    1 => 'index',
  ),
  'var' => 
  array (
  ),
)
[ info ] [ HEADER ] array (
  'cookie' => 'PHPSESSID=gf3s9m2gomb35ca1i4eunseuv5; PESTKSESSION=u8cmcbscqlkio41abnd8bvndv3',
  'accept-language' => 'zh-CN,zh;q=0.9',
  'accept-encoding' => 'gzip, deflate',
  'referer' => 'http://192.168.4.109:89/admin.php/admin/login/index',
  'accept' => 'image/webp,image/apng,image/*,*/*;q=0.8',
  'user-agent' => 'Mozilla/5.0 (Windows NT 6.1; Win64; x64) AppleWebKit/537.36 (KHTML, like Gecko) Chrome/68.0.3440.106 Safari/537.36',
  'connection' => 'close',
  'host' => '192.168.4.109:89',
)
[ info ] [ PARAM ] array (
  'id' => '',
)
[ info ] [ RUN ] think\captcha\CaptchaController->index[ D:\gitee\qp_backstage\vendor\topthink\think-captcha\src\CaptchaController.php ]
[ info ] [ SESSION ] INIT array (
  'id' => '',
  'var_session_id' => '',
  'prefix' => 'think',
  'type' => '',
  'auto_start' => true,
)
[ info ] [ LOG ] INIT File
---------------------------------------------------------------
[ 2019-03-12T14:18:19+08:00 ] 192.168.4.109 GET /admin.php/captcha?0.786263937883809
[ info ] 192.168.4.109:89/admin.php/captcha?0.786263937883809 [运行时间：0.024002s][吞吐率：41.66req/s] [内存消耗：1,108.11kb] [文件加载：35]
[ info ] [ LANG ] D:\gitee\qp_backstage\thinkphp\lang\zh-cn.php
[ info ] [ ROUTE ] array (
  'type' => 'method',
  'method' => 
  array (
    0 => '\\think\\captcha\\CaptchaController',
    1 => 'index',
  ),
  'var' => 
  array (
  ),
)
[ info ] [ HEADER ] array (
  'cookie' => 'PHPSESSID=gf3s9m2gomb35ca1i4eunseuv5; PESTKSESSION=u8cmcbscqlkio41abnd8bvndv3',
  'accept-language' => 'zh-CN,zh;q=0.9',
  'accept-encoding' => 'gzip, deflate',
  'referer' => 'http://192.168.4.109:89/admin.php/admin/login/index',
  'accept' => 'image/webp,image/apng,image/*,*/*;q=0.8',
  'user-agent' => 'Mozilla/5.0 (Windows NT 6.1; Win64; x64) AppleWebKit/537.36 (KHTML, like Gecko) Chrome/68.0.3440.106 Safari/537.36',
  'connection' => 'close',
  'host' => '192.168.4.109:89',
)
[ info ] [ PARAM ] array (
  '0_786263937883809' => '',
  'id' => '',
)
[ info ] [ RUN ] think\captcha\CaptchaController->index[ D:\gitee\qp_backstage\vendor\topthink\think-captcha\src\CaptchaController.php ]
[ info ] [ SESSION ] INIT array (
  'id' => '',
  'var_session_id' => '',
  'prefix' => 'think',
  'type' => '',
  'auto_start' => true,
)
[ info ] [ LOG ] INIT File
---------------------------------------------------------------
[ 2019-03-12T14:18:24+08:00 ] 192.168.4.109 POST /admin.php/admin/login/dologin
[ info ] 192.168.4.109:89/admin.php/admin/login/dologin [运行时间：0.088005s][吞吐率：11.36req/s] [内存消耗：2,244.84kb] [文件加载：52]
[ info ] [ LANG ] D:\gitee\qp_backstage\thinkphp\lang\zh-cn.php
[ info ] [ ROUTE ] array (
  'type' => 'module',
  'module' => 
  array (
    0 => 'admin',
    1 => 'login',
    2 => 'dologin',
  ),
)
[ info ] [ HEADER ] array (
  'cookie' => 'PHPSESSID=gf3s9m2gomb35ca1i4eunseuv5; PESTKSESSION=u8cmcbscqlkio41abnd8bvndv3',
  'accept-language' => 'zh-CN,zh;q=0.9',
  'accept-encoding' => 'gzip, deflate',
  'referer' => 'http://192.168.4.109:89/admin.php/admin/login/index',
  'content-type' => 'application/x-www-form-urlencoded; charset=UTF-8',
  'user-agent' => 'Mozilla/5.0 (Windows NT 6.1; Win64; x64) AppleWebKit/537.36 (KHTML, like Gecko) Chrome/68.0.3440.106 Safari/537.36',
  'x-requested-with' => 'XMLHttpRequest',
  'origin' => 'http://192.168.4.109:89',
  'accept' => 'application/json, text/javascript, */*; q=0.01',
  'content-length' => '40',
  'connection' => 'close',
  'host' => '192.168.4.109:89',
)
[ info ] [ PARAM ] array (
  'username' => 'admin',
  'password' => '123456',
  'code' => 'A5V3',
)
[ info ] [ RUN ] app\admin\controller\Login->doLogin[ D:\gitee\qp_backstage\application\admin\controller\Login.php ]
[ info ] [ SESSION ] INIT array (
  'id' => '',
  'var_session_id' => '',
  'prefix' => 'think',
  'type' => '',
  'auto_start' => true,
)
[ info ] [ DB ] INIT mysql
[ info ] [ LOG ] INIT File
[ sql ] [ DB ] CONNECT:[ UseTime:0.002000s ] mysql:host=127.0.0.1;dbname=txcms;charset=utf8
[ sql ] [ SQL ] SHOW COLUMNS FROM `admin` [ RunTime:0.010001s ]
[ sql ] [ SQL ] SELECT * FROM `admin` WHERE  `username` = 'admin' LIMIT 1 [ RunTime:0.001000s ]
[ sql ] [ SQL ] SHOW COLUMNS FROM `admin_login_log` [ RunTime:0.015001s ]
[ sql ] [ SQL ] SELECT * FROM ( SELECT * FROM `admin_login_log` WHERE  `admin_id` = 1 ORDER BY `create_time` DESC )a LIMIT 1 [ RunTime:0.002000s ]
[ sql ] [ SQL ] INSERT INTO `admin_login_log` (`admin_id` , `ip` , `create_time`) VALUES (1 , '192.168.4.109' , '2019-03-12 14:18:24') [ RunTime:0.001000s ]
---------------------------------------------------------------
[ 2019-03-12T14:18:27+08:00 ] 192.168.4.109 GET /admin.php/admin/index/index
[ info ] 192.168.4.109:89/admin.php/admin/index/index [运行时间：0.072004s][吞吐率：13.89req/s] [内存消耗：2,321.52kb] [文件加载：58]
[ info ] [ LANG ] D:\gitee\qp_backstage\thinkphp\lang\zh-cn.php
[ info ] [ ROUTE ] array (
  'type' => 'module',
  'module' => 
  array (
    0 => 'admin',
    1 => 'index',
    2 => 'index',
  ),
)
[ info ] [ HEADER ] array (
  'cookie' => 'PHPSESSID=gf3s9m2gomb35ca1i4eunseuv5; PESTKSESSION=u8cmcbscqlkio41abnd8bvndv3',
  'accept-language' => 'zh-CN,zh;q=0.9',
  'accept-encoding' => 'gzip, deflate',
  'referer' => 'http://192.168.4.109:89/admin.php/admin/login/index',
  'accept' => 'text/html,application/xhtml+xml,application/xml;q=0.9,image/webp,image/apng,*/*;q=0.8',
  'user-agent' => 'Mozilla/5.0 (Windows NT 6.1; Win64; x64) AppleWebKit/537.36 (KHTML, like Gecko) Chrome/68.0.3440.106 Safari/537.36',
  'upgrade-insecure-requests' => '1',
  'connection' => 'close',
  'host' => '192.168.4.109:89',
)
[ info ] [ PARAM ] array (
)
[ info ] [ SESSION ] INIT array (
  'id' => '',
  'var_session_id' => '',
  'prefix' => 'think',
  'type' => '',
  'auto_start' => true,
)
[ info ] [ DB ] INIT mysql
[ info ] [ RUN ] app\admin\controller\Index->index[ D:\gitee\qp_backstage\application\admin\controller\Index.php ]
[ info ] [ VIEW ] D:\gitee\qp_backstage\public/../application/admin\view\index\index.html [ array (
  0 => 'menu_tree',
) ]
[ info ] [ LOG ] INIT File
[ sql ] [ DB ] CONNECT:[ UseTime:0.001000s ] mysql:host=127.0.0.1;dbname=txcms;charset=utf8
[ sql ] [ SQL ] SHOW COLUMNS FROM `setting` [ RunTime:0.015001s ]
[ sql ] [ SQL ] SELECT * FROM `setting` WHERE  `name` = 'menu_tree' LIMIT 1 [ RunTime:0.001000s ]
[ sql ] [ SQL ] SELECT VERSION() AS ver [ RunTime:0.001000s ]
[ error ] [8]未定义变量: config[D:\gitee\qp_backstage\runtime\temp\5162ff4dfbb33897398068d26f0c3d24.php:180]
---------------------------------------------------------------
[ 2019-03-12T14:18:43+08:00 ] 192.168.4.109 GET /admin.php/admin/article/index
[ info ] 192.168.4.109:89/admin.php/admin/article/index [运行时间：0.025002s][吞吐率：40.00req/s] [内存消耗：1,122.65kb] [文件加载：38]
[ info ] [ LANG ] D:\gitee\qp_backstage\thinkphp\lang\zh-cn.php
[ info ] [ ROUTE ] array (
  'type' => 'module',
  'module' => 
  array (
    0 => 'admin',
    1 => 'article',
    2 => 'index',
  ),
)
[ info ] [ HEADER ] array (
  'cookie' => 'PHPSESSID=gf3s9m2gomb35ca1i4eunseuv5; PESTKSESSION=u8cmcbscqlkio41abnd8bvndv3',
  'accept-language' => 'zh-CN,zh;q=0.9',
  'accept-encoding' => 'gzip, deflate',
  'accept' => 'text/html,application/xhtml+xml,application/xml;q=0.9,image/webp,image/apng,*/*;q=0.8',
  'user-agent' => 'Mozilla/5.0 (Windows NT 6.1; Win64; x64) AppleWebKit/537.36 (KHTML, like Gecko) Chrome/68.0.3440.106 Safari/537.36',
  'upgrade-insecure-requests' => '1',
  'connection' => 'close',
  'host' => '192.168.4.109:89',
)
[ info ] [ PARAM ] array (
)
[ info ] [ LOG ] INIT File
[ error ] [64]Default value for parameters with a class type hint can only be NULL[D:\gitee\qp_backstage\application\admin\controller\Article.php:129]
---------------------------------------------------------------
[ 2019-03-12T14:18:50+08:00 ] 192.168.4.109 GET /admin.php/admin/index/index
[ info ] 192.168.4.109:89/admin.php/admin/index/index [运行时间：0.070004s][吞吐率：14.28req/s] [内存消耗：2,321.52kb] [文件加载：58]
[ info ] [ LANG ] D:\gitee\qp_backstage\thinkphp\lang\zh-cn.php
[ info ] [ ROUTE ] array (
  'type' => 'module',
  'module' => 
  array (
    0 => 'admin',
    1 => 'index',
    2 => 'index',
  ),
)
[ info ] [ HEADER ] array (
  'cookie' => 'PHPSESSID=gf3s9m2gomb35ca1i4eunseuv5; PESTKSESSION=u8cmcbscqlkio41abnd8bvndv3',
  'accept-language' => 'zh-CN,zh;q=0.9',
  'accept-encoding' => 'gzip, deflate',
  'referer' => 'http://192.168.4.109:89/admin.php/admin/login/index',
  'accept' => 'text/html,application/xhtml+xml,application/xml;q=0.9,image/webp,image/apng,*/*;q=0.8',
  'user-agent' => 'Mozilla/5.0 (Windows NT 6.1; Win64; x64) AppleWebKit/537.36 (KHTML, like Gecko) Chrome/68.0.3440.106 Safari/537.36',
  'upgrade-insecure-requests' => '1',
  'connection' => 'close',
  'host' => '192.168.4.109:89',
)
[ info ] [ PARAM ] array (
)
[ info ] [ SESSION ] INIT array (
  'id' => '',
  'var_session_id' => '',
  'prefix' => 'think',
  'type' => '',
  'auto_start' => true,
)
[ info ] [ DB ] INIT mysql
[ info ] [ RUN ] app\admin\controller\Index->index[ D:\gitee\qp_backstage\application\admin\controller\Index.php ]
[ info ] [ VIEW ] D:\gitee\qp_backstage\public/../application/admin\view\index\index.html [ array (
  0 => 'menu_tree',
) ]
[ info ] [ LOG ] INIT File
[ sql ] [ DB ] CONNECT:[ UseTime:0.010001s ] mysql:host=127.0.0.1;dbname=txcms;charset=utf8
[ sql ] [ SQL ] SHOW COLUMNS FROM `setting` [ RunTime:0.008000s ]
[ sql ] [ SQL ] SELECT * FROM `setting` WHERE  `name` = 'menu_tree' LIMIT 1 [ RunTime:0.001000s ]
[ sql ] [ SQL ] SELECT VERSION() AS ver [ RunTime:0.000000s ]
[ error ] [8]未定义变量: config[D:\gitee\qp_backstage\runtime\temp\5162ff4dfbb33897398068d26f0c3d24.php:180]
---------------------------------------------------------------
[ 2019-03-12T14:19:12+08:00 ] 192.168.4.109 GET /admin.php/admin/index/index
[ info ] 192.168.4.109:89/admin.php/admin/index/index [运行时间：0.107006s][吞吐率：9.35req/s] [内存消耗：471.51kb] [文件加载：54]
[ info ] [ LANG ] D:\gitee\qp_backstage\thinkphp\lang\zh-cn.php
[ info ] [ ROUTE ] array (
  'type' => 'module',
  'module' => 
  array (
    0 => 'admin',
    1 => 'index',
    2 => 'index',
  ),
)
[ info ] [ HEADER ] array (
  'cookie' => 'PHPSESSID=gf3s9m2gomb35ca1i4eunseuv5; PESTKSESSION=u8cmcbscqlkio41abnd8bvndv3',
  'accept-language' => 'zh-CN,zh;q=0.9',
  'accept-encoding' => 'gzip, deflate',
  'referer' => 'http://192.168.4.109:89/admin.php/admin/article/index',
  'accept' => 'text/html,application/xhtml+xml,application/xml;q=0.9,image/webp,image/apng,*/*;q=0.8',
  'user-agent' => 'Mozilla/5.0 (Windows NT 6.1; Win64; x64) AppleWebKit/537.36 (KHTML, like Gecko) Chrome/68.0.3440.106 Safari/537.36',
  'upgrade-insecure-requests' => '1',
  'cache-control' => 'max-age=0',
  'connection' => 'close',
  'host' => '192.168.4.109:89',
)
[ info ] [ PARAM ] array (
)
[ info ] [ SESSION ] INIT array (
  'id' => '',
  'var_session_id' => '',
  'prefix' => 'think',
  'type' => '',
  'auto_start' => true,
)
[ info ] [ DB ] INIT mysql
[ info ] [ RUN ] app\admin\controller\Index->index[ D:\gitee\qp_backstage\application\admin\controller\Index.php ]
[ info ] [ VIEW ] D:\gitee\qp_backstage\public/../application/admin\view\index\index.html [ array (
  0 => 'menu_tree',
  1 => 'config',
) ]
[ info ] [ LOG ] INIT File
[ sql ] [ DB ] CONNECT:[ UseTime:0.009000s ] mysql:host=127.0.0.1;dbname=txcms;charset=utf8
[ sql ] [ SQL ] SHOW COLUMNS FROM `setting` [ RunTime:0.021002s ]
[ sql ] [ SQL ] SELECT * FROM `setting` WHERE  `name` = 'menu_tree' LIMIT 1 [ RunTime:0.002000s ]
[ sql ] [ SQL ] SELECT VERSION() AS ver [ RunTime:0.000000s ]
---------------------------------------------------------------
[ 2019-03-12T14:19:12+08:00 ] 192.168.4.109 GET /admin.php/admin/index/favicon.ico
[ info ] 192.168.4.109:89/admin.php/admin/index/favicon.ico [运行时间：0.028001s][吞吐率：35.71req/s] [内存消耗：344.31kb] [文件加载：55]
[ info ] [ LANG ] D:\gitee\qp_backstage\thinkphp\lang\zh-cn.php
[ info ] [ ROUTE ] array (
  'type' => 'module',
  'module' => 
  array (
    0 => 'admin',
    1 => 'index',
    2 => 'favicon',
  ),
)
[ info ] [ HEADER ] array (
  'cookie' => 'PHPSESSID=gf3s9m2gomb35ca1i4eunseuv5; PESTKSESSION=u8cmcbscqlkio41abnd8bvndv3',
  'accept-language' => 'zh-CN,zh;q=0.9',
  'accept-encoding' => 'gzip, deflate',
  'referer' => 'http://192.168.4.109:89/admin.php/admin/index/index',
  'accept' => 'image/webp,image/apng,image/*,*/*;q=0.8',
  'user-agent' => 'Mozilla/5.0 (Windows NT 6.1; Win64; x64) AppleWebKit/537.36 (KHTML, like Gecko) Chrome/68.0.3440.106 Safari/537.36',
  'cache-control' => 'no-cache',
  'pragma' => 'no-cache',
  'connection' => 'close',
  'host' => '192.168.4.109:89',
)
[ info ] [ PARAM ] array (
)
[ info ] [ SESSION ] INIT array (
  'id' => '',
  'var_session_id' => '',
  'prefix' => 'think',
  'type' => '',
  'auto_start' => true,
)
[ info ] [ DB ] INIT mysql
[ info ] [ RUN ] app\admin\controller\Index->_empty[ D:\gitee\qp_backstage\application\admin\controller\Index.php ]
[ info ] [ LOG ] INIT File
[ sql ] [ DB ] CONNECT:[ UseTime:0.003000s ] mysql:host=127.0.0.1;dbname=txcms;charset=utf8
[ sql ] [ SQL ] SHOW COLUMNS FROM `setting` [ RunTime:0.014001s ]
[ sql ] [ SQL ] SELECT * FROM `setting` WHERE  `name` = 'menu_tree' LIMIT 1 [ RunTime:0.001000s ]
---------------------------------------------------------------
[ 2019-03-12T14:19:12+08:00 ] 192.168.4.109 GET /admin.php/admin/index/index
[ info ] 192.168.4.109:89/admin.php/admin/index/index [运行时间：0.018001s][吞吐率：55.55req/s] [内存消耗：337.97kb] [文件加载：54]
[ info ] [ LANG ] D:\gitee\qp_backstage\thinkphp\lang\zh-cn.php
[ info ] [ ROUTE ] array (
  'type' => 'module',
  'module' => 
  array (
    0 => 'admin',
    1 => 'index',
    2 => 'index',
  ),
)
[ info ] [ HEADER ] array (
  'cookie' => 'PHPSESSID=gf3s9m2gomb35ca1i4eunseuv5; PESTKSESSION=u8cmcbscqlkio41abnd8bvndv3',
  'accept-language' => 'zh-CN,zh;q=0.9',
  'accept-encoding' => 'gzip, deflate',
  'referer' => 'http://192.168.4.109:89/admin.php/admin/index/index',
  'accept' => 'image/webp,image/apng,image/*,*/*;q=0.8',
  'user-agent' => 'Mozilla/5.0 (Windows NT 6.1; Win64; x64) AppleWebKit/537.36 (KHTML, like Gecko) Chrome/68.0.3440.106 Safari/537.36',
  'cache-control' => 'no-cache',
  'pragma' => 'no-cache',
  'connection' => 'close',
  'host' => '192.168.4.109:89',
)
[ info ] [ PARAM ] array (
)
[ info ] [ SESSION ] INIT array (
  'id' => '',
  'var_session_id' => '',
  'prefix' => 'think',
  'type' => '',
  'auto_start' => true,
)
[ info ] [ DB ] INIT mysql
[ info ] [ RUN ] app\admin\controller\Index->index[ D:\gitee\qp_backstage\application\admin\controller\Index.php ]
[ info ] [ VIEW ] D:\gitee\qp_backstage\public/../application/admin\view\index\index.html [ array (
  0 => 'menu_tree',
  1 => 'config',
) ]
[ info ] [ LOG ] INIT File
[ sql ] [ DB ] CONNECT:[ UseTime:0.003001s ] mysql:host=127.0.0.1;dbname=txcms;charset=utf8
[ sql ] [ SQL ] SHOW COLUMNS FROM `setting` [ RunTime:0.008000s ]
[ sql ] [ SQL ] SELECT * FROM `setting` WHERE  `name` = 'menu_tree' LIMIT 1 [ RunTime:0.001000s ]
[ sql ] [ SQL ] SELECT VERSION() AS ver [ RunTime:0.000000s ]
---------------------------------------------------------------
[ 2019-03-12T14:19:15+08:00 ] 192.168.4.109 GET /admin.php/admin/detail/index
[ info ] 192.168.4.109:89/admin.php/admin/detail/index [运行时间：0.157009s][吞吐率：6.37req/s] [内存消耗：467.69kb] [文件加载：62]
[ info ] [ LANG ] D:\gitee\qp_backstage\thinkphp\lang\zh-cn.php
[ info ] [ ROUTE ] array (
  'type' => 'module',
  'module' => 
  array (
    0 => 'admin',
    1 => 'detail',
    2 => 'index',
  ),
)
[ info ] [ HEADER ] array (
  'cookie' => 'PHPSESSID=gf3s9m2gomb35ca1i4eunseuv5; PESTKSESSION=u8cmcbscqlkio41abnd8bvndv3',
  'accept-language' => 'zh-CN,zh;q=0.9',
  'accept-encoding' => 'gzip, deflate',
  'referer' => 'http://192.168.4.109:89/admin.php/admin/index/index',
  'accept' => 'text/html,application/xhtml+xml,application/xml;q=0.9,image/webp,image/apng,*/*;q=0.8',
  'user-agent' => 'Mozilla/5.0 (Windows NT 6.1; Win64; x64) AppleWebKit/537.36 (KHTML, like Gecko) Chrome/68.0.3440.106 Safari/537.36',
  'upgrade-insecure-requests' => '1',
  'connection' => 'close',
  'host' => '192.168.4.109:89',
)
[ info ] [ PARAM ] array (
)
[ info ] [ SESSION ] INIT array (
  'id' => '',
  'var_session_id' => '',
  'prefix' => 'think',
  'type' => '',
  'auto_start' => true,
)
[ info ] [ DB ] INIT mysql
[ info ] [ RUN ] app\admin\controller\Detail->index[ D:\gitee\qp_backstage\application\admin\controller\Detail.php ]
[ info ] [ VIEW ] D:\gitee\qp_backstage\public/../application/admin\view\detail\index.html [ array (
  0 => 'menu_tree',
  1 => 'data',
  2 => 'page',
) ]
[ info ] [ LOG ] INIT File
[ sql ] [ DB ] CONNECT:[ UseTime:0.015001s ] mysql:host=127.0.0.1;dbname=txcms;charset=utf8
[ sql ] [ SQL ] SHOW COLUMNS FROM `setting` [ RunTime:0.008000s ]
[ sql ] [ SQL ] SELECT * FROM `setting` WHERE  `name` = 'menu_tree' LIMIT 1 [ RunTime:0.001000s ]
[ sql ] [ SQL ] SHOW COLUMNS FROM `detail_log` [ RunTime:0.010000s ]
[ sql ] [ SQL ] SELECT COUNT(*) AS tp_count FROM `detail_log` LIMIT 1 [ RunTime:0.000000s ]
[ sql ] [ SQL ] SELECT * FROM `detail_log` ORDER BY `create_time` DESC LIMIT 0,15 [ RunTime:0.001000s ]
[ sql ] [ SQL ] SELECT * FROM `detail_log` WHERE  `id` = 3 LIMIT 1 [ RunTime:0.000000s ]
[ sql ] [ SQL ] SHOW COLUMNS FROM `user` [ RunTime:0.009000s ]
[ sql ] [ SQL ] SELECT * FROM `user` WHERE  `id` = 267 LIMIT 1 [ RunTime:0.001000s ]
[ sql ] [ SQL ] SELECT * FROM `detail_log` WHERE  `id` = 3 LIMIT 1 [ RunTime:0.001000s ]
[ sql ] [ SQL ] SHOW COLUMNS FROM `game_list` [ RunTime:0.009001s ]
[ sql ] [ SQL ] SELECT * FROM `game_list` WHERE  `id` = 1 LIMIT 1 [ RunTime:0.001000s ]
[ sql ] [ SQL ] SELECT * FROM `detail_log` WHERE  `id` = 3 LIMIT 1 [ RunTime:0.000000s ]
[ sql ] [ SQL ] SHOW COLUMNS FROM `detail_action` [ RunTime:0.011001s ]
[ sql ] [ SQL ] SELECT * FROM `detail_action` WHERE  `id` = 2 LIMIT 1 [ RunTime:0.000000s ]
[ sql ] [ SQL ] SELECT * FROM `detail_log` WHERE  `id` = 43 LIMIT 1 [ RunTime:0.000000s ]
[ sql ] [ SQL ] SELECT * FROM `user` WHERE  `id` = 230 LIMIT 1 [ RunTime:0.000000s ]
[ sql ] [ SQL ] SELECT * FROM `detail_log` WHERE  `id` = 43 LIMIT 1 [ RunTime:0.001000s ]
[ sql ] [ SQL ] SELECT * FROM `game_list` WHERE  `id` = 0 LIMIT 1 [ RunTime:0.000000s ]
[ sql ] [ SQL ] SELECT * FROM `detail_log` WHERE  `id` = 43 LIMIT 1 [ RunTime:0.001000s ]
[ sql ] [ SQL ] SELECT * FROM `detail_action` WHERE  `id` = 1 LIMIT 1 [ RunTime:0.000000s ]
[ sql ] [ SQL ] SELECT * FROM `detail_log` WHERE  `id` = 42 LIMIT 1 [ RunTime:0.001000s ]
[ sql ] [ SQL ] SELECT * FROM `user` WHERE  `id` = 230 LIMIT 1 [ RunTime:0.000000s ]
[ sql ] [ SQL ] SELECT * FROM `detail_log` WHERE  `id` = 42 LIMIT 1 [ RunTime:0.000000s ]
[ sql ] [ SQL ] SELECT * FROM `game_list` WHERE  `id` = 0 LIMIT 1 [ RunTime:0.001000s ]
[ sql ] [ SQL ] SELECT * FROM `detail_log` WHERE  `id` = 42 LIMIT 1 [ RunTime:0.000000s ]
[ sql ] [ SQL ] SELECT * FROM `detail_action` WHERE  `id` = 1 LIMIT 1 [ RunTime:0.001000s ]
[ sql ] [ SQL ] SELECT * FROM `detail_log` WHERE  `id` = 41 LIMIT 1 [ RunTime:0.000000s ]
[ sql ] [ SQL ] SELECT * FROM `user` WHERE  `id` = 230 LIMIT 1 [ RunTime:0.000000s ]
[ sql ] [ SQL ] SELECT * FROM `detail_log` WHERE  `id` = 41 LIMIT 1 [ RunTime:0.001000s ]
[ sql ] [ SQL ] SELECT * FROM `game_list` WHERE  `id` = 0 LIMIT 1 [ RunTime:0.000000s ]
[ sql ] [ SQL ] SELECT * FROM `detail_log` WHERE  `id` = 41 LIMIT 1 [ RunTime:0.000000s ]
[ sql ] [ SQL ] SELECT * FROM `detail_action` WHERE  `id` = 1 LIMIT 1 [ RunTime:0.001000s ]
[ sql ] [ SQL ] SELECT * FROM `detail_log` WHERE  `id` = 40 LIMIT 1 [ RunTime:0.001000s ]
[ sql ] [ SQL ] SELECT * FROM `user` WHERE  `id` = 230 LIMIT 1 [ RunTime:0.000000s ]
[ sql ] [ SQL ] SELECT * FROM `detail_log` WHERE  `id` = 40 LIMIT 1 [ RunTime:0.000000s ]
[ sql ] [ SQL ] SELECT * FROM `game_list` WHERE  `id` = 0 LIMIT 1 [ RunTime:0.001000s ]
[ sql ] [ SQL ] SELECT * FROM `detail_log` WHERE  `id` = 40 LIMIT 1 [ RunTime:0.000000s ]
[ sql ] [ SQL ] SELECT * FROM `detail_action` WHERE  `id` = 1 LIMIT 1 [ RunTime:0.000000s ]
[ sql ] [ SQL ] SELECT * FROM `detail_log` WHERE  `id` = 39 LIMIT 1 [ RunTime:0.001000s ]
[ sql ] [ SQL ] SELECT * FROM `user` WHERE  `id` = 231 LIMIT 1 [ RunTime:0.001000s ]
[ sql ] [ SQL ] SELECT * FROM `detail_log` WHERE  `id` = 39 LIMIT 1 [ RunTime:0.000000s ]
[ sql ] [ SQL ] SELECT * FROM `game_list` WHERE  `id` = 0 LIMIT 1 [ RunTime:0.001000s ]
[ sql ] [ SQL ] SELECT * FROM `detail_log` WHERE  `id` = 39 LIMIT 1 [ RunTime:0.000000s ]
[ sql ] [ SQL ] SELECT * FROM `detail_action` WHERE  `id` = 1 LIMIT 1 [ RunTime:0.001000s ]
[ sql ] [ SQL ] SELECT * FROM `detail_log` WHERE  `id` = 38 LIMIT 1 [ RunTime:0.000000s ]
[ sql ] [ SQL ] SELECT * FROM `user` WHERE  `id` = 231 LIMIT 1 [ RunTime:0.000000s ]
[ sql ] [ SQL ] SELECT * FROM `detail_log` WHERE  `id` = 38 LIMIT 1 [ RunTime:0.001000s ]
[ sql ] [ SQL ] SELECT * FROM `game_list` WHERE  `id` = 0 LIMIT 1 [ RunTime:0.000000s ]
[ sql ] [ SQL ] SELECT * FROM `detail_log` WHERE  `id` = 38 LIMIT 1 [ RunTime:0.001000s ]
[ sql ] [ SQL ] SELECT * FROM `detail_action` WHERE  `id` = 1 LIMIT 1 [ RunTime:0.000000s ]
[ sql ] [ SQL ] SELECT * FROM `detail_log` WHERE  `id` = 37 LIMIT 1 [ RunTime:0.001000s ]
[ sql ] [ SQL ] SELECT * FROM `user` WHERE  `id` = 234 LIMIT 1 [ RunTime:0.001000s ]
[ sql ] [ SQL ] SELECT * FROM `detail_log` WHERE  `id` = 37 LIMIT 1 [ RunTime:0.002000s ]
[ sql ] [ SQL ] SELECT * FROM `game_list` WHERE  `id` = 0 LIMIT 1 [ RunTime:0.000000s ]
[ sql ] [ SQL ] SELECT * FROM `detail_log` WHERE  `id` = 37 LIMIT 1 [ RunTime:0.000000s ]
[ sql ] [ SQL ] SELECT * FROM `detail_action` WHERE  `id` = 1 LIMIT 1 [ RunTime:0.001000s ]
[ sql ] [ SQL ] SELECT * FROM `detail_log` WHERE  `id` = 36 LIMIT 1 [ RunTime:0.001000s ]
[ sql ] [ SQL ] SELECT * FROM `user` WHERE  `id` = 233 LIMIT 1 [ RunTime:0.001000s ]
[ sql ] [ SQL ] SELECT * FROM `detail_log` WHERE  `id` = 36 LIMIT 1 [ RunTime:0.001000s ]
[ sql ] [ SQL ] SELECT * FROM `game_list` WHERE  `id` = 0 LIMIT 1 [ RunTime:0.001000s ]
[ sql ] [ SQL ] SELECT * FROM `detail_log` WHERE  `id` = 36 LIMIT 1 [ RunTime:0.001000s ]
[ sql ] [ SQL ] SELECT * FROM `detail_action` WHERE  `id` = 1 LIMIT 1 [ RunTime:0.001000s ]
[ sql ] [ SQL ] SELECT * FROM `detail_log` WHERE  `id` = 35 LIMIT 1 [ RunTime:0.002000s ]
[ sql ] [ SQL ] SELECT * FROM `user` WHERE  `id` = 230 LIMIT 1 [ RunTime:0.001000s ]
[ sql ] [ SQL ] SELECT * FROM `detail_log` WHERE  `id` = 35 LIMIT 1 [ RunTime:0.001000s ]
[ sql ] [ SQL ] SELECT * FROM `game_list` WHERE  `id` = 0 LIMIT 1 [ RunTime:0.001000s ]
[ sql ] [ SQL ] SELECT * FROM `detail_log` WHERE  `id` = 35 LIMIT 1 [ RunTime:0.000000s ]
[ sql ] [ SQL ] SELECT * FROM `detail_action` WHERE  `id` = 1 LIMIT 1 [ RunTime:0.000000s ]
[ sql ] [ SQL ] SELECT * FROM `detail_log` WHERE  `id` = 34 LIMIT 1 [ RunTime:0.001000s ]
[ sql ] [ SQL ] SELECT * FROM `user` WHERE  `id` = 230 LIMIT 1 [ RunTime:0.000000s ]
[ sql ] [ SQL ] SELECT * FROM `detail_log` WHERE  `id` = 34 LIMIT 1 [ RunTime:0.001000s ]
[ sql ] [ SQL ] SELECT * FROM `game_list` WHERE  `id` = 0 LIMIT 1 [ RunTime:0.000000s ]
[ sql ] [ SQL ] SELECT * FROM `detail_log` WHERE  `id` = 34 LIMIT 1 [ RunTime:0.001000s ]
[ sql ] [ SQL ] SELECT * FROM `detail_action` WHERE  `id` = 1 LIMIT 1 [ RunTime:0.001000s ]
[ sql ] [ SQL ] SELECT * FROM `detail_log` WHERE  `id` = 33 LIMIT 1 [ RunTime:0.001000s ]
[ sql ] [ SQL ] SELECT * FROM `user` WHERE  `id` = 231 LIMIT 1 [ RunTime:0.001000s ]
[ sql ] [ SQL ] SELECT * FROM `detail_log` WHERE  `id` = 33 LIMIT 1 [ RunTime:0.000000s ]
[ sql ] [ SQL ] SELECT * FROM `game_list` WHERE  `id` = 0 LIMIT 1 [ RunTime:0.000000s ]
[ sql ] [ SQL ] SELECT * FROM `detail_log` WHERE  `id` = 33 LIMIT 1 [ RunTime:0.001000s ]
[ sql ] [ SQL ] SELECT * FROM `detail_action` WHERE  `id` = 1 LIMIT 1 [ RunTime:0.000000s ]
[ sql ] [ SQL ] SELECT * FROM `detail_log` WHERE  `id` = 30 LIMIT 1 [ RunTime:0.001000s ]
[ sql ] [ SQL ] SELECT * FROM `user` WHERE  `id` = 100002 LIMIT 1 [ RunTime:0.000000s ]
[ sql ] [ SQL ] SELECT * FROM `detail_log` WHERE  `id` = 30 LIMIT 1 [ RunTime:0.000000s ]
[ sql ] [ SQL ] SELECT * FROM `game_list` WHERE  `id` = 0 LIMIT 1 [ RunTime:0.000000s ]
[ sql ] [ SQL ] SELECT * FROM `detail_log` WHERE  `id` = 30 LIMIT 1 [ RunTime:0.000000s ]
[ sql ] [ SQL ] SELECT * FROM `detail_action` WHERE  `id` = 2 LIMIT 1 [ RunTime:0.000000s ]
[ sql ] [ SQL ] SELECT * FROM `detail_log` WHERE  `id` = 24 LIMIT 1 [ RunTime:0.000000s ]
[ sql ] [ SQL ] SELECT * FROM `user` WHERE  `id` = 234 LIMIT 1 [ RunTime:0.001000s ]
[ sql ] [ SQL ] SELECT * FROM `detail_log` WHERE  `id` = 24 LIMIT 1 [ RunTime:0.001000s ]
[ sql ] [ SQL ] SELECT * FROM `game_list` WHERE  `id` = 0 LIMIT 1 [ RunTime:0.001000s ]
[ sql ] [ SQL ] SELECT * FROM `detail_log` WHERE  `id` = 24 LIMIT 1 [ RunTime:0.001000s ]
[ sql ] [ SQL ] SELECT * FROM `detail_action` WHERE  `id` = 2 LIMIT 1 [ RunTime:0.000000s ]
[ sql ] [ SQL ] SELECT * FROM `detail_log` WHERE  `id` = 16 LIMIT 1 [ RunTime:0.000000s ]
[ sql ] [ SQL ] SELECT * FROM `user` WHERE  `id` = 216 LIMIT 1 [ RunTime:0.001000s ]
[ sql ] [ SQL ] SELECT * FROM `detail_log` WHERE  `id` = 16 LIMIT 1 [ RunTime:0.000000s ]
[ sql ] [ SQL ] SELECT * FROM `game_list` WHERE  `id` = 0 LIMIT 1 [ RunTime:0.002000s ]
[ sql ] [ SQL ] SELECT * FROM `detail_log` WHERE  `id` = 16 LIMIT 1 [ RunTime:0.001000s ]
[ sql ] [ SQL ] SELECT * FROM `detail_action` WHERE  `id` = 2 LIMIT 1 [ RunTime:0.001000s ]
---------------------------------------------------------------
[ 2019-03-12T14:19:15+08:00 ] 192.168.4.109 GET /admin.php/admin/detail/favicon.ico
[ info ] 192.168.4.109:89/admin.php/admin/detail/favicon.ico [运行时间：0.037002s][吞吐率：27.03req/s] [内存消耗：342.95kb] [文件加载：55]
[ info ] [ LANG ] D:\gitee\qp_backstage\thinkphp\lang\zh-cn.php
[ info ] [ ROUTE ] array (
  'type' => 'module',
  'module' => 
  array (
    0 => 'admin',
    1 => 'detail',
    2 => 'favicon',
  ),
)
[ info ] [ HEADER ] array (
  'cookie' => 'PHPSESSID=gf3s9m2gomb35ca1i4eunseuv5; PESTKSESSION=u8cmcbscqlkio41abnd8bvndv3',
  'accept-language' => 'zh-CN,zh;q=0.9',
  'accept-encoding' => 'gzip, deflate',
  'referer' => 'http://192.168.4.109:89/admin.php/admin/detail/index',
  'accept' => 'image/webp,image/apng,image/*,*/*;q=0.8',
  'user-agent' => 'Mozilla/5.0 (Windows NT 6.1; Win64; x64) AppleWebKit/537.36 (KHTML, like Gecko) Chrome/68.0.3440.106 Safari/537.36',
  'connection' => 'close',
  'host' => '192.168.4.109:89',
)
[ info ] [ PARAM ] array (
)
[ info ] [ SESSION ] INIT array (
  'id' => '',
  'var_session_id' => '',
  'prefix' => 'think',
  'type' => '',
  'auto_start' => true,
)
[ info ] [ DB ] INIT mysql
[ info ] [ RUN ] app\admin\controller\Detail->_empty[ D:\gitee\qp_backstage\application\admin\controller\Detail.php ]
[ info ] [ LOG ] INIT File
[ sql ] [ DB ] CONNECT:[ UseTime:0.010000s ] mysql:host=127.0.0.1;dbname=txcms;charset=utf8
[ sql ] [ SQL ] SHOW COLUMNS FROM `setting` [ RunTime:0.015001s ]
[ sql ] [ SQL ] SELECT * FROM `setting` WHERE  `name` = 'menu_tree' LIMIT 1 [ RunTime:0.002000s ]
---------------------------------------------------------------
[ 2019-03-12T14:19:15+08:00 ] 192.168.4.109 GET /admin.php/admin/detail/index
[ info ] 192.168.4.109:89/admin.php/admin/detail/index [运行时间：0.115006s][吞吐率：8.70req/s] [内存消耗：465.50kb] [文件加载：62]
[ info ] [ LANG ] D:\gitee\qp_backstage\thinkphp\lang\zh-cn.php
[ info ] [ ROUTE ] array (
  'type' => 'module',
  'module' => 
  array (
    0 => 'admin',
    1 => 'detail',
    2 => 'index',
  ),
)
[ info ] [ HEADER ] array (
  'cookie' => 'PHPSESSID=gf3s9m2gomb35ca1i4eunseuv5; PESTKSESSION=u8cmcbscqlkio41abnd8bvndv3',
  'accept-language' => 'zh-CN,zh;q=0.9',
  'accept-encoding' => 'gzip, deflate',
  'referer' => 'http://192.168.4.109:89/admin.php/admin/detail/index',
  'accept' => 'image/webp,image/apng,image/*,*/*;q=0.8',
  'user-agent' => 'Mozilla/5.0 (Windows NT 6.1; Win64; x64) AppleWebKit/537.36 (KHTML, like Gecko) Chrome/68.0.3440.106 Safari/537.36',
  'connection' => 'close',
  'host' => '192.168.4.109:89',
)
[ info ] [ PARAM ] array (
)
[ info ] [ SESSION ] INIT array (
  'id' => '',
  'var_session_id' => '',
  'prefix' => 'think',
  'type' => '',
  'auto_start' => true,
)
[ info ] [ DB ] INIT mysql
[ info ] [ RUN ] app\admin\controller\Detail->index[ D:\gitee\qp_backstage\application\admin\controller\Detail.php ]
[ info ] [ VIEW ] D:\gitee\qp_backstage\public/../application/admin\view\detail\index.html [ array (
  0 => 'menu_tree',
  1 => 'data',
  2 => 'page',
) ]
[ info ] [ LOG ] INIT File
[ sql ] [ DB ] CONNECT:[ UseTime:0.011001s ] mysql:host=127.0.0.1;dbname=txcms;charset=utf8
[ sql ] [ SQL ] SHOW COLUMNS FROM `setting` [ RunTime:0.008000s ]
[ sql ] [ SQL ] SELECT * FROM `setting` WHERE  `name` = 'menu_tree' LIMIT 1 [ RunTime:0.001000s ]
[ sql ] [ SQL ] SHOW COLUMNS FROM `detail_log` [ RunTime:0.009001s ]
[ sql ] [ SQL ] SELECT COUNT(*) AS tp_count FROM `detail_log` LIMIT 1 [ RunTime:0.000000s ]
[ sql ] [ SQL ] SELECT * FROM `detail_log` ORDER BY `create_time` DESC LIMIT 0,15 [ RunTime:0.001000s ]
[ sql ] [ SQL ] SELECT * FROM `detail_log` WHERE  `id` = 3 LIMIT 1 [ RunTime:0.001000s ]
[ sql ] [ SQL ] SHOW COLUMNS FROM `user` [ RunTime:0.007000s ]
[ sql ] [ SQL ] SELECT * FROM `user` WHERE  `id` = 267 LIMIT 1 [ RunTime:0.001000s ]
[ sql ] [ SQL ] SELECT * FROM `detail_log` WHERE  `id` = 3 LIMIT 1 [ RunTime:0.001000s ]
[ sql ] [ SQL ] SHOW COLUMNS FROM `game_list` [ RunTime:0.007001s ]
[ sql ] [ SQL ] SELECT * FROM `game_list` WHERE  `id` = 1 LIMIT 1 [ RunTime:0.001000s ]
[ sql ] [ SQL ] SELECT * FROM `detail_log` WHERE  `id` = 3 LIMIT 1 [ RunTime:0.001000s ]
[ sql ] [ SQL ] SHOW COLUMNS FROM `detail_action` [ RunTime:0.007000s ]
[ sql ] [ SQL ] SELECT * FROM `detail_action` WHERE  `id` = 2 LIMIT 1 [ RunTime:0.001000s ]
[ sql ] [ SQL ] SELECT * FROM `detail_log` WHERE  `id` = 43 LIMIT 1 [ RunTime:0.000000s ]
[ sql ] [ SQL ] SELECT * FROM `user` WHERE  `id` = 230 LIMIT 1 [ RunTime:0.000000s ]
[ sql ] [ SQL ] SELECT * FROM `detail_log` WHERE  `id` = 43 LIMIT 1 [ RunTime:0.001001s ]
[ sql ] [ SQL ] SELECT * FROM `game_list` WHERE  `id` = 0 LIMIT 1 [ RunTime:0.000000s ]
[ sql ] [ SQL ] SELECT * FROM `detail_log` WHERE  `id` = 43 LIMIT 1 [ RunTime:0.001000s ]
[ sql ] [ SQL ] SELECT * FROM `detail_action` WHERE  `id` = 1 LIMIT 1 [ RunTime:0.000000s ]
[ sql ] [ SQL ] SELECT * FROM `detail_log` WHERE  `id` = 42 LIMIT 1 [ RunTime:0.000000s ]
[ sql ] [ SQL ] SELECT * FROM `user` WHERE  `id` = 230 LIMIT 1 [ RunTime:0.000000s ]
[ sql ] [ SQL ] SELECT * FROM `detail_log` WHERE  `id` = 42 LIMIT 1 [ RunTime:0.000000s ]
[ sql ] [ SQL ] SELECT * FROM `game_list` WHERE  `id` = 0 LIMIT 1 [ RunTime:0.000000s ]
[ sql ] [ SQL ] SELECT * FROM `detail_log` WHERE  `id` = 42 LIMIT 1 [ RunTime:0.000000s ]
[ sql ] [ SQL ] SELECT * FROM `detail_action` WHERE  `id` = 1 LIMIT 1 [ RunTime:0.000000s ]
[ sql ] [ SQL ] SELECT * FROM `detail_log` WHERE  `id` = 41 LIMIT 1 [ RunTime:0.000000s ]
[ sql ] [ SQL ] SELECT * FROM `user` WHERE  `id` = 230 LIMIT 1 [ RunTime:0.001000s ]
[ sql ] [ SQL ] SELECT * FROM `detail_log` WHERE  `id` = 41 LIMIT 1 [ RunTime:0.000000s ]
[ sql ] [ SQL ] SELECT * FROM `game_list` WHERE  `id` = 0 LIMIT 1 [ RunTime:0.000000s ]
[ sql ] [ SQL ] SELECT * FROM `detail_log` WHERE  `id` = 41 LIMIT 1 [ RunTime:0.000000s ]
[ sql ] [ SQL ] SELECT * FROM `detail_action` WHERE  `id` = 1 LIMIT 1 [ RunTime:0.000000s ]
[ sql ] [ SQL ] SELECT * FROM `detail_log` WHERE  `id` = 40 LIMIT 1 [ RunTime:0.000000s ]
[ sql ] [ SQL ] SELECT * FROM `user` WHERE  `id` = 230 LIMIT 1 [ RunTime:0.000000s ]
[ sql ] [ SQL ] SELECT * FROM `detail_log` WHERE  `id` = 40 LIMIT 1 [ RunTime:0.001000s ]
[ sql ] [ SQL ] SELECT * FROM `game_list` WHERE  `id` = 0 LIMIT 1 [ RunTime:0.002000s ]
[ sql ] [ SQL ] SELECT * FROM `detail_log` WHERE  `id` = 40 LIMIT 1 [ RunTime:0.002000s ]
[ sql ] [ SQL ] SELECT * FROM `detail_action` WHERE  `id` = 1 LIMIT 1 [ RunTime:0.001000s ]
[ sql ] [ SQL ] SELECT * FROM `detail_log` WHERE  `id` = 39 LIMIT 1 [ RunTime:0.000000s ]
[ sql ] [ SQL ] SELECT * FROM `user` WHERE  `id` = 231 LIMIT 1 [ RunTime:0.001000s ]
[ sql ] [ SQL ] SELECT * FROM `detail_log` WHERE  `id` = 39 LIMIT 1 [ RunTime:0.000000s ]
[ sql ] [ SQL ] SELECT * FROM `game_list` WHERE  `id` = 0 LIMIT 1 [ RunTime:0.000000s ]
[ sql ] [ SQL ] SELECT * FROM `detail_log` WHERE  `id` = 39 LIMIT 1 [ RunTime:0.000000s ]
[ sql ] [ SQL ] SELECT * FROM `detail_action` WHERE  `id` = 1 LIMIT 1 [ RunTime:0.000000s ]
[ sql ] [ SQL ] SELECT * FROM `detail_log` WHERE  `id` = 38 LIMIT 1 [ RunTime:0.001000s ]
[ sql ] [ SQL ] SELECT * FROM `user` WHERE  `id` = 231 LIMIT 1 [ RunTime:0.000000s ]
[ sql ] [ SQL ] SELECT * FROM `detail_log` WHERE  `id` = 38 LIMIT 1 [ RunTime:0.001000s ]
[ sql ] [ SQL ] SELECT * FROM `game_list` WHERE  `id` = 0 LIMIT 1 [ RunTime:0.000000s ]
[ sql ] [ SQL ] SELECT * FROM `detail_log` WHERE  `id` = 38 LIMIT 1 [ RunTime:0.000000s ]
[ sql ] [ SQL ] SELECT * FROM `detail_action` WHERE  `id` = 1 LIMIT 1 [ RunTime:0.001000s ]
[ sql ] [ SQL ] SELECT * FROM `detail_log` WHERE  `id` = 37 LIMIT 1 [ RunTime:0.000000s ]
[ sql ] [ SQL ] SELECT * FROM `user` WHERE  `id` = 234 LIMIT 1 [ RunTime:0.001000s ]
[ sql ] [ SQL ] SELECT * FROM `detail_log` WHERE  `id` = 37 LIMIT 1 [ RunTime:0.001000s ]
[ sql ] [ SQL ] SELECT * FROM `game_list` WHERE  `id` = 0 LIMIT 1 [ RunTime:0.000000s ]
[ sql ] [ SQL ] SELECT * FROM `detail_log` WHERE  `id` = 37 LIMIT 1 [ RunTime:0.001000s ]
[ sql ] [ SQL ] SELECT * FROM `detail_action` WHERE  `id` = 1 LIMIT 1 [ RunTime:0.000000s ]
[ sql ] [ SQL ] SELECT * FROM `detail_log` WHERE  `id` = 36 LIMIT 1 [ RunTime:0.001000s ]
[ sql ] [ SQL ] SELECT * FROM `user` WHERE  `id` = 233 LIMIT 1 [ RunTime:0.000000s ]
[ sql ] [ SQL ] SELECT * FROM `detail_log` WHERE  `id` = 36 LIMIT 1 [ RunTime:0.001000s ]
[ sql ] [ SQL ] SELECT * FROM `game_list` WHERE  `id` = 0 LIMIT 1 [ RunTime:0.000000s ]
[ sql ] [ SQL ] SELECT * FROM `detail_log` WHERE  `id` = 36 LIMIT 1 [ RunTime:0.001000s ]
[ sql ] [ SQL ] SELECT * FROM `detail_action` WHERE  `id` = 1 LIMIT 1 [ RunTime:0.000000s ]
[ sql ] [ SQL ] SELECT * FROM `detail_log` WHERE  `id` = 35 LIMIT 1 [ RunTime:0.000000s ]
[ sql ] [ SQL ] SELECT * FROM `user` WHERE  `id` = 230 LIMIT 1 [ RunTime:0.001000s ]
[ sql ] [ SQL ] SELECT * FROM `detail_log` WHERE  `id` = 35 LIMIT 1 [ RunTime:0.000000s ]
[ sql ] [ SQL ] SELECT * FROM `game_list` WHERE  `id` = 0 LIMIT 1 [ RunTime:0.000000s ]
[ sql ] [ SQL ] SELECT * FROM `detail_log` WHERE  `id` = 35 LIMIT 1 [ RunTime:0.001000s ]
[ sql ] [ SQL ] SELECT * FROM `detail_action` WHERE  `id` = 1 LIMIT 1 [ RunTime:0.000000s ]
[ sql ] [ SQL ] SELECT * FROM `detail_log` WHERE  `id` = 34 LIMIT 1 [ RunTime:0.001000s ]
[ sql ] [ SQL ] SELECT * FROM `user` WHERE  `id` = 230 LIMIT 1 [ RunTime:0.001000s ]
[ sql ] [ SQL ] SELECT * FROM `detail_log` WHERE  `id` = 34 LIMIT 1 [ RunTime:0.000000s ]
[ sql ] [ SQL ] SELECT * FROM `game_list` WHERE  `id` = 0 LIMIT 1 [ RunTime:0.001001s ]
[ sql ] [ SQL ] SELECT * FROM `detail_log` WHERE  `id` = 34 LIMIT 1 [ RunTime:0.000000s ]
[ sql ] [ SQL ] SELECT * FROM `detail_action` WHERE  `id` = 1 LIMIT 1 [ RunTime:0.001000s ]
[ sql ] [ SQL ] SELECT * FROM `detail_log` WHERE  `id` = 33 LIMIT 1 [ RunTime:0.000000s ]
[ sql ] [ SQL ] SELECT * FROM `user` WHERE  `id` = 231 LIMIT 1 [ RunTime:0.001000s ]
[ sql ] [ SQL ] SELECT * FROM `detail_log` WHERE  `id` = 33 LIMIT 1 [ RunTime:0.000000s ]
[ sql ] [ SQL ] SELECT * FROM `game_list` WHERE  `id` = 0 LIMIT 1 [ RunTime:0.001000s ]
[ sql ] [ SQL ] SELECT * FROM `detail_log` WHERE  `id` = 33 LIMIT 1 [ RunTime:0.000000s ]
[ sql ] [ SQL ] SELECT * FROM `detail_action` WHERE  `id` = 1 LIMIT 1 [ RunTime:0.002000s ]
[ sql ] [ SQL ] SELECT * FROM `detail_log` WHERE  `id` = 30 LIMIT 1 [ RunTime:0.000000s ]
[ sql ] [ SQL ] SELECT * FROM `user` WHERE  `id` = 100002 LIMIT 1 [ RunTime:0.001000s ]
[ sql ] [ SQL ] SELECT * FROM `detail_log` WHERE  `id` = 30 LIMIT 1 [ RunTime:0.000000s ]
[ sql ] [ SQL ] SELECT * FROM `game_list` WHERE  `id` = 0 LIMIT 1 [ RunTime:0.000000s ]
[ sql ] [ SQL ] SELECT * FROM `detail_log` WHERE  `id` = 30 LIMIT 1 [ RunTime:0.000000s ]
[ sql ] [ SQL ] SELECT * FROM `detail_action` WHERE  `id` = 2 LIMIT 1 [ RunTime:0.000000s ]
[ sql ] [ SQL ] SELECT * FROM `detail_log` WHERE  `id` = 24 LIMIT 1 [ RunTime:0.001000s ]
[ sql ] [ SQL ] SELECT * FROM `user` WHERE  `id` = 234 LIMIT 1 [ RunTime:0.000000s ]
[ sql ] [ SQL ] SELECT * FROM `detail_log` WHERE  `id` = 24 LIMIT 1 [ RunTime:0.001000s ]
[ sql ] [ SQL ] SELECT * FROM `game_list` WHERE  `id` = 0 LIMIT 1 [ RunTime:0.000000s ]
[ sql ] [ SQL ] SELECT * FROM `detail_log` WHERE  `id` = 24 LIMIT 1 [ RunTime:0.001000s ]
[ sql ] [ SQL ] SELECT * FROM `detail_action` WHERE  `id` = 2 LIMIT 1 [ RunTime:0.000000s ]
[ sql ] [ SQL ] SELECT * FROM `detail_log` WHERE  `id` = 16 LIMIT 1 [ RunTime:0.001000s ]
[ sql ] [ SQL ] SELECT * FROM `user` WHERE  `id` = 216 LIMIT 1 [ RunTime:0.000000s ]
[ sql ] [ SQL ] SELECT * FROM `detail_log` WHERE  `id` = 16 LIMIT 1 [ RunTime:0.001000s ]
[ sql ] [ SQL ] SELECT * FROM `game_list` WHERE  `id` = 0 LIMIT 1 [ RunTime:0.000000s ]
[ sql ] [ SQL ] SELECT * FROM `detail_log` WHERE  `id` = 16 LIMIT 1 [ RunTime:0.001000s ]
[ sql ] [ SQL ] SELECT * FROM `detail_action` WHERE  `id` = 2 LIMIT 1 [ RunTime:0.000000s ]
---------------------------------------------------------------
[ 2019-03-12T14:19:16+08:00 ] 192.168.4.109 GET /admin.php/admin/game_room/one_hundred
[ info ] 192.168.4.109:89/admin.php/admin/game_room/one_hundred [运行时间：0.052003s][吞吐率：19.23req/s] [内存消耗：414.30kb] [文件加载：58]
[ info ] [ LANG ] D:\gitee\qp_backstage\thinkphp\lang\zh-cn.php
[ info ] [ ROUTE ] array (
  'type' => 'module',
  'module' => 
  array (
    0 => 'admin',
    1 => 'game_room',
    2 => 'one_hundred',
  ),
)
[ info ] [ HEADER ] array (
  'cookie' => 'PHPSESSID=gf3s9m2gomb35ca1i4eunseuv5; PESTKSESSION=u8cmcbscqlkio41abnd8bvndv3',
  'accept-language' => 'zh-CN,zh;q=0.9',
  'accept-encoding' => 'gzip, deflate',
  'referer' => 'http://192.168.4.109:89/admin.php/admin/detail/index',
  'accept' => 'text/html,application/xhtml+xml,application/xml;q=0.9,image/webp,image/apng,*/*;q=0.8',
  'user-agent' => 'Mozilla/5.0 (Windows NT 6.1; Win64; x64) AppleWebKit/537.36 (KHTML, like Gecko) Chrome/68.0.3440.106 Safari/537.36',
  'upgrade-insecure-requests' => '1',
  'connection' => 'close',
  'host' => '192.168.4.109:89',
)
[ info ] [ PARAM ] array (
)
[ info ] [ SESSION ] INIT array (
  'id' => '',
  'var_session_id' => '',
  'prefix' => 'think',
  'type' => '',
  'auto_start' => true,
)
[ info ] [ DB ] INIT mysql
[ info ] [ RUN ] app\admin\controller\GameRoom->one_hundred[ D:\gitee\qp_backstage\application\admin\controller\GameRoom.php ]
[ info ] [ VIEW ] D:\gitee\qp_backstage\public/../application/admin\view\game_room\one_hundred.html [ array (
  0 => 'menu_tree',
  1 => 'list_data',
  2 => 'room_data',
) ]
[ info ] [ LOG ] INIT File
[ sql ] [ DB ] CONNECT:[ UseTime:0.001000s ] mysql:host=127.0.0.1;dbname=txcms;charset=utf8
[ sql ] [ SQL ] SHOW COLUMNS FROM `setting` [ RunTime:0.008000s ]
[ sql ] [ SQL ] SELECT * FROM `setting` WHERE  `name` = 'menu_tree' LIMIT 1 [ RunTime:0.000000s ]
[ sql ] [ SQL ] SHOW COLUMNS FROM `game_list` [ RunTime:0.009001s ]
[ sql ] [ SQL ] SELECT * FROM `game_list` WHERE  `id` IN (0,1) LIMIT 1 [ RunTime:0.001000s ]
[ sql ] [ SQL ] SHOW COLUMNS FROM `game_room` [ RunTime:0.009001s ]
[ sql ] [ SQL ] SELECT * FROM `game_room` WHERE  `id` IN (0,1) LIMIT 1 [ RunTime:0.001000s ]
---------------------------------------------------------------
[ 2019-03-12T14:19:17+08:00 ] 192.168.4.109 GET /admin.php/admin/game_room/favicon.ico
[ info ] 192.168.4.109:89/admin.php/admin/game_room/favicon.ico [运行时间：0.029002s][吞吐率：34.48req/s] [内存消耗：327.39kb] [文件加载：55]
[ info ] [ LANG ] D:\gitee\qp_backstage\thinkphp\lang\zh-cn.php
[ info ] [ ROUTE ] array (
  'type' => 'module',
  'module' => 
  array (
    0 => 'admin',
    1 => 'game_room',
    2 => 'favicon',
  ),
)
[ info ] [ HEADER ] array (
  'cookie' => 'PHPSESSID=gf3s9m2gomb35ca1i4eunseuv5; PESTKSESSION=u8cmcbscqlkio41abnd8bvndv3',
  'accept-language' => 'zh-CN,zh;q=0.9',
  'accept-encoding' => 'gzip, deflate',
  'referer' => 'http://192.168.4.109:89/admin.php/admin/game_room/one_hundred',
  'accept' => 'image/webp,image/apng,image/*,*/*;q=0.8',
  'user-agent' => 'Mozilla/5.0 (Windows NT 6.1; Win64; x64) AppleWebKit/537.36 (KHTML, like Gecko) Chrome/68.0.3440.106 Safari/537.36',
  'connection' => 'close',
  'host' => '192.168.4.109:89',
)
[ info ] [ PARAM ] array (
)
[ info ] [ SESSION ] INIT array (
  'id' => '',
  'var_session_id' => '',
  'prefix' => 'think',
  'type' => '',
  'auto_start' => true,
)
[ info ] [ DB ] INIT mysql
[ info ] [ LOG ] INIT File
[ sql ] [ DB ] CONNECT:[ UseTime:0.010000s ] mysql:host=127.0.0.1;dbname=txcms;charset=utf8
[ sql ] [ SQL ] SHOW COLUMNS FROM `setting` [ RunTime:0.008001s ]
[ sql ] [ SQL ] SELECT * FROM `setting` WHERE  `name` = 'menu_tree' LIMIT 1 [ RunTime:0.001000s ]
---------------------------------------------------------------
[ 2019-03-12T14:19:23+08:00 ] 192.168.4.109 GET /admin.php/admin/top_info/index
[ info ] 192.168.4.109:89/admin.php/admin/top_info/index [运行时间：0.043002s][吞吐率：23.25req/s] [内存消耗：358.43kb] [文件加载：59]
[ info ] [ LANG ] D:\gitee\qp_backstage\thinkphp\lang\zh-cn.php
[ info ] [ ROUTE ] array (
  'type' => 'module',
  'module' => 
  array (
    0 => 'admin',
    1 => 'top_info',
    2 => 'index',
  ),
)
[ info ] [ HEADER ] array (
  'cookie' => 'PHPSESSID=gf3s9m2gomb35ca1i4eunseuv5; PESTKSESSION=u8cmcbscqlkio41abnd8bvndv3',
  'accept-language' => 'zh-CN,zh;q=0.9',
  'accept-encoding' => 'gzip, deflate',
  'referer' => 'http://192.168.4.109:89/admin.php/admin/game_room/one_hundred',
  'accept' => 'text/html,application/xhtml+xml,application/xml;q=0.9,image/webp,image/apng,*/*;q=0.8',
  'user-agent' => 'Mozilla/5.0 (Windows NT 6.1; Win64; x64) AppleWebKit/537.36 (KHTML, like Gecko) Chrome/68.0.3440.106 Safari/537.36',
  'upgrade-insecure-requests' => '1',
  'connection' => 'close',
  'host' => '192.168.4.109:89',
)
[ info ] [ PARAM ] array (
)
[ info ] [ SESSION ] INIT array (
  'id' => '',
  'var_session_id' => '',
  'prefix' => 'think',
  'type' => '',
  'auto_start' => true,
)
[ info ] [ DB ] INIT mysql
[ info ] [ RUN ] app\admin\controller\TopInfo->index[ D:\gitee\qp_backstage\application\admin\controller\TopInfo.php ]
[ info ] [ VIEW ] D:\gitee\qp_backstage\public/../application/admin\view\top_info\index.html [ array (
  0 => 'menu_tree',
  1 => 'data',
  2 => 'page',
) ]
[ info ] [ LOG ] INIT File
[ sql ] [ DB ] CONNECT:[ UseTime:0.011001s ] mysql:host=127.0.0.1;dbname=txcms;charset=utf8
[ sql ] [ SQL ] SHOW COLUMNS FROM `setting` [ RunTime:0.007000s ]
[ sql ] [ SQL ] SELECT * FROM `setting` WHERE  `name` = 'menu_tree' LIMIT 1 [ RunTime:0.000000s ]
[ sql ] [ SQL ] SHOW COLUMNS FROM `top_info` [ RunTime:0.013001s ]
[ sql ] [ SQL ] SELECT COUNT(*) AS tp_count FROM `top_info` LIMIT 1 [ RunTime:0.001000s ]
[ sql ] [ SQL ] SELECT * FROM `top_info` ORDER BY `id` DESC LIMIT 0,15 [ RunTime:0.000000s ]
---------------------------------------------------------------
[ 2019-03-12T14:19:23+08:00 ] 192.168.4.109 GET /admin.php/admin/top_info/favicon.ico
[ info ] 192.168.4.109:89/admin.php/admin/top_info/favicon.ico [运行时间：0.028002s][吞吐率：35.71req/s] [内存消耗：326.27kb] [文件加载：55]
[ info ] [ LANG ] D:\gitee\qp_backstage\thinkphp\lang\zh-cn.php
[ info ] [ ROUTE ] array (
  'type' => 'module',
  'module' => 
  array (
    0 => 'admin',
    1 => 'top_info',
    2 => 'favicon',
  ),
)
[ info ] [ HEADER ] array (
  'cookie' => 'PHPSESSID=gf3s9m2gomb35ca1i4eunseuv5; PESTKSESSION=u8cmcbscqlkio41abnd8bvndv3',
  'accept-language' => 'zh-CN,zh;q=0.9',
  'accept-encoding' => 'gzip, deflate',
  'referer' => 'http://192.168.4.109:89/admin.php/admin/top_info/index',
  'accept' => 'image/webp,image/apng,image/*,*/*;q=0.8',
  'user-agent' => 'Mozilla/5.0 (Windows NT 6.1; Win64; x64) AppleWebKit/537.36 (KHTML, like Gecko) Chrome/68.0.3440.106 Safari/537.36',
  'connection' => 'close',
  'host' => '192.168.4.109:89',
)
[ info ] [ PARAM ] array (
)
[ info ] [ SESSION ] INIT array (
  'id' => '',
  'var_session_id' => '',
  'prefix' => 'think',
  'type' => '',
  'auto_start' => true,
)
[ info ] [ DB ] INIT mysql
[ info ] [ LOG ] INIT File
[ sql ] [ DB ] CONNECT:[ UseTime:0.010000s ] mysql:host=127.0.0.1;dbname=txcms;charset=utf8
[ sql ] [ SQL ] SHOW COLUMNS FROM `setting` [ RunTime:0.009001s ]
[ sql ] [ SQL ] SELECT * FROM `setting` WHERE  `name` = 'menu_tree' LIMIT 1 [ RunTime:0.002000s ]
